#
# There is insufficient memory for the Java Runtime Environment to continue.
# Native memory allocation (mmap) failed to map 303038464 bytes for G1 virtual space
# Possible reasons:
#   The system is out of physical RAM or swap space
#   The process is running with CompressedOops enabled, and the Java Heap may be blocking the growth of the native heap
# Possible solutions:
#   Reduce memory load on the system
#   Increase physical memory or swap space
#   Check if swap backing store is full
#   Decrease Java heap size (-Xmx/-Xms)
#   Decrease number of Java threads
#   Decrease Java thread stack sizes (-Xss)
#   Set larger code cache with -XX:ReservedCodeCacheSize=
#   JVM is running with Unscaled Compressed Oops mode in which the Java heap is
#     placed in the first 4GB address space. The Java Heap base address is the
#     maximum limit for the native heap growth. Please use -XX:HeapBaseMinAddress
#     to set the Java Heap base and to place the Java Heap above 4GB virtual address.
# This output file may be truncated or incomplete.
#
#  Out of Memory Error (os_windows.cpp:3535), pid=5536, tid=5668
#
# JRE version: OpenJDK Runtime Environment Zulu17.34+19-CA (17.0.3+7) (build 17.0.3+7-LTS)
# Java VM: OpenJDK 64-Bit Server VM Zulu17.34+19-CA (17.0.3+7-LTS, mixed mode, sharing, tiered, compressed oops, compressed class ptrs, g1 gc, windows-amd64)
# No core dump will be written. Minidumps are not enabled by default on client versions of Windows
#

---------------  S U M M A R Y ------------

Command Line: --add-opens=java.base/java.util=ALL-UNNAMED --add-opens=java.base/java.lang=ALL-UNNAMED --add-opens=java.base/java.lang.invoke=ALL-UNNAMED --add-opens=java.base/java.util=ALL-UNNAMED --add-opens=java.prefs/java.util.prefs=ALL-UNNAMED --add-opens=java.prefs/java.util.prefs=ALL-UNNAMED --add-opens=java.base/java.nio.charset=ALL-UNNAMED --add-opens=java.base/java.net=ALL-UNNAMED --add-opens=java.base/java.util.concurrent.atomic=ALL-UNNAMED -Xmx2048m -Dfile.encoding=UTF-8 -Duser.country=US -Duser.language=en -Duser.variant org.gradle.launcher.daemon.bootstrap.GradleDaemon 7.2

Host: Intel(R) Core(TM) i5-6300U CPU @ 2.40GHz, 4 cores, 7G,  Windows 8.1 , 64 bit Build 9600 (6.3.9600.17415)
Time: Mon Jun  6 20:59:45 2022 SE Asia Standard Time elapsed time: 565.142870 seconds (0d 0h 9m 25s)

---------------  T H R E A D  ---------------

Current thread (0x0000001b6815bd40):  VMThread "VM Thread" [stack: 0x0000001b68c00000,0x0000001b68d00000] [id=5668]

Stack: [0x0000001b68c00000,0x0000001b68d00000]
Native frames: (J=compiled Java code, j=interpreted, Vv=VM code, C=native code)
V  [jvm.dll+0x67aeca]
V  [jvm.dll+0x836504]
V  [jvm.dll+0x837cae]
V  [jvm.dll+0x838313]
V  [jvm.dll+0x248cc5]
V  [jvm.dll+0x677de9]
V  [jvm.dll+0x66c722]
V  [jvm.dll+0x307abb]
V  [jvm.dll+0x30efc6]
V  [jvm.dll+0x35f65e]
V  [jvm.dll+0x35f88f]
V  [jvm.dll+0x2dea28]
V  [jvm.dll+0x2dccf4]
V  [jvm.dll+0x2dc2fc]
V  [jvm.dll+0x32007b]
V  [jvm.dll+0x83c7eb]
V  [jvm.dll+0x83d524]
V  [jvm.dll+0x83da3d]
V  [jvm.dll+0x83de14]
V  [jvm.dll+0x83dee0]
V  [jvm.dll+0x7e62ea]
V  [jvm.dll+0x679d55]
C  [ucrtbase.DLL+0x26b4c]
C  [KERNEL32.DLL+0x13d2]
C  [ntdll.dll+0x703c4]

VM_Operation (0x0000001b73f88ab0): G1CollectForAllocation, mode: safepoint, requested by thread 0x0000001b6bb751f0


---------------  P R O C E S S  ---------------

Threads class SMR info:
_java_thread_list=0x0000001b767fa4b0, length=86, elements={
0x0000001b4a26e6a0, 0x0000001b681621c0, 0x0000001b68163c00, 0x0000001b6816ca50,
0x0000001b6816e780, 0x0000001b6816ff00, 0x0000001b681756d0, 0x0000001b6819dd80,
0x0000001b6819eba0, 0x0000001b681ba180, 0x0000001b69701d30, 0x0000001b69708230,
0x0000001b6c094650, 0x0000001b6b7b8820, 0x0000001b6c1487f0, 0x0000001b6be72680,
0x0000001b6bb71f50, 0x0000001b6bb75700, 0x0000001b6bb747d0, 0x0000001b6bb72460,
0x0000001b6bb73db0, 0x0000001b6bb74ce0, 0x0000001b6bb76630, 0x0000001b6bb72e80,
0x0000001b6b3780b0, 0x0000001b6b375d40, 0x0000001b6b378ad0, 0x0000001b6b375320,
0x0000001b6b376c70, 0x0000001b6b377ba0, 0x0000001b6b377180, 0x0000001b6b375830,
0x0000001b6b379a00, 0x0000001b6b376250, 0x0000001b6b37a930, 0x0000001b6b37bd70,
0x0000001b6b379f10, 0x0000001b6b37a420, 0x0000001b6b37ae40, 0x0000001b6b37b350,
0x0000001b6b37cca0, 0x0000001b6b37c280, 0x0000001b6b37c790, 0x0000001b6b37b860,
0x0000001b6bb751f0, 0x0000001b6bb738a0, 0x0000001b6bb73390, 0x0000001b6bb742c0,
0x0000001b6bb75c10, 0x0000001b6bb72970, 0x0000001b6bb77a70, 0x0000001b6bb78490,
0x0000001b6bb789a0, 0x0000001b6bb78eb0, 0x0000001b6bb793c0, 0x0000001b6bb76b40,
0x0000001b6bb798d0, 0x0000001b6bb77050, 0x0000001b6bb77560, 0x0000001b6bb77f80,
0x0000001b6be735b0, 0x0000001b6be72170, 0x0000001b6be72b90, 0x0000001b6be73ac0,
0x0000001b6c6fec30, 0x0000001b6c700a90, 0x0000001b6c6fe720, 0x0000001b6c700fa0,
0x0000001b6c7023e0, 0x0000001b6c6ffb60, 0x0000001b6c6ff650, 0x0000001b6c7014b0,
0x0000001b6c7019c0, 0x0000001b6c701ed0, 0x0000001b6c7028f0, 0x0000001b6c700070,
0x0000001b6c6ff140, 0x0000001b6c702e00, 0x0000001b6c703820, 0x0000001b6c703310,
0x0000001b6c703d30, 0x0000001b6c700580, 0x0000001b6c704750, 0x0000001b6c704c60,
0x0000001b6c705b90, 0x0000001b718f7390
}

Java Threads: ( => current thread )
  0x0000001b4a26e6a0 JavaThread "main" [_thread_blocked, id=6320, stack(0x0000001b49920000,0x0000001b49a20000)]
  0x0000001b681621c0 JavaThread "Reference Handler" daemon [_thread_blocked, id=4900, stack(0x0000001b68d00000,0x0000001b68e00000)]
  0x0000001b68163c00 JavaThread "Finalizer" daemon [_thread_blocked, id=5688, stack(0x0000001b68e00000,0x0000001b68f00000)]
  0x0000001b6816ca50 JavaThread "Signal Dispatcher" daemon [_thread_blocked, id=3624, stack(0x0000001b68f00000,0x0000001b69000000)]
  0x0000001b6816e780 JavaThread "Attach Listener" daemon [_thread_blocked, id=6820, stack(0x0000001b69000000,0x0000001b69100000)]
  0x0000001b6816ff00 JavaThread "Service Thread" daemon [_thread_blocked, id=7124, stack(0x0000001b69100000,0x0000001b69200000)]
  0x0000001b681756d0 JavaThread "Monitor Deflation Thread" daemon [_thread_blocked, id=6112, stack(0x0000001b69200000,0x0000001b69300000)]
  0x0000001b6819dd80 JavaThread "C2 CompilerThread0" daemon [_thread_blocked, id=5392, stack(0x0000001b69300000,0x0000001b69400000)]
  0x0000001b6819eba0 JavaThread "C1 CompilerThread0" daemon [_thread_blocked, id=6960, stack(0x0000001b69400000,0x0000001b69500000)]
  0x0000001b681ba180 JavaThread "Sweeper thread" daemon [_thread_blocked, id=6964, stack(0x0000001b69500000,0x0000001b69600000)]
  0x0000001b69701d30 JavaThread "Common-Cleaner" daemon [_thread_blocked, id=6240, stack(0x0000001b69a00000,0x0000001b69b00000)]
  0x0000001b69708230 JavaThread "Notification Thread" daemon [_thread_blocked, id=6232, stack(0x0000001b69b00000,0x0000001b69c00000)]
  0x0000001b6c094650 JavaThread "Daemon health stats" [_thread_blocked, id=6076, stack(0x0000001b6b8c0000,0x0000001b6b9c0000)]
  0x0000001b6b7b8820 JavaThread "Incoming local TCP Connector on port 49765" [_thread_in_native, id=6256, stack(0x0000001b6cc70000,0x0000001b6cd70000)]
  0x0000001b6c1487f0 JavaThread "Daemon periodic checks" [_thread_blocked, id=76, stack(0x0000001b6cd70000,0x0000001b6ce70000)]
  0x0000001b6be72680 JavaThread "Cache worker for journal cache (C:\Users\USER\.gradle\caches\journal-1)" [_thread_blocked, id=6572, stack(0x0000001b6df00000,0x0000001b6e000000)]
  0x0000001b6bb71f50 JavaThread "File lock request listener" [_thread_in_native, id=7048, stack(0x0000001b6e000000,0x0000001b6e100000)]
  0x0000001b6bb75700 JavaThread "Cache worker for file hash cache (C:\Users\USER\.gradle\caches\7.2\fileHashes)" [_thread_blocked, id=7052, stack(0x0000001b6e100000,0x0000001b6e200000)]
  0x0000001b6bb747d0 JavaThread "Cache worker for execution history cache (C:\Users\USER\.gradle\caches\7.2\executionHistory)" [_thread_blocked, id=1332, stack(0x0000001b6e500000,0x0000001b6e600000)]
  0x0000001b6bb72460 JavaThread "jar transforms" [_thread_blocked, id=7108, stack(0x0000001b6f800000,0x0000001b6f900000)]
  0x0000001b6bb73db0 JavaThread "jar transforms Thread 2" [_thread_blocked, id=2280, stack(0x0000001b6f700000,0x0000001b6f800000)]
  0x0000001b6bb74ce0 JavaThread "Cache worker for file content cache (C:\Users\USER\.gradle\caches\7.2\fileContent)" [_thread_blocked, id=7340, stack(0x0000001b6fa00000,0x0000001b6fb00000)]
  0x0000001b6bb76630 JavaThread "jar transforms Thread 3" [_thread_blocked, id=7348, stack(0x0000001b6f900000,0x0000001b6fa00000)]
  0x0000001b6bb72e80 JavaThread "jar transforms Thread 4" [_thread_blocked, id=7352, stack(0x0000001b6fb00000,0x0000001b6fc00000)]
  0x0000001b6b3780b0 JavaThread "Memory manager" [_thread_blocked, id=7900, stack(0x0000001b75900000,0x0000001b75a00000)]
  0x0000001b6b375d40 JavaThread "Daemon Thread 2" [_thread_blocked, id=5384, stack(0x0000001b6ce70000,0x0000001b6cf70000)]
  0x0000001b6b378ad0 JavaThread "Handler for socket connection from /127.0.0.1:49765 to /127.0.0.1:50079" [_thread_in_native, id=6716, stack(0x0000001b6cf70000,0x0000001b6d070000)]
  0x0000001b6b375320 JavaThread "Cancel handler" [_thread_blocked, id=7284, stack(0x0000001b6d070000,0x0000001b6d170000)]
  0x0000001b6b376c70 JavaThread "Daemon worker Thread 2" [_thread_blocked, id=4292, stack(0x0000001b6d170000,0x0000001b6d270000)]
  0x0000001b6b377ba0 JavaThread "Asynchronous log dispatcher for DefaultDaemonConnection: socket connection from /127.0.0.1:49765 to /127.0.0.1:50079" [_thread_blocked, id=7552, stack(0x0000001b6dc00000,0x0000001b6dd00000)]
  0x0000001b6b377180 JavaThread "Daemon client event forwarder" [_thread_blocked, id=7444, stack(0x0000001b6de00000,0x0000001b6df00000)]
  0x0000001b6b375830 JavaThread "Cache worker for file hash cache (C:\Users\USER\Documents\Animal\.gradle\7.2\fileHashes)" [_thread_blocked, id=6576, stack(0x0000001b6e200000,0x0000001b6e300000)]
  0x0000001b6b379a00 JavaThread "Cache worker for checksums cache (C:\Users\USER\Documents\Animal\.gradle\checksums)" [_thread_blocked, id=5184, stack(0x0000001b6e300000,0x0000001b6e400000)]
  0x0000001b6b376250 JavaThread "Cache worker for cache directory md-supplier (C:\Users\USER\.gradle\caches\7.2\md-supplier)" [_thread_blocked, id=5196, stack(0x0000001b6e400000,0x0000001b6e500000)]
  0x0000001b6b37a930 JavaThread "Cache worker for cache directory md-rule (C:\Users\USER\.gradle\caches\7.2\md-rule)" [_thread_blocked, id=5180, stack(0x0000001b6f600000,0x0000001b6f700000)]
  0x0000001b6b37bd70 JavaThread "Cache worker for dependencies-accessors (C:\Users\USER\Documents\Animal\.gradle\7.2\dependencies-accessors)" [_thread_blocked, id=6000, stack(0x0000001b71ef0000,0x0000001b71ff0000)]
  0x0000001b6b379f10 JavaThread "Cache worker for Build Output Cleanup Cache (C:\Users\USER\Documents\Animal\.gradle\buildOutputCleanup)" [_thread_blocked, id=6852, stack(0x0000001b729c0000,0x0000001b72ac0000)]
  0x0000001b6b37a420 JavaThread "Unconstrained build operations" [_thread_blocked, id=7892, stack(0x0000001b71cd0000,0x0000001b71dd0000)]
  0x0000001b6b37ae40 JavaThread "Unconstrained build operations Thread 2" [_thread_blocked, id=8056, stack(0x0000001b71dd0000,0x0000001b71ed0000)]
  0x0000001b6b37b350 JavaThread "Unconstrained build operations Thread 3" [_thread_blocked, id=7840, stack(0x0000001b72800000,0x0000001b72900000)]
  0x0000001b6b37cca0 JavaThread "Unconstrained build operations Thread 4" [_thread_blocked, id=6676, stack(0x0000001b73a90000,0x0000001b73b90000)]
  0x0000001b6b37c280 JavaThread "Unconstrained build operations Thread 5" [_thread_blocked, id=5352, stack(0x0000001b73b90000,0x0000001b73c90000)]
  0x0000001b6b37c790 JavaThread "Unconstrained build operations Thread 6" [_thread_blocked, id=4808, stack(0x0000001b73c90000,0x0000001b73d90000)]
  0x0000001b6b37b860 JavaThread "Unconstrained build operations Thread 7" [_thread_blocked, id=312, stack(0x0000001b73d90000,0x0000001b73e90000)]
  0x0000001b6bb751f0 JavaThread "Unconstrained build operations Thread 8" [_thread_blocked, id=7476, stack(0x0000001b73e90000,0x0000001b73f90000)]
  0x0000001b6bb738a0 JavaThread "Unconstrained build operations Thread 9" [_thread_blocked, id=6296, stack(0x0000001b73f90000,0x0000001b74090000)]
  0x0000001b6bb73390 JavaThread "Unconstrained build operations Thread 10" [_thread_blocked, id=6036, stack(0x0000001b74090000,0x0000001b74190000)]
  0x0000001b6bb742c0 JavaThread "Unconstrained build operations Thread 11" [_thread_blocked, id=7300, stack(0x0000001b74190000,0x0000001b74290000)]
  0x0000001b6bb75c10 JavaThread "Unconstrained build operations Thread 12" [_thread_blocked, id=4640, stack(0x0000001b74290000,0x0000001b74390000)]
  0x0000001b6bb72970 JavaThread "Unconstrained build operations Thread 13" [_thread_blocked, id=7480, stack(0x0000001b74390000,0x0000001b74490000)]
  0x0000001b6bb77a70 JavaThread "Unconstrained build operations Thread 14" [_thread_blocked, id=784, stack(0x0000001b74490000,0x0000001b74590000)]
  0x0000001b6bb78490 JavaThread "Unconstrained build operations Thread 15" [_thread_blocked, id=588, stack(0x0000001b74590000,0x0000001b74690000)]
  0x0000001b6bb789a0 JavaThread "Unconstrained build operations Thread 16" [_thread_blocked, id=2788, stack(0x0000001b74690000,0x0000001b74790000)]
  0x0000001b6bb78eb0 JavaThread "Unconstrained build operations Thread 17" [_thread_blocked, id=7868, stack(0x0000001b74790000,0x0000001b74890000)]
  0x0000001b6bb793c0 JavaThread "Unconstrained build operations Thread 18" [_thread_blocked, id=6724, stack(0x0000001b74890000,0x0000001b74990000)]
  0x0000001b6bb76b40 JavaThread "Unconstrained build operations Thread 19" [_thread_blocked, id=5508, stack(0x0000001b74990000,0x0000001b74a90000)]
  0x0000001b6bb798d0 JavaThread "Unconstrained build operations Thread 20" [_thread_blocked, id=4664, stack(0x0000001b74a90000,0x0000001b74b90000)]
  0x0000001b6bb77050 JavaThread "Unconstrained build operations Thread 21" [_thread_blocked, id=6068, stack(0x0000001b74b90000,0x0000001b74c90000)]
  0x0000001b6bb77560 JavaThread "Unconstrained build operations Thread 22" [_thread_blocked, id=3252, stack(0x0000001b74c90000,0x0000001b74d90000)]
  0x0000001b6bb77f80 JavaThread "Unconstrained build operations Thread 23" [_thread_blocked, id=4112, stack(0x0000001b74d90000,0x0000001b74e90000)]
  0x0000001b6be735b0 JavaThread "Unconstrained build operations Thread 24" [_thread_blocked, id=6664, stack(0x0000001b74e90000,0x0000001b74f90000)]
  0x0000001b6be72170 JavaThread "Unconstrained build operations Thread 25" [_thread_blocked, id=7872, stack(0x0000001b75800000,0x0000001b75900000)]
  0x0000001b6be72b90 JavaThread "Unconstrained build operations Thread 26" [_thread_blocked, id=804, stack(0x0000001b75a00000,0x0000001b75b00000)]
  0x0000001b6be73ac0 JavaThread "Unconstrained build operations Thread 27" [_thread_blocked, id=4016, stack(0x0000001b75b00000,0x0000001b75c00000)]
  0x0000001b6c6fec30 JavaThread "Unconstrained build operations Thread 28" [_thread_blocked, id=6040, stack(0x0000001b76c50000,0x0000001b76d50000)]
  0x0000001b6c700a90 JavaThread "Unconstrained build operations Thread 29" [_thread_blocked, id=3580, stack(0x0000001b76d50000,0x0000001b76e50000)]
  0x0000001b6c6fe720 JavaThread "Unconstrained build operations Thread 30" [_thread_blocked, id=7432, stack(0x0000001b76e50000,0x0000001b76f50000)]
  0x0000001b6c700fa0 JavaThread "Unconstrained build operations Thread 31" [_thread_blocked, id=3156, stack(0x0000001b78000000,0x0000001b78100000)]
  0x0000001b6c7023e0 JavaThread "Unconstrained build operations Thread 32" [_thread_blocked, id=8012, stack(0x0000001b78100000,0x0000001b78200000)]
  0x0000001b6c6ffb60 JavaThread "Unconstrained build operations Thread 33" [_thread_blocked, id=7940, stack(0x0000001b78200000,0x0000001b78300000)]
  0x0000001b6c6ff650 JavaThread "Unconstrained build operations Thread 34" [_thread_blocked, id=7308, stack(0x0000001b78300000,0x0000001b78400000)]
  0x0000001b6c7014b0 JavaThread "Unconstrained build operations Thread 35" [_thread_blocked, id=8080, stack(0x0000001b78400000,0x0000001b78500000)]
  0x0000001b6c7019c0 JavaThread "Unconstrained build operations Thread 36" [_thread_blocked, id=7852, stack(0x0000001b78500000,0x0000001b78600000)]
  0x0000001b6c701ed0 JavaThread "Unconstrained build operations Thread 37" [_thread_blocked, id=4840, stack(0x0000001b78600000,0x0000001b78700000)]
  0x0000001b6c7028f0 JavaThread "Unconstrained build operations Thread 38" [_thread_blocked, id=628, stack(0x0000001b78700000,0x0000001b78800000)]
  0x0000001b6c700070 JavaThread "Unconstrained build operations Thread 39" [_thread_blocked, id=3236, stack(0x0000001b78800000,0x0000001b78900000)]
  0x0000001b6c6ff140 JavaThread "Unconstrained build operations Thread 40" [_thread_blocked, id=5652, stack(0x0000001b78900000,0x0000001b78a00000)]
  0x0000001b6c702e00 JavaThread "Execution worker for ':'" [_thread_blocked, id=1248, stack(0x0000001b78a00000,0x0000001b78b00000)]
  0x0000001b6c703820 JavaThread "Execution worker for ':' Thread 2" [_thread_blocked, id=4356, stack(0x0000001b78b00000,0x0000001b78c00000)]
  0x0000001b6c703310 JavaThread "Execution worker for ':' Thread 3" [_thread_blocked, id=4708, stack(0x0000001b78c00000,0x0000001b78d00000)]
  0x0000001b6c703d30 JavaThread "Cache worker for execution history cache (C:\Users\USER\Documents\Animal\.gradle\7.2\executionHistory)" [_thread_blocked, id=7992, stack(0x0000001b78d00000,0x0000001b78e00000)]
  0x0000001b6c700580 JavaThread "WorkerExecutor Queue" [_thread_blocked, id=4444, stack(0x0000001b78e00000,0x0000001b78f00000)]
  0x0000001b6c704750 JavaThread "WorkerExecutor Queue Thread 2" [_thread_blocked, id=2276, stack(0x0000001b79100000,0x0000001b79200000)]
  0x0000001b6c704c60 JavaThread "WorkerExecutor Queue Thread 3" [_thread_blocked, id=1236, stack(0x0000001b79300000,0x0000001b79400000)]
  0x0000001b6c705b90 JavaThread "WorkerExecutor Queue Thread 4" [_thread_blocked, id=1728, stack(0x0000001b79c00000,0x0000001b79d00000)]
  0x0000001b718f7390 JavaThread "C2 CompilerThread1" daemon [_thread_in_native, id=5148, stack(0x0000001b79200000,0x0000001b79300000)]

Other Threads:
=>0x0000001b6815bd40 VMThread "VM Thread" [stack: 0x0000001b68c00000,0x0000001b68d00000] [id=5668]
  0x0000001b69708710 WatcherThread [stack: 0x0000001b69c00000,0x0000001b69d00000] [id=7056]
  0x0000001b4a2cae20 GCTaskThread "GC Thread#0" [stack: 0x0000001b4a040000,0x0000001b4a140000] [id=6376]
  0x0000001b69de8ee0 GCTaskThread "GC Thread#1" [stack: 0x0000001b6a500000,0x0000001b6a600000] [id=5756]
  0x0000001b699575b0 GCTaskThread "GC Thread#2" [stack: 0x0000001b6a600000,0x0000001b6a700000] [id=6440]
  0x0000001b698f4320 GCTaskThread "GC Thread#3" [stack: 0x0000001b6b7c0000,0x0000001b6b8c0000] [id=7080]
  0x0000001b4a2dbd70 ConcurrentGCThread "G1 Main Marker" [stack: 0x0000001b659a0000,0x0000001b65aa0000] [id=132]
  0x0000001b4a2dc780 ConcurrentGCThread "G1 Conc#0" [stack: 0x0000001b65aa0000,0x0000001b65ba0000] [id=4384]
  0x0000001b4a31e560 ConcurrentGCThread "G1 Refine#0" [stack: 0x0000001b681e0000,0x0000001b682e0000] [id=3168]
  0x0000001b71568660 ConcurrentGCThread "G1 Refine#1" [stack: 0x0000001b78f00000,0x0000001b79000000] [id=4248]
  0x0000001b7156a9a0 ConcurrentGCThread "G1 Refine#2" [stack: 0x0000001b79000000,0x0000001b79100000] [id=7688]
  0x0000001b71569220 ConcurrentGCThread "G1 Refine#3" [stack: 0x0000001b70c00000,0x0000001b70d00000] [id=7656]
  0x0000001b680160e0 ConcurrentGCThread "G1 Service" [stack: 0x0000001b682e0000,0x0000001b683e0000] [id=5648]

Threads with active compile tasks:
C2 CompilerThread0   565192 19709       4       com.android.tools.r8.internal.T6::a (4191 bytes)
C2 CompilerThread1   565192 19832       4       com.android.tools.r8.internal.T6::a (6044 bytes)

VM state: at safepoint (normal execution)

VM Mutex/Monitor currently owned by a thread:  ([mutex/lock_event])
[0x0000001b4a26b450] Threads_lock - owner thread: 0x0000001b6815bd40
[0x0000001b4a26b4e0] Heap_lock - owner thread: 0x0000001b6bb751f0

Heap address: 0x0000000080000000, size: 2048 MB, Compressed Oops mode: 32-bit

CDS archive(s) mapped at: [0x0000000800000000-0x0000000800c00000-0x0000000800c00000), size 12582912, SharedBaseAddress: 0x0000000800000000, ArchiveRelocationMode: 0.
Compressed class space mapped at: 0x0000000800c00000-0x0000000840c00000, reserved size: 1073741824
Narrow klass base: 0x0000000800000000, Narrow klass shift: 0, Narrow klass range: 0x100000000

GC Precious Log:
 CPUs: 4 total, 4 available
 Memory: 8083M
 Large Page Support: Disabled
 NUMA Support: Disabled
 Compressed Oops: Enabled (32-bit)
 Heap Region Size: 1M
 Heap Min Capacity: 8M
 Heap Initial Capacity: 128M
 Heap Max Capacity: 2G
 Pre-touch: Disabled
 Parallel Workers: 4
 Concurrent Workers: 1
 Concurrent Refinement Workers: 4
 Periodic GC: Disabled

Heap:
 garbage-first heap   total 281600K, used 155484K [0x0000000080000000, 0x0000000100000000)
  region size 1024K, 7 young (7168K), 7 survivors (7168K)
 Metaspace       used 101405K, committed 102144K, reserved 1138688K
  class space    used 13305K, committed 13696K, reserved 1048576K

Heap Regions: E=young(eden), S=young(survivor), O=old, HS=humongous(starts), HC=humongous(continues), CS=collection set, F=free, OA=open archive, CA=closed archive, TAMS=top-at-mark-start (previous, next)
|   0|0x0000000080000000, 0x0000000080100000, 0x0000000080100000|100%|HS|  |TAMS 0x0000000080100000, 0x0000000080000000| Complete 
|   1|0x0000000080100000, 0x0000000080200000, 0x0000000080200000|100%|HC|  |TAMS 0x0000000080200000, 0x0000000080100000| Complete 
|   2|0x0000000080200000, 0x0000000080300000, 0x0000000080300000|100%|HC|  |TAMS 0x0000000080300000, 0x0000000080200000| Complete 
|   3|0x0000000080300000, 0x0000000080400000, 0x0000000080400000|100%| O|  |TAMS 0x0000000080400000, 0x0000000080300000| Untracked 
|   4|0x0000000080400000, 0x0000000080500000, 0x0000000080500000|100%| O|  |TAMS 0x0000000080500000, 0x0000000080400000| Untracked 
|   5|0x0000000080500000, 0x0000000080600000, 0x0000000080600000|100%| O|  |TAMS 0x0000000080600000, 0x0000000080500000| Untracked 
|   6|0x0000000080600000, 0x0000000080700000, 0x0000000080700000|100%| O|  |TAMS 0x0000000080700000, 0x0000000080600000| Untracked 
|   7|0x0000000080700000, 0x0000000080800000, 0x0000000080800000|100%| O|  |TAMS 0x0000000080800000, 0x0000000080700000| Untracked 
|   8|0x0000000080800000, 0x00000000808ffff8, 0x0000000080900000| 99%| O|  |TAMS 0x00000000808ffff8, 0x0000000080800000| Untracked 
|   9|0x0000000080900000, 0x0000000080a00000, 0x0000000080a00000|100%| O|  |TAMS 0x0000000080a00000, 0x0000000080900000| Untracked 
|  10|0x0000000080a00000, 0x0000000080b00000, 0x0000000080b00000|100%| O|  |TAMS 0x0000000080b00000, 0x0000000080a00000| Untracked 
|  11|0x0000000080b00000, 0x0000000080c00000, 0x0000000080c00000|100%| O|  |TAMS 0x0000000080c00000, 0x0000000080b00000| Untracked 
|  12|0x0000000080c00000, 0x0000000080d00000, 0x0000000080d00000|100%| O|  |TAMS 0x0000000080d00000, 0x0000000080c00000| Untracked 
|  13|0x0000000080d00000, 0x0000000080e00000, 0x0000000080e00000|100%| O|  |TAMS 0x0000000080e00000, 0x0000000080d00000| Untracked 
|  14|0x0000000080e00000, 0x0000000080f00000, 0x0000000080f00000|100%| O|  |TAMS 0x0000000080f00000, 0x0000000080e00000| Untracked 
|  15|0x0000000080f00000, 0x0000000081000000, 0x0000000081000000|100%| O|  |TAMS 0x0000000081000000, 0x0000000080f00000| Untracked 
|  16|0x0000000081000000, 0x0000000081100000, 0x0000000081100000|100%| O|  |TAMS 0x0000000081100000, 0x0000000081000000| Untracked 
|  17|0x0000000081100000, 0x0000000081200000, 0x0000000081200000|100%| O|  |TAMS 0x0000000081200000, 0x0000000081100000| Untracked 
|  18|0x0000000081200000, 0x0000000081300000, 0x0000000081300000|100%|HS|  |TAMS 0x0000000081300000, 0x0000000081200000| Complete 
|  19|0x0000000081300000, 0x0000000081400000, 0x0000000081400000|100%| O|  |TAMS 0x0000000081400000, 0x0000000081300000| Untracked 
|  20|0x0000000081400000, 0x0000000081500000, 0x0000000081500000|100%| O|  |TAMS 0x0000000081500000, 0x0000000081400000| Untracked 
|  21|0x0000000081500000, 0x0000000081600000, 0x0000000081600000|100%| O|  |TAMS 0x0000000081600000, 0x0000000081500000| Untracked 
|  22|0x0000000081600000, 0x0000000081700000, 0x0000000081700000|100%| O|  |TAMS 0x0000000081700000, 0x0000000081600000| Untracked 
|  23|0x0000000081700000, 0x0000000081800000, 0x0000000081800000|100%| O|  |TAMS 0x0000000081800000, 0x0000000081700000| Untracked 
|  24|0x0000000081800000, 0x0000000081900000, 0x0000000081900000|100%| O|  |TAMS 0x0000000081900000, 0x0000000081800000| Untracked 
|  25|0x0000000081900000, 0x0000000081a00000, 0x0000000081a00000|100%| O|  |TAMS 0x0000000081a00000, 0x0000000081900000| Untracked 
|  26|0x0000000081a00000, 0x0000000081b00000, 0x0000000081b00000|100%| O|  |TAMS 0x0000000081b00000, 0x0000000081a00000| Untracked 
|  27|0x0000000081b00000, 0x0000000081c00000, 0x0000000081c00000|100%|HS|  |TAMS 0x0000000081c00000, 0x0000000081b00000| Complete 
|  28|0x0000000081c00000, 0x0000000081d00000, 0x0000000081d00000|100%|HS|  |TAMS 0x0000000081d00000, 0x0000000081c00000| Complete 
|  29|0x0000000081d00000, 0x0000000081e00000, 0x0000000081e00000|100%|HC|  |TAMS 0x0000000081e00000, 0x0000000081d00000| Complete 
|  30|0x0000000081e00000, 0x0000000081f00000, 0x0000000081f00000|100%| O|  |TAMS 0x0000000081f00000, 0x0000000081e00000| Untracked 
|  31|0x0000000081f00000, 0x0000000082000000, 0x0000000082000000|100%| O|  |TAMS 0x0000000082000000, 0x0000000081f00000| Untracked 
|  32|0x0000000082000000, 0x0000000082100000, 0x0000000082100000|100%| O|  |TAMS 0x0000000082100000, 0x0000000082000000| Untracked 
|  33|0x0000000082100000, 0x0000000082200000, 0x0000000082200000|100%| O|  |TAMS 0x0000000082200000, 0x0000000082100000| Untracked 
|  34|0x0000000082200000, 0x0000000082300000, 0x0000000082300000|100%| O|  |TAMS 0x0000000082300000, 0x0000000082200000| Untracked 
|  35|0x0000000082300000, 0x0000000082400000, 0x0000000082400000|100%| O|  |TAMS 0x0000000082400000, 0x0000000082300000| Untracked 
|  36|0x0000000082400000, 0x0000000082500000, 0x0000000082500000|100%| O|  |TAMS 0x0000000082500000, 0x0000000082400000| Untracked 
|  37|0x0000000082500000, 0x0000000082600000, 0x0000000082600000|100%| O|  |TAMS 0x0000000082600000, 0x0000000082500000| Untracked 
|  38|0x0000000082600000, 0x0000000082700000, 0x0000000082700000|100%| O|  |TAMS 0x0000000082700000, 0x0000000082600000| Untracked 
|  39|0x0000000082700000, 0x0000000082800000, 0x0000000082800000|100%| O|  |TAMS 0x0000000082800000, 0x0000000082700000| Untracked 
|  40|0x0000000082800000, 0x0000000082900000, 0x0000000082900000|100%| O|  |TAMS 0x0000000082900000, 0x0000000082800000| Untracked 
|  41|0x0000000082900000, 0x0000000082a00000, 0x0000000082a00000|100%| O|  |TAMS 0x0000000082a00000, 0x0000000082900000| Untracked 
|  42|0x0000000082a00000, 0x0000000082b00000, 0x0000000082b00000|100%| O|  |TAMS 0x0000000082b00000, 0x0000000082a00000| Untracked 
|  43|0x0000000082b00000, 0x0000000082c00000, 0x0000000082c00000|100%| O|  |TAMS 0x0000000082c00000, 0x0000000082b00000| Untracked 
|  44|0x0000000082c00000, 0x0000000082d00000, 0x0000000082d00000|100%| O|  |TAMS 0x0000000082d00000, 0x0000000082c00000| Untracked 
|  45|0x0000000082d00000, 0x0000000082e00000, 0x0000000082e00000|100%| O|  |TAMS 0x0000000082e00000, 0x0000000082d00000| Untracked 
|  46|0x0000000082e00000, 0x0000000082f00000, 0x0000000082f00000|100%| O|  |TAMS 0x0000000082f00000, 0x0000000082e00000| Untracked 
|  47|0x0000000082f00000, 0x0000000083000000, 0x0000000083000000|100%| O|  |TAMS 0x0000000083000000, 0x0000000082f00000| Untracked 
|  48|0x0000000083000000, 0x0000000083100000, 0x0000000083100000|100%| O|  |TAMS 0x0000000083100000, 0x0000000083000000| Untracked 
|  49|0x0000000083100000, 0x0000000083200000, 0x0000000083200000|100%| O|  |TAMS 0x0000000083200000, 0x0000000083100000| Untracked 
|  50|0x0000000083200000, 0x0000000083300000, 0x0000000083300000|100%| O|  |TAMS 0x0000000083300000, 0x0000000083200000| Untracked 
|  51|0x0000000083300000, 0x0000000083400000, 0x0000000083400000|100%| O|  |TAMS 0x0000000083400000, 0x0000000083300000| Untracked 
|  52|0x0000000083400000, 0x0000000083500000, 0x0000000083500000|100%| O|  |TAMS 0x0000000083500000, 0x0000000083400000| Untracked 
|  53|0x0000000083500000, 0x0000000083600000, 0x0000000083600000|100%| O|  |TAMS 0x0000000083600000, 0x0000000083500000| Untracked 
|  54|0x0000000083600000, 0x0000000083700000, 0x0000000083700000|100%| O|  |TAMS 0x0000000083700000, 0x0000000083600000| Untracked 
|  55|0x0000000083700000, 0x0000000083800000, 0x0000000083800000|100%| O|  |TAMS 0x0000000083800000, 0x0000000083700000| Untracked 
|  56|0x0000000083800000, 0x0000000083900000, 0x0000000083900000|100%| O|  |TAMS 0x0000000083900000, 0x0000000083800000| Untracked 
|  57|0x0000000083900000, 0x0000000083a00000, 0x0000000083a00000|100%| O|  |TAMS 0x0000000083a00000, 0x0000000083900000| Untracked 
|  58|0x0000000083a00000, 0x0000000083b00000, 0x0000000083b00000|100%| O|  |TAMS 0x0000000083b00000, 0x0000000083a00000| Untracked 
|  59|0x0000000083b00000, 0x0000000083c00000, 0x0000000083c00000|100%| O|  |TAMS 0x0000000083c00000, 0x0000000083b00000| Untracked 
|  60|0x0000000083c00000, 0x0000000083d00000, 0x0000000083d00000|100%| O|  |TAMS 0x0000000083d00000, 0x0000000083c00000| Untracked 
|  61|0x0000000083d00000, 0x0000000083e00000, 0x0000000083e00000|100%| O|  |TAMS 0x0000000083e00000, 0x0000000083d00000| Untracked 
|  62|0x0000000083e00000, 0x0000000083f00000, 0x0000000083f00000|100%| O|  |TAMS 0x0000000083f00000, 0x0000000083e00000| Untracked 
|  63|0x0000000083f00000, 0x0000000084000000, 0x0000000084000000|100%| O|  |TAMS 0x0000000084000000, 0x0000000083f00000| Untracked 
|  64|0x0000000084000000, 0x0000000084100000, 0x0000000084100000|100%| O|  |TAMS 0x0000000084100000, 0x0000000084000000| Untracked 
|  65|0x0000000084100000, 0x0000000084200000, 0x0000000084200000|100%| O|  |TAMS 0x0000000084200000, 0x0000000084100000| Untracked 
|  66|0x0000000084200000, 0x0000000084300000, 0x0000000084300000|100%| O|  |TAMS 0x0000000084300000, 0x0000000084200000| Untracked 
|  67|0x0000000084300000, 0x0000000084400000, 0x0000000084400000|100%| O|  |TAMS 0x0000000084400000, 0x0000000084300000| Untracked 
|  68|0x0000000084400000, 0x0000000084500000, 0x0000000084500000|100%| O|  |TAMS 0x0000000084500000, 0x0000000084400000| Untracked 
|  69|0x0000000084500000, 0x0000000084600000, 0x0000000084600000|100%| O|  |TAMS 0x0000000084600000, 0x0000000084500000| Untracked 
|  70|0x0000000084600000, 0x0000000084700000, 0x0000000084700000|100%| O|  |TAMS 0x0000000084700000, 0x0000000084600000| Untracked 
|  71|0x0000000084700000, 0x0000000084800000, 0x0000000084800000|100%| O|  |TAMS 0x0000000084800000, 0x0000000084700000| Untracked 
|  72|0x0000000084800000, 0x0000000084900000, 0x0000000084900000|100%| O|  |TAMS 0x0000000084900000, 0x0000000084800000| Untracked 
|  73|0x0000000084900000, 0x0000000084a00000, 0x0000000084a00000|100%| O|  |TAMS 0x0000000084a00000, 0x0000000084900000| Untracked 
|  74|0x0000000084a00000, 0x0000000084b00000, 0x0000000084b00000|100%| O|  |TAMS 0x0000000084b00000, 0x0000000084a00000| Untracked 
|  75|0x0000000084b00000, 0x0000000084b00000, 0x0000000084c00000|  0%| F|  |TAMS 0x0000000084b00000, 0x0000000084b00000| Untracked 
|  76|0x0000000084c00000, 0x0000000084d00000, 0x0000000084d00000|100%| O|  |TAMS 0x0000000084d00000, 0x0000000084c00000| Untracked 
|  77|0x0000000084d00000, 0x0000000084e00000, 0x0000000084e00000|100%| O|  |TAMS 0x0000000084e00000, 0x0000000084d00000| Untracked 
|  78|0x0000000084e00000, 0x0000000084f00000, 0x0000000084f00000|100%| O|  |TAMS 0x0000000084f00000, 0x0000000084e00000| Untracked 
|  79|0x0000000084f00000, 0x0000000085000000, 0x0000000085000000|100%| O|  |TAMS 0x0000000085000000, 0x0000000084f00000| Untracked 
|  80|0x0000000085000000, 0x0000000085100000, 0x0000000085100000|100%| O|  |TAMS 0x0000000085100000, 0x0000000085000000| Untracked 
|  81|0x0000000085100000, 0x0000000085200000, 0x0000000085200000|100%| O|  |TAMS 0x0000000085200000, 0x0000000085100000| Untracked 
|  82|0x0000000085200000, 0x0000000085300000, 0x0000000085300000|100%|HS|  |TAMS 0x0000000085300000, 0x0000000085200000| Complete 
|  83|0x0000000085300000, 0x0000000085400000, 0x0000000085400000|100%|HC|  |TAMS 0x0000000085400000, 0x0000000085300000| Complete 
|  84|0x0000000085400000, 0x0000000085500000, 0x0000000085500000|100%| O|  |TAMS 0x0000000085500000, 0x0000000085400000| Untracked 
|  85|0x0000000085500000, 0x0000000085600000, 0x0000000085600000|100%| O|  |TAMS 0x0000000085600000, 0x0000000085500000| Untracked 
|  86|0x0000000085600000, 0x0000000085700000, 0x0000000085700000|100%| O|  |TAMS 0x0000000085700000, 0x0000000085600000| Untracked 
|  87|0x0000000085700000, 0x0000000085800000, 0x0000000085800000|100%| O|  |TAMS 0x0000000085800000, 0x0000000085700000| Untracked 
|  88|0x0000000085800000, 0x0000000085900000, 0x0000000085900000|100%| O|  |TAMS 0x0000000085900000, 0x0000000085800000| Untracked 
|  89|0x0000000085900000, 0x0000000085a00000, 0x0000000085a00000|100%| O|  |TAMS 0x0000000085a00000, 0x0000000085900000| Untracked 
|  90|0x0000000085a00000, 0x0000000085a00000, 0x0000000085b00000|  0%| F|  |TAMS 0x0000000085a00000, 0x0000000085a00000| Untracked 
|  91|0x0000000085b00000, 0x0000000085b00000, 0x0000000085c00000|  0%| F|  |TAMS 0x0000000085b00000, 0x0000000085b00000| Untracked 
|  92|0x0000000085c00000, 0x0000000085c00000, 0x0000000085d00000|  0%| F|  |TAMS 0x0000000085c00000, 0x0000000085c00000| Untracked 
|  93|0x0000000085d00000, 0x0000000085e00000, 0x0000000085e00000|100%| O|  |TAMS 0x0000000085e00000, 0x0000000085d00000| Untracked 
|  94|0x0000000085e00000, 0x0000000085f00000, 0x0000000085f00000|100%| O|  |TAMS 0x0000000085f00000, 0x0000000085e00000| Untracked 
|  95|0x0000000085f00000, 0x0000000086000000, 0x0000000086000000|100%| O|  |TAMS 0x0000000086000000, 0x0000000085f00000| Untracked 
|  96|0x0000000086000000, 0x0000000086100000, 0x0000000086100000|100%| O|  |TAMS 0x0000000086100000, 0x0000000086000000| Untracked 
|  97|0x0000000086100000, 0x0000000086200000, 0x0000000086200000|100%| O|  |TAMS 0x0000000086200000, 0x0000000086100000| Untracked 
|  98|0x0000000086200000, 0x0000000086300000, 0x0000000086300000|100%| O|  |TAMS 0x0000000086300000, 0x0000000086200000| Untracked 
|  99|0x0000000086300000, 0x0000000086400000, 0x0000000086400000|100%| O|  |TAMS 0x0000000086400000, 0x0000000086300000| Untracked 
| 100|0x0000000086400000, 0x0000000086500000, 0x0000000086500000|100%| O|  |TAMS 0x0000000086500000, 0x0000000086400000| Untracked 
| 101|0x0000000086500000, 0x0000000086600000, 0x0000000086600000|100%| O|  |TAMS 0x0000000086600000, 0x0000000086500000| Untracked 
| 102|0x0000000086600000, 0x0000000086700000, 0x0000000086700000|100%| O|  |TAMS 0x0000000086700000, 0x0000000086600000| Untracked 
| 103|0x0000000086700000, 0x0000000086800000, 0x0000000086800000|100%| O|  |TAMS 0x0000000086800000, 0x0000000086700000| Untracked 
| 104|0x0000000086800000, 0x0000000086900000, 0x0000000086900000|100%| O|  |TAMS 0x0000000086900000, 0x0000000086800000| Untracked 
| 105|0x0000000086900000, 0x0000000086a00000, 0x0000000086a00000|100%| O|  |TAMS 0x0000000086a00000, 0x0000000086900000| Untracked 
| 106|0x0000000086a00000, 0x0000000086b00000, 0x0000000086b00000|100%| O|  |TAMS 0x0000000086b00000, 0x0000000086a00000| Untracked 
| 107|0x0000000086b00000, 0x0000000086c00000, 0x0000000086c00000|100%| O|  |TAMS 0x0000000086c00000, 0x0000000086b00000| Untracked 
| 108|0x0000000086c00000, 0x0000000086d00000, 0x0000000086d00000|100%| O|  |TAMS 0x0000000086d00000, 0x0000000086c00000| Untracked 
| 109|0x0000000086d00000, 0x0000000086e00000, 0x0000000086e00000|100%| O|  |TAMS 0x0000000086e00000, 0x0000000086d00000| Untracked 
| 110|0x0000000086e00000, 0x0000000086f00000, 0x0000000086f00000|100%| O|  |TAMS 0x0000000086f00000, 0x0000000086e00000| Untracked 
| 111|0x0000000086f00000, 0x0000000087000000, 0x0000000087000000|100%| O|  |TAMS 0x0000000087000000, 0x0000000086f00000| Untracked 
| 112|0x0000000087000000, 0x0000000087100000, 0x0000000087100000|100%| O|  |TAMS 0x0000000087100000, 0x0000000087000000| Untracked 
| 113|0x0000000087100000, 0x0000000087200000, 0x0000000087200000|100%| O|  |TAMS 0x0000000087200000, 0x0000000087100000| Untracked 
| 114|0x0000000087200000, 0x0000000087300000, 0x0000000087300000|100%| O|  |TAMS 0x0000000087300000, 0x0000000087200000| Untracked 
| 115|0x0000000087300000, 0x0000000087400000, 0x0000000087400000|100%| O|  |TAMS 0x0000000087400000, 0x0000000087300000| Untracked 
| 116|0x0000000087400000, 0x0000000087500000, 0x0000000087500000|100%| O|  |TAMS 0x0000000087500000, 0x0000000087400000| Untracked 
| 117|0x0000000087500000, 0x0000000087600000, 0x0000000087600000|100%| O|  |TAMS 0x0000000087600000, 0x0000000087500000| Untracked 
| 118|0x0000000087600000, 0x0000000087700000, 0x0000000087700000|100%| O|  |TAMS 0x0000000087700000, 0x0000000087600000| Untracked 
| 119|0x0000000087700000, 0x0000000087800000, 0x0000000087800000|100%| O|  |TAMS 0x0000000087800000, 0x0000000087700000| Untracked 
| 120|0x0000000087800000, 0x0000000087900000, 0x0000000087900000|100%| O|  |TAMS 0x0000000087900000, 0x0000000087800000| Untracked 
| 121|0x0000000087900000, 0x0000000087a00000, 0x0000000087a00000|100%| O|  |TAMS 0x0000000087a00000, 0x0000000087900000| Untracked 
| 122|0x0000000087a00000, 0x0000000087b00000, 0x0000000087b00000|100%| O|  |TAMS 0x0000000087b00000, 0x0000000087a00000| Untracked 
| 123|0x0000000087b00000, 0x0000000087c00000, 0x0000000087c00000|100%| O|  |TAMS 0x0000000087c00000, 0x0000000087b00000| Untracked 
| 124|0x0000000087c00000, 0x0000000087d00000, 0x0000000087d00000|100%| O|  |TAMS 0x0000000087cef800, 0x0000000087c00000| Untracked 
| 125|0x0000000087d00000, 0x0000000087e00000, 0x0000000087e00000|100%| O|  |TAMS 0x0000000087d00000, 0x0000000087d00000| Untracked 
| 126|0x0000000087e00000, 0x0000000087f00000, 0x0000000087f00000|100%| O|  |TAMS 0x0000000087e00000, 0x0000000087e00000| Untracked 
| 127|0x0000000087f00000, 0x0000000088000000, 0x0000000088000000|100%| O|  |TAMS 0x0000000087f00000, 0x0000000087f00000| Untracked 
| 128|0x0000000088000000, 0x0000000088100000, 0x0000000088100000|100%| O|  |TAMS 0x0000000088000000, 0x0000000088000000| Untracked 
| 129|0x0000000088100000, 0x0000000088200000, 0x0000000088200000|100%| O|  |TAMS 0x0000000088100000, 0x0000000088100000| Untracked 
| 130|0x0000000088200000, 0x0000000088300000, 0x0000000088300000|100%| O|  |TAMS 0x0000000088200000, 0x0000000088200000| Untracked 
| 131|0x0000000088300000, 0x0000000088400000, 0x0000000088400000|100%| O|  |TAMS 0x0000000088300000, 0x0000000088300000| Untracked 
| 132|0x0000000088400000, 0x0000000088500000, 0x0000000088500000|100%| O|  |TAMS 0x0000000088400000, 0x0000000088400000| Untracked 
| 133|0x0000000088500000, 0x0000000088600000, 0x0000000088600000|100%| O|  |TAMS 0x0000000088500000, 0x0000000088500000| Untracked 
| 134|0x0000000088600000, 0x0000000088700000, 0x0000000088700000|100%| O|  |TAMS 0x0000000088600000, 0x0000000088600000| Untracked 
| 135|0x0000000088700000, 0x0000000088800000, 0x0000000088800000|100%| O|  |TAMS 0x0000000088700000, 0x0000000088700000| Untracked 
| 136|0x0000000088800000, 0x0000000088900000, 0x0000000088900000|100%| O|  |TAMS 0x0000000088800000, 0x0000000088800000| Untracked 
| 137|0x0000000088900000, 0x0000000088a00000, 0x0000000088a00000|100%| O|  |TAMS 0x0000000088900000, 0x0000000088900000| Untracked 
| 138|0x0000000088a00000, 0x0000000088b00000, 0x0000000088b00000|100%| O|  |TAMS 0x0000000088a00000, 0x0000000088a00000| Untracked 
| 139|0x0000000088b00000, 0x0000000088c00000, 0x0000000088c00000|100%| O|  |TAMS 0x0000000088b00000, 0x0000000088b00000| Untracked 
| 140|0x0000000088c00000, 0x0000000088d00000, 0x0000000088d00000|100%| O|  |TAMS 0x0000000088c00000, 0x0000000088c00000| Untracked 
| 141|0x0000000088d00000, 0x0000000088e00000, 0x0000000088e00000|100%| O|  |TAMS 0x0000000088d00000, 0x0000000088d00000| Untracked 
| 142|0x0000000088e00000, 0x0000000088f00000, 0x0000000088f00000|100%| O|  |TAMS 0x0000000088e00000, 0x0000000088e00000| Untracked 
| 143|0x0000000088f00000, 0x0000000089000000, 0x0000000089000000|100%| O|  |TAMS 0x0000000088f00000, 0x0000000088f00000| Untracked 
| 144|0x0000000089000000, 0x0000000089100000, 0x0000000089100000|100%| O|  |TAMS 0x0000000089000000, 0x0000000089000000| Untracked 
| 145|0x0000000089100000, 0x0000000089200000, 0x0000000089200000|100%| O|  |TAMS 0x0000000089100000, 0x0000000089100000| Untracked 
| 146|0x0000000089200000, 0x0000000089300000, 0x0000000089300000|100%| O|  |TAMS 0x0000000089200000, 0x0000000089200000| Untracked 
| 147|0x0000000089300000, 0x0000000089400000, 0x0000000089400000|100%| O|  |TAMS 0x0000000089300000, 0x0000000089300000| Untracked 
| 148|0x0000000089400000, 0x0000000089500000, 0x0000000089500000|100%| O|  |TAMS 0x0000000089400000, 0x0000000089400000| Untracked 
| 149|0x0000000089500000, 0x0000000089538000, 0x0000000089600000| 21%| O|  |TAMS 0x0000000089500000, 0x0000000089500000| Untracked 
| 150|0x0000000089600000, 0x0000000089600000, 0x0000000089700000|  0%| F|  |TAMS 0x0000000089600000, 0x0000000089600000| Untracked 
| 151|0x0000000089700000, 0x0000000089700000, 0x0000000089800000|  0%| F|  |TAMS 0x0000000089700000, 0x0000000089700000| Untracked 
| 152|0x0000000089800000, 0x0000000089800000, 0x0000000089900000|  0%| F|  |TAMS 0x0000000089800000, 0x0000000089800000| Untracked 
| 153|0x0000000089900000, 0x0000000089900000, 0x0000000089a00000|  0%| F|  |TAMS 0x0000000089900000, 0x0000000089900000| Untracked 
| 154|0x0000000089a00000, 0x0000000089a00000, 0x0000000089b00000|  0%| F|  |TAMS 0x0000000089a00000, 0x0000000089a00000| Untracked 
| 155|0x0000000089b00000, 0x0000000089b00000, 0x0000000089c00000|  0%| F|  |TAMS 0x0000000089b00000, 0x0000000089b00000| Untracked 
| 156|0x0000000089c00000, 0x0000000089c00000, 0x0000000089d00000|  0%| F|  |TAMS 0x0000000089c00000, 0x0000000089c00000| Untracked 
| 157|0x0000000089d00000, 0x0000000089d00000, 0x0000000089e00000|  0%| F|  |TAMS 0x0000000089d00000, 0x0000000089d00000| Untracked 
| 158|0x0000000089e00000, 0x0000000089e00000, 0x0000000089f00000|  0%| F|  |TAMS 0x0000000089e00000, 0x0000000089e00000| Untracked 
| 159|0x0000000089f00000, 0x0000000089f00000, 0x000000008a000000|  0%| F|  |TAMS 0x0000000089f00000, 0x0000000089f00000| Untracked 
| 160|0x000000008a000000, 0x000000008a000000, 0x000000008a100000|  0%| F|  |TAMS 0x000000008a000000, 0x000000008a000000| Untracked 
| 161|0x000000008a100000, 0x000000008a100000, 0x000000008a200000|  0%| F|  |TAMS 0x000000008a100000, 0x000000008a100000| Untracked 
| 162|0x000000008a200000, 0x000000008a200000, 0x000000008a300000|  0%| F|  |TAMS 0x000000008a200000, 0x000000008a200000| Untracked 
| 163|0x000000008a300000, 0x000000008a300000, 0x000000008a400000|  0%| F|  |TAMS 0x000000008a300000, 0x000000008a300000| Untracked 
| 164|0x000000008a400000, 0x000000008a400000, 0x000000008a500000|  0%| F|  |TAMS 0x000000008a400000, 0x000000008a400000| Untracked 
| 165|0x000000008a500000, 0x000000008a500000, 0x000000008a600000|  0%| F|  |TAMS 0x000000008a500000, 0x000000008a500000| Untracked 
| 166|0x000000008a600000, 0x000000008a600000, 0x000000008a700000|  0%| F|  |TAMS 0x000000008a600000, 0x000000008a600000| Untracked 
| 167|0x000000008a700000, 0x000000008a700000, 0x000000008a800000|  0%| F|  |TAMS 0x000000008a700000, 0x000000008a700000| Untracked 
| 168|0x000000008a800000, 0x000000008a800000, 0x000000008a900000|  0%| F|  |TAMS 0x000000008a800000, 0x000000008a800000| Untracked 
| 169|0x000000008a900000, 0x000000008a900000, 0x000000008aa00000|  0%| F|  |TAMS 0x000000008a900000, 0x000000008a900000| Untracked 
| 170|0x000000008aa00000, 0x000000008aa00000, 0x000000008ab00000|  0%| F|  |TAMS 0x000000008aa00000, 0x000000008aa00000| Untracked 
| 171|0x000000008ab00000, 0x000000008ab00000, 0x000000008ac00000|  0%| F|  |TAMS 0x000000008ab00000, 0x000000008ab00000| Untracked 
| 172|0x000000008ac00000, 0x000000008ac00000, 0x000000008ad00000|  0%| F|  |TAMS 0x000000008ac00000, 0x000000008ac00000| Untracked 
| 173|0x000000008ad00000, 0x000000008ad00000, 0x000000008ae00000|  0%| F|  |TAMS 0x000000008ad00000, 0x000000008ad00000| Untracked 
| 174|0x000000008ae00000, 0x000000008ae00000, 0x000000008af00000|  0%| F|  |TAMS 0x000000008ae00000, 0x000000008ae00000| Untracked 
| 175|0x000000008af00000, 0x000000008af00000, 0x000000008b000000|  0%| F|  |TAMS 0x000000008af00000, 0x000000008af00000| Untracked 
| 176|0x000000008b000000, 0x000000008b000000, 0x000000008b100000|  0%| F|  |TAMS 0x000000008b000000, 0x000000008b000000| Untracked 
| 177|0x000000008b100000, 0x000000008b100000, 0x000000008b200000|  0%| F|  |TAMS 0x000000008b100000, 0x000000008b100000| Untracked 
| 178|0x000000008b200000, 0x000000008b200000, 0x000000008b300000|  0%| F|  |TAMS 0x000000008b200000, 0x000000008b200000| Untracked 
| 179|0x000000008b300000, 0x000000008b300000, 0x000000008b400000|  0%| F|  |TAMS 0x000000008b300000, 0x000000008b300000| Untracked 
| 180|0x000000008b400000, 0x000000008b400000, 0x000000008b500000|  0%| F|  |TAMS 0x000000008b400000, 0x000000008b400000| Untracked 
| 181|0x000000008b500000, 0x000000008b500000, 0x000000008b600000|  0%| F|  |TAMS 0x000000008b500000, 0x000000008b500000| Untracked 
| 182|0x000000008b600000, 0x000000008b600000, 0x000000008b700000|  0%| F|  |TAMS 0x000000008b600000, 0x000000008b600000| Untracked 
| 183|0x000000008b700000, 0x000000008b700000, 0x000000008b800000|  0%| F|  |TAMS 0x000000008b700000, 0x000000008b700000| Untracked 
| 184|0x000000008b800000, 0x000000008b800000, 0x000000008b900000|  0%| F|  |TAMS 0x000000008b800000, 0x000000008b800000| Untracked 
| 185|0x000000008b900000, 0x000000008b900000, 0x000000008ba00000|  0%| F|  |TAMS 0x000000008b900000, 0x000000008b900000| Untracked 
| 186|0x000000008ba00000, 0x000000008ba00000, 0x000000008bb00000|  0%| F|  |TAMS 0x000000008ba00000, 0x000000008ba00000| Untracked 
| 187|0x000000008bb00000, 0x000000008bb00000, 0x000000008bc00000|  0%| F|  |TAMS 0x000000008bb00000, 0x000000008bb00000| Untracked 
| 188|0x000000008bc00000, 0x000000008bc00000, 0x000000008bd00000|  0%| F|  |TAMS 0x000000008bc00000, 0x000000008bc00000| Untracked 
| 189|0x000000008bd00000, 0x000000008bd00000, 0x000000008be00000|  0%| F|  |TAMS 0x000000008bd00000, 0x000000008bd00000| Untracked 
| 190|0x000000008be00000, 0x000000008be00000, 0x000000008bf00000|  0%| F|  |TAMS 0x000000008be00000, 0x000000008be00000| Untracked 
| 191|0x000000008bf00000, 0x000000008bf00000, 0x000000008c000000|  0%| F|  |TAMS 0x000000008bf00000, 0x000000008bf00000| Untracked 
| 192|0x000000008c000000, 0x000000008c09f278, 0x000000008c100000| 62%| S|CS|TAMS 0x000000008c000000, 0x000000008c000000| Complete 
| 193|0x000000008c100000, 0x000000008c200000, 0x000000008c200000|100%| S|CS|TAMS 0x000000008c100000, 0x000000008c100000| Complete 
| 194|0x000000008c200000, 0x000000008c300000, 0x000000008c300000|100%| S|CS|TAMS 0x000000008c200000, 0x000000008c200000| Complete 
| 195|0x000000008c300000, 0x000000008c400000, 0x000000008c400000|100%| S|CS|TAMS 0x000000008c300000, 0x000000008c300000| Complete 
| 196|0x000000008c400000, 0x000000008c500000, 0x000000008c500000|100%| S|CS|TAMS 0x000000008c400000, 0x000000008c400000| Complete 
| 197|0x000000008c500000, 0x000000008c600000, 0x000000008c600000|100%| S|CS|TAMS 0x000000008c500000, 0x000000008c500000| Complete 
| 198|0x000000008c600000, 0x000000008c700000, 0x000000008c700000|100%| S|CS|TAMS 0x000000008c600000, 0x000000008c600000| Complete 
| 199|0x000000008c700000, 0x000000008c700000, 0x000000008c800000|  0%| F|  |TAMS 0x000000008c700000, 0x000000008c700000| Untracked 
| 200|0x000000008c800000, 0x000000008c800000, 0x000000008c900000|  0%| F|  |TAMS 0x000000008c800000, 0x000000008c800000| Untracked 
| 201|0x000000008c900000, 0x000000008c900000, 0x000000008ca00000|  0%| F|  |TAMS 0x000000008c900000, 0x000000008c900000| Untracked 
| 202|0x000000008ca00000, 0x000000008ca00000, 0x000000008cb00000|  0%| F|  |TAMS 0x000000008ca00000, 0x000000008ca00000| Untracked 
| 203|0x000000008cb00000, 0x000000008cb00000, 0x000000008cc00000|  0%| F|  |TAMS 0x000000008cb00000, 0x000000008cb00000| Untracked 
| 204|0x000000008cc00000, 0x000000008cc00000, 0x000000008cd00000|  0%| F|  |TAMS 0x000000008cc00000, 0x000000008cc00000| Untracked 
| 205|0x000000008cd00000, 0x000000008cd00000, 0x000000008ce00000|  0%| F|  |TAMS 0x000000008cd00000, 0x000000008cd00000| Untracked 
| 206|0x000000008ce00000, 0x000000008ce00000, 0x000000008cf00000|  0%| F|  |TAMS 0x000000008ce00000, 0x000000008ce00000| Untracked 
| 207|0x000000008cf00000, 0x000000008cf00000, 0x000000008d000000|  0%| F|  |TAMS 0x000000008cf00000, 0x000000008cf00000| Untracked 
| 208|0x000000008d000000, 0x000000008d000000, 0x000000008d100000|  0%| F|  |TAMS 0x000000008d000000, 0x000000008d000000| Untracked 
| 209|0x000000008d100000, 0x000000008d100000, 0x000000008d200000|  0%| F|  |TAMS 0x000000008d100000, 0x000000008d100000| Untracked 
| 210|0x000000008d200000, 0x000000008d200000, 0x000000008d300000|  0%| F|  |TAMS 0x000000008d200000, 0x000000008d200000| Untracked 
| 211|0x000000008d300000, 0x000000008d300000, 0x000000008d400000|  0%| F|  |TAMS 0x000000008d300000, 0x000000008d300000| Untracked 
| 212|0x000000008d400000, 0x000000008d400000, 0x000000008d500000|  0%| F|  |TAMS 0x000000008d400000, 0x000000008d400000| Untracked 
| 213|0x000000008d500000, 0x000000008d500000, 0x000000008d600000|  0%| F|  |TAMS 0x000000008d500000, 0x000000008d500000| Untracked 
| 214|0x000000008d600000, 0x000000008d600000, 0x000000008d700000|  0%| F|  |TAMS 0x000000008d600000, 0x000000008d600000| Untracked 
| 215|0x000000008d700000, 0x000000008d700000, 0x000000008d800000|  0%| F|  |TAMS 0x000000008d700000, 0x000000008d700000| Untracked 
| 216|0x000000008d800000, 0x000000008d800000, 0x000000008d900000|  0%| F|  |TAMS 0x000000008d800000, 0x000000008d800000| Untracked 
| 217|0x000000008d900000, 0x000000008d900000, 0x000000008da00000|  0%| F|  |TAMS 0x000000008d900000, 0x000000008d900000| Untracked 
| 218|0x000000008da00000, 0x000000008da00000, 0x000000008db00000|  0%| F|  |TAMS 0x000000008da00000, 0x000000008da00000| Untracked 
| 219|0x000000008db00000, 0x000000008db00000, 0x000000008dc00000|  0%| F|  |TAMS 0x000000008db00000, 0x000000008db00000| Untracked 
| 220|0x000000008dc00000, 0x000000008dc00000, 0x000000008dd00000|  0%| F|  |TAMS 0x000000008dc00000, 0x000000008dc00000| Untracked 
| 221|0x000000008dd00000, 0x000000008dd00000, 0x000000008de00000|  0%| F|  |TAMS 0x000000008dd00000, 0x000000008dd00000| Untracked 
| 222|0x000000008de00000, 0x000000008de00000, 0x000000008df00000|  0%| F|  |TAMS 0x000000008de00000, 0x000000008de00000| Untracked 
| 223|0x000000008df00000, 0x000000008df00000, 0x000000008e000000|  0%| F|  |TAMS 0x000000008df00000, 0x000000008df00000| Untracked 
| 224|0x000000008e000000, 0x000000008e000000, 0x000000008e100000|  0%| F|  |TAMS 0x000000008e000000, 0x000000008e000000| Untracked 
| 225|0x000000008e100000, 0x000000008e100000, 0x000000008e200000|  0%| F|  |TAMS 0x000000008e100000, 0x000000008e100000| Untracked 
| 226|0x000000008e200000, 0x000000008e200000, 0x000000008e300000|  0%| F|  |TAMS 0x000000008e200000, 0x000000008e200000| Untracked 
| 227|0x000000008e300000, 0x000000008e300000, 0x000000008e400000|  0%| F|  |TAMS 0x000000008e300000, 0x000000008e300000| Untracked 
| 228|0x000000008e400000, 0x000000008e400000, 0x000000008e500000|  0%| F|  |TAMS 0x000000008e400000, 0x000000008e400000| Untracked 
| 229|0x000000008e500000, 0x000000008e500000, 0x000000008e600000|  0%| F|  |TAMS 0x000000008e500000, 0x000000008e500000| Untracked 
| 230|0x000000008e600000, 0x000000008e600000, 0x000000008e700000|  0%| F|  |TAMS 0x000000008e600000, 0x000000008e600000| Untracked 
| 231|0x000000008e700000, 0x000000008e700000, 0x000000008e800000|  0%| F|  |TAMS 0x000000008e700000, 0x000000008e700000| Untracked 
| 232|0x000000008e800000, 0x000000008e800000, 0x000000008e900000|  0%| F|  |TAMS 0x000000008e800000, 0x000000008e800000| Untracked 
| 233|0x000000008e900000, 0x000000008e900000, 0x000000008ea00000|  0%| F|  |TAMS 0x000000008e900000, 0x000000008e900000| Untracked 
| 234|0x000000008ea00000, 0x000000008ea00000, 0x000000008eb00000|  0%| F|  |TAMS 0x000000008ea00000, 0x000000008ea00000| Untracked 
| 235|0x000000008eb00000, 0x000000008eb00000, 0x000000008ec00000|  0%| F|  |TAMS 0x000000008eb00000, 0x000000008eb00000| Untracked 
| 236|0x000000008ec00000, 0x000000008ec00000, 0x000000008ed00000|  0%| F|  |TAMS 0x000000008ec00000, 0x000000008ec00000| Untracked 
| 237|0x000000008ed00000, 0x000000008ed00000, 0x000000008ee00000|  0%| F|  |TAMS 0x000000008ed00000, 0x000000008ed00000| Untracked 
| 238|0x000000008ee00000, 0x000000008ee00000, 0x000000008ef00000|  0%| F|  |TAMS 0x000000008ee00000, 0x000000008ee00000| Untracked 
| 239|0x000000008ef00000, 0x000000008ef00000, 0x000000008f000000|  0%| F|  |TAMS 0x000000008ef00000, 0x000000008ef00000| Untracked 
| 240|0x000000008f000000, 0x000000008f000000, 0x000000008f100000|  0%| F|  |TAMS 0x000000008f000000, 0x000000008f000000| Untracked 
| 241|0x000000008f100000, 0x000000008f100000, 0x000000008f200000|  0%| F|  |TAMS 0x000000008f100000, 0x000000008f100000| Untracked 
| 242|0x000000008f200000, 0x000000008f200000, 0x000000008f300000|  0%| F|  |TAMS 0x000000008f200000, 0x000000008f200000| Untracked 
| 243|0x000000008f300000, 0x000000008f300000, 0x000000008f400000|  0%| F|  |TAMS 0x000000008f300000, 0x000000008f300000| Untracked 
| 244|0x000000008f400000, 0x000000008f400000, 0x000000008f500000|  0%| F|  |TAMS 0x000000008f400000, 0x000000008f400000| Untracked 
| 245|0x000000008f500000, 0x000000008f500000, 0x000000008f600000|  0%| F|  |TAMS 0x000000008f500000, 0x000000008f500000| Untracked 
| 246|0x000000008f600000, 0x000000008f600000, 0x000000008f700000|  0%| F|  |TAMS 0x000000008f600000, 0x000000008f600000| Untracked 
| 247|0x000000008f700000, 0x000000008f700000, 0x000000008f800000|  0%| F|  |TAMS 0x000000008f700000, 0x000000008f700000| Untracked 
| 248|0x000000008f800000, 0x000000008f800000, 0x000000008f900000|  0%| F|  |TAMS 0x000000008f800000, 0x000000008f800000| Untracked 
| 249|0x000000008f900000, 0x000000008f900000, 0x000000008fa00000|  0%| F|  |TAMS 0x000000008f900000, 0x000000008f900000| Untracked 
| 250|0x000000008fa00000, 0x000000008fa00000, 0x000000008fb00000|  0%| F|  |TAMS 0x000000008fa00000, 0x000000008fa00000| Untracked 
| 251|0x000000008fb00000, 0x000000008fb00000, 0x000000008fc00000|  0%| F|  |TAMS 0x000000008fb00000, 0x000000008fb00000| Untracked 
| 252|0x000000008fc00000, 0x000000008fc00000, 0x000000008fd00000|  0%| F|  |TAMS 0x000000008fc00000, 0x000000008fc00000| Untracked 
| 253|0x000000008fd00000, 0x000000008fd00000, 0x000000008fe00000|  0%| F|  |TAMS 0x000000008fd00000, 0x000000008fd00000| Untracked 
| 254|0x000000008fe00000, 0x000000008fe00000, 0x000000008ff00000|  0%| F|  |TAMS 0x000000008fe00000, 0x000000008fe00000| Untracked 
| 255|0x000000008ff00000, 0x000000008ff00000, 0x0000000090000000|  0%| F|  |TAMS 0x000000008ff00000, 0x000000008ff00000| Untracked 
| 256|0x0000000090000000, 0x0000000090000000, 0x0000000090100000|  0%| F|  |TAMS 0x0000000090000000, 0x0000000090000000| Untracked 
| 257|0x0000000090100000, 0x0000000090100000, 0x0000000090200000|  0%| F|  |TAMS 0x0000000090100000, 0x0000000090100000| Untracked 
| 258|0x0000000090200000, 0x0000000090200000, 0x0000000090300000|  0%| F|  |TAMS 0x0000000090200000, 0x0000000090200000| Untracked 
| 259|0x0000000090300000, 0x0000000090300000, 0x0000000090400000|  0%| F|  |TAMS 0x0000000090300000, 0x0000000090300000| Untracked 
| 260|0x0000000090400000, 0x0000000090400000, 0x0000000090500000|  0%| F|  |TAMS 0x0000000090400000, 0x0000000090400000| Untracked 
| 261|0x0000000090500000, 0x0000000090500000, 0x0000000090600000|  0%| F|  |TAMS 0x0000000090500000, 0x0000000090500000| Untracked 
| 262|0x0000000090600000, 0x0000000090600000, 0x0000000090700000|  0%| F|  |TAMS 0x0000000090600000, 0x0000000090600000| Untracked 
| 263|0x0000000090700000, 0x0000000090700000, 0x0000000090800000|  0%| F|  |TAMS 0x0000000090700000, 0x0000000090700000| Untracked 
| 264|0x0000000090800000, 0x0000000090800000, 0x0000000090900000|  0%| F|  |TAMS 0x0000000090800000, 0x0000000090800000| Untracked 
| 265|0x0000000090900000, 0x0000000090900000, 0x0000000090a00000|  0%| F|  |TAMS 0x0000000090900000, 0x0000000090900000| Untracked 
| 266|0x0000000090a00000, 0x0000000090a00000, 0x0000000090b00000|  0%| F|  |TAMS 0x0000000090a00000, 0x0000000090a00000| Untracked 
| 267|0x0000000090b00000, 0x0000000090b00000, 0x0000000090c00000|  0%| F|  |TAMS 0x0000000090b00000, 0x0000000090b00000| Untracked 
| 268|0x0000000090c00000, 0x0000000090c00000, 0x0000000090d00000|  0%| F|  |TAMS 0x0000000090c00000, 0x0000000090c00000| Untracked 
| 269|0x0000000090d00000, 0x0000000090d00000, 0x0000000090e00000|  0%| F|  |TAMS 0x0000000090d00000, 0x0000000090d00000| Untracked 
| 270|0x0000000090e00000, 0x0000000090e00000, 0x0000000090f00000|  0%| F|  |TAMS 0x0000000090e00000, 0x0000000090e00000| Untracked 
| 271|0x0000000090f00000, 0x0000000090f00000, 0x0000000091000000|  0%| F|  |TAMS 0x0000000090f00000, 0x0000000090f00000| Untracked 
| 272|0x0000000091000000, 0x0000000091000000, 0x0000000091100000|  0%| F|  |TAMS 0x0000000091000000, 0x0000000091000000| Untracked 
| 273|0x0000000091100000, 0x0000000091100000, 0x0000000091200000|  0%| F|  |TAMS 0x0000000091100000, 0x0000000091100000| Untracked 
| 274|0x0000000091200000, 0x0000000091200000, 0x0000000091300000|  0%| F|  |TAMS 0x0000000091200000, 0x0000000091200000| Untracked 

Card table byte_map: [0x0000001b611a0000,0x0000001b615a0000] _byte_map_base: 0x0000001b60da0000

Marking Bits (Prev, Next): (CMBitMap*) 0x0000001b4a2cb480, (CMBitMap*) 0x0000001b4a2cb440
 Prev Bits: [0x0000001b639a0000, 0x0000001b659a0000)
 Next Bits: [0x0000001b619a0000, 0x0000001b639a0000)

Polling page: 0x0000001b48080000

Metaspace:

Usage:
  Non-class:     86.03 MB used.
      Class:     12.99 MB used.
       Both:     99.03 MB used.

Virtual space:
  Non-class space:       88.00 MB reserved,      86.38 MB ( 98%) committed,  11 nodes.
      Class space:        1.00 GB reserved,      13.38 MB (  1%) committed,  1 nodes.
             Both:        1.09 GB reserved,      99.75 MB (  9%) committed. 

Chunk freelists:
   Non-Class:  976.00 KB
       Class:  2.59 MB
        Both:  3.55 MB

MaxMetaspaceSize: unlimited
CompressedClassSpaceSize: 1.00 GB
Initial GC threshold: 21.00 MB
Current GC threshold: 166.06 MB
CDS: on
MetaspaceReclaimPolicy: balanced
 - commit_granule_bytes: 65536.
 - commit_granule_words: 8192.
 - virtual_space_node_default_size: 1048576.
 - enlarge_chunks_in_place: 1.
 - new_chunks_are_fully_committed: 0.
 - uncommit_free_chunks: 1.
 - use_allocation_guard: 0.
 - handle_deallocations: 1.


Internal statistics:

num_allocs_failed_limit: 6.
num_arena_births: 1014.
num_arena_deaths: 6.
num_vsnodes_births: 12.
num_vsnodes_deaths: 0.
num_space_committed: 1595.
num_space_uncommitted: 0.
num_chunks_returned_to_freelist: 12.
num_chunks_taken_from_freelist: 5105.
num_chunk_merges: 8.
num_chunk_splits: 3402.
num_chunks_enlarged: 2352.
num_purges: 2.
num_inconsistent_stats: 0.

CodeHeap 'non-profiled nmethods': size=120000Kb used=11043Kb max_used=11043Kb free=108956Kb
 bounds [0x0000001b59870000, 0x0000001b5a380000, 0x0000001b60da0000]
CodeHeap 'profiled nmethods': size=120000Kb used=33854Kb max_used=33854Kb free=86145Kb
 bounds [0x0000001b52340000, 0x0000001b54450000, 0x0000001b59870000]
CodeHeap 'non-nmethods': size=5760Kb used=2421Kb max_used=2557Kb free=3338Kb
 bounds [0x0000001b51da0000, 0x0000001b52040000, 0x0000001b52340000]
 total_blobs=17363 nmethods=16406 adapters=867
 compilation: enabled
              stopped_count=0, restarted_count=0
 full_count=0

Compilation events (20 events):
Event: 564.982 Thread 0x0000001b6819eba0 19970       2       com.android.tools.r8.internal.ku$a::<init> (12 bytes)
Event: 564.983 Thread 0x0000001b6819eba0 nmethod 19970 0x0000001b5443f410 code [0x0000001b5443f5a0, 0x0000001b5443f708]
Event: 565.008 Thread 0x0000001b6819eba0 19971       2       com.android.tools.r8.internal.ID::a (15 bytes)
Event: 565.008 Thread 0x0000001b6819eba0 nmethod 19971 0x0000001b5443f810 code [0x0000001b5443f9a0, 0x0000001b5443fae8]
Event: 565.009 Thread 0x0000001b6819eba0 19972       2       com.android.tools.r8.internal.aG::c (16 bytes)
Event: 565.009 Thread 0x0000001b6819eba0 nmethod 19972 0x0000001b5443fc10 code [0x0000001b5443fdc0, 0x0000001b5443ff18]
Event: 565.017 Thread 0x0000001b6819eba0 19974 %     3       com.android.tools.r8.internal.pf::forEach @ 12 (37 bytes)
Event: 565.018 Thread 0x0000001b6819eba0 nmethod 19974% 0x0000001b54440090 code [0x0000001b54440260, 0x0000001b54440748]
Event: 565.018 Thread 0x0000001b6819eba0 19973   !   2       com.android.tools.r8.internal.Bi::a (509 bytes)
Event: 565.022 Thread 0x0000001b6819eba0 nmethod 19973 0x0000001b54440910 code [0x0000001b54440c60, 0x0000001b54441a08]
Event: 565.024 Thread 0x0000001b6819eba0 19975       2       com.android.tools.r8.internal.Ms::a (49 bytes)
Event: 565.025 Thread 0x0000001b6819eba0 nmethod 19975 0x0000001b54442690 code [0x0000001b54442880, 0x0000001b54442b28]
Event: 565.044 Thread 0x0000001b6819eba0 19976       3       com.android.tools.r8.internal.UC::a (45 bytes)
Event: 565.046 Thread 0x0000001b6819eba0 nmethod 19976 0x0000001b54442d90 code [0x0000001b54443000, 0x0000001b54443a98]
Event: 565.046 Thread 0x0000001b6819eba0 19977       3       com.android.tools.r8.internal.E7::a (704 bytes)
Event: 565.057 Thread 0x0000001b6819eba0 nmethod 19977 0x0000001b54443e90 code [0x0000001b544447e0, 0x0000001b5444be98]
Event: 565.063 Thread 0x0000001b6819eba0 19978       2       com.android.tools.r8.internal.ID::a (213 bytes)
Event: 565.065 Thread 0x0000001b6819eba0 nmethod 19978 0x0000001b5444df90 code [0x0000001b5444e240, 0x0000001b5444ec28]
Event: 565.069 Thread 0x0000001b6819eba0 19980   !   2       com.android.tools.r8.graph.j0$m::a (49 bytes)
Event: 565.070 Thread 0x0000001b6819eba0 nmethod 19980 0x0000001b5444f290 code [0x0000001b5444f4a0, 0x0000001b5444f898]

GC Heap History (20 events):
Event: 545.503 GC heap after
{Heap after GC invocations=60 (full 0):
 garbage-first heap   total 274432K, used 94247K [0x0000000080000000, 0x0000000100000000)
  region size 1024K, 2 young (2048K), 2 survivors (2048K)
 Metaspace       used 88783K, committed 89472K, reserved 1130496K
  class space    used 11523K, committed 11904K, reserved 1048576K
}
Event: 549.143 GC heap before
{Heap before GC invocations=60 (full 0):
 garbage-first heap   total 274432K, used 224295K [0x0000000080000000, 0x0000000100000000)
  region size 1024K, 130 young (133120K), 2 survivors (2048K)
 Metaspace       used 88792K, committed 89536K, reserved 1130496K
  class space    used 11523K, committed 11904K, reserved 1048576K
}
Event: 549.153 GC heap after
{Heap after GC invocations=61 (full 0):
 garbage-first heap   total 274432K, used 91865K [0x0000000080000000, 0x0000000100000000)
  region size 1024K, 2 young (2048K), 2 survivors (2048K)
 Metaspace       used 88792K, committed 89536K, reserved 1130496K
  class space    used 11523K, committed 11904K, reserved 1048576K
}
Event: 550.302 GC heap before
{Heap before GC invocations=61 (full 0):
 garbage-first heap   total 274432K, used 150233K [0x0000000080000000, 0x0000000100000000)
  region size 1024K, 61 young (62464K), 2 survivors (2048K)
 Metaspace       used 88905K, committed 89600K, reserved 1130496K
  class space    used 11541K, committed 11904K, reserved 1048576K
}
Event: 550.310 GC heap after
{Heap after GC invocations=62 (full 0):
 garbage-first heap   total 274432K, used 92198K [0x0000000080000000, 0x0000000100000000)
  region size 1024K, 2 young (2048K), 2 survivors (2048K)
 Metaspace       used 88905K, committed 89600K, reserved 1130496K
  class space    used 11541K, committed 11904K, reserved 1048576K
}
Event: 552.239 GC heap before
{Heap before GC invocations=63 (full 0):
 garbage-first heap   total 274432K, used 234534K [0x0000000080000000, 0x0000000100000000)
  region size 1024K, 140 young (143360K), 2 survivors (2048K)
 Metaspace       used 92260K, committed 93056K, reserved 1130496K
  class space    used 12019K, committed 12416K, reserved 1048576K
}
Event: 552.265 GC heap after
{Heap after GC invocations=64 (full 0):
 garbage-first heap   total 274432K, used 107309K [0x0000000080000000, 0x0000000100000000)
  region size 1024K, 15 young (15360K), 15 survivors (15360K)
 Metaspace       used 92260K, committed 93056K, reserved 1130496K
  class space    used 12019K, committed 12416K, reserved 1048576K
}
Event: 552.271 GC heap before
{Heap before GC invocations=64 (full 0):
 garbage-first heap   total 274432K, used 108333K [0x0000000080000000, 0x0000000100000000)
  region size 1024K, 16 young (16384K), 15 survivors (15360K)
 Metaspace       used 92261K, committed 93056K, reserved 1130496K
  class space    used 12019K, committed 12416K, reserved 1048576K
}
Event: 552.295 GC heap after
{Heap after GC invocations=65 (full 0):
 garbage-first heap   total 274432K, used 102308K [0x0000000080000000, 0x0000000100000000)
  region size 1024K, 2 young (2048K), 2 survivors (2048K)
 Metaspace       used 92261K, committed 93056K, reserved 1130496K
  class space    used 12019K, committed 12416K, reserved 1048576K
}
Event: 555.029 GC heap before
{Heap before GC invocations=65 (full 0):
 garbage-first heap   total 274432K, used 224164K [0x0000000080000000, 0x0000000100000000)
  region size 1024K, 122 young (124928K), 2 survivors (2048K)
 Metaspace       used 95142K, committed 95872K, reserved 1138688K
  class space    used 12420K, committed 12800K, reserved 1048576K
}
Event: 555.123 GC heap after
{Heap after GC invocations=66 (full 0):
 garbage-first heap   total 274432K, used 129279K [0x0000000080000000, 0x0000000100000000)
  region size 1024K, 16 young (16384K), 16 survivors (16384K)
 Metaspace       used 95142K, committed 95872K, reserved 1138688K
  class space    used 12420K, committed 12800K, reserved 1048576K
}
Event: 558.747 GC heap before
{Heap before GC invocations=66 (full 0):
 garbage-first heap   total 274432K, used 215295K [0x0000000080000000, 0x0000000100000000)
  region size 1024K, 100 young (102400K), 16 survivors (16384K)
 Metaspace       used 99906K, committed 100608K, reserved 1138688K
  class space    used 13177K, committed 13568K, reserved 1048576K
}
Event: 558.832 GC heap after
{Heap after GC invocations=67 (full 0):
 garbage-first heap   total 274432K, used 138685K [0x0000000080000000, 0x0000000100000000)
  region size 1024K, 11 young (11264K), 11 survivors (11264K)
 Metaspace       used 99906K, committed 100608K, reserved 1138688K
  class space    used 13177K, committed 13568K, reserved 1048576K
}
Event: 561.524 GC heap before
{Heap before GC invocations=67 (full 0):
 garbage-first heap   total 274432K, used 216509K [0x0000000080000000, 0x0000000100000000)
  region size 1024K, 88 young (90112K), 11 survivors (11264K)
 Metaspace       used 101209K, committed 101952K, reserved 1138688K
  class space    used 13295K, committed 13696K, reserved 1048576K
}
Event: 561.596 GC heap after
{Heap after GC invocations=68 (full 0):
 garbage-first heap   total 274432K, used 144895K [0x0000000080000000, 0x0000000100000000)
  region size 1024K, 6 young (6144K), 6 survivors (6144K)
 Metaspace       used 101209K, committed 101952K, reserved 1138688K
  class space    used 13295K, committed 13696K, reserved 1048576K
}
Event: 563.759 GC heap before
{Heap before GC invocations=69 (full 0):
 garbage-first heap   total 281600K, used 220671K [0x0000000080000000, 0x0000000100000000)
  region size 1024K, 81 young (82944K), 6 survivors (6144K)
 Metaspace       used 101344K, committed 102080K, reserved 1138688K
  class space    used 13305K, committed 13696K, reserved 1048576K
}
Event: 563.799 GC heap after
{Heap after GC invocations=70 (full 0):
 garbage-first heap   total 281600K, used 153599K [0x0000000080000000, 0x0000000100000000)
  region size 1024K, 11 young (11264K), 11 survivors (11264K)
 Metaspace       used 101344K, committed 102080K, reserved 1138688K
  class space    used 13305K, committed 13696K, reserved 1048576K
}
Event: 563.837 GC heap before
{Heap before GC invocations=70 (full 0):
 garbage-first heap   total 281600K, used 155647K [0x0000000080000000, 0x0000000100000000)
  region size 1024K, 13 young (13312K), 11 survivors (11264K)
 Metaspace       used 101349K, committed 102080K, reserved 1138688K
  class space    used 13305K, committed 13696K, reserved 1048576K
}
Event: 563.873 GC heap after
{Heap after GC invocations=71 (full 0):
 garbage-first heap   total 281600K, used 150689K [0x0000000080000000, 0x0000000100000000)
  region size 1024K, 2 young (2048K), 2 survivors (2048K)
 Metaspace       used 101349K, committed 102080K, reserved 1138688K
  class space    used 13305K, committed 13696K, reserved 1048576K
}
Event: 565.087 GC heap before
{Heap before GC invocations=71 (full 0):
 garbage-first heap   total 281600K, used 226465K [0x0000000080000000, 0x0000000100000000)
  region size 1024K, 76 young (77824K), 2 survivors (2048K)
 Metaspace       used 101405K, committed 102144K, reserved 1138688K
  class space    used 13305K, committed 13696K, reserved 1048576K
}

Deoptimization events (20 events):
Event: 564.937 Thread 0x0000001b6bb751f0 Uncommon trap: trap_request=0xffffffbe fr.pc=0x0000001b5a227794 relative=0x0000000000000854
Event: 564.937 Thread 0x0000001b6bb751f0 Uncommon trap: reason=profile_predicate action=maybe_recompile pc=0x0000001b5a227794 method=com.android.tools.r8.graph.c0.a([C)I @ 8 c2
Event: 564.937 Thread 0x0000001b6bb751f0 DEOPT PACKING pc=0x0000001b5a227794 sp=0x0000001b73f89860
Event: 564.937 Thread 0x0000001b6bb751f0 DEOPT UNPACKING pc=0x0000001b51df23a3 sp=0x0000001b73f897c0 mode 2
Event: 564.942 Thread 0x0000001b6bb751f0 Uncommon trap: trap_request=0xffffffbe fr.pc=0x0000001b5a227794 relative=0x0000000000000854
Event: 564.943 Thread 0x0000001b6bb751f0 Uncommon trap: reason=profile_predicate action=maybe_recompile pc=0x0000001b5a227794 method=com.android.tools.r8.graph.c0.a([C)I @ 8 c2
Event: 564.943 Thread 0x0000001b6bb751f0 DEOPT PACKING pc=0x0000001b5a227794 sp=0x0000001b73f89860
Event: 564.943 Thread 0x0000001b6bb751f0 DEOPT UNPACKING pc=0x0000001b51df23a3 sp=0x0000001b73f897c0 mode 2
Event: 564.943 Thread 0x0000001b6bb751f0 Uncommon trap: trap_request=0xffffffbe fr.pc=0x0000001b5a227794 relative=0x0000000000000854
Event: 564.943 Thread 0x0000001b6bb751f0 Uncommon trap: reason=profile_predicate action=maybe_recompile pc=0x0000001b5a227794 method=com.android.tools.r8.graph.c0.a([C)I @ 8 c2
Event: 564.943 Thread 0x0000001b6bb751f0 DEOPT PACKING pc=0x0000001b5a227794 sp=0x0000001b73f89860
Event: 564.943 Thread 0x0000001b6bb751f0 DEOPT UNPACKING pc=0x0000001b51df23a3 sp=0x0000001b73f897c0 mode 2
Event: 564.943 Thread 0x0000001b6bb751f0 Uncommon trap: trap_request=0xffffffbe fr.pc=0x0000001b5a227794 relative=0x0000000000000854
Event: 564.943 Thread 0x0000001b6bb751f0 Uncommon trap: reason=profile_predicate action=maybe_recompile pc=0x0000001b5a227794 method=com.android.tools.r8.graph.c0.a([C)I @ 8 c2
Event: 564.943 Thread 0x0000001b6bb751f0 DEOPT PACKING pc=0x0000001b5a227794 sp=0x0000001b73f89860
Event: 564.943 Thread 0x0000001b6bb751f0 DEOPT UNPACKING pc=0x0000001b51df23a3 sp=0x0000001b73f897c0 mode 2
Event: 564.985 Thread 0x0000001b6c7014b0 DEOPT PACKING pc=0x0000001b53e3f4cb sp=0x0000001b784f9370
Event: 564.985 Thread 0x0000001b6c7014b0 DEOPT UNPACKING pc=0x0000001b51df2b43 sp=0x0000001b784f8c48 mode 0
Event: 565.065 Thread 0x0000001b6bb73390 DEOPT PACKING pc=0x0000001b53fd883e sp=0x0000001b74189440
Event: 565.065 Thread 0x0000001b6bb73390 DEOPT UNPACKING pc=0x0000001b51df2b43 sp=0x0000001b741888b8 mode 0

Classes unloaded (3 events):
Event: 510.856 Thread 0x0000001b6815bd40 Unloading class 0x00000008015b4c00 'java/lang/invoke/LambdaForm$DMH+0x00000008015b4c00'
Event: 510.856 Thread 0x0000001b6815bd40 Unloading class 0x00000008015b4800 'java/lang/invoke/LambdaForm$DMH+0x00000008015b4800'
Event: 510.856 Thread 0x0000001b6815bd40 Unloading class 0x00000008015b4400 'java/lang/invoke/LambdaForm$DMH+0x00000008015b4400'

Classes redefined (0 events):
No events

Internal exceptions (20 events):
Event: 553.263 Thread 0x0000001b6be735b0 Exception <a 'java/lang/IncompatibleClassChangeError'{0x000000008dbdc988}: Found class java.lang.Object, but interface was expected> (0x000000008dbdc988) 
thrown [c:\jenkins\workspace\zulu17-build-win64\zulu-src.git\src\hotspot\share\interpreter\linkResolver.cpp, line 833]
Event: 553.267 Thread 0x0000001b6be735b0 Exception <a 'java/lang/IncompatibleClassChangeError'{0x000000008dbe6598}: Found class java.lang.Object, but interface was expected> (0x000000008dbe6598) 
thrown [c:\jenkins\workspace\zulu17-build-win64\zulu-src.git\src\hotspot\share\interpreter\linkResolver.cpp, line 833]
Event: 553.457 Thread 0x0000001b6c7014b0 Exception <a 'java/lang/IncompatibleClassChangeError'{0x000000008d0871b0}: Found class java.lang.Object, but interface was expected> (0x000000008d0871b0) 
thrown [c:\jenkins\workspace\zulu17-build-win64\zulu-src.git\src\hotspot\share\interpreter\linkResolver.cpp, line 833]
Event: 553.457 Thread 0x0000001b6be735b0 Exception <a 'java/lang/IncompatibleClassChangeError'{0x000000008d18b768}: Found class java.lang.Object, but interface was expected> (0x000000008d18b768) 
thrown [c:\jenkins\workspace\zulu17-build-win64\zulu-src.git\src\hotspot\share\interpreter\linkResolver.cpp, line 833]
Event: 553.475 Thread 0x0000001b6c7014b0 Exception <a 'java/lang/NoSuchMethodError'{0x000000008d09e568}: 'int java.lang.invoke.DirectMethodHandle$Holder.invokeVirtual(java.lang.Object, java.lang.Object, java.lang.Object)'> (0x000000008d09e568) 
thrown [c:\jenkins\workspace\zulu17-build-win64\zulu-src.git\src\hotspot\share\interpreter\linkResolver.cpp, line 766]
Event: 554.667 Thread 0x0000001b6be735b0 Exception <a 'java/lang/NoSuchMethodError'{0x000000008a54a590}: 'java.lang.Object java.lang.invoke.DirectMethodHandle$Holder.invokeStatic(java.lang.Object, int, java.lang.Object, java.lang.Object)'> (0x000000008a54a590) 
thrown [c:\jenkins\workspace\zulu17-build-win64\zulu-src.git\src\hotspot\share\interpreter\linkResolver.cpp, line 766]
Event: 555.429 Thread 0x0000001b6be735b0 Exception <a 'java/lang/NoSuchMethodError'{0x000000008fdeb958}: 'java.lang.Object java.lang.invoke.DirectMethodHandle$Holder.invokeVirtual(java.lang.Object, java.lang.Object, int, java.lang.Object)'> (0x000000008fdeb958) 
thrown [c:\jenkins\workspace\zulu17-build-win64\zulu-src.git\src\hotspot\share\interpreter\linkResolver.cpp, line 766]
Event: 555.565 Thread 0x0000001b6bb73390 Exception <a 'java/lang/NoSuchMethodError'{0x000000008fae43e8}: 'void java.lang.invoke.DirectMethodHandle$Holder.invokeVirtual(java.lang.Object, java.lang.Object, int, java.lang.Object)'> (0x000000008fae43e8) 
thrown [c:\jenkins\workspace\zulu17-build-win64\zulu-src.git\src\hotspot\share\interpreter\linkResolver.cpp, line 766]
Event: 555.565 Thread 0x0000001b6be735b0 Exception <a 'java/lang/NoSuchMethodError'{0x000000008fcbb910}: 'void java.lang.invoke.DirectMethodHandle$Holder.invokeVirtual(java.lang.Object, java.lang.Object, int, java.lang.Object)'> (0x000000008fcbb910) 
thrown [c:\jenkins\workspace\zulu17-build-win64\zulu-src.git\src\hotspot\share\interpreter\linkResolver.cpp, line 766]
Event: 555.854 Thread 0x0000001b6bb73390 Exception <a 'java/lang/NoSuchMethodError'{0x000000008f1e2570}: 'int java.lang.invoke.DirectMethodHandle$Holder.invokeSpecial(java.lang.Object, java.lang.Object, java.lang.Object, int)'> (0x000000008f1e2570) 
thrown [c:\jenkins\workspace\zulu17-build-win64\zulu-src.git\src\hotspot\share\interpreter\linkResolver.cpp, line 766]
Event: 557.044 Thread 0x0000001b6be735b0 Exception <a 'java/lang/IncompatibleClassChangeError'{0x000000008d685810}: Found class java.lang.Object, but interface was expected> (0x000000008d685810) 
thrown [c:\jenkins\workspace\zulu17-build-win64\zulu-src.git\src\hotspot\share\interpreter\linkResolver.cpp, line 833]
Event: 557.354 Thread 0x0000001b6be735b0 Exception <a 'java/lang/NoSuchMethodError'{0x000000008d1c46b0}: 'void java.lang.invoke.DirectMethodHandle$Holder.invokeSpecial(java.lang.Object, java.lang.Object, int, java.lang.Object, java.lang.Object, java.lang.Object, java.lang.Object)'> (0x000000008d1c46b0) 
thrown [c:\jenkins\workspace\zulu17-build-win64\zulu-src.git\src\hotspot\share\interpreter\linkResolver.cpp, line 766]
Event: 557.486 Thread 0x0000001b6be735b0 Exception <a 'java/lang/NoSuchMethodError'{0x000000008d1d4288}: 'java.lang.Object java.lang.invoke.Invokers$Holder.linkToTargetMethod(java.lang.Object, int, java.lang.Object, java.lang.Object, java.lang.Object, java.lang.Object)'> (0x000000008d1d4288) 
thrown [c:\jenkins\workspace\zulu17-build-win64\zulu-src.git\src\hotspot\share\interpreter\linkResolver.cpp, line 766]
Event: 557.487 Thread 0x0000001b6be735b0 Exception <a 'java/lang/NoSuchMethodError'{0x000000008ce34ec0}: 'void java.lang.invoke.DirectMethodHandle$Holder.invokeSpecial(java.lang.Object, java.lang.Object, java.lang.Object, java.lang.Object, java.lang.Object, java.lang.Object, java.lang.Object, java.lang.Object, java.lang.Object)'> (0x000000008ce34ec0) 
thrown [c:\jenkins\workspace\zulu17-build-win64\zulu-src.git\src\hotspot\share\interpreter\linkResolver.cpp, line 766]
Event: 557.524 Thread 0x0000001b6be735b0 Exception <a 'java/lang/NoSuchMethodError'{0x000000008ce4f860}: 'void java.lang.invoke.DirectMethodHandle$Holder.invokeStatic(java.lang.Object, java.lang.Object, java.lang.Object, java.lang.Object, java.lang.Object, java.lang.Object, java.lang.Object, java.lang.Object)'> (0x000000008ce4f860) 
thrown [c:\jenkins\workspace\zulu17-build-win64\zulu-src.git\src\hotspot\share\interpreter\linkResolver.cpp, line 766]
Event: 558.310 Thread 0x0000001b6be735b0 Exception <a 'java/lang/IncompatibleClassChangeError'{0x000000008c0ade68}: Found class java.lang.Object, but interface was expected> (0x000000008c0ade68) 
thrown [c:\jenkins\workspace\zulu17-build-win64\zulu-src.git\src\hotspot\share\interpreter\linkResolver.cpp, line 833]
Event: 558.706 Thread 0x0000001b6be735b0 Exception <a 'java/lang/NoSuchMethodError'{0x000000008b83af08}: 'void java.lang.invoke.DirectMethodHandle$Holder.invokeVirtual(java.lang.Object, java.lang.Object, int)'> (0x000000008b83af08) 
thrown [c:\jenkins\workspace\zulu17-build-win64\zulu-src.git\src\hotspot\share\interpreter\linkResolver.cpp, line 766]
Event: 559.086 Thread 0x0000001b6be735b0 Exception <a 'sun/nio/fs/WindowsException'{0x0000000090683640}> (0x0000000090683640) 
thrown [c:\jenkins\workspace\zulu17-build-win64\zulu-src.git\src\hotspot\share\prims\jni.cpp, line 516]
Event: 560.754 Thread 0x0000001b6c7014b0 Exception <a 'java/lang/NoSuchMethodError'{0x000000008dd07b70}: 'int java.lang.invoke.DirectMethodHandle$Holder.invokeInterface(java.lang.Object, java.lang.Object, int)'> (0x000000008dd07b70) 
thrown [c:\jenkins\workspace\zulu17-build-win64\zulu-src.git\src\hotspot\share\interpreter\linkResolver.cpp, line 766]
Event: 562.655 Thread 0x0000001b6be735b0 Exception <a 'sun/nio/fs/WindowsException'{0x0000000090d00210}> (0x0000000090d00210) 
thrown [c:\jenkins\workspace\zulu17-build-win64\zulu-src.git\src\hotspot\share\prims\jni.cpp, line 516]

VM Operations (20 events):
Event: 559.887 Executing VM operation: ICBufferFull done
Event: 560.206 Executing VM operation: ICBufferFull
Event: 560.207 Executing VM operation: ICBufferFull done
Event: 560.502 Executing VM operation: HandshakeAllThreads
Event: 560.539 Executing VM operation: HandshakeAllThreads done
Event: 560.671 Executing VM operation: ICBufferFull
Event: 560.715 Executing VM operation: ICBufferFull done
Event: 561.515 Executing VM operation: G1CollectForAllocation
Event: 561.675 Executing VM operation: G1CollectForAllocation done
Event: 562.356 Executing VM operation: G1Concurrent
Event: 562.406 Executing VM operation: G1Concurrent done
Event: 562.785 Executing VM operation: G1Concurrent
Event: 562.828 Executing VM operation: G1Concurrent done
Event: 563.756 Executing VM operation: G1CollectForAllocation
Event: 563.822 Executing VM operation: G1CollectForAllocation done
Event: 563.837 Executing VM operation: G1CollectForAllocation
Event: 563.873 Executing VM operation: G1CollectForAllocation done
Event: 564.874 Executing VM operation: Cleanup
Event: 564.976 Executing VM operation: Cleanup done
Event: 565.077 Executing VM operation: G1CollectForAllocation

Events (20 events):
Event: 557.899 Thread 0x0000001b681ba180 flushing nmethod 0x0000001b536afa10
Event: 557.902 Thread 0x0000001b681ba180 flushing nmethod 0x0000001b538f0b90
Event: 557.904 Thread 0x0000001b681ba180 flushing nmethod 0x0000001b53a9bd90
Event: 557.905 Thread 0x0000001b681ba180 flushing nmethod 0x0000001b53b79510
Event: 557.905 Thread 0x0000001b681ba180 flushing nmethod 0x0000001b53b87b10
Event: 557.906 Thread 0x0000001b681ba180 flushing nmethod 0x0000001b53cb7490
Event: 557.906 Thread 0x0000001b681ba180 flushing nmethod 0x0000001b53cb8f90
Event: 557.907 Thread 0x0000001b681ba180 flushing nmethod 0x0000001b53cebe90
Event: 557.908 Thread 0x0000001b681ba180 flushing nmethod 0x0000001b53e25810
Event: 557.908 Thread 0x0000001b681ba180 flushing nmethod 0x0000001b53e4c090
Event: 558.375 loading class java/util/IdentityHashMap$KeySpliterator
Event: 558.379 loading class java/util/IdentityHashMap$IdentityHashMapSpliterator
Event: 558.379 loading class java/util/IdentityHashMap$IdentityHashMapSpliterator done
Event: 558.379 loading class java/util/IdentityHashMap$KeySpliterator done
Event: 558.716 loading class java/nio/ByteBufferAsShortBufferL
Event: 558.723 loading class java/nio/ShortBuffer
Event: 558.726 loading class java/nio/ShortBuffer done
Event: 558.727 loading class java/nio/ByteBufferAsShortBufferL done
Event: 559.074 loading class java/util/zip/Adler32
Event: 559.080 loading class java/util/zip/Adler32 done


Dynamic libraries:
0x00007ff613190000 - 0x00007ff61319e000 	C:\Users\USER\.jdks\azul-17.0.3\bin\java.exe
0x00007ffd3ebf0000 - 0x00007ffd3ed9c000 	C:\Windows\SYSTEM32\ntdll.dll
0x00007ffd3e180000 - 0x00007ffd3e2be000 	C:\Windows\system32\KERNEL32.DLL
0x00007ffd3bf70000 - 0x00007ffd3c085000 	C:\Windows\system32\KERNELBASE.dll
0x00007ffd32a60000 - 0x00007ffd32a78000 	C:\Users\USER\.jdks\azul-17.0.3\bin\jli.dll
0x00007ffd2b9e0000 - 0x00007ffd2b9fb000 	C:\Users\USER\.jdks\azul-17.0.3\bin\VCRUNTIME140.dll
0x00007ffd2dfe0000 - 0x00007ffd2dfe5000 	C:\Users\USER\.jdks\azul-17.0.3\bin\api-ms-win-crt-stdio-l1-1-0.dll
0x00007ffd2aa60000 - 0x00007ffd2aa65000 	C:\Users\USER\.jdks\azul-17.0.3\bin\api-ms-win-crt-runtime-l1-1-0.dll
0x00007ffd1cde0000 - 0x00007ffd1cde4000 	C:\Users\USER\.jdks\azul-17.0.3\bin\api-ms-win-crt-environment-l1-1-0.dll
0x00007ffd1cdd0000 - 0x00007ffd1cdd6000 	C:\Users\USER\.jdks\azul-17.0.3\bin\api-ms-win-crt-math-l1-1-0.dll
0x00007ffd1cdc0000 - 0x00007ffd1cdc4000 	C:\Users\USER\.jdks\azul-17.0.3\bin\api-ms-win-crt-locale-l1-1-0.dll
0x00007ffd1cdb0000 - 0x00007ffd1cdb4000 	C:\Users\USER\.jdks\azul-17.0.3\bin\api-ms-win-crt-heap-l1-1-0.dll
0x00007ffd387d0000 - 0x00007ffd38a4b000 	C:\Windows\WinSxS\amd64_microsoft.windows.common-controls_6595b64144ccf1df_6.0.9600.17415_none_6240486fecbd8abb\COMCTL32.dll
0x00007ffd3e3f0000 - 0x00007ffd3e567000 	C:\Windows\system32\USER32.dll
0x00007ffd1b450000 - 0x00007ffd1b454000 	C:\Users\USER\.jdks\azul-17.0.3\bin\api-ms-win-crt-filesystem-l1-1-0.dll
0x00007ffd1b440000 - 0x00007ffd1b445000 	C:\Users\USER\.jdks\azul-17.0.3\bin\api-ms-win-crt-string-l1-1-0.dll
0x00007ffd1b430000 - 0x00007ffd1b435000 	C:\Users\USER\.jdks\azul-17.0.3\bin\api-ms-win-crt-convert-l1-1-0.dll
0x00007ffd3c590000 - 0x00007ffd3c63a000 	C:\Windows\system32\msvcrt.dll
0x00007ffd3e790000 - 0x00007ffd3e8e1000 	C:\Windows\system32\GDI32.dll
0x00007ffd12980000 - 0x00007ffd12a90000 	C:\Users\USER\.jdks\azul-17.0.3\bin\ucrtbase.DLL
0x00007ffd3ddf0000 - 0x00007ffd3de26000 	C:\Windows\system32\IMM32.DLL
0x00007ffd3dc90000 - 0x00007ffd3dde3000 	C:\Windows\system32\MSCTF.dll
0x00007ffd1b420000 - 0x00007ffd1b42c000 	C:\Users\USER\.jdks\azul-17.0.3\bin\vcruntime140_1.dll
0x00007ffd1b390000 - 0x00007ffd1b41d000 	C:\Users\USER\.jdks\azul-17.0.3\bin\msvcp140.dll
0x00007ffd1b380000 - 0x00007ffd1b384000 	C:\Users\USER\.jdks\azul-17.0.3\bin\api-ms-win-crt-time-l1-1-0.dll
0x00007ffd1b370000 - 0x00007ffd1b374000 	C:\Users\USER\.jdks\azul-17.0.3\bin\api-ms-win-crt-utility-l1-1-0.dll
0x00007ffd10eb0000 - 0x00007ffd11b18000 	C:\Users\USER\.jdks\azul-17.0.3\bin\server\jvm.dll
0x00007ffd3eae0000 - 0x00007ffd3eb8a000 	C:\Windows\system32\ADVAPI32.dll
0x00007ffd32e60000 - 0x00007ffd32e69000 	C:\Windows\SYSTEM32\WSOCK32.dll
0x00007ffd36d50000 - 0x00007ffd36d72000 	C:\Windows\SYSTEM32\WINMM.dll
0x00007ffd331d0000 - 0x00007ffd331da000 	C:\Windows\SYSTEM32\VERSION.dll
0x00007ffd3e320000 - 0x00007ffd3e327000 	C:\Windows\system32\PSAPI.DLL
0x00007ffd3e2c0000 - 0x00007ffd3e319000 	C:\Windows\SYSTEM32\sechost.dll
0x00007ffd3e030000 - 0x00007ffd3e171000 	C:\Windows\system32\RPCRT4.dll
0x00007ffd3dfd0000 - 0x00007ffd3e02a000 	C:\Windows\system32\WS2_32.dll
0x00007ffd36c30000 - 0x00007ffd36c5a000 	C:\Windows\SYSTEM32\WINMMBASE.dll
0x00007ffd3c4f0000 - 0x00007ffd3c4f9000 	C:\Windows\system32\NSI.dll
0x00007ffd3be10000 - 0x00007ffd3be5f000 	C:\Windows\SYSTEM32\cfgmgr32.dll
0x00007ffd3ab40000 - 0x00007ffd3ab68000 	C:\Windows\SYSTEM32\DEVOBJ.dll
0x00007ffd1b360000 - 0x00007ffd1b36a000 	C:\Users\USER\.jdks\azul-17.0.3\bin\jimage.dll
0x00007ffd374b0000 - 0x00007ffd3763a000 	C:\Windows\SYSTEM32\DBGHELP.DLL
0x00007ffd1b2d0000 - 0x00007ffd1b2f5000 	C:\Users\USER\.jdks\azul-17.0.3\bin\java.dll
0x00007ffd11c20000 - 0x00007ffd11cf7000 	C:\Users\USER\.jdks\azul-17.0.3\bin\jsvml.dll
0x00007ffd3c640000 - 0x00007ffd3db59000 	C:\Windows\system32\SHELL32.dll
0x00007ffd3e570000 - 0x00007ffd3e781000 	C:\Windows\SYSTEM32\combase.dll
0x00007ffd3c500000 - 0x00007ffd3c554000 	C:\Windows\system32\SHLWAPI.dll
0x00007ffd39ed0000 - 0x00007ffd39f82000 	C:\Windows\SYSTEM32\SHCORE.dll
0x00007ffd3bd40000 - 0x00007ffd3bd55000 	C:\Windows\SYSTEM32\profapi.dll
0x00007ffd1b340000 - 0x00007ffd1b359000 	C:\Users\USER\.jdks\azul-17.0.3\bin\net.dll
0x00007ffd33f70000 - 0x00007ffd34039000 	C:\Windows\SYSTEM32\WINHTTP.dll
0x00007ffd3b560000 - 0x00007ffd3b5b9000 	C:\Windows\system32\mswsock.dll
0x00007ffd138f0000 - 0x00007ffd13906000 	C:\Users\USER\.jdks\azul-17.0.3\bin\nio.dll
0x00007ffd12fe0000 - 0x00007ffd12ff8000 	C:\Users\USER\.jdks\azul-17.0.3\bin\zip.dll
0x00007ffd1b290000 - 0x00007ffd1b2a0000 	C:\Users\USER\.jdks\azul-17.0.3\bin\verify.dll
0x00007ffd2ba00000 - 0x00007ffd2ba27000 	C:\Users\USER\.gradle\native\e1d6ef7f7dcc3fd88c89a11ec53ec762bb8ba0a96d01ffa2cd45eb1d1d8dd5c5\windows-amd64\native-platform.dll
0x00007ffd1b2c0000 - 0x00007ffd1b2c9000 	C:\Users\USER\.jdks\azul-17.0.3\bin\management.dll
0x00007ffd1b0e0000 - 0x00007ffd1b0eb000 	C:\Users\USER\.jdks\azul-17.0.3\bin\management_ext.dll
0x00007ffd3b720000 - 0x00007ffd3b740000 	C:\Windows\SYSTEM32\CRYPTSP.dll
0x00007ffd3b330000 - 0x00007ffd3b366000 	C:\Windows\system32\rsaenh.dll
0x00007ffd3b8d0000 - 0x00007ffd3b8f6000 	C:\Windows\SYSTEM32\bcrypt.dll
0x00007ffd3b3c0000 - 0x00007ffd3b3e1000 	C:\Windows\SYSTEM32\USERENV.dll
0x00007ffd3bc10000 - 0x00007ffd3bc73000 	C:\Windows\system32\bcryptprimitives.dll
0x00007ffd3bc80000 - 0x00007ffd3bc8b000 	C:\Windows\SYSTEM32\CRYPTBASE.dll
0x00007ffd361e0000 - 0x00007ffd3620a000 	C:\Windows\SYSTEM32\IPHLPAPI.DLL
0x00007ffd361b0000 - 0x00007ffd361ba000 	C:\Windows\SYSTEM32\WINNSI.DLL
0x00007ffd355c0000 - 0x00007ffd355d6000 	C:\Windows\SYSTEM32\dhcpcsvc6.DLL
0x00007ffd357d0000 - 0x00007ffd357ea000 	C:\Windows\SYSTEM32\dhcpcsvc.DLL
0x00007ffd1aa90000 - 0x00007ffd1aa9d000 	C:\Users\USER\.jdks\azul-17.0.3\bin\sunmscapi.dll
0x00007ffd3c090000 - 0x00007ffd3c26f000 	C:\Windows\system32\CRYPT32.dll
0x00007ffd3b860000 - 0x00007ffd3b885000 	C:\Windows\SYSTEM32\ncrypt.dll
0x00007ffd3bdf0000 - 0x00007ffd3be01000 	C:\Windows\system32\MSASN1.dll
0x00007ffd3b820000 - 0x00007ffd3b857000 	C:\Windows\SYSTEM32\NTASN1.dll

dbghelp: loaded successfully - version: 4.0.5 - missing functions: none
symbol engine: initialized successfully - sym options: 0x614 - pdb path: .;C:\Users\USER\.jdks\azul-17.0.3\bin;C:\Windows\SYSTEM32;C:\Windows\WinSxS\amd64_microsoft.windows.common-controls_6595b64144ccf1df_6.0.9600.17415_none_6240486fecbd8abb;C:\Users\USER\.jdks\azul-17.0.3\bin\server;C:\Users\USER\.gradle\native\e1d6ef7f7dcc3fd88c89a11ec53ec762bb8ba0a96d01ffa2cd45eb1d1d8dd5c5\windows-amd64

VM Arguments:
jvm_args: --add-opens=java.base/java.util=ALL-UNNAMED --add-opens=java.base/java.lang=ALL-UNNAMED --add-opens=java.base/java.lang.invoke=ALL-UNNAMED --add-opens=java.base/java.util=ALL-UNNAMED --add-opens=java.prefs/java.util.prefs=ALL-UNNAMED --add-opens=java.prefs/java.util.prefs=ALL-UNNAMED --add-opens=java.base/java.nio.charset=ALL-UNNAMED --add-opens=java.base/java.net=ALL-UNNAMED --add-opens=java.base/java.util.concurrent.atomic=ALL-UNNAMED -Xmx2048m -Dfile.encoding=UTF-8 -Duser.country=US -Duser.language=en -Duser.variant 
java_command: org.gradle.launcher.daemon.bootstrap.GradleDaemon 7.2
java_class_path (initial): C:\Users\USER\.gradle\wrapper\dists\gradle-7.2-bin\2dnblmf4td7x66yl1d74lt32g\gradle-7.2\lib\gradle-launcher-7.2.jar
Launcher Type: SUN_STANDARD

[Global flags]
     intx CICompilerCount                          = 3                                         {product} {ergonomic}
     uint ConcGCThreads                            = 1                                         {product} {ergonomic}
     uint G1ConcRefinementThreads                  = 4                                         {product} {ergonomic}
   size_t G1HeapRegionSize                         = 1048576                                   {product} {ergonomic}
    uintx GCDrainStackTargetSize                   = 64                                        {product} {ergonomic}
   size_t InitialHeapSize                          = 134217728                                 {product} {ergonomic}
   size_t MarkStackSize                            = 4194304                                   {product} {ergonomic}
   size_t MaxHeapSize                              = 2147483648                                {product} {command line}
   size_t MaxNewSize                               = 1287651328                                {product} {ergonomic}
   size_t MinHeapDeltaBytes                        = 1048576                                   {product} {ergonomic}
   size_t MinHeapSize                              = 8388608                                   {product} {ergonomic}
    uintx NonNMethodCodeHeapSize                   = 5832780                                {pd product} {ergonomic}
    uintx NonProfiledCodeHeapSize                  = 122912730                              {pd product} {ergonomic}
    uintx ProfiledCodeHeapSize                     = 122912730                              {pd product} {ergonomic}
    uintx ReservedCodeCacheSize                    = 251658240                              {pd product} {ergonomic}
     bool SegmentedCodeCache                       = true                                      {product} {ergonomic}
   size_t SoftMaxHeapSize                          = 2147483648                             {manageable} {ergonomic}
     bool UseCompressedClassPointers               = true                           {product lp64_product} {ergonomic}
     bool UseCompressedOops                        = true                           {product lp64_product} {ergonomic}
     bool UseG1GC                                  = true                                      {product} {ergonomic}
     bool UseLargePagesIndividualAllocation        = false                                  {pd product} {ergonomic}

Logging:
Log output configuration:
 #0: stdout all=warning uptime,level,tags
 #1: stderr all=off uptime,level,tags

Environment Variables:
JAVA_HOME=C:\Program Files\Zulu\zulu-18\
PATH=C:\Program Files\Zulu\zulu-18\bin\;C:\Windows\system32;C:\Windows;C:\Windows\System32\Wbem;C:\Windows\System32\WindowsPowerShell\v1.0\;C:\Program Files\Cloudflare\Cloudflare WARP\
USERNAME=USER
OS=Windows_NT
PROCESSOR_IDENTIFIER=Intel64 Family 6 Model 78 Stepping 3, GenuineIntel



---------------  S Y S T E M  ---------------

OS:
 Windows 8.1 , 64 bit Build 9600 (6.3.9600.17415)
OS uptime: 0 days 0:28 hours

CPU: total 4 (initial active 4) (2 cores per cpu, 2 threads per core) family 6 model 78 stepping 3 microcode 0xec, cx8, cmov, fxsr, ht, mmx, 3dnowpref, sse, sse2, sse3, ssse3, sse4.1, sse4.2, popcnt, lzcnt, tsc, tscinvbit, avx, avx2, aes, erms, clmul, bmi1, bmi2, rtm, adx, fma, vzeroupper, clflush, clflushopt

Memory: 4k page, system-wide physical 8083M (589M free)
TotalPageFile size 8083M (AvailPageFile size 37M)
current process WorkingSet (physical memory assigned to process): 659M, peak: 664M
current process commit charge ("private bytes"): 712M, peak: 1001M

vm_info: OpenJDK 64-Bit Server VM (17.0.3+7-LTS) for windows-amd64 JRE (17.0.3+7-LTS) (Zulu17.34+19-CA), built on Apr 17 2022 09:18:41 by "zulu_re" with MS VC++ 16.10 / 16.11 (VS2019)

END.
