#
# There is insufficient memory for the Java Runtime Environment to continue.
# Native memory allocation (mmap) failed to map 195035136 bytes for G1 virtual space
# Possible reasons:
#   The system is out of physical RAM or swap space
#   The process is running with CompressedOops enabled, and the Java Heap may be blocking the growth of the native heap
# Possible solutions:
#   Reduce memory load on the system
#   Increase physical memory or swap space
#   Check if swap backing store is full
#   Decrease Java heap size (-Xmx/-Xms)
#   Decrease number of Java threads
#   Decrease Java thread stack sizes (-Xss)
#   Set larger code cache with -XX:ReservedCodeCacheSize=
#   JVM is running with Unscaled Compressed Oops mode in which the Java heap is
#     placed in the first 4GB address space. The Java Heap base address is the
#     maximum limit for the native heap growth. Please use -XX:HeapBaseMinAddress
#     to set the Java Heap base and to place the Java Heap above 4GB virtual address.
# This output file may be truncated or incomplete.
#
#  Out of Memory Error (os_windows.cpp:3535), pid=7136, tid=1452
#
# JRE version: OpenJDK Runtime Environment Zulu17.34+19-CA (17.0.3+7) (build 17.0.3+7-LTS)
# Java VM: OpenJDK 64-Bit Server VM Zulu17.34+19-CA (17.0.3+7-LTS, mixed mode, sharing, tiered, compressed oops, compressed class ptrs, g1 gc, windows-amd64)
# No core dump will be written. Minidumps are not enabled by default on client versions of Windows
#

---------------  S U M M A R Y ------------

Command Line: --add-opens=java.base/java.util=ALL-UNNAMED --add-opens=java.base/java.lang=ALL-UNNAMED --add-opens=java.base/java.lang.invoke=ALL-UNNAMED --add-opens=java.base/java.util=ALL-UNNAMED --add-opens=java.prefs/java.util.prefs=ALL-UNNAMED --add-opens=java.prefs/java.util.prefs=ALL-UNNAMED --add-opens=java.base/java.nio.charset=ALL-UNNAMED --add-opens=java.base/java.net=ALL-UNNAMED --add-opens=java.base/java.util.concurrent.atomic=ALL-UNNAMED -Xmx2048m -Dfile.encoding=UTF-8 -Duser.country=US -Duser.language=en -Duser.variant org.gradle.launcher.daemon.bootstrap.GradleDaemon 7.2

Host: Intel(R) Core(TM) i5-6300U CPU @ 2.40GHz, 4 cores, 7G,  Windows 8.1 , 64 bit Build 9600 (6.3.9600.17415)
Time: Mon Jun  6 22:37:45 2022 SE Asia Standard Time elapsed time: 230.820012 seconds (0d 0h 3m 50s)

---------------  T H R E A D  ---------------

Current thread (0x000000e831bfb720):  VMThread "VM Thread" [stack: 0x000000e831e60000,0x000000e831f60000] [id=1452]

Stack: [0x000000e831e60000,0x000000e831f60000]
Native frames: (J=compiled Java code, j=interpreted, Vv=VM code, C=native code)
V  [jvm.dll+0x67aeca]
V  [jvm.dll+0x836504]
V  [jvm.dll+0x837cae]
V  [jvm.dll+0x838313]
V  [jvm.dll+0x248cc5]
V  [jvm.dll+0x677de9]
V  [jvm.dll+0x66c722]
V  [jvm.dll+0x307abb]
V  [jvm.dll+0x30efc6]
V  [jvm.dll+0x35f65e]
V  [jvm.dll+0x35f88f]
V  [jvm.dll+0x2dea28]
V  [jvm.dll+0x2dccf4]
V  [jvm.dll+0x2dc2fc]
V  [jvm.dll+0x32007b]
V  [jvm.dll+0x83c7eb]
V  [jvm.dll+0x83d524]
V  [jvm.dll+0x83da3d]
V  [jvm.dll+0x83de14]
V  [jvm.dll+0x83dee0]
V  [jvm.dll+0x7e62ea]
V  [jvm.dll+0x679d55]
C  [ucrtbase.DLL+0x26b4c]
C  [KERNEL32.DLL+0x13d2]
C  [ntdll.dll+0x703c4]

VM_Operation (0x000000e8355ae860): G1CollectForAllocation, mode: safepoint, requested by thread 0x000000e8358ddbd0


---------------  P R O C E S S  ---------------

Threads class SMR info:
_java_thread_list=0x000000e8409fa410, length=86, elements={
0x000000e813ceeac0, 0x000000e831c05810, 0x000000e831c06ab0, 0x000000e831c0ed60,
0x000000e831c0fbe0, 0x000000e831c117b0, 0x000000e831c12370, 0x000000e831c15070,
0x000000e831c5d610, 0x000000e831c5e880, 0x000000e8330e2720, 0x000000e8330e6c10,
0x000000e8358ddbd0, 0x000000e834d26330, 0x000000e8358f2d70, 0x000000e8348ed9c0,
0x000000e8348ea720, 0x000000e8348ebb60, 0x000000e8358ac330, 0x000000e8358ac840,
0x000000e8358acd50, 0x000000e8358adc80, 0x000000e8358ad260, 0x000000e8358ab400,
0x000000e83af7b6b0, 0x000000e83af7c5e0, 0x000000e83af7a780, 0x000000e83af78920,
0x000000e83af7a270, 0x000000e83af79d60, 0x000000e83af78410, 0x000000e83af7ac90,
0x000000e83af7c0d0, 0x000000e83af78e30, 0x000000e83af7caf0, 0x000000e83af79340,
0x000000e83af7d000, 0x000000e83af79850, 0x000000e83af7d510, 0x000000e83af7da20,
0x000000e8358a1ce0, 0x000000e83af7df30, 0x000000e83af7e440, 0x000000e83af7fd90,
0x000000e83af7f880, 0x000000e83af7e950, 0x000000e83af7ee60, 0x000000e83af7f370,
0x000000e8358ae6a0, 0x000000e8358ab910, 0x000000e8358ad770, 0x000000e8358abe20,
0x000000e8358b0f20, 0x000000e8358af5d0, 0x000000e8358b1940, 0x000000e8358b0500,
0x000000e8358b1430, 0x000000e8358b0a10, 0x000000e8358b1e50, 0x000000e8358b2360,
0x000000e8358aebb0, 0x000000e8358b2870, 0x000000e8358afae0, 0x000000e8358af0c0,
0x000000e8358b2d80, 0x000000e8358afff0, 0x000000e8348ec580, 0x000000e8348ec070,
0x000000e8348ed4b0, 0x000000e8348eac30, 0x000000e8348ea210, 0x000000e8348eb140,
0x000000e8348eb650, 0x000000e8348eca90, 0x000000e8348ecfa0, 0x000000e83505ab50,
0x000000e83505b570, 0x000000e83505b060, 0x000000e83505ba80, 0x000000e83505bf90,
0x000000e83505ed20, 0x000000e83505fc50, 0x000000e83505d3d0, 0x000000e83505c4a0,
0x000000e83505e810, 0x000000e83505f740
}

Java Threads: ( => current thread )
  0x000000e813ceeac0 JavaThread "main" [_thread_blocked, id=6896, stack(0x000000e8133a0000,0x000000e8134a0000)]
  0x000000e831c05810 JavaThread "Reference Handler" daemon [_thread_blocked, id=5368, stack(0x000000e832800000,0x000000e832900000)]
  0x000000e831c06ab0 JavaThread "Finalizer" daemon [_thread_blocked, id=2732, stack(0x000000e832900000,0x000000e832a00000)]
  0x000000e831c0ed60 JavaThread "Signal Dispatcher" daemon [_thread_blocked, id=7196, stack(0x000000e832ae0000,0x000000e832be0000)]
  0x000000e831c0fbe0 JavaThread "Attach Listener" daemon [_thread_blocked, id=4888, stack(0x000000e832be0000,0x000000e832ce0000)]
  0x000000e831c117b0 JavaThread "Service Thread" daemon [_thread_blocked, id=6104, stack(0x000000e832ce0000,0x000000e832de0000)]
  0x000000e831c12370 JavaThread "Monitor Deflation Thread" daemon [_thread_blocked, id=5756, stack(0x000000e832de0000,0x000000e832ee0000)]
  0x000000e831c15070 JavaThread "C2 CompilerThread0" daemon [_thread_blocked, id=6752, stack(0x000000e832ee0000,0x000000e832fe0000)]
  0x000000e831c5d610 JavaThread "C1 CompilerThread0" daemon [_thread_blocked, id=2252, stack(0x000000e8333e0000,0x000000e8334e0000)]
  0x000000e831c5e880 JavaThread "Sweeper thread" daemon [_thread_blocked, id=7304, stack(0x000000e8334e0000,0x000000e8335e0000)]
  0x000000e8330e2720 JavaThread "Common-Cleaner" daemon [_thread_blocked, id=6268, stack(0x000000e8335e0000,0x000000e8336e0000)]
  0x000000e8330e6c10 JavaThread "Notification Thread" daemon [_thread_blocked, id=6416, stack(0x000000e8336e0000,0x000000e8337e0000)]
  0x000000e8358ddbd0 JavaThread "Daemon health stats" [_thread_blocked, id=6428, stack(0x000000e8354b0000,0x000000e8355b0000)]
  0x000000e834d26330 JavaThread "Incoming local TCP Connector on port 52356" [_thread_in_native, id=7340, stack(0x000000e836860000,0x000000e836960000)]
  0x000000e8358f2d70 JavaThread "Daemon periodic checks" [_thread_blocked, id=4304, stack(0x000000e836960000,0x000000e836a60000)]
  0x000000e8348ed9c0 JavaThread "Cache worker for journal cache (C:\Users\USER\.gradle\caches\journal-1)" [_thread_blocked, id=2216, stack(0x000000e837b00000,0x000000e837c00000)]
  0x000000e8348ea720 JavaThread "File lock request listener" [_thread_in_native, id=7676, stack(0x000000e837c00000,0x000000e837d00000)]
  0x000000e8348ebb60 JavaThread "Cache worker for file hash cache (C:\Users\USER\.gradle\caches\7.2\fileHashes)" [_thread_blocked, id=4644, stack(0x000000e837d00000,0x000000e837e00000)]
  0x000000e8358ac330 JavaThread "Cache worker for execution history cache (C:\Users\USER\.gradle\caches\7.2\executionHistory)" [_thread_blocked, id=5372, stack(0x000000e8392e0000,0x000000e8393e0000)]
  0x000000e8358ac840 JavaThread "jar transforms" [_thread_blocked, id=5304, stack(0x000000e8391e0000,0x000000e8392e0000)]
  0x000000e8358acd50 JavaThread "jar transforms Thread 2" [_thread_blocked, id=4912, stack(0x000000e839e00000,0x000000e839f00000)]
  0x000000e8358adc80 JavaThread "Cache worker for file content cache (C:\Users\USER\.gradle\caches\7.2\fileContent)" [_thread_blocked, id=6868, stack(0x000000e839f00000,0x000000e83a000000)]
  0x000000e8358ad260 JavaThread "jar transforms Thread 3" [_thread_blocked, id=5384, stack(0x000000e839d00000,0x000000e839e00000)]
  0x000000e8358ab400 JavaThread "jar transforms Thread 4" [_thread_blocked, id=6892, stack(0x000000e83aa50000,0x000000e83ab50000)]
  0x000000e83af7b6b0 JavaThread "Memory manager" [_thread_blocked, id=6332, stack(0x000000e83ee10000,0x000000e83ef10000)]
  0x000000e83af7c5e0 JavaThread "Cache worker for Java compile cache (C:\Users\USER\.gradle\caches\7.2\javaCompile)" [_thread_blocked, id=8136, stack(0x000000e841c00000,0x000000e841d00000)]
  0x000000e83af7a780 JavaThread "Daemon Thread 2" [_thread_blocked, id=3148, stack(0x000000e836a60000,0x000000e836b60000)]
  0x000000e83af78920 JavaThread "Handler for socket connection from /127.0.0.1:52356 to /127.0.0.1:52376" [_thread_in_native, id=7072, stack(0x000000e836b60000,0x000000e836c60000)]
  0x000000e83af7a270 JavaThread "Cancel handler" [_thread_blocked, id=7964, stack(0x000000e836c60000,0x000000e836d60000)]
  0x000000e83af79d60 JavaThread "Daemon worker Thread 2" [_thread_blocked, id=7128, stack(0x000000e836e60000,0x000000e836f60000)]
  0x000000e83af78410 JavaThread "Asynchronous log dispatcher for DefaultDaemonConnection: socket connection from /127.0.0.1:52356 to /127.0.0.1:52376" [_thread_blocked, id=5720, stack(0x000000e837800000,0x000000e837900000)]
  0x000000e83af7ac90 JavaThread "Stdin handler" [_thread_blocked, id=6100, stack(0x000000e837900000,0x000000e837a00000)]
  0x000000e83af7c0d0 JavaThread "Daemon client event forwarder" [_thread_blocked, id=1228, stack(0x000000e837a00000,0x000000e837b00000)]
  0x000000e83af78e30 JavaThread "Cache worker for file hash cache (C:\Users\USER\Documents\Animal\.gradle\7.2\fileHashes)" [_thread_blocked, id=6648, stack(0x000000e837e00000,0x000000e837f00000)]
  0x000000e83af7caf0 JavaThread "Daemon Thread 3" [_thread_blocked, id=7928, stack(0x000000e837f00000,0x000000e838000000)]
  0x000000e83af79340 JavaThread "Cache worker for checksums cache (C:\Users\USER\Documents\Animal\.gradle\checksums)" [_thread_blocked, id=6224, stack(0x000000e838100000,0x000000e838200000)]
  0x000000e83af7d000 JavaThread "Cache worker for cache directory md-supplier (C:\Users\USER\.gradle\caches\7.2\md-supplier)" [_thread_blocked, id=4696, stack(0x000000e838000000,0x000000e838100000)]
  0x000000e83af79850 JavaThread "Cache worker for cache directory md-rule (C:\Users\USER\.gradle\caches\7.2\md-rule)" [_thread_blocked, id=6108, stack(0x000000e83a800000,0x000000e83a900000)]
  0x000000e83af7d510 JavaThread "Cache worker for dependencies-accessors (C:\Users\USER\Documents\Animal\.gradle\7.2\dependencies-accessors)" [_thread_blocked, id=5648, stack(0x000000e83a900000,0x000000e83aa00000)]
  0x000000e83af7da20 JavaThread "Cache worker for Build Output Cleanup Cache (C:\Users\USER\Documents\Animal\.gradle\buildOutputCleanup)" [_thread_blocked, id=7988, stack(0x000000e83ab50000,0x000000e83ac50000)]
  0x000000e8358a1ce0 JavaThread "C2 CompilerThread1" daemon [_thread_blocked, id=2036, stack(0x000000e83bc80000,0x000000e83bd80000)]
  0x000000e83af7df30 JavaThread "Unconstrained build operations" [_thread_blocked, id=6772, stack(0x000000e83bd80000,0x000000e83be80000)]
  0x000000e83af7e440 JavaThread "Unconstrained build operations Thread 2" [_thread_blocked, id=1952, stack(0x000000e83be80000,0x000000e83bf80000)]
  0x000000e83af7fd90 JavaThread "Unconstrained build operations Thread 3" [_thread_blocked, id=4920, stack(0x000000e83c800000,0x000000e83c900000)]
  0x000000e83af7f880 JavaThread "Unconstrained build operations Thread 4" [_thread_blocked, id=6760, stack(0x000000e83c900000,0x000000e83ca00000)]
  0x000000e83af7e950 JavaThread "Unconstrained build operations Thread 5" [_thread_blocked, id=2520, stack(0x000000e83ca00000,0x000000e83cb00000)]
  0x000000e83af7ee60 JavaThread "Unconstrained build operations Thread 6" [_thread_blocked, id=4108, stack(0x000000e83cb00000,0x000000e83cc00000)]
  0x000000e83af7f370 JavaThread "Unconstrained build operations Thread 7" [_thread_blocked, id=4580, stack(0x000000e83cc00000,0x000000e83cd00000)]
  0x000000e8358ae6a0 JavaThread "Unconstrained build operations Thread 8" [_thread_blocked, id=3016, stack(0x000000e83cd00000,0x000000e83ce00000)]
  0x000000e8358ab910 JavaThread "Unconstrained build operations Thread 9" [_thread_blocked, id=5008, stack(0x000000e83ce00000,0x000000e83cf00000)]
  0x000000e8358ad770 JavaThread "Unconstrained build operations Thread 10" [_thread_blocked, id=5396, stack(0x000000e83cf00000,0x000000e83d000000)]
  0x000000e8358abe20 JavaThread "Unconstrained build operations Thread 11" [_thread_blocked, id=7540, stack(0x000000e83d000000,0x000000e83d100000)]
  0x000000e8358b0f20 JavaThread "Unconstrained build operations Thread 12" [_thread_blocked, id=7800, stack(0x000000e83d100000,0x000000e83d200000)]
  0x000000e8358af5d0 JavaThread "Unconstrained build operations Thread 13" [_thread_blocked, id=5380, stack(0x000000e83d200000,0x000000e83d300000)]
  0x000000e8358b1940 JavaThread "Unconstrained build operations Thread 14" [_thread_blocked, id=6704, stack(0x000000e83d300000,0x000000e83d400000)]
  0x000000e8358b0500 JavaThread "Unconstrained build operations Thread 15" [_thread_blocked, id=5292, stack(0x000000e83d400000,0x000000e83d500000)]
  0x000000e8358b1430 JavaThread "Unconstrained build operations Thread 16" [_thread_blocked, id=4092, stack(0x000000e83d500000,0x000000e83d600000)]
  0x000000e8358b0a10 JavaThread "Unconstrained build operations Thread 17" [_thread_blocked, id=4376, stack(0x000000e83d600000,0x000000e83d700000)]
  0x000000e8358b1e50 JavaThread "Unconstrained build operations Thread 18" [_thread_blocked, id=7384, stack(0x000000e83d700000,0x000000e83d800000)]
  0x000000e8358b2360 JavaThread "Unconstrained build operations Thread 19" [_thread_blocked, id=232, stack(0x000000e83d800000,0x000000e83d900000)]
  0x000000e8358aebb0 JavaThread "Unconstrained build operations Thread 20" [_thread_blocked, id=3912, stack(0x000000e83d900000,0x000000e83da00000)]
  0x000000e8358b2870 JavaThread "Unconstrained build operations Thread 21" [_thread_blocked, id=4532, stack(0x000000e83da00000,0x000000e83db00000)]
  0x000000e8358afae0 JavaThread "Unconstrained build operations Thread 22" [_thread_blocked, id=932, stack(0x000000e83db00000,0x000000e83dc00000)]
  0x000000e8358af0c0 JavaThread "Unconstrained build operations Thread 23" [_thread_blocked, id=7444, stack(0x000000e83dc00000,0x000000e83dd00000)]
  0x000000e8358b2d80 JavaThread "Unconstrained build operations Thread 24" [_thread_blocked, id=7068, stack(0x000000e83dd00000,0x000000e83de00000)]
  0x000000e8358afff0 JavaThread "Unconstrained build operations Thread 25" [_thread_blocked, id=7212, stack(0x000000e83de00000,0x000000e83df00000)]
  0x000000e8348ec580 JavaThread "Unconstrained build operations Thread 26" [_thread_blocked, id=172, stack(0x000000e83df00000,0x000000e83e000000)]
  0x000000e8348ec070 JavaThread "Unconstrained build operations Thread 27" [_thread_blocked, id=8168, stack(0x000000e83e000000,0x000000e83e100000)]
  0x000000e8348ed4b0 JavaThread "Unconstrained build operations Thread 28" [_thread_blocked, id=5244, stack(0x000000e83e100000,0x000000e83e200000)]
  0x000000e8348eac30 JavaThread "Unconstrained build operations Thread 29" [_thread_blocked, id=7660, stack(0x000000e83e200000,0x000000e83e300000)]
  0x000000e8348ea210 JavaThread "Unconstrained build operations Thread 30" [_thread_blocked, id=4416, stack(0x000000e83e300000,0x000000e83e400000)]
  0x000000e8348eb140 JavaThread "Unconstrained build operations Thread 31" [_thread_blocked, id=4456, stack(0x000000e83e400000,0x000000e83e500000)]
  0x000000e8348eb650 JavaThread "Unconstrained build operations Thread 32" [_thread_blocked, id=7132, stack(0x000000e83e500000,0x000000e83e600000)]
  0x000000e8348eca90 JavaThread "Unconstrained build operations Thread 33" [_thread_blocked, id=7672, stack(0x000000e83e600000,0x000000e83e700000)]
  0x000000e8348ecfa0 JavaThread "Unconstrained build operations Thread 34" [_thread_blocked, id=3756, stack(0x000000e83e700000,0x000000e83e800000)]
  0x000000e83505ab50 JavaThread "Unconstrained build operations Thread 35" [_thread_blocked, id=5388, stack(0x000000e83e800000,0x000000e83e900000)]
  0x000000e83505b570 JavaThread "Unconstrained build operations Thread 36" [_thread_blocked, id=5024, stack(0x000000e83e900000,0x000000e83ea00000)]
  0x000000e83505b060 JavaThread "Unconstrained build operations Thread 37" [_thread_blocked, id=7396, stack(0x000000e83ea00000,0x000000e83eb00000)]
  0x000000e83505ba80 JavaThread "Unconstrained build operations Thread 38" [_thread_blocked, id=7312, stack(0x000000e83eb00000,0x000000e83ec00000)]
  0x000000e83505bf90 JavaThread "Unconstrained build operations Thread 39" [_thread_blocked, id=6480, stack(0x000000e83ec00000,0x000000e83ed00000)]
  0x000000e83505ed20 JavaThread "Unconstrained build operations Thread 40" [_thread_blocked, id=5188, stack(0x000000e83ed00000,0x000000e83ee00000)]
  0x000000e83505fc50 JavaThread "build event listener" [_thread_blocked, id=7284, stack(0x000000e83f800000,0x000000e83f900000)]
  0x000000e83505d3d0 JavaThread "Execution worker for ':'" [_thread_blocked, id=6240, stack(0x000000e83f900000,0x000000e83fa00000)]
  0x000000e83505c4a0 JavaThread "Execution worker for ':' Thread 2" [_thread_blocked, id=6924, stack(0x000000e840a20000,0x000000e840b20000)]
  0x000000e83505e810 JavaThread "Execution worker for ':' Thread 3" [_thread_blocked, id=728, stack(0x000000e841d00000,0x000000e841e00000)]
  0x000000e83505f740 JavaThread "Cache worker for execution history cache (C:\Users\USER\Documents\Animal\.gradle\7.2\executionHistory)" [_thread_blocked, id=3536, stack(0x000000e841e00000,0x000000e841f00000)]

Other Threads:
=>0x000000e831bfb720 VMThread "VM Thread" [stack: 0x000000e831e60000,0x000000e831f60000] [id=1452]
  0x000000e813d67a90 WatcherThread [stack: 0x000000e8337e0000,0x000000e8338e0000] [id=324]
  0x000000e813d4ae10 GCTaskThread "GC Thread#0" [stack: 0x000000e813b40000,0x000000e813c40000] [id=4220]
  0x000000e833d18ba0 GCTaskThread "GC Thread#1" [stack: 0x000000e8351b0000,0x000000e8352b0000] [id=7840]
  0x000000e833d18e60 GCTaskThread "GC Thread#2" [stack: 0x000000e8352b0000,0x000000e8353b0000] [id=7504]
  0x000000e83419d8a0 GCTaskThread "GC Thread#3" [stack: 0x000000e8353b0000,0x000000e8354b0000] [id=4356]
  0x000000e813d5c920 ConcurrentGCThread "G1 Main Marker" [stack: 0x000000e82f420000,0x000000e82f520000] [id=7376]
  0x000000e813d5d330 ConcurrentGCThread "G1 Conc#0" [stack: 0x000000e82f520000,0x000000e82f620000] [id=7600]
  0x000000e813d9e440 ConcurrentGCThread "G1 Refine#0" [stack: 0x000000e831c60000,0x000000e831d60000] [id=6000]
  0x000000e8357b69a0 ConcurrentGCThread "G1 Refine#1" [stack: 0x000000e839c00000,0x000000e839d00000] [id=2832]
  0x000000e831a980f0 ConcurrentGCThread "G1 Service" [stack: 0x000000e831d60000,0x000000e831e60000] [id=4264]

Threads with active compile tasks:
C2 CompilerThread0   230872 12414       4       java.nio.ByteBuffer::put (124 bytes)

VM state: at safepoint (normal execution)

VM Mutex/Monitor currently owned by a thread:  ([mutex/lock_event])
[0x000000e811bfe030] Threads_lock - owner thread: 0x000000e831bfb720
[0x000000e811bfcf50] Heap_lock - owner thread: 0x000000e8358ddbd0

Heap address: 0x0000000080000000, size: 2048 MB, Compressed Oops mode: 32-bit

CDS archive(s) mapped at: [0x0000000800000000-0x0000000800c00000-0x0000000800c00000), size 12582912, SharedBaseAddress: 0x0000000800000000, ArchiveRelocationMode: 0.
Compressed class space mapped at: 0x0000000800c00000-0x0000000840c00000, reserved size: 1073741824
Narrow klass base: 0x0000000800000000, Narrow klass shift: 0, Narrow klass range: 0x100000000

GC Precious Log:
 CPUs: 4 total, 4 available
 Memory: 8083M
 Large Page Support: Disabled
 NUMA Support: Disabled
 Compressed Oops: Enabled (32-bit)
 Heap Region Size: 1M
 Heap Min Capacity: 8M
 Heap Initial Capacity: 128M
 Heap Max Capacity: 2G
 Pre-touch: Disabled
 Parallel Workers: 4
 Concurrent Workers: 1
 Concurrent Refinement Workers: 4
 Periodic GC: Disabled

Heap:
 garbage-first heap   total 144384K, used 96093K [0x0000000080000000, 0x0000000100000000)
  region size 1024K, 4 young (4096K), 4 survivors (4096K)
 Metaspace       used 80183K, committed 80768K, reserved 1122304K
  class space    used 10725K, committed 11008K, reserved 1048576K

Heap Regions: E=young(eden), S=young(survivor), O=old, HS=humongous(starts), HC=humongous(continues), CS=collection set, F=free, OA=open archive, CA=closed archive, TAMS=top-at-mark-start (previous, next)
|   0|0x0000000080000000, 0x0000000080100000, 0x0000000080100000|100%|HS|  |TAMS 0x0000000080100000, 0x0000000080100000| Complete 
|   1|0x0000000080100000, 0x0000000080200000, 0x0000000080200000|100%|HC|  |TAMS 0x0000000080200000, 0x0000000080200000| Complete 
|   2|0x0000000080200000, 0x0000000080300000, 0x0000000080300000|100%|HC|  |TAMS 0x0000000080300000, 0x0000000080300000| Complete 
|   3|0x0000000080300000, 0x0000000080400000, 0x0000000080400000|100%| O|  |TAMS 0x0000000080300000, 0x0000000080300000| Untracked 
|   4|0x0000000080400000, 0x0000000080500000, 0x0000000080500000|100%| O|  |TAMS 0x0000000080500000, 0x0000000080500000| Untracked 
|   5|0x0000000080500000, 0x0000000080600000, 0x0000000080600000|100%| O|  |TAMS 0x0000000080600000, 0x0000000080600000| Untracked 
|   6|0x0000000080600000, 0x0000000080700000, 0x0000000080700000|100%| O|  |TAMS 0x0000000080700000, 0x0000000080700000| Untracked 
|   7|0x0000000080700000, 0x0000000080800000, 0x0000000080800000|100%| O|  |TAMS 0x0000000080800000, 0x0000000080800000| Untracked 
|   8|0x0000000080800000, 0x0000000080900000, 0x0000000080900000|100%| O|  |TAMS 0x0000000080900000, 0x0000000080900000| Untracked 
|   9|0x0000000080900000, 0x0000000080a00000, 0x0000000080a00000|100%| O|  |TAMS 0x0000000080a00000, 0x0000000080a00000| Untracked 
|  10|0x0000000080a00000, 0x0000000080b00000, 0x0000000080b00000|100%| O|  |TAMS 0x0000000080b00000, 0x0000000080b00000| Untracked 
|  11|0x0000000080b00000, 0x0000000080c00000, 0x0000000080c00000|100%| O|  |TAMS 0x0000000080c00000, 0x0000000080c00000| Untracked 
|  12|0x0000000080c00000, 0x0000000080d00000, 0x0000000080d00000|100%| O|  |TAMS 0x0000000080d00000, 0x0000000080d00000| Untracked 
|  13|0x0000000080d00000, 0x0000000080e00000, 0x0000000080e00000|100%| O|  |TAMS 0x0000000080e00000, 0x0000000080e00000| Untracked 
|  14|0x0000000080e00000, 0x0000000080f00000, 0x0000000080f00000|100%| O|  |TAMS 0x0000000080f00000, 0x0000000080f00000| Untracked 
|  15|0x0000000080f00000, 0x0000000081000000, 0x0000000081000000|100%| O|  |TAMS 0x0000000081000000, 0x0000000081000000| Untracked 
|  16|0x0000000081000000, 0x0000000081100000, 0x0000000081100000|100%| O|  |TAMS 0x0000000081100000, 0x0000000081100000| Untracked 
|  17|0x0000000081100000, 0x0000000081200000, 0x0000000081200000|100%| O|  |TAMS 0x0000000081200000, 0x0000000081200000| Untracked 
|  18|0x0000000081200000, 0x0000000081300000, 0x0000000081300000|100%| O|  |TAMS 0x0000000081300000, 0x0000000081300000| Untracked 
|  19|0x0000000081300000, 0x0000000081400000, 0x0000000081400000|100%| O|  |TAMS 0x0000000081400000, 0x0000000081400000| Untracked 
|  20|0x0000000081400000, 0x0000000081500000, 0x0000000081500000|100%| O|  |TAMS 0x0000000081500000, 0x0000000081500000| Untracked 
|  21|0x0000000081500000, 0x0000000081600000, 0x0000000081600000|100%|HS|  |TAMS 0x0000000081600000, 0x0000000081600000| Complete 
|  22|0x0000000081600000, 0x0000000081700000, 0x0000000081700000|100%| O|  |TAMS 0x0000000081700000, 0x0000000081700000| Untracked 
|  23|0x0000000081700000, 0x0000000081800000, 0x0000000081800000|100%| O|  |TAMS 0x0000000081800000, 0x0000000081800000| Untracked 
|  24|0x0000000081800000, 0x0000000081900000, 0x0000000081900000|100%| O|  |TAMS 0x0000000081900000, 0x0000000081900000| Untracked 
|  25|0x0000000081900000, 0x0000000081a00000, 0x0000000081a00000|100%| O|  |TAMS 0x0000000081a00000, 0x0000000081a00000| Untracked 
|  26|0x0000000081a00000, 0x0000000081b00000, 0x0000000081b00000|100%|HS|  |TAMS 0x0000000081b00000, 0x0000000081b00000| Complete 
|  27|0x0000000081b00000, 0x0000000081c00000, 0x0000000081c00000|100%|HS|  |TAMS 0x0000000081c00000, 0x0000000081c00000| Complete 
|  28|0x0000000081c00000, 0x0000000081d00000, 0x0000000081d00000|100%|HC|  |TAMS 0x0000000081d00000, 0x0000000081d00000| Complete 
|  29|0x0000000081d00000, 0x0000000081e00000, 0x0000000081e00000|100%| O|  |TAMS 0x0000000081e00000, 0x0000000081e00000| Untracked 
|  30|0x0000000081e00000, 0x0000000081f00000, 0x0000000081f00000|100%| O|  |TAMS 0x0000000081f00000, 0x0000000081f00000| Untracked 
|  31|0x0000000081f00000, 0x0000000082000000, 0x0000000082000000|100%| O|  |TAMS 0x0000000082000000, 0x0000000082000000| Untracked 
|  32|0x0000000082000000, 0x0000000082100000, 0x0000000082100000|100%| O|  |TAMS 0x0000000082100000, 0x0000000082100000| Untracked 
|  33|0x0000000082100000, 0x0000000082200000, 0x0000000082200000|100%| O|  |TAMS 0x0000000082200000, 0x0000000082200000| Untracked 
|  34|0x0000000082200000, 0x0000000082300000, 0x0000000082300000|100%| O|  |TAMS 0x0000000082300000, 0x0000000082300000| Untracked 
|  35|0x0000000082300000, 0x0000000082400000, 0x0000000082400000|100%| O|  |TAMS 0x0000000082400000, 0x0000000082400000| Untracked 
|  36|0x0000000082400000, 0x0000000082500000, 0x0000000082500000|100%| O|  |TAMS 0x0000000082500000, 0x0000000082500000| Untracked 
|  37|0x0000000082500000, 0x0000000082600000, 0x0000000082600000|100%| O|  |TAMS 0x0000000082600000, 0x0000000082600000| Untracked 
|  38|0x0000000082600000, 0x0000000082700000, 0x0000000082700000|100%| O|  |TAMS 0x0000000082700000, 0x0000000082700000| Untracked 
|  39|0x0000000082700000, 0x0000000082800000, 0x0000000082800000|100%| O|  |TAMS 0x0000000082800000, 0x0000000082800000| Untracked 
|  40|0x0000000082800000, 0x0000000082900000, 0x0000000082900000|100%| O|  |TAMS 0x0000000082900000, 0x0000000082900000| Untracked 
|  41|0x0000000082900000, 0x0000000082a00000, 0x0000000082a00000|100%| O|  |TAMS 0x0000000082a00000, 0x0000000082a00000| Untracked 
|  42|0x0000000082a00000, 0x0000000082b00000, 0x0000000082b00000|100%| O|  |TAMS 0x0000000082b00000, 0x0000000082b00000| Untracked 
|  43|0x0000000082b00000, 0x0000000082c00000, 0x0000000082c00000|100%| O|  |TAMS 0x0000000082c00000, 0x0000000082c00000| Untracked 
|  44|0x0000000082c00000, 0x0000000082d00000, 0x0000000082d00000|100%| O|  |TAMS 0x0000000082d00000, 0x0000000082d00000| Untracked 
|  45|0x0000000082d00000, 0x0000000082e00000, 0x0000000082e00000|100%| O|  |TAMS 0x0000000082e00000, 0x0000000082e00000| Untracked 
|  46|0x0000000082e00000, 0x0000000082f00000, 0x0000000082f00000|100%| O|  |TAMS 0x0000000082f00000, 0x0000000082f00000| Untracked 
|  47|0x0000000082f00000, 0x0000000082fffff8, 0x0000000083000000| 99%| O|  |TAMS 0x0000000082fffff8, 0x0000000082fffff8| Untracked 
|  48|0x0000000083000000, 0x0000000083100000, 0x0000000083100000|100%| O|  |TAMS 0x0000000083100000, 0x0000000083100000| Untracked 
|  49|0x0000000083100000, 0x0000000083200000, 0x0000000083200000|100%| O|  |TAMS 0x0000000083200000, 0x0000000083200000| Untracked 
|  50|0x0000000083200000, 0x0000000083300000, 0x0000000083300000|100%| O|  |TAMS 0x0000000083300000, 0x0000000083300000| Untracked 
|  51|0x0000000083300000, 0x0000000083400000, 0x0000000083400000|100%| O|  |TAMS 0x0000000083400000, 0x0000000083400000| Untracked 
|  52|0x0000000083400000, 0x0000000083500000, 0x0000000083500000|100%| O|  |TAMS 0x0000000083500000, 0x0000000083500000| Untracked 
|  53|0x0000000083500000, 0x0000000083600000, 0x0000000083600000|100%| O|  |TAMS 0x0000000083600000, 0x0000000083600000| Untracked 
|  54|0x0000000083600000, 0x0000000083700000, 0x0000000083700000|100%| O|  |TAMS 0x0000000083700000, 0x0000000083700000| Untracked 
|  55|0x0000000083700000, 0x0000000083800000, 0x0000000083800000|100%| O|  |TAMS 0x0000000083800000, 0x0000000083800000| Untracked 
|  56|0x0000000083800000, 0x0000000083900000, 0x0000000083900000|100%| O|  |TAMS 0x0000000083900000, 0x0000000083900000| Untracked 
|  57|0x0000000083900000, 0x0000000083a00000, 0x0000000083a00000|100%| O|  |TAMS 0x0000000083a00000, 0x0000000083a00000| Untracked 
|  58|0x0000000083a00000, 0x0000000083b00000, 0x0000000083b00000|100%| O|  |TAMS 0x0000000083b00000, 0x0000000083b00000| Untracked 
|  59|0x0000000083b00000, 0x0000000083c00000, 0x0000000083c00000|100%| O|  |TAMS 0x0000000083c00000, 0x0000000083c00000| Untracked 
|  60|0x0000000083c00000, 0x0000000083d00000, 0x0000000083d00000|100%| O|  |TAMS 0x0000000083d00000, 0x0000000083d00000| Untracked 
|  61|0x0000000083d00000, 0x0000000083e00000, 0x0000000083e00000|100%| O|  |TAMS 0x0000000083e00000, 0x0000000083e00000| Untracked 
|  62|0x0000000083e00000, 0x0000000083f00000, 0x0000000083f00000|100%| O|  |TAMS 0x0000000083f00000, 0x0000000083f00000| Untracked 
|  63|0x0000000083f00000, 0x0000000084000000, 0x0000000084000000|100%| O|  |TAMS 0x0000000084000000, 0x0000000084000000| Untracked 
|  64|0x0000000084000000, 0x0000000084100000, 0x0000000084100000|100%| O|  |TAMS 0x0000000084100000, 0x0000000084100000| Untracked 
|  65|0x0000000084100000, 0x0000000084200000, 0x0000000084200000|100%| O|  |TAMS 0x0000000084200000, 0x0000000084200000| Untracked 
|  66|0x0000000084200000, 0x0000000084300000, 0x0000000084300000|100%| O|  |TAMS 0x0000000084300000, 0x0000000084300000| Untracked 
|  67|0x0000000084300000, 0x0000000084400000, 0x0000000084400000|100%| O|  |TAMS 0x0000000084300000, 0x0000000084400000| Untracked 
|  68|0x0000000084400000, 0x0000000084500000, 0x0000000084500000|100%| O|  |TAMS 0x0000000084500000, 0x0000000084500000| Untracked 
|  69|0x0000000084500000, 0x0000000084600000, 0x0000000084600000|100%| O|  |TAMS 0x0000000084600000, 0x0000000084600000| Untracked 
|  70|0x0000000084600000, 0x0000000084700000, 0x0000000084700000|100%| O|  |TAMS 0x0000000084700000, 0x0000000084700000| Untracked 
|  71|0x0000000084700000, 0x0000000084800000, 0x0000000084800000|100%| O|  |TAMS 0x0000000084800000, 0x0000000084800000| Untracked 
|  72|0x0000000084800000, 0x0000000084900000, 0x0000000084900000|100%| O|  |TAMS 0x0000000084900000, 0x0000000084900000| Untracked 
|  73|0x0000000084900000, 0x0000000084a00000, 0x0000000084a00000|100%| O|  |TAMS 0x0000000084a00000, 0x0000000084a00000| Untracked 
|  74|0x0000000084a00000, 0x0000000084b00000, 0x0000000084b00000|100%| O|  |TAMS 0x0000000084b00000, 0x0000000084b00000| Untracked 
|  75|0x0000000084b00000, 0x0000000084c00000, 0x0000000084c00000|100%| O|  |TAMS 0x0000000084c00000, 0x0000000084c00000| Untracked 
|  76|0x0000000084c00000, 0x0000000084d00000, 0x0000000084d00000|100%| O|  |TAMS 0x0000000084d00000, 0x0000000084d00000| Untracked 
|  77|0x0000000084d00000, 0x0000000084e00000, 0x0000000084e00000|100%| O|  |TAMS 0x0000000084e00000, 0x0000000084e00000| Untracked 
|  78|0x0000000084e00000, 0x0000000084f00000, 0x0000000084f00000|100%| O|  |TAMS 0x0000000084f00000, 0x0000000084f00000| Untracked 
|  79|0x0000000084f00000, 0x0000000085000000, 0x0000000085000000|100%| O|  |TAMS 0x0000000085000000, 0x0000000085000000| Untracked 
|  80|0x0000000085000000, 0x0000000085100000, 0x0000000085100000|100%| O|  |TAMS 0x0000000085040a00, 0x0000000085100000| Untracked 
|  81|0x0000000085100000, 0x0000000085200000, 0x0000000085200000|100%| O|  |TAMS 0x0000000085100000, 0x0000000085200000| Untracked 
|  82|0x0000000085200000, 0x0000000085300000, 0x0000000085300000|100%| O|  |TAMS 0x0000000085200000, 0x0000000085300000| Untracked 
|  83|0x0000000085300000, 0x0000000085400000, 0x0000000085400000|100%| O|  |TAMS 0x0000000085300000, 0x0000000085400000| Untracked 
|  84|0x0000000085400000, 0x0000000085500000, 0x0000000085500000|100%| O|  |TAMS 0x0000000085400000, 0x0000000085500000| Untracked 
|  85|0x0000000085500000, 0x0000000085600000, 0x0000000085600000|100%| O|  |TAMS 0x0000000085500000, 0x0000000085600000| Untracked 
|  86|0x0000000085600000, 0x0000000085700000, 0x0000000085700000|100%| O|  |TAMS 0x0000000085600000, 0x00000000856a6e00| Untracked 
|  87|0x0000000085700000, 0x0000000085800000, 0x0000000085800000|100%|HS|  |TAMS 0x0000000085700000, 0x0000000085800000| Complete 
|  88|0x0000000085800000, 0x0000000085900000, 0x0000000085900000|100%|HC|  |TAMS 0x0000000085800000, 0x0000000085900000| Complete 
|  89|0x0000000085900000, 0x00000000859d7800, 0x0000000085a00000| 84%| O|  |TAMS 0x0000000085900000, 0x0000000085900000| Untracked 
|  90|0x0000000085a00000, 0x0000000085a00000, 0x0000000085b00000|  0%| F|  |TAMS 0x0000000085a00000, 0x0000000085a00000| Untracked 
|  91|0x0000000085b00000, 0x0000000085b00000, 0x0000000085c00000|  0%| F|  |TAMS 0x0000000085b00000, 0x0000000085b00000| Untracked 
|  92|0x0000000085c00000, 0x0000000085c00000, 0x0000000085d00000|  0%| F|  |TAMS 0x0000000085c00000, 0x0000000085c00000| Untracked 
|  93|0x0000000085d00000, 0x0000000085d00000, 0x0000000085e00000|  0%| F|  |TAMS 0x0000000085d00000, 0x0000000085d00000| Untracked 
|  94|0x0000000085e00000, 0x0000000085e00000, 0x0000000085f00000|  0%| F|  |TAMS 0x0000000085e00000, 0x0000000085e00000| Untracked 
|  95|0x0000000085f00000, 0x0000000085f00000, 0x0000000086000000|  0%| F|  |TAMS 0x0000000085f00000, 0x0000000085f00000| Untracked 
|  96|0x0000000086000000, 0x0000000086000000, 0x0000000086100000|  0%| F|  |TAMS 0x0000000086000000, 0x0000000086000000| Untracked 
|  97|0x0000000086100000, 0x0000000086100000, 0x0000000086200000|  0%| F|  |TAMS 0x0000000086100000, 0x0000000086100000| Untracked 
|  98|0x0000000086200000, 0x0000000086200000, 0x0000000086300000|  0%| F|  |TAMS 0x0000000086200000, 0x0000000086200000| Untracked 
|  99|0x0000000086300000, 0x0000000086300000, 0x0000000086400000|  0%| F|  |TAMS 0x0000000086300000, 0x0000000086300000| Untracked 
| 100|0x0000000086400000, 0x0000000086400000, 0x0000000086500000|  0%| F|  |TAMS 0x0000000086400000, 0x0000000086400000| Untracked 
| 101|0x0000000086500000, 0x0000000086500000, 0x0000000086600000|  0%| F|  |TAMS 0x0000000086500000, 0x0000000086500000| Untracked 
| 102|0x0000000086600000, 0x0000000086600000, 0x0000000086700000|  0%| F|  |TAMS 0x0000000086600000, 0x0000000086600000| Untracked 
| 103|0x0000000086700000, 0x0000000086700000, 0x0000000086800000|  0%| F|  |TAMS 0x0000000086700000, 0x0000000086700000| Untracked 
| 104|0x0000000086800000, 0x0000000086800000, 0x0000000086900000|  0%| F|  |TAMS 0x0000000086800000, 0x0000000086800000| Untracked 
| 105|0x0000000086900000, 0x0000000086900000, 0x0000000086a00000|  0%| F|  |TAMS 0x0000000086900000, 0x0000000086900000| Untracked 
| 106|0x0000000086a00000, 0x0000000086b00000, 0x0000000086b00000|100%| S|CS|TAMS 0x0000000086a00000, 0x0000000086a00000| Complete 
| 107|0x0000000086b00000, 0x0000000086c00000, 0x0000000086c00000|100%| S|CS|TAMS 0x0000000086b00000, 0x0000000086b00000| Complete 
| 108|0x0000000086c00000, 0x0000000086d00000, 0x0000000086d00000|100%| S|CS|TAMS 0x0000000086c00000, 0x0000000086c00000| Complete 
| 109|0x0000000086d00000, 0x0000000086e00000, 0x0000000086e00000|100%| S|CS|TAMS 0x0000000086d00000, 0x0000000086d00000| Complete 
| 110|0x0000000086e00000, 0x0000000086e00000, 0x0000000086f00000|  0%| F|  |TAMS 0x0000000086e00000, 0x0000000086e00000| Untracked 
| 111|0x0000000086f00000, 0x0000000086f00000, 0x0000000087000000|  0%| F|  |TAMS 0x0000000086f00000, 0x0000000086f00000| Untracked 
| 112|0x0000000087000000, 0x0000000087000000, 0x0000000087100000|  0%| F|  |TAMS 0x0000000087000000, 0x0000000087000000| Untracked 
| 113|0x0000000087100000, 0x0000000087100000, 0x0000000087200000|  0%| F|  |TAMS 0x0000000087100000, 0x0000000087100000| Untracked 
| 114|0x0000000087200000, 0x0000000087200000, 0x0000000087300000|  0%| F|  |TAMS 0x0000000087200000, 0x0000000087200000| Untracked 
| 115|0x0000000087300000, 0x0000000087300000, 0x0000000087400000|  0%| F|  |TAMS 0x0000000087300000, 0x0000000087300000| Untracked 
| 116|0x0000000087400000, 0x0000000087400000, 0x0000000087500000|  0%| F|  |TAMS 0x0000000087400000, 0x0000000087400000| Untracked 
| 117|0x0000000087500000, 0x0000000087500000, 0x0000000087600000|  0%| F|  |TAMS 0x0000000087500000, 0x0000000087500000| Untracked 
| 118|0x0000000087600000, 0x0000000087600000, 0x0000000087700000|  0%| F|  |TAMS 0x0000000087600000, 0x0000000087600000| Untracked 
| 119|0x0000000087700000, 0x0000000087700000, 0x0000000087800000|  0%| F|  |TAMS 0x0000000087700000, 0x0000000087700000| Untracked 
| 120|0x0000000087800000, 0x0000000087800000, 0x0000000087900000|  0%| F|  |TAMS 0x0000000087800000, 0x0000000087800000| Untracked 
| 121|0x0000000087900000, 0x0000000087900000, 0x0000000087a00000|  0%| F|  |TAMS 0x0000000087900000, 0x0000000087900000| Untracked 
| 122|0x0000000087a00000, 0x0000000087a00000, 0x0000000087b00000|  0%| F|  |TAMS 0x0000000087a00000, 0x0000000087a00000| Untracked 
| 123|0x0000000087b00000, 0x0000000087b00000, 0x0000000087c00000|  0%| F|  |TAMS 0x0000000087b00000, 0x0000000087b00000| Untracked 
| 124|0x0000000087c00000, 0x0000000087c00000, 0x0000000087d00000|  0%| F|  |TAMS 0x0000000087c00000, 0x0000000087c00000| Untracked 
| 125|0x0000000087d00000, 0x0000000087d00000, 0x0000000087e00000|  0%| F|  |TAMS 0x0000000087d00000, 0x0000000087d00000| Untracked 
| 126|0x0000000087e00000, 0x0000000087e00000, 0x0000000087f00000|  0%| F|  |TAMS 0x0000000087e00000, 0x0000000087e00000| Untracked 
| 127|0x0000000087f00000, 0x0000000087f00000, 0x0000000088000000|  0%| F|  |TAMS 0x0000000087f00000, 0x0000000087f00000| Untracked 
| 128|0x0000000088000000, 0x0000000088000000, 0x0000000088100000|  0%| F|  |TAMS 0x0000000088000000, 0x0000000088000000| Untracked 
| 129|0x0000000088100000, 0x0000000088100000, 0x0000000088200000|  0%| F|  |TAMS 0x0000000088100000, 0x0000000088100000| Untracked 
| 130|0x0000000088200000, 0x0000000088200000, 0x0000000088300000|  0%| F|  |TAMS 0x0000000088200000, 0x0000000088200000| Untracked 
| 131|0x0000000088300000, 0x0000000088300000, 0x0000000088400000|  0%| F|  |TAMS 0x0000000088300000, 0x0000000088300000| Untracked 
| 132|0x0000000088400000, 0x0000000088400000, 0x0000000088500000|  0%| F|  |TAMS 0x0000000088400000, 0x0000000088400000| Untracked 
| 133|0x0000000088500000, 0x0000000088500000, 0x0000000088600000|  0%| F|  |TAMS 0x0000000088500000, 0x0000000088500000| Untracked 
| 134|0x0000000088600000, 0x0000000088600000, 0x0000000088700000|  0%| F|  |TAMS 0x0000000088600000, 0x0000000088600000| Untracked 
| 135|0x0000000088700000, 0x0000000088700000, 0x0000000088800000|  0%| F|  |TAMS 0x0000000088700000, 0x0000000088700000| Untracked 
| 136|0x0000000088800000, 0x0000000088800000, 0x0000000088900000|  0%| F|  |TAMS 0x0000000088800000, 0x0000000088800000| Untracked 
| 137|0x0000000088900000, 0x0000000088900000, 0x0000000088a00000|  0%| F|  |TAMS 0x0000000088900000, 0x0000000088900000| Untracked 
| 138|0x0000000088a00000, 0x0000000088a00000, 0x0000000088b00000|  0%| F|  |TAMS 0x0000000088a00000, 0x0000000088a00000| Untracked 
| 139|0x0000000088b00000, 0x0000000088b00000, 0x0000000088c00000|  0%| F|  |TAMS 0x0000000088b00000, 0x0000000088b00000| Untracked 
| 140|0x0000000088c00000, 0x0000000088c00000, 0x0000000088d00000|  0%| F|  |TAMS 0x0000000088c00000, 0x0000000088c00000| Untracked 

Card table byte_map: [0x000000e82ac20000,0x000000e82b020000] _byte_map_base: 0x000000e82a820000

Marking Bits (Prev, Next): (CMBitMap*) 0x000000e813d4b470, (CMBitMap*) 0x000000e813d4b430
 Prev Bits: [0x000000e82d420000, 0x000000e82f420000)
 Next Bits: [0x000000e82b420000, 0x000000e82d420000)

Polling page: 0x000000e8134a0000

Metaspace:

Usage:
  Non-class:     67.83 MB used.
      Class:     10.47 MB used.
       Both:     78.30 MB used.

Virtual space:
  Non-class space:       72.00 MB reserved,      68.12 MB ( 95%) committed,  9 nodes.
      Class space:        1.00 GB reserved,      10.75 MB (  1%) committed,  1 nodes.
             Both:        1.07 GB reserved,      78.88 MB (  7%) committed. 

Chunk freelists:
   Non-Class:  3.19 MB
       Class:  1.19 MB
        Both:  4.38 MB

MaxMetaspaceSize: unlimited
CompressedClassSpaceSize: 1.00 GB
Initial GC threshold: 21.00 MB
Current GC threshold: 129.94 MB
CDS: on
MetaspaceReclaimPolicy: balanced
 - commit_granule_bytes: 65536.
 - commit_granule_words: 8192.
 - virtual_space_node_default_size: 1048576.
 - enlarge_chunks_in_place: 1.
 - new_chunks_are_fully_committed: 0.
 - uncommit_free_chunks: 1.
 - use_allocation_guard: 0.
 - handle_deallocations: 1.


Internal statistics:

num_allocs_failed_limit: 6.
num_arena_births: 896.
num_arena_deaths: 4.
num_vsnodes_births: 10.
num_vsnodes_deaths: 0.
num_space_committed: 1262.
num_space_uncommitted: 0.
num_chunks_returned_to_freelist: 12.
num_chunks_taken_from_freelist: 4164.
num_chunk_merges: 7.
num_chunk_splits: 2715.
num_chunks_enlarged: 1768.
num_purges: 2.
num_inconsistent_stats: 0.

CodeHeap 'non-profiled nmethods': size=120000Kb used=7434Kb max_used=7434Kb free=112565Kb
 bounds [0x000000e8232f0000, 0x000000e823a40000, 0x000000e82a820000]
CodeHeap 'profiled nmethods': size=120000Kb used=21778Kb max_used=21778Kb free=98221Kb
 bounds [0x000000e81bdc0000, 0x000000e81d310000, 0x000000e8232f0000]
CodeHeap 'non-nmethods': size=5760Kb used=2370Kb max_used=2461Kb free=3389Kb
 bounds [0x000000e81b820000, 0x000000e81bab0000, 0x000000e81bdc0000]
 total_blobs=11745 nmethods=10845 adapters=811
 compilation: enabled
              stopped_count=0, restarted_count=0
 full_count=0

Compilation events (20 events):
Event: 230.635 Thread 0x000000e8358a1ce0 12405   !   4       sun.nio.ch.NativeThreadSet::remove (50 bytes)
Event: 230.635 Thread 0x000000e831c15070 nmethod 12404 0x000000e823a29f10 code [0x000000e823a2a120, 0x000000e823a2acc0]
Event: 230.636 Thread 0x000000e831c15070 12406   !   4       sun.nio.ch.NativeThreadSet::add (155 bytes)
Event: 230.639 Thread 0x000000e8358a1ce0 nmethod 12405 0x000000e823a2b590 code [0x000000e823a2b720, 0x000000e823a2b958]
Event: 230.639 Thread 0x000000e831c15070 nmethod 12406 0x000000e823a2ba90 code [0x000000e823a2bc20, 0x000000e823a2be78]
Event: 230.668 Thread 0x000000e8358a1ce0 12407       4       sun.nio.ch.Util$BufferCache::offerFirst (73 bytes)
Event: 230.668 Thread 0x000000e831c15070 12408       4       sun.nio.ch.Util$BufferCache::get (164 bytes)
Event: 230.673 Thread 0x000000e8358a1ce0 nmethod 12407 0x000000e823a2c010 code [0x000000e823a2c1a0, 0x000000e823a2c3d8]
Event: 230.673 Thread 0x000000e8358a1ce0 12409       4       sun.nio.ch.Util::offerFirstTemporaryDirectBuffer (53 bytes)
Event: 230.686 Thread 0x000000e831c15070 nmethod 12408 0x000000e823a2c510 code [0x000000e823a2c6a0, 0x000000e823a2caf8]
Event: 230.687 Thread 0x000000e831c15070 12410       4       sun.nio.ch.IOUtil::read (14 bytes)
Event: 230.695 Thread 0x000000e8358a1ce0 nmethod 12409 0x000000e823a2ce10 code [0x000000e823a2cfe0, 0x000000e823a2d4f0]
Event: 230.695 Thread 0x000000e8358a1ce0 12411   !   4       sun.nio.fs.WindowsPath::getPathForWin32Calls (135 bytes)
Event: 230.698 Thread 0x000000e8358a1ce0 nmethod 12411 0x000000e823a2da10 code [0x000000e823a2dba0, 0x000000e823a2dcb8]
Event: 230.716 Thread 0x000000e8358a1ce0 12412       4       sun.nio.fs.NativeBuffer::release (5 bytes)
Event: 230.743 Thread 0x000000e8358a1ce0 nmethod 12412 0x000000e823a2de10 code [0x000000e823a2e000, 0x000000e823a2e6b0]
Event: 230.786 Thread 0x000000e8358a1ce0 12413   !   4       java.nio.ByteBuffer::putBuffer (142 bytes)
Event: 230.797 Thread 0x000000e831c15070 nmethod 12410 0x000000e823a2ec90 code [0x000000e823a2efa0, 0x000000e823a30818]
Event: 230.797 Thread 0x000000e831c15070 12414       4       java.nio.ByteBuffer::put (124 bytes)
Event: 230.798 Thread 0x000000e8358a1ce0 nmethod 12413 0x000000e823a32210 code [0x000000e823a323a0, 0x000000e823a326b8]

GC Heap History (20 events):
Event: 52.835 GC heap after
{Heap after GC invocations=35 (full 0):
 garbage-first heap   total 119808K, used 70705K [0x0000000080000000, 0x0000000100000000)
  region size 1024K, 3 young (3072K), 3 survivors (3072K)
 Metaspace       used 69354K, committed 70016K, reserved 1114112K
  class space    used 9535K, committed 9856K, reserved 1048576K
}
Event: 54.108 GC heap before
{Heap before GC invocations=35 (full 0):
 garbage-first heap   total 119808K, used 95281K [0x0000000080000000, 0x0000000100000000)
  region size 1024K, 28 young (28672K), 3 survivors (3072K)
 Metaspace       used 69541K, committed 70144K, reserved 1114112K
  class space    used 9539K, committed 9856K, reserved 1048576K
}
Event: 54.121 GC heap after
{Heap after GC invocations=36 (full 0):
 garbage-first heap   total 144384K, used 72005K [0x0000000080000000, 0x0000000100000000)
  region size 1024K, 4 young (4096K), 4 survivors (4096K)
 Metaspace       used 69541K, committed 70144K, reserved 1114112K
  class space    used 9539K, committed 9856K, reserved 1048576K
}
Event: 56.200 GC heap before
{Heap before GC invocations=37 (full 0):
 garbage-first heap   total 144384K, used 113989K [0x0000000080000000, 0x0000000100000000)
  region size 1024K, 46 young (47104K), 4 survivors (4096K)
 Metaspace       used 70246K, committed 70848K, reserved 1114112K
  class space    used 9595K, committed 9920K, reserved 1048576K
}
Event: 56.218 GC heap after
{Heap after GC invocations=38 (full 0):
 garbage-first heap   total 144384K, used 75429K [0x0000000080000000, 0x0000000100000000)
  region size 1024K, 5 young (5120K), 5 survivors (5120K)
 Metaspace       used 70246K, committed 70848K, reserved 1114112K
  class space    used 9595K, committed 9920K, reserved 1048576K
}
Event: 56.243 GC heap before
{Heap before GC invocations=38 (full 0):
 garbage-first heap   total 144384K, used 77477K [0x0000000080000000, 0x0000000100000000)
  region size 1024K, 7 young (7168K), 5 survivors (5120K)
 Metaspace       used 70246K, committed 70848K, reserved 1114112K
  class space    used 9595K, committed 9920K, reserved 1048576K
}
Event: 56.256 GC heap after
{Heap after GC invocations=39 (full 0):
 garbage-first heap   total 144384K, used 76326K [0x0000000080000000, 0x0000000100000000)
  region size 1024K, 1 young (1024K), 1 survivors (1024K)
 Metaspace       used 70246K, committed 70848K, reserved 1114112K
  class space    used 9595K, committed 9920K, reserved 1048576K
}
Event: 58.036 GC heap before
{Heap before GC invocations=39 (full 0):
 garbage-first heap   total 144384K, used 116262K [0x0000000080000000, 0x0000000100000000)
  region size 1024K, 41 young (41984K), 1 survivors (1024K)
 Metaspace       used 71772K, committed 72384K, reserved 1114112K
  class space    used 9764K, committed 10048K, reserved 1048576K
}
Event: 58.053 GC heap after
{Heap after GC invocations=40 (full 0):
 garbage-first heap   total 144384K, used 79157K [0x0000000080000000, 0x0000000100000000)
  region size 1024K, 4 young (4096K), 4 survivors (4096K)
 Metaspace       used 71772K, committed 72384K, reserved 1114112K
  class space    used 9764K, committed 10048K, reserved 1048576K
}
Event: 61.170 GC heap before
{Heap before GC invocations=41 (full 0):
 garbage-first heap   total 144384K, used 117045K [0x0000000080000000, 0x0000000100000000)
  region size 1024K, 42 young (43008K), 4 survivors (4096K)
 Metaspace       used 78583K, committed 79232K, reserved 1122304K
  class space    used 10619K, committed 10944K, reserved 1048576K
}
Event: 61.189 GC heap after
{Heap after GC invocations=42 (full 0):
 garbage-first heap   total 144384K, used 81730K [0x0000000080000000, 0x0000000100000000)
  region size 1024K, 3 young (3072K), 3 survivors (3072K)
 Metaspace       used 78583K, committed 79232K, reserved 1122304K
  class space    used 10619K, committed 10944K, reserved 1048576K
}
Event: 61.315 GC heap before
{Heap before GC invocations=42 (full 0):
 garbage-first heap   total 144384K, used 85826K [0x0000000080000000, 0x0000000100000000)
  region size 1024K, 7 young (7168K), 3 survivors (3072K)
 Metaspace       used 78591K, committed 79232K, reserved 1122304K
  class space    used 10620K, committed 10944K, reserved 1048576K
}
Event: 61.332 GC heap after
{Heap after GC invocations=43 (full 0):
 garbage-first heap   total 144384K, used 81869K [0x0000000080000000, 0x0000000100000000)
  region size 1024K, 1 young (1024K), 1 survivors (1024K)
 Metaspace       used 78591K, committed 79232K, reserved 1122304K
  class space    used 10620K, committed 10944K, reserved 1048576K
}
Event: 108.048 GC heap before
{Heap before GC invocations=43 (full 0):
 garbage-first heap   total 144384K, used 117709K [0x0000000080000000, 0x0000000100000000)
  region size 1024K, 37 young (37888K), 1 survivors (1024K)
 Metaspace       used 79168K, committed 79808K, reserved 1122304K
  class space    used 10692K, committed 11008K, reserved 1048576K
}
Event: 108.060 GC heap after
{Heap after GC invocations=44 (full 0):
 garbage-first heap   total 144384K, used 83625K [0x0000000080000000, 0x0000000100000000)
  region size 1024K, 3 young (3072K), 3 survivors (3072K)
 Metaspace       used 79168K, committed 79808K, reserved 1122304K
  class space    used 10692K, committed 11008K, reserved 1048576K
}
Event: 226.558 GC heap before
{Heap before GC invocations=45 (full 0):
 garbage-first heap   total 144384K, used 118441K [0x0000000080000000, 0x0000000100000000)
  region size 1024K, 38 young (38912K), 3 survivors (3072K)
 Metaspace       used 79912K, committed 80576K, reserved 1122304K
  class space    used 10707K, committed 11008K, reserved 1048576K
}
Event: 226.579 GC heap after
{Heap after GC invocations=46 (full 0):
 garbage-first heap   total 144384K, used 87943K [0x0000000080000000, 0x0000000100000000)
  region size 1024K, 5 young (5120K), 5 survivors (5120K)
 Metaspace       used 79912K, committed 80576K, reserved 1122304K
  class space    used 10707K, committed 11008K, reserved 1048576K
}
Event: 226.664 GC heap before
{Heap before GC invocations=46 (full 0):
 garbage-first heap   total 144384K, used 89991K [0x0000000080000000, 0x0000000100000000)
  region size 1024K, 7 young (7168K), 5 survivors (5120K)
 Metaspace       used 79929K, committed 80576K, reserved 1122304K
  class space    used 10707K, committed 11008K, reserved 1048576K
}
Event: 226.691 GC heap after
{Heap after GC invocations=47 (full 0):
 garbage-first heap   total 144384K, used 88569K [0x0000000080000000, 0x0000000100000000)
  region size 1024K, 1 young (1024K), 1 survivors (1024K)
 Metaspace       used 79929K, committed 80576K, reserved 1122304K
  class space    used 10707K, committed 11008K, reserved 1048576K
}
Event: 230.798 GC heap before
{Heap before GC invocations=47 (full 0):
 garbage-first heap   total 144384K, used 120313K [0x0000000080000000, 0x0000000100000000)
  region size 1024K, 31 young (31744K), 1 survivors (1024K)
 Metaspace       used 80183K, committed 80768K, reserved 1122304K
  class space    used 10725K, committed 11008K, reserved 1048576K
}

Deoptimization events (20 events):
Event: 229.169 Thread 0x000000e83af79d60 Uncommon trap: trap_request=0xffffff45 fr.pc=0x000000e8235306b4 relative=0x0000000000003414
Event: 229.169 Thread 0x000000e83af79d60 Uncommon trap: reason=unstable_if action=reinterpret pc=0x000000e8235306b4 method=java.util.regex.Pattern.split(Ljava/lang/CharSequence;I)[Ljava/lang/String; @ 230 c2
Event: 229.169 Thread 0x000000e83af79d60 DEOPT PACKING pc=0x000000e8235306b4 sp=0x000000e836f552f0
Event: 229.169 Thread 0x000000e83af79d60 DEOPT UNPACKING pc=0x000000e81b8723a3 sp=0x000000e836f552f8 mode 2
Event: 229.628 Thread 0x000000e83af79d60 Uncommon trap: trap_request=0xffffff45 fr.pc=0x000000e8234e7188 relative=0x0000000000002e88
Event: 229.628 Thread 0x000000e83af79d60 Uncommon trap: reason=unstable_if action=reinterpret pc=0x000000e8234e7188 method=java.util.jar.Manifest$FastInputStream.readLine([BII)I @ 106 c2
Event: 229.628 Thread 0x000000e83af79d60 DEOPT PACKING pc=0x000000e8234e7188 sp=0x000000e836f54860
Event: 229.628 Thread 0x000000e83af79d60 DEOPT UNPACKING pc=0x000000e81b8723a3 sp=0x000000e836f54728 mode 2
Event: 229.628 Thread 0x000000e83af79d60 Uncommon trap: trap_request=0xffffff45 fr.pc=0x000000e8233148bc relative=0x000000000000047c
Event: 229.628 Thread 0x000000e83af79d60 Uncommon trap: reason=unstable_if action=reinterpret pc=0x000000e8233148bc method=java.util.jar.Manifest$FastInputStream.readLine([BII)I @ 106 c2
Event: 229.628 Thread 0x000000e83af79d60 DEOPT PACKING pc=0x000000e8233148bc sp=0x000000e836f54660
Event: 229.628 Thread 0x000000e83af79d60 DEOPT UNPACKING pc=0x000000e81b8723a3 sp=0x000000e836f545f0 mode 2
Event: 229.638 Thread 0x000000e83af79d60 Uncommon trap: trap_request=0xffffff45 fr.pc=0x000000e8234b1000 relative=0x00000000000012e0
Event: 229.638 Thread 0x000000e83af79d60 Uncommon trap: reason=unstable_if action=reinterpret pc=0x000000e8234b1000 method=java.lang.String.<init>([BIILjava/nio/charset/Charset;)V @ 18 c2
Event: 229.638 Thread 0x000000e83af79d60 DEOPT PACKING pc=0x000000e8234b1000 sp=0x000000e836f54ae0
Event: 229.639 Thread 0x000000e83af79d60 DEOPT UNPACKING pc=0x000000e81b8723a3 sp=0x000000e836f54a98 mode 2
Event: 229.964 Thread 0x000000e83af79d60 Uncommon trap: trap_request=0xffffff45 fr.pc=0x000000e823a038fc relative=0x000000000000129c
Event: 229.964 Thread 0x000000e83af79d60 Uncommon trap: reason=unstable_if action=reinterpret pc=0x000000e823a038fc method=jdk.nio.zipfs.ZipFileSystem.makeParentDirs(Ljdk/nio/zipfs/ZipFileSystem$IndexNode;Ljdk/nio/zipfs/ZipFileSystem$IndexNode;)V @ 62 c2
Event: 229.964 Thread 0x000000e83af79d60 DEOPT PACKING pc=0x000000e823a038fc sp=0x000000e836f54a60
Event: 229.964 Thread 0x000000e83af79d60 DEOPT UNPACKING pc=0x000000e81b8723a3 sp=0x000000e836f54a58 mode 2

Classes unloaded (2 events):
Event: 58.444 Thread 0x000000e831bfb720 Unloading class 0x0000000801590800 'java/lang/invoke/LambdaForm$DMH+0x0000000801590800'
Event: 58.444 Thread 0x000000e831bfb720 Unloading class 0x0000000801590400 'java/lang/invoke/LambdaForm$DMH+0x0000000801590400'

Classes redefined (0 events):
No events

Internal exceptions (20 events):
Event: 63.316 Thread 0x000000e8348eca90 Implicit null exception at 0x000000e823895c13 to 0x000000e823895ee8
Event: 63.724 Thread 0x000000e835a01030 Exception <a 'java/lang/NoSuchMethodError'{0x0000000086936b88}: static Lorg/gradle/tooling/internal/provider/serialization/ClassLoaderDetails;.<clinit>()V> (0x0000000086936b88) 
thrown [c:\jenkins\workspace\zulu17-build-win64\zulu-src.git\src\hotspot\share\prims\jni.cpp, line 1107]
Event: 63.728 Thread 0x000000e835a01030 Exception <a 'java/lang/NoSuchMethodError'{0x0000000086946de0}: static Lorg/gradle/tooling/internal/provider/serialization/WellKnownClassLoaderRegistry$KnownClassLoaderSpec;.<clinit>()V> (0x0000000086946de0) 
thrown [c:\jenkins\workspace\zulu17-build-win64\zulu-src.git\src\hotspot\share\prims\jni.cpp, line 1107]
Event: 63.729 Thread 0x000000e835a01030 Exception <a 'java/lang/NoSuchMethodError'{0x0000000086948458}: static Lorg/gradle/internal/classloader/ClassLoaderSpec;.<clinit>()V> (0x0000000086948458) 
thrown [c:\jenkins\workspace\zulu17-build-win64\zulu-src.git\src\hotspot\share\prims\jni.cpp, line 1107]
Event: 63.776 Thread 0x000000e835a01030 Exception <a 'java/lang/NoSuchMethodError'{0x0000000086959f38}: static Lorg/gradle/internal/classloader/ClassLoaderSpec;.<clinit>()V> (0x0000000086959f38) 
thrown [c:\jenkins\workspace\zulu17-build-win64\zulu-src.git\src\hotspot\share\prims\jni.cpp, line 1107]
Event: 63.778 Thread 0x000000e835a01030 Exception <a 'java/lang/NoSuchMethodError'{0x00000000869658f0}: static Lorg/gradle/internal/classloader/VisitableURLClassLoader$Spec;.<clinit>()V> (0x00000000869658f0) 
thrown [c:\jenkins\workspace\zulu17-build-win64\zulu-src.git\src\hotspot\share\prims\jni.cpp, line 1107]
Event: 63.785 Thread 0x000000e835a01030 Exception <a 'java/lang/NoSuchMethodError'{0x000000008697a7f0}: static [Ljava/net/URL;.<clinit>()V> (0x000000008697a7f0) 
thrown [c:\jenkins\workspace\zulu17-build-win64\zulu-src.git\src\hotspot\share\prims\jni.cpp, line 1107]
Event: 222.553 Thread 0x000000e83af79d60 Implicit null exception at 0x000000e82351d644 to 0x000000e82351e0fc
Event: 222.948 Thread 0x000000e83af79850 Exception <a 'java/lang/NoSuchMethodError'{0x000000008884dbc0}: static Lorg/gradle/launcher/daemon/protocol/Command;.<clinit>()V> (0x000000008884dbc0) 
thrown [c:\jenkins\workspace\zulu17-build-win64\zulu-src.git\src\hotspot\share\prims\jni.cpp, line 1107]
Event: 222.950 Thread 0x000000e83af79850 Exception <a 'java/lang/NoSuchMethodError'{0x00000000888558c0}: static Lorg/gradle/launcher/daemon/protocol/InvalidateVirtualFileSystem;.<clinit>()V> (0x00000000888558c0) 
thrown [c:\jenkins\workspace\zulu17-build-win64\zulu-src.git\src\hotspot\share\prims\jni.cpp, line 1107]
Event: 224.994 Thread 0x000000e83af79d60 Exception <a 'sun/nio/fs/WindowsException'{0x0000000087631a98}> (0x0000000087631a98) 
thrown [c:\jenkins\workspace\zulu17-build-win64\zulu-src.git\src\hotspot\share\prims\jni.cpp, line 516]
Event: 225.329 Thread 0x000000e83af79d60 Exception <a 'java/lang/NoClassDefFoundError'{0x00000000874c96a8}: org/jetbrains/kotlin/gradle/plugin/KotlinBasePluginWrapper> (0x00000000874c96a8) 
thrown [c:\jenkins\workspace\zulu17-build-win64\zulu-src.git\src\hotspot\share\oops\constantPool.cpp, line 835]
Event: 225.707 Thread 0x000000e83af79d60 Exception <a 'sun/nio/fs/WindowsException'{0x000000008710ecf8}> (0x000000008710ecf8) 
thrown [c:\jenkins\workspace\zulu17-build-win64\zulu-src.git\src\hotspot\share\prims\jni.cpp, line 516]
Event: 225.769 Thread 0x000000e83af79d60 Exception <a 'sun/nio/fs/WindowsException'{0x00000000871b2fe8}> (0x00000000871b2fe8) 
thrown [c:\jenkins\workspace\zulu17-build-win64\zulu-src.git\src\hotspot\share\prims\jni.cpp, line 516]
Event: 225.770 Thread 0x000000e83af79d60 Exception <a 'sun/nio/fs/WindowsException'{0x00000000871b4610}> (0x00000000871b4610) 
thrown [c:\jenkins\workspace\zulu17-build-win64\zulu-src.git\src\hotspot\share\prims\jni.cpp, line 516]
Event: 225.770 Thread 0x000000e83af79d60 Exception <a 'sun/nio/fs/WindowsException'{0x00000000871b59d8}> (0x00000000871b59d8) 
thrown [c:\jenkins\workspace\zulu17-build-win64\zulu-src.git\src\hotspot\share\prims\jni.cpp, line 516]
Event: 225.771 Thread 0x000000e83af79d60 Exception <a 'sun/nio/fs/WindowsException'{0x00000000871b6da0}> (0x00000000871b6da0) 
thrown [c:\jenkins\workspace\zulu17-build-win64\zulu-src.git\src\hotspot\share\prims\jni.cpp, line 516]
Event: 229.435 Thread 0x000000e83af79d60 Exception <a 'sun/nio/fs/WindowsException'{0x0000000087814580}> (0x0000000087814580) 
thrown [c:\jenkins\workspace\zulu17-build-win64\zulu-src.git\src\hotspot\share\prims\jni.cpp, line 516]
Event: 229.435 Thread 0x000000e83af79d60 Exception <a 'sun/nio/fs/WindowsException'{0x00000000878147c0}> (0x00000000878147c0) 
thrown [c:\jenkins\workspace\zulu17-build-win64\zulu-src.git\src\hotspot\share\prims\jni.cpp, line 516]
Event: 229.964 Thread 0x000000e83af79d60 Implicit null exception at 0x000000e823a02a20 to 0x000000e823a038ec

VM Operations (20 events):
Event: 225.292 Executing VM operation: Cleanup done
Event: 225.990 Executing VM operation: ICBufferFull
Event: 225.990 Executing VM operation: ICBufferFull done
Event: 226.272 Executing VM operation: ICBufferFull
Event: 226.272 Executing VM operation: ICBufferFull done
Event: 226.548 Executing VM operation: ICBufferFull
Event: 226.548 Executing VM operation: ICBufferFull done
Event: 226.558 Executing VM operation: G1CollectForAllocation
Event: 226.579 Executing VM operation: G1CollectForAllocation done
Event: 226.664 Executing VM operation: G1CollectForAllocation
Event: 226.692 Executing VM operation: G1CollectForAllocation done
Event: 227.693 Executing VM operation: Cleanup
Event: 227.715 Executing VM operation: Cleanup done
Event: 228.716 Executing VM operation: Cleanup
Event: 228.716 Executing VM operation: Cleanup done
Event: 229.716 Executing VM operation: Cleanup
Event: 229.716 Executing VM operation: Cleanup done
Event: 230.716 Executing VM operation: Cleanup
Event: 230.716 Executing VM operation: Cleanup done
Event: 230.798 Executing VM operation: G1CollectForAllocation

Events (20 events):
Event: 224.306 Thread 0x000000e8348ed4b0 Thread added: 0x000000e8348ed4b0
Event: 224.306 Thread 0x000000e8348eac30 Thread added: 0x000000e8348eac30
Event: 224.306 Thread 0x000000e8348ea210 Thread added: 0x000000e8348ea210
Event: 224.306 Thread 0x000000e8348eb140 Thread added: 0x000000e8348eb140
Event: 224.307 Thread 0x000000e8348eb650 Thread added: 0x000000e8348eb650
Event: 224.307 Thread 0x000000e8348eca90 Thread added: 0x000000e8348eca90
Event: 224.307 Thread 0x000000e8348ecfa0 Thread added: 0x000000e8348ecfa0
Event: 224.307 Thread 0x000000e83505ab50 Thread added: 0x000000e83505ab50
Event: 224.308 Thread 0x000000e83505b570 Thread added: 0x000000e83505b570
Event: 224.308 Thread 0x000000e83505b060 Thread added: 0x000000e83505b060
Event: 224.308 Thread 0x000000e83505ba80 Thread added: 0x000000e83505ba80
Event: 224.308 Thread 0x000000e83505bf90 Thread added: 0x000000e83505bf90
Event: 224.308 Thread 0x000000e83505ed20 Thread added: 0x000000e83505ed20
Event: 225.993 Thread 0x000000e83505fc50 Thread added: 0x000000e83505fc50
Event: 225.995 Thread 0x000000e83505d3d0 Thread added: 0x000000e83505d3d0
Event: 225.995 Thread 0x000000e83505c4a0 Thread added: 0x000000e83505c4a0
Event: 225.996 Thread 0x000000e83505e810 Thread added: 0x000000e83505e810
Event: 225.998 Thread 0x000000e83505f740 Thread added: 0x000000e83505f740
Event: 230.568 loading class jdk/internal/misc/ScopedMemoryAccess$Scope$Handle
Event: 230.569 loading class jdk/internal/misc/ScopedMemoryAccess$Scope$Handle done


Dynamic libraries:
0x00007ff63dca0000 - 0x00007ff63dcae000 	C:\Users\USER\.jdks\azul-17.0.3\bin\java.exe
0x00007ffd3ebf0000 - 0x00007ffd3ed9c000 	C:\Windows\SYSTEM32\ntdll.dll
0x00007ffd3e180000 - 0x00007ffd3e2be000 	C:\Windows\system32\KERNEL32.DLL
0x00007ffd3bf70000 - 0x00007ffd3c085000 	C:\Windows\system32\KERNELBASE.dll
0x00007ffd33480000 - 0x00007ffd33498000 	C:\Users\USER\.jdks\azul-17.0.3\bin\jli.dll
0x00007ffd33460000 - 0x00007ffd3347b000 	C:\Users\USER\.jdks\azul-17.0.3\bin\VCRUNTIME140.dll
0x00007ffd33450000 - 0x00007ffd33455000 	C:\Users\USER\.jdks\azul-17.0.3\bin\api-ms-win-crt-stdio-l1-1-0.dll
0x00007ffd31ca0000 - 0x00007ffd31ca5000 	C:\Users\USER\.jdks\azul-17.0.3\bin\api-ms-win-crt-runtime-l1-1-0.dll
0x00007ffd2e1d0000 - 0x00007ffd2e1d4000 	C:\Users\USER\.jdks\azul-17.0.3\bin\api-ms-win-crt-environment-l1-1-0.dll
0x00007ffd2dfe0000 - 0x00007ffd2dfe6000 	C:\Users\USER\.jdks\azul-17.0.3\bin\api-ms-win-crt-math-l1-1-0.dll
0x00007ffd2ba80000 - 0x00007ffd2ba84000 	C:\Users\USER\.jdks\azul-17.0.3\bin\api-ms-win-crt-locale-l1-1-0.dll
0x00007ffd2b6b0000 - 0x00007ffd2b6b4000 	C:\Users\USER\.jdks\azul-17.0.3\bin\api-ms-win-crt-heap-l1-1-0.dll
0x00007ffd387d0000 - 0x00007ffd38a4b000 	C:\Windows\WinSxS\amd64_microsoft.windows.common-controls_6595b64144ccf1df_6.0.9600.17415_none_6240486fecbd8abb\COMCTL32.dll
0x00007ffd3e3f0000 - 0x00007ffd3e567000 	C:\Windows\system32\USER32.dll
0x00007ffd2b6a0000 - 0x00007ffd2b6a4000 	C:\Users\USER\.jdks\azul-17.0.3\bin\api-ms-win-crt-filesystem-l1-1-0.dll
0x00007ffd2b590000 - 0x00007ffd2b595000 	C:\Users\USER\.jdks\azul-17.0.3\bin\api-ms-win-crt-string-l1-1-0.dll
0x00007ffd2b580000 - 0x00007ffd2b585000 	C:\Users\USER\.jdks\azul-17.0.3\bin\api-ms-win-crt-convert-l1-1-0.dll
0x00007ffd3c590000 - 0x00007ffd3c63a000 	C:\Windows\system32\msvcrt.dll
0x00007ffd3e790000 - 0x00007ffd3e8e1000 	C:\Windows\system32\GDI32.dll
0x00007ffd1c6d0000 - 0x00007ffd1c7e0000 	C:\Users\USER\.jdks\azul-17.0.3\bin\ucrtbase.DLL
0x00007ffd3ddf0000 - 0x00007ffd3de26000 	C:\Windows\system32\IMM32.DLL
0x00007ffd3dc90000 - 0x00007ffd3dde3000 	C:\Windows\system32\MSCTF.dll
0x00007ffd2b570000 - 0x00007ffd2b57c000 	C:\Users\USER\.jdks\azul-17.0.3\bin\vcruntime140_1.dll
0x00007ffd1ce10000 - 0x00007ffd1ce9d000 	C:\Users\USER\.jdks\azul-17.0.3\bin\msvcp140.dll
0x00007ffd2b560000 - 0x00007ffd2b564000 	C:\Users\USER\.jdks\azul-17.0.3\bin\api-ms-win-crt-time-l1-1-0.dll
0x00007ffd2b550000 - 0x00007ffd2b554000 	C:\Users\USER\.jdks\azul-17.0.3\bin\api-ms-win-crt-utility-l1-1-0.dll
0x00007ffd0fcf0000 - 0x00007ffd10958000 	C:\Users\USER\.jdks\azul-17.0.3\bin\server\jvm.dll
0x00007ffd3eae0000 - 0x00007ffd3eb8a000 	C:\Windows\system32\ADVAPI32.dll
0x00007ffd32e60000 - 0x00007ffd32e69000 	C:\Windows\SYSTEM32\WSOCK32.dll
0x00007ffd36d50000 - 0x00007ffd36d72000 	C:\Windows\SYSTEM32\WINMM.dll
0x00007ffd331d0000 - 0x00007ffd331da000 	C:\Windows\SYSTEM32\VERSION.dll
0x00007ffd3e320000 - 0x00007ffd3e327000 	C:\Windows\system32\PSAPI.DLL
0x00007ffd3e2c0000 - 0x00007ffd3e319000 	C:\Windows\SYSTEM32\sechost.dll
0x00007ffd3e030000 - 0x00007ffd3e171000 	C:\Windows\system32\RPCRT4.dll
0x00007ffd3dfd0000 - 0x00007ffd3e02a000 	C:\Windows\system32\WS2_32.dll
0x00007ffd36c30000 - 0x00007ffd36c5a000 	C:\Windows\SYSTEM32\WINMMBASE.dll
0x00007ffd3c4f0000 - 0x00007ffd3c4f9000 	C:\Windows\system32\NSI.dll
0x00007ffd3be10000 - 0x00007ffd3be5f000 	C:\Windows\SYSTEM32\cfgmgr32.dll
0x00007ffd3ab40000 - 0x00007ffd3ab68000 	C:\Windows\SYSTEM32\DEVOBJ.dll
0x00007ffd2b540000 - 0x00007ffd2b54a000 	C:\Users\USER\.jdks\azul-17.0.3\bin\jimage.dll
0x00007ffd374b0000 - 0x00007ffd3763a000 	C:\Windows\SYSTEM32\DBGHELP.DLL
0x00007ffd2b330000 - 0x00007ffd2b355000 	C:\Users\USER\.jdks\azul-17.0.3\bin\java.dll
0x00007ffd1ab80000 - 0x00007ffd1ac57000 	C:\Users\USER\.jdks\azul-17.0.3\bin\jsvml.dll
0x00007ffd3c640000 - 0x00007ffd3db59000 	C:\Windows\system32\SHELL32.dll
0x00007ffd3e570000 - 0x00007ffd3e781000 	C:\Windows\SYSTEM32\combase.dll
0x00007ffd3c500000 - 0x00007ffd3c554000 	C:\Windows\system32\SHLWAPI.dll
0x00007ffd39ed0000 - 0x00007ffd39f82000 	C:\Windows\SYSTEM32\SHCORE.dll
0x00007ffd3bd40000 - 0x00007ffd3bd55000 	C:\Windows\SYSTEM32\profapi.dll
0x00007ffd2b310000 - 0x00007ffd2b329000 	C:\Users\USER\.jdks\azul-17.0.3\bin\net.dll
0x00007ffd33f70000 - 0x00007ffd34039000 	C:\Windows\SYSTEM32\WINHTTP.dll
0x00007ffd3b560000 - 0x00007ffd3b5b9000 	C:\Windows\system32\mswsock.dll
0x00007ffd1cdf0000 - 0x00007ffd1ce06000 	C:\Users\USER\.jdks\azul-17.0.3\bin\nio.dll
0x00007ffd1b3c0000 - 0x00007ffd1b3d8000 	C:\Users\USER\.jdks\azul-17.0.3\bin\zip.dll
0x00007ffd2aab0000 - 0x00007ffd2aac0000 	C:\Users\USER\.jdks\azul-17.0.3\bin\verify.dll
0x00007ffd334a0000 - 0x00007ffd334c7000 	C:\Users\USER\.gradle\native\e1d6ef7f7dcc3fd88c89a11ec53ec762bb8ba0a96d01ffa2cd45eb1d1d8dd5c5\windows-amd64\native-platform.dll
0x00007ffd2aa60000 - 0x00007ffd2aa69000 	C:\Users\USER\.jdks\azul-17.0.3\bin\management.dll
0x00007ffd1cdb0000 - 0x00007ffd1cdbb000 	C:\Users\USER\.jdks\azul-17.0.3\bin\management_ext.dll
0x00007ffd3b720000 - 0x00007ffd3b740000 	C:\Windows\SYSTEM32\CRYPTSP.dll
0x00007ffd3b330000 - 0x00007ffd3b366000 	C:\Windows\system32\rsaenh.dll
0x00007ffd3b8d0000 - 0x00007ffd3b8f6000 	C:\Windows\SYSTEM32\bcrypt.dll
0x00007ffd3b3c0000 - 0x00007ffd3b3e1000 	C:\Windows\SYSTEM32\USERENV.dll
0x00007ffd3bc10000 - 0x00007ffd3bc73000 	C:\Windows\system32\bcryptprimitives.dll
0x00007ffd3bc80000 - 0x00007ffd3bc8b000 	C:\Windows\SYSTEM32\CRYPTBASE.dll
0x00007ffd361e0000 - 0x00007ffd3620a000 	C:\Windows\SYSTEM32\IPHLPAPI.DLL
0x00007ffd361b0000 - 0x00007ffd361ba000 	C:\Windows\SYSTEM32\WINNSI.DLL
0x00007ffd355c0000 - 0x00007ffd355d6000 	C:\Windows\SYSTEM32\dhcpcsvc6.DLL
0x00007ffd357d0000 - 0x00007ffd357ea000 	C:\Windows\SYSTEM32\dhcpcsvc.DLL
0x00007ffd1b3b0000 - 0x00007ffd1b3bd000 	C:\Users\USER\.jdks\azul-17.0.3\bin\sunmscapi.dll
0x00007ffd3c090000 - 0x00007ffd3c26f000 	C:\Windows\system32\CRYPT32.dll
0x00007ffd3b860000 - 0x00007ffd3b885000 	C:\Windows\SYSTEM32\ncrypt.dll
0x00007ffd3bdf0000 - 0x00007ffd3be01000 	C:\Windows\system32\MSASN1.dll
0x00007ffd3b820000 - 0x00007ffd3b857000 	C:\Windows\SYSTEM32\NTASN1.dll

dbghelp: loaded successfully - version: 4.0.5 - missing functions: none
symbol engine: initialized successfully - sym options: 0x614 - pdb path: .;C:\Users\USER\.jdks\azul-17.0.3\bin;C:\Windows\SYSTEM32;C:\Windows\WinSxS\amd64_microsoft.windows.common-controls_6595b64144ccf1df_6.0.9600.17415_none_6240486fecbd8abb;C:\Users\USER\.jdks\azul-17.0.3\bin\server;C:\Users\USER\.gradle\native\e1d6ef7f7dcc3fd88c89a11ec53ec762bb8ba0a96d01ffa2cd45eb1d1d8dd5c5\windows-amd64

VM Arguments:
jvm_args: --add-opens=java.base/java.util=ALL-UNNAMED --add-opens=java.base/java.lang=ALL-UNNAMED --add-opens=java.base/java.lang.invoke=ALL-UNNAMED --add-opens=java.base/java.util=ALL-UNNAMED --add-opens=java.prefs/java.util.prefs=ALL-UNNAMED --add-opens=java.prefs/java.util.prefs=ALL-UNNAMED --add-opens=java.base/java.nio.charset=ALL-UNNAMED --add-opens=java.base/java.net=ALL-UNNAMED --add-opens=java.base/java.util.concurrent.atomic=ALL-UNNAMED -Xmx2048m -Dfile.encoding=UTF-8 -Duser.country=US -Duser.language=en -Duser.variant 
java_command: org.gradle.launcher.daemon.bootstrap.GradleDaemon 7.2
java_class_path (initial): C:\Users\USER\.gradle\wrapper\dists\gradle-7.2-bin\2dnblmf4td7x66yl1d74lt32g\gradle-7.2\lib\gradle-launcher-7.2.jar
Launcher Type: SUN_STANDARD

[Global flags]
     intx CICompilerCount                          = 3                                         {product} {ergonomic}
     uint ConcGCThreads                            = 1                                         {product} {ergonomic}
     uint G1ConcRefinementThreads                  = 4                                         {product} {ergonomic}
   size_t G1HeapRegionSize                         = 1048576                                   {product} {ergonomic}
    uintx GCDrainStackTargetSize                   = 64                                        {product} {ergonomic}
   size_t InitialHeapSize                          = 134217728                                 {product} {ergonomic}
   size_t MarkStackSize                            = 4194304                                   {product} {ergonomic}
   size_t MaxHeapSize                              = 2147483648                                {product} {command line}
   size_t MaxNewSize                               = 1287651328                                {product} {ergonomic}
   size_t MinHeapDeltaBytes                        = 1048576                                   {product} {ergonomic}
   size_t MinHeapSize                              = 8388608                                   {product} {ergonomic}
    uintx NonNMethodCodeHeapSize                   = 5832780                                {pd product} {ergonomic}
    uintx NonProfiledCodeHeapSize                  = 122912730                              {pd product} {ergonomic}
    uintx ProfiledCodeHeapSize                     = 122912730                              {pd product} {ergonomic}
    uintx ReservedCodeCacheSize                    = 251658240                              {pd product} {ergonomic}
     bool SegmentedCodeCache                       = true                                      {product} {ergonomic}
   size_t SoftMaxHeapSize                          = 2147483648                             {manageable} {ergonomic}
     bool UseCompressedClassPointers               = true                           {product lp64_product} {ergonomic}
     bool UseCompressedOops                        = true                           {product lp64_product} {ergonomic}
     bool UseG1GC                                  = true                                      {product} {ergonomic}
     bool UseLargePagesIndividualAllocation        = false                                  {pd product} {ergonomic}

Logging:
Log output configuration:
 #0: stdout all=warning uptime,level,tags
 #1: stderr all=off uptime,level,tags

Environment Variables:
JAVA_HOME=C:\Program Files\Zulu\zulu-18\
PATH=C:\Program Files\Zulu\zulu-18\bin\;C:\Windows\system32;C:\Windows;C:\Windows\System32\Wbem;C:\Windows\System32\WindowsPowerShell\v1.0\;C:\Program Files\Cloudflare\Cloudflare WARP\
USERNAME=USER
OS=Windows_NT
PROCESSOR_IDENTIFIER=Intel64 Family 6 Model 78 Stepping 3, GenuineIntel



---------------  S Y S T E M  ---------------

OS:
 Windows 8.1 , 64 bit Build 9600 (6.3.9600.17415)
OS uptime: 0 days 2:06 hours

CPU: total 4 (initial active 4) (2 cores per cpu, 2 threads per core) family 6 model 78 stepping 3 microcode 0xec, cx8, cmov, fxsr, ht, mmx, 3dnowpref, sse, sse2, sse3, ssse3, sse4.1, sse4.2, popcnt, lzcnt, tsc, tscinvbit, avx, avx2, aes, erms, clmul, bmi1, bmi2, rtm, adx, fma, vzeroupper, clflush, clflushopt

Memory: 4k page, system-wide physical 8083M (485M free)
TotalPageFile size 8083M (AvailPageFile size 23M)
current process WorkingSet (physical memory assigned to process): 393M, peak: 396M
current process commit charge ("private bytes"): 423M, peak: 609M

vm_info: OpenJDK 64-Bit Server VM (17.0.3+7-LTS) for windows-amd64 JRE (17.0.3+7-LTS) (Zulu17.34+19-CA), built on Apr 17 2022 09:18:41 by "zulu_re" with MS VC++ 16.10 / 16.11 (VS2019)

END.
