#
# There is insufficient memory for the Java Runtime Environment to continue.
# Native memory allocation (malloc) failed to allocate 2068896 bytes for Chunk::new
# Possible reasons:
#   The system is out of physical RAM or swap space
#   The process is running with CompressedOops enabled, and the Java Heap may be blocking the growth of the native heap
# Possible solutions:
#   Reduce memory load on the system
#   Increase physical memory or swap space
#   Check if swap backing store is full
#   Decrease Java heap size (-Xmx/-Xms)
#   Decrease number of Java threads
#   Decrease Java thread stack sizes (-Xss)
#   Set larger code cache with -XX:ReservedCodeCacheSize=
#   JVM is running with Unscaled Compressed Oops mode in which the Java heap is
#     placed in the first 4GB address space. The Java Heap base address is the
#     maximum limit for the native heap growth. Please use -XX:HeapBaseMinAddress
#     to set the Java Heap base and to place the Java Heap above 4GB virtual address.
# This output file may be truncated or incomplete.
#
#  Out of Memory Error (arena.cpp:189), pid=6688, tid=3180
#
# JRE version: OpenJDK Runtime Environment Zulu17.34+19-CA (17.0.3+7) (build 17.0.3+7-LTS)
# Java VM: OpenJDK 64-Bit Server VM Zulu17.34+19-CA (17.0.3+7-LTS, mixed mode, sharing, tiered, compressed oops, compressed class ptrs, g1 gc, windows-amd64)
# No core dump will be written. Minidumps are not enabled by default on client versions of Windows
#

---------------  S U M M A R Y ------------

Command Line: --add-opens=java.base/java.util=ALL-UNNAMED --add-opens=java.base/java.lang=ALL-UNNAMED --add-opens=java.base/java.lang.invoke=ALL-UNNAMED --add-opens=java.base/java.util=ALL-UNNAMED --add-opens=java.prefs/java.util.prefs=ALL-UNNAMED --add-opens=java.prefs/java.util.prefs=ALL-UNNAMED --add-opens=java.base/java.nio.charset=ALL-UNNAMED --add-opens=java.base/java.net=ALL-UNNAMED --add-opens=java.base/java.util.concurrent.atomic=ALL-UNNAMED -Xmx2048m -Dfile.encoding=UTF-8 -Duser.country=US -Duser.language=en -Duser.variant org.gradle.launcher.daemon.bootstrap.GradleDaemon 7.2

Host: Intel(R) Core(TM) i5-6300U CPU @ 2.40GHz, 4 cores, 7G,  Windows 8.1 , 64 bit Build 9600 (6.3.9600.17415)
Time: Mon Jun  6 22:40:29 2022 SE Asia Standard Time elapsed time: 11.024759 seconds (0d 0h 0m 11s)

---------------  T H R E A D  ---------------

Current thread (0x0000004e7effd570):  JavaThread "C2 CompilerThread0" daemon [_thread_in_native, id=3180, stack(0x0000004e1cc80000,0x0000004e1cd80000)]


Current CompileTask:
C2:  11024 2374   !   4       java.net.URLClassLoader::findClass (47 bytes)

Stack: [0x0000004e1cc80000,0x0000004e1cd80000]
Native frames: (J=compiled Java code, j=interpreted, Vv=VM code, C=native code)
V  [jvm.dll+0x67aeca]
V  [jvm.dll+0x836504]
V  [jvm.dll+0x837cae]
V  [jvm.dll+0x838313]
V  [jvm.dll+0x248cc5]
V  [jvm.dll+0xabf1b]
V  [jvm.dll+0xac4ac]
V  [jvm.dll+0x367657]
V  [jvm.dll+0x3312f1]
V  [jvm.dll+0x33079a]
V  [jvm.dll+0x218841]
V  [jvm.dll+0x217c61]
V  [jvm.dll+0x1a406d]
V  [jvm.dll+0x2275d8]
V  [jvm.dll+0x22572c]
V  [jvm.dll+0x7ebd4c]
V  [jvm.dll+0x7e62ea]
V  [jvm.dll+0x679d55]
C  [ucrtbase.DLL+0x26b4c]
C  [KERNEL32.DLL+0x13d2]
C  [ntdll.dll+0x703c4]


---------------  P R O C E S S  ---------------

Threads class SMR info:
_java_thread_list=0x0000004e1f4e2870, length=28, elements={
0x0000004e7db6eac0, 0x0000004e7efe6070, 0x0000004e7efe7910, 0x0000004e7efefcc0,
0x0000004e7eff0b40, 0x0000004e7eff2710, 0x0000004e7effa400, 0x0000004e7effd570,
0x0000004e7effde80, 0x0000004e7f0012f0, 0x0000004e7f001d10, 0x0000004e7f001800,
0x0000004e7f0008d0, 0x0000004e7f002220, 0x0000004e7efff490, 0x0000004e7f002730,
0x0000004e7efff9a0, 0x0000004e7efffeb0, 0x0000004e7f000de0, 0x0000004e7f0003c0,
0x0000004e7effef80, 0x0000004e1f209930, 0x0000004e1f207ad0, 0x0000004e1f209420,
0x0000004e1f209e40, 0x0000004e1f20a350, 0x0000004e1f20b280, 0x0000004e1ffa8670
}

Java Threads: ( => current thread )
  0x0000004e7db6eac0 JavaThread "main" [_thread_blocked, id=2168, stack(0x0000004e7d220000,0x0000004e7d320000)]
  0x0000004e7efe6070 JavaThread "Reference Handler" daemon [_thread_blocked, id=6040, stack(0x0000004e7fc00000,0x0000004e7fd00000)]
  0x0000004e7efe7910 JavaThread "Finalizer" daemon [_thread_blocked, id=4384, stack(0x0000004e7fd00000,0x0000004e7fe00000)]
  0x0000004e7efefcc0 JavaThread "Signal Dispatcher" daemon [_thread_blocked, id=3528, stack(0x0000004e7fe00000,0x0000004e7ff00000)]
  0x0000004e7eff0b40 JavaThread "Attach Listener" daemon [_thread_blocked, id=4444, stack(0x0000004e7ff00000,0x0000004e80000000)]
  0x0000004e7eff2710 JavaThread "Service Thread" daemon [_thread_blocked, id=1624, stack(0x0000004e1ca80000,0x0000004e1cb80000)]
  0x0000004e7effa400 JavaThread "Monitor Deflation Thread" daemon [_thread_blocked, id=980, stack(0x0000004e1cb80000,0x0000004e1cc80000)]
=>0x0000004e7effd570 JavaThread "C2 CompilerThread0" daemon [_thread_in_native, id=3180, stack(0x0000004e1cc80000,0x0000004e1cd80000)]
  0x0000004e7effde80 JavaThread "C1 CompilerThread0" daemon [_thread_blocked, id=132, stack(0x0000004e1cd80000,0x0000004e1ce80000)]
  0x0000004e7f0012f0 JavaThread "Sweeper thread" daemon [_thread_blocked, id=280, stack(0x0000004e1ce80000,0x0000004e1cf80000)]
  0x0000004e7f001d10 JavaThread "Common-Cleaner" daemon [_thread_blocked, id=6596, stack(0x0000004e1d380000,0x0000004e1d480000)]
  0x0000004e7f001800 JavaThread "Notification Thread" daemon [_thread_blocked, id=6536, stack(0x0000004e1d480000,0x0000004e1d580000)]
  0x0000004e7f0008d0 JavaThread "Daemon health stats" [_thread_blocked, id=7584, stack(0x0000004e20320000,0x0000004e20420000)]
  0x0000004e7f002220 JavaThread "Incoming local TCP Connector on port 52424" [_thread_in_native, id=8048, stack(0x0000004e1f250000,0x0000004e1f350000)]
  0x0000004e7efff490 JavaThread "Daemon periodic checks" [_thread_blocked, id=5212, stack(0x0000004e20700000,0x0000004e20800000)]
  0x0000004e7f002730 JavaThread "Daemon" [_thread_blocked, id=6744, stack(0x0000004e20800000,0x0000004e20900000)]
  0x0000004e7efff9a0 JavaThread "Handler for socket connection from /127.0.0.1:52424 to /127.0.0.1:52425" [_thread_in_native, id=2432, stack(0x0000004e20900000,0x0000004e20a00000)]
  0x0000004e7efffeb0 JavaThread "Cancel handler" [_thread_blocked, id=8172, stack(0x0000004e20a00000,0x0000004e20b00000)]
  0x0000004e7f000de0 JavaThread "Daemon worker" [_thread_in_native, id=6684, stack(0x0000004e21400000,0x0000004e21500000)]
  0x0000004e7f0003c0 JavaThread "Asynchronous log dispatcher for DefaultDaemonConnection: socket connection from /127.0.0.1:52424 to /127.0.0.1:52425" [_thread_blocked, id=3772, stack(0x0000004e21500000,0x0000004e21600000)]
  0x0000004e7effef80 JavaThread "Stdin handler" [_thread_blocked, id=6476, stack(0x0000004e21600000,0x0000004e21700000)]
  0x0000004e1f209930 JavaThread "Daemon client event forwarder" [_thread_blocked, id=6600, stack(0x0000004e21700000,0x0000004e21800000)]
  0x0000004e1f207ad0 JavaThread "Cache worker for journal cache (C:\Users\USER\.gradle\caches\journal-1)" [_thread_blocked, id=7220, stack(0x0000004e21800000,0x0000004e21900000)]
  0x0000004e1f209420 JavaThread "File lock request listener" [_thread_in_native, id=4084, stack(0x0000004e21900000,0x0000004e21a00000)]
  0x0000004e1f209e40 JavaThread "Cache worker for file hash cache (C:\Users\USER\.gradle\caches\7.2\fileHashes)" [_thread_blocked, id=6936, stack(0x0000004e21a00000,0x0000004e21b00000)]
  0x0000004e1f20a350 JavaThread "Cache worker for file hash cache (C:\Users\USER\Documents\Animal\.gradle\7.2\fileHashes)" [_thread_blocked, id=3100, stack(0x0000004e21b00000,0x0000004e21c00000)]
  0x0000004e1f20b280 JavaThread "Cache worker for checksums cache (C:\Users\USER\Documents\Animal\.gradle\checksums)" [_thread_blocked, id=756, stack(0x0000004e21c00000,0x0000004e21d00000)]
  0x0000004e1ffa8670 JavaThread "C2 CompilerThread1" daemon [_thread_in_native, id=7780, stack(0x0000004e21d00000,0x0000004e21e00000)]

Other Threads:
  0x0000004e7efdbc00 VMThread "VM Thread" [stack: 0x0000004e7f260000,0x0000004e7f360000] [id=2868]
  0x0000004e1d064ab0 WatcherThread [stack: 0x0000004e1d580000,0x0000004e1d680000] [id=5032]
  0x0000004e7dbcae10 GCTaskThread "GC Thread#0" [stack: 0x0000004e7d940000,0x0000004e7da40000] [id=1332]
  0x0000004e1d17f5b0 GCTaskThread "GC Thread#1" [stack: 0x0000004e1df80000,0x0000004e1e080000] [id=7088]
  0x0000004e1d1cb440 GCTaskThread "GC Thread#2" [stack: 0x0000004e1e080000,0x0000004e1e180000] [id=3868]
  0x0000004e1dca2b30 GCTaskThread "GC Thread#3" [stack: 0x0000004e1e180000,0x0000004e1e280000] [id=7012]
  0x0000004e7dbdbd60 ConcurrentGCThread "G1 Main Marker" [stack: 0x0000004e7e820000,0x0000004e7e920000] [id=2056]
  0x0000004e7dbdc770 ConcurrentGCThread "G1 Conc#0" [stack: 0x0000004e7e920000,0x0000004e7ea20000] [id=6300]
  0x0000004e7dc1e560 ConcurrentGCThread "G1 Refine#0" [stack: 0x0000004e7f060000,0x0000004e7f160000] [id=5760]
  0x0000004e7ee960e0 ConcurrentGCThread "G1 Service" [stack: 0x0000004e7f160000,0x0000004e7f260000] [id=2212]

Threads with active compile tasks:
C2 CompilerThread0    11066 2374   !   4       java.net.URLClassLoader::findClass (47 bytes)
C2 CompilerThread1    11067 2375       4       java.net.URLClassLoader$1::run (5 bytes)

VM state: not at safepoint (normal execution)

VM Mutex/Monitor currently owned by a thread: None

Heap address: 0x0000000080000000, size: 2048 MB, Compressed Oops mode: 32-bit

CDS archive(s) mapped at: [0x0000000800000000-0x0000000800c00000-0x0000000800c00000), size 12582912, SharedBaseAddress: 0x0000000800000000, ArchiveRelocationMode: 0.
Compressed class space mapped at: 0x0000000800c00000-0x0000000840c00000, reserved size: 1073741824
Narrow klass base: 0x0000000800000000, Narrow klass shift: 0, Narrow klass range: 0x100000000

GC Precious Log:
 CPUs: 4 total, 4 available
 Memory: 8083M
 Large Page Support: Disabled
 NUMA Support: Disabled
 Compressed Oops: Enabled (32-bit)
 Heap Region Size: 1M
 Heap Min Capacity: 8M
 Heap Initial Capacity: 128M
 Heap Max Capacity: 2G
 Pre-touch: Disabled
 Parallel Workers: 4
 Concurrent Workers: 1
 Concurrent Refinement Workers: 4
 Periodic GC: Disabled

Heap:
 garbage-first heap   total 131072K, used 28026K [0x0000000080000000, 0x0000000100000000)
  region size 1024K, 19 young (19456K), 10 survivors (10240K)
 Metaspace       used 18622K, committed 18880K, reserved 1064960K
  class space    used 2743K, committed 2880K, reserved 1048576K

Heap Regions: E=young(eden), S=young(survivor), O=old, HS=humongous(starts), HC=humongous(continues), CS=collection set, F=free, OA=open archive, CA=closed archive, TAMS=top-at-mark-start (previous, next)
|   0|0x0000000080000000, 0x0000000080100000, 0x0000000080100000|100%|HS|  |TAMS 0x0000000080000000, 0x0000000080000000| Complete 
|   1|0x0000000080100000, 0x0000000080200000, 0x0000000080200000|100%|HC|  |TAMS 0x0000000080100000, 0x0000000080100000| Complete 
|   2|0x0000000080200000, 0x0000000080300000, 0x0000000080300000|100%|HC|  |TAMS 0x0000000080200000, 0x0000000080200000| Complete 
|   3|0x0000000080300000, 0x0000000080400000, 0x0000000080400000|100%| O|  |TAMS 0x0000000080300000, 0x0000000080300000| Untracked 
|   4|0x0000000080400000, 0x0000000080500000, 0x0000000080500000|100%| O|  |TAMS 0x0000000080400000, 0x0000000080400000| Untracked 
|   5|0x0000000080500000, 0x0000000080600000, 0x0000000080600000|100%| O|  |TAMS 0x0000000080500000, 0x0000000080500000| Untracked 
|   6|0x0000000080600000, 0x0000000080700000, 0x0000000080700000|100%| O|  |TAMS 0x0000000080600000, 0x0000000080600000| Untracked 
|   7|0x0000000080700000, 0x0000000080800000, 0x0000000080800000|100%| O|  |TAMS 0x0000000080700000, 0x0000000080700000| Untracked 
|   8|0x0000000080800000, 0x0000000080800000, 0x0000000080900000|  0%| F|  |TAMS 0x0000000080800000, 0x0000000080800000| Untracked 
|   9|0x0000000080900000, 0x0000000080a00000, 0x0000000080a00000|100%| O|  |TAMS 0x0000000080900000, 0x0000000080900000| Untracked 
|  10|0x0000000080a00000, 0x0000000080af6200, 0x0000000080b00000| 96%| O|  |TAMS 0x0000000080a00000, 0x0000000080a00000| Untracked 
|  11|0x0000000080b00000, 0x0000000080b00000, 0x0000000080c00000|  0%| F|  |TAMS 0x0000000080b00000, 0x0000000080b00000| Untracked 
|  12|0x0000000080c00000, 0x0000000080c00000, 0x0000000080d00000|  0%| F|  |TAMS 0x0000000080c00000, 0x0000000080c00000| Untracked 
|  13|0x0000000080d00000, 0x0000000080d00000, 0x0000000080e00000|  0%| F|  |TAMS 0x0000000080d00000, 0x0000000080d00000| Untracked 
|  14|0x0000000080e00000, 0x0000000080e00000, 0x0000000080f00000|  0%| F|  |TAMS 0x0000000080e00000, 0x0000000080e00000| Untracked 
|  15|0x0000000080f00000, 0x0000000080f00000, 0x0000000081000000|  0%| F|  |TAMS 0x0000000080f00000, 0x0000000080f00000| Untracked 
|  16|0x0000000081000000, 0x0000000081000000, 0x0000000081100000|  0%| F|  |TAMS 0x0000000081000000, 0x0000000081000000| Untracked 
|  17|0x0000000081100000, 0x0000000081100000, 0x0000000081200000|  0%| F|  |TAMS 0x0000000081100000, 0x0000000081100000| Untracked 
|  18|0x0000000081200000, 0x0000000081200000, 0x0000000081300000|  0%| F|  |TAMS 0x0000000081200000, 0x0000000081200000| Untracked 
|  19|0x0000000081300000, 0x0000000081300000, 0x0000000081400000|  0%| F|  |TAMS 0x0000000081300000, 0x0000000081300000| Untracked 
|  20|0x0000000081400000, 0x0000000081400000, 0x0000000081500000|  0%| F|  |TAMS 0x0000000081400000, 0x0000000081400000| Untracked 
|  21|0x0000000081500000, 0x0000000081500000, 0x0000000081600000|  0%| F|  |TAMS 0x0000000081500000, 0x0000000081500000| Untracked 
|  22|0x0000000081600000, 0x0000000081600000, 0x0000000081700000|  0%| F|  |TAMS 0x0000000081600000, 0x0000000081600000| Untracked 
|  23|0x0000000081700000, 0x0000000081700000, 0x0000000081800000|  0%| F|  |TAMS 0x0000000081700000, 0x0000000081700000| Untracked 
|  24|0x0000000081800000, 0x0000000081800000, 0x0000000081900000|  0%| F|  |TAMS 0x0000000081800000, 0x0000000081800000| Untracked 
|  25|0x0000000081900000, 0x0000000081900000, 0x0000000081a00000|  0%| F|  |TAMS 0x0000000081900000, 0x0000000081900000| Untracked 
|  26|0x0000000081a00000, 0x0000000081a00000, 0x0000000081b00000|  0%| F|  |TAMS 0x0000000081a00000, 0x0000000081a00000| Untracked 
|  27|0x0000000081b00000, 0x0000000081b00000, 0x0000000081c00000|  0%| F|  |TAMS 0x0000000081b00000, 0x0000000081b00000| Untracked 
|  28|0x0000000081c00000, 0x0000000081c00000, 0x0000000081d00000|  0%| F|  |TAMS 0x0000000081c00000, 0x0000000081c00000| Untracked 
|  29|0x0000000081d00000, 0x0000000081d00000, 0x0000000081e00000|  0%| F|  |TAMS 0x0000000081d00000, 0x0000000081d00000| Untracked 
|  30|0x0000000081e00000, 0x0000000081e00000, 0x0000000081f00000|  0%| F|  |TAMS 0x0000000081e00000, 0x0000000081e00000| Untracked 
|  31|0x0000000081f00000, 0x0000000081f00000, 0x0000000082000000|  0%| F|  |TAMS 0x0000000081f00000, 0x0000000081f00000| Untracked 
|  32|0x0000000082000000, 0x0000000082000000, 0x0000000082100000|  0%| F|  |TAMS 0x0000000082000000, 0x0000000082000000| Untracked 
|  33|0x0000000082100000, 0x0000000082100000, 0x0000000082200000|  0%| F|  |TAMS 0x0000000082100000, 0x0000000082100000| Untracked 
|  34|0x0000000082200000, 0x0000000082200000, 0x0000000082300000|  0%| F|  |TAMS 0x0000000082200000, 0x0000000082200000| Untracked 
|  35|0x0000000082300000, 0x0000000082300000, 0x0000000082400000|  0%| F|  |TAMS 0x0000000082300000, 0x0000000082300000| Untracked 
|  36|0x0000000082400000, 0x0000000082400000, 0x0000000082500000|  0%| F|  |TAMS 0x0000000082400000, 0x0000000082400000| Untracked 
|  37|0x0000000082500000, 0x0000000082500000, 0x0000000082600000|  0%| F|  |TAMS 0x0000000082500000, 0x0000000082500000| Untracked 
|  38|0x0000000082600000, 0x0000000082600000, 0x0000000082700000|  0%| F|  |TAMS 0x0000000082600000, 0x0000000082600000| Untracked 
|  39|0x0000000082700000, 0x0000000082700000, 0x0000000082800000|  0%| F|  |TAMS 0x0000000082700000, 0x0000000082700000| Untracked 
|  40|0x0000000082800000, 0x0000000082800000, 0x0000000082900000|  0%| F|  |TAMS 0x0000000082800000, 0x0000000082800000| Untracked 
|  41|0x0000000082900000, 0x0000000082900000, 0x0000000082a00000|  0%| F|  |TAMS 0x0000000082900000, 0x0000000082900000| Untracked 
|  42|0x0000000082a00000, 0x0000000082a689a0, 0x0000000082b00000| 40%| S|CS|TAMS 0x0000000082a00000, 0x0000000082a00000| Complete 
|  43|0x0000000082b00000, 0x0000000082c00000, 0x0000000082c00000|100%| S|CS|TAMS 0x0000000082b00000, 0x0000000082b00000| Complete 
|  44|0x0000000082c00000, 0x0000000082d00000, 0x0000000082d00000|100%| S|CS|TAMS 0x0000000082c00000, 0x0000000082c00000| Complete 
|  45|0x0000000082d00000, 0x0000000082e00000, 0x0000000082e00000|100%| S|CS|TAMS 0x0000000082d00000, 0x0000000082d00000| Complete 
|  46|0x0000000082e00000, 0x0000000082f00000, 0x0000000082f00000|100%| S|CS|TAMS 0x0000000082e00000, 0x0000000082e00000| Complete 
|  47|0x0000000082f00000, 0x0000000083000000, 0x0000000083000000|100%| S|CS|TAMS 0x0000000082f00000, 0x0000000082f00000| Complete 
|  48|0x0000000083000000, 0x0000000083100000, 0x0000000083100000|100%| S|CS|TAMS 0x0000000083000000, 0x0000000083000000| Complete 
|  49|0x0000000083100000, 0x0000000083200000, 0x0000000083200000|100%| S|CS|TAMS 0x0000000083100000, 0x0000000083100000| Complete 
|  50|0x0000000083200000, 0x0000000083300000, 0x0000000083300000|100%| S|CS|TAMS 0x0000000083200000, 0x0000000083200000| Complete 
|  51|0x0000000083300000, 0x0000000083400000, 0x0000000083400000|100%| S|CS|TAMS 0x0000000083300000, 0x0000000083300000| Complete 
|  52|0x0000000083400000, 0x0000000083400000, 0x0000000083500000|  0%| F|  |TAMS 0x0000000083400000, 0x0000000083400000| Untracked 
|  53|0x0000000083500000, 0x0000000083500000, 0x0000000083600000|  0%| F|  |TAMS 0x0000000083500000, 0x0000000083500000| Untracked 
|  54|0x0000000083600000, 0x0000000083600000, 0x0000000083700000|  0%| F|  |TAMS 0x0000000083600000, 0x0000000083600000| Untracked 
|  55|0x0000000083700000, 0x0000000083700000, 0x0000000083800000|  0%| F|  |TAMS 0x0000000083700000, 0x0000000083700000| Untracked 
|  56|0x0000000083800000, 0x0000000083800000, 0x0000000083900000|  0%| F|  |TAMS 0x0000000083800000, 0x0000000083800000| Untracked 
|  57|0x0000000083900000, 0x0000000083900000, 0x0000000083a00000|  0%| F|  |TAMS 0x0000000083900000, 0x0000000083900000| Untracked 
|  58|0x0000000083a00000, 0x0000000083a00000, 0x0000000083b00000|  0%| F|  |TAMS 0x0000000083a00000, 0x0000000083a00000| Untracked 
|  59|0x0000000083b00000, 0x0000000083b00000, 0x0000000083c00000|  0%| F|  |TAMS 0x0000000083b00000, 0x0000000083b00000| Untracked 
|  60|0x0000000083c00000, 0x0000000083c00000, 0x0000000083d00000|  0%| F|  |TAMS 0x0000000083c00000, 0x0000000083c00000| Untracked 
|  61|0x0000000083d00000, 0x0000000083d00000, 0x0000000083e00000|  0%| F|  |TAMS 0x0000000083d00000, 0x0000000083d00000| Untracked 
|  62|0x0000000083e00000, 0x0000000083e00000, 0x0000000083f00000|  0%| F|  |TAMS 0x0000000083e00000, 0x0000000083e00000| Untracked 
|  63|0x0000000083f00000, 0x0000000083f00000, 0x0000000084000000|  0%| F|  |TAMS 0x0000000083f00000, 0x0000000083f00000| Untracked 
|  64|0x0000000084000000, 0x0000000084000000, 0x0000000084100000|  0%| F|  |TAMS 0x0000000084000000, 0x0000000084000000| Untracked 
|  65|0x0000000084100000, 0x0000000084100000, 0x0000000084200000|  0%| F|  |TAMS 0x0000000084100000, 0x0000000084100000| Untracked 
|  66|0x0000000084200000, 0x0000000084200000, 0x0000000084300000|  0%| F|  |TAMS 0x0000000084200000, 0x0000000084200000| Untracked 
|  67|0x0000000084300000, 0x0000000084300000, 0x0000000084400000|  0%| F|  |TAMS 0x0000000084300000, 0x0000000084300000| Untracked 
|  68|0x0000000084400000, 0x0000000084400000, 0x0000000084500000|  0%| F|  |TAMS 0x0000000084400000, 0x0000000084400000| Untracked 
|  69|0x0000000084500000, 0x0000000084500000, 0x0000000084600000|  0%| F|  |TAMS 0x0000000084500000, 0x0000000084500000| Untracked 
|  70|0x0000000084600000, 0x0000000084600000, 0x0000000084700000|  0%| F|  |TAMS 0x0000000084600000, 0x0000000084600000| Untracked 
|  71|0x0000000084700000, 0x0000000084700000, 0x0000000084800000|  0%| F|  |TAMS 0x0000000084700000, 0x0000000084700000| Untracked 
|  72|0x0000000084800000, 0x0000000084800000, 0x0000000084900000|  0%| F|  |TAMS 0x0000000084800000, 0x0000000084800000| Untracked 
|  73|0x0000000084900000, 0x0000000084900000, 0x0000000084a00000|  0%| F|  |TAMS 0x0000000084900000, 0x0000000084900000| Untracked 
|  74|0x0000000084a00000, 0x0000000084a00000, 0x0000000084b00000|  0%| F|  |TAMS 0x0000000084a00000, 0x0000000084a00000| Untracked 
|  75|0x0000000084b00000, 0x0000000084b00000, 0x0000000084c00000|  0%| F|  |TAMS 0x0000000084b00000, 0x0000000084b00000| Untracked 
|  76|0x0000000084c00000, 0x0000000084c00000, 0x0000000084d00000|  0%| F|  |TAMS 0x0000000084c00000, 0x0000000084c00000| Untracked 
|  77|0x0000000084d00000, 0x0000000084d00000, 0x0000000084e00000|  0%| F|  |TAMS 0x0000000084d00000, 0x0000000084d00000| Untracked 
|  78|0x0000000084e00000, 0x0000000084e00000, 0x0000000084f00000|  0%| F|  |TAMS 0x0000000084e00000, 0x0000000084e00000| Untracked 
|  79|0x0000000084f00000, 0x0000000084f00000, 0x0000000085000000|  0%| F|  |TAMS 0x0000000084f00000, 0x0000000084f00000| Untracked 
|  80|0x0000000085000000, 0x0000000085000000, 0x0000000085100000|  0%| F|  |TAMS 0x0000000085000000, 0x0000000085000000| Untracked 
|  81|0x0000000085100000, 0x0000000085100000, 0x0000000085200000|  0%| F|  |TAMS 0x0000000085100000, 0x0000000085100000| Untracked 
|  82|0x0000000085200000, 0x0000000085200000, 0x0000000085300000|  0%| F|  |TAMS 0x0000000085200000, 0x0000000085200000| Untracked 
|  83|0x0000000085300000, 0x0000000085300000, 0x0000000085400000|  0%| F|  |TAMS 0x0000000085300000, 0x0000000085300000| Untracked 
|  84|0x0000000085400000, 0x0000000085400000, 0x0000000085500000|  0%| F|  |TAMS 0x0000000085400000, 0x0000000085400000| Untracked 
|  85|0x0000000085500000, 0x0000000085500000, 0x0000000085600000|  0%| F|  |TAMS 0x0000000085500000, 0x0000000085500000| Untracked 
|  86|0x0000000085600000, 0x0000000085600000, 0x0000000085700000|  0%| F|  |TAMS 0x0000000085600000, 0x0000000085600000| Untracked 
|  87|0x0000000085700000, 0x0000000085700000, 0x0000000085800000|  0%| F|  |TAMS 0x0000000085700000, 0x0000000085700000| Untracked 
|  88|0x0000000085800000, 0x0000000085800000, 0x0000000085900000|  0%| F|  |TAMS 0x0000000085800000, 0x0000000085800000| Untracked 
|  89|0x0000000085900000, 0x0000000085900000, 0x0000000085a00000|  0%| F|  |TAMS 0x0000000085900000, 0x0000000085900000| Untracked 
|  90|0x0000000085a00000, 0x0000000085a00000, 0x0000000085b00000|  0%| F|  |TAMS 0x0000000085a00000, 0x0000000085a00000| Untracked 
|  91|0x0000000085b00000, 0x0000000085b00000, 0x0000000085c00000|  0%| F|  |TAMS 0x0000000085b00000, 0x0000000085b00000| Untracked 
|  92|0x0000000085c00000, 0x0000000085c00000, 0x0000000085d00000|  0%| F|  |TAMS 0x0000000085c00000, 0x0000000085c00000| Untracked 
|  93|0x0000000085d00000, 0x0000000085d00000, 0x0000000085e00000|  0%| F|  |TAMS 0x0000000085d00000, 0x0000000085d00000| Untracked 
|  94|0x0000000085e00000, 0x0000000085e00000, 0x0000000085f00000|  0%| F|  |TAMS 0x0000000085e00000, 0x0000000085e00000| Untracked 
|  95|0x0000000085f00000, 0x0000000085f00000, 0x0000000086000000|  0%| F|  |TAMS 0x0000000085f00000, 0x0000000085f00000| Untracked 
|  96|0x0000000086000000, 0x0000000086000000, 0x0000000086100000|  0%| F|  |TAMS 0x0000000086000000, 0x0000000086000000| Untracked 
|  97|0x0000000086100000, 0x0000000086100000, 0x0000000086200000|  0%| F|  |TAMS 0x0000000086100000, 0x0000000086100000| Untracked 
|  98|0x0000000086200000, 0x0000000086200000, 0x0000000086300000|  0%| F|  |TAMS 0x0000000086200000, 0x0000000086200000| Untracked 
|  99|0x0000000086300000, 0x0000000086300000, 0x0000000086400000|  0%| F|  |TAMS 0x0000000086300000, 0x0000000086300000| Untracked 
| 100|0x0000000086400000, 0x0000000086400000, 0x0000000086500000|  0%| F|  |TAMS 0x0000000086400000, 0x0000000086400000| Untracked 
| 101|0x0000000086500000, 0x0000000086500000, 0x0000000086600000|  0%| F|  |TAMS 0x0000000086500000, 0x0000000086500000| Untracked 
| 102|0x0000000086600000, 0x0000000086600000, 0x0000000086700000|  0%| F|  |TAMS 0x0000000086600000, 0x0000000086600000| Untracked 
| 103|0x0000000086700000, 0x0000000086700000, 0x0000000086800000|  0%| F|  |TAMS 0x0000000086700000, 0x0000000086700000| Untracked 
| 104|0x0000000086800000, 0x0000000086800000, 0x0000000086900000|  0%| F|  |TAMS 0x0000000086800000, 0x0000000086800000| Untracked 
| 105|0x0000000086900000, 0x0000000086900000, 0x0000000086a00000|  0%| F|  |TAMS 0x0000000086900000, 0x0000000086900000| Untracked 
| 106|0x0000000086a00000, 0x0000000086a00000, 0x0000000086b00000|  0%| F|  |TAMS 0x0000000086a00000, 0x0000000086a00000| Untracked 
| 107|0x0000000086b00000, 0x0000000086b00000, 0x0000000086c00000|  0%| F|  |TAMS 0x0000000086b00000, 0x0000000086b00000| Untracked 
| 108|0x0000000086c00000, 0x0000000086c00000, 0x0000000086d00000|  0%| F|  |TAMS 0x0000000086c00000, 0x0000000086c00000| Untracked 
| 109|0x0000000086d00000, 0x0000000086d00000, 0x0000000086e00000|  0%| F|  |TAMS 0x0000000086d00000, 0x0000000086d00000| Untracked 
| 110|0x0000000086e00000, 0x0000000086e00000, 0x0000000086f00000|  0%| F|  |TAMS 0x0000000086e00000, 0x0000000086e00000| Untracked 
| 111|0x0000000086f00000, 0x0000000086f00000, 0x0000000087000000|  0%| F|  |TAMS 0x0000000086f00000, 0x0000000086f00000| Untracked 
| 112|0x0000000087000000, 0x0000000087000000, 0x0000000087100000|  0%| F|  |TAMS 0x0000000087000000, 0x0000000087000000| Untracked 
| 113|0x0000000087100000, 0x0000000087100000, 0x0000000087200000|  0%| F|  |TAMS 0x0000000087100000, 0x0000000087100000| Untracked 
| 114|0x0000000087200000, 0x0000000087200000, 0x0000000087300000|  0%| F|  |TAMS 0x0000000087200000, 0x0000000087200000| Untracked 
| 115|0x0000000087300000, 0x0000000087300000, 0x0000000087400000|  0%| F|  |TAMS 0x0000000087300000, 0x0000000087300000| Untracked 
| 116|0x0000000087400000, 0x0000000087400000, 0x0000000087500000|  0%| F|  |TAMS 0x0000000087400000, 0x0000000087400000| Untracked 
| 117|0x0000000087500000, 0x0000000087500000, 0x0000000087600000|  0%| F|  |TAMS 0x0000000087500000, 0x0000000087500000| Untracked 
| 118|0x0000000087600000, 0x0000000087600000, 0x0000000087700000|  0%| F|  |TAMS 0x0000000087600000, 0x0000000087600000| Untracked 
| 119|0x0000000087700000, 0x0000000087780800, 0x0000000087800000| 50%| E|  |TAMS 0x0000000087700000, 0x0000000087700000| Complete 
| 120|0x0000000087800000, 0x0000000087900000, 0x0000000087900000|100%| E|CS|TAMS 0x0000000087800000, 0x0000000087800000| Complete 
| 121|0x0000000087900000, 0x0000000087a00000, 0x0000000087a00000|100%| E|CS|TAMS 0x0000000087900000, 0x0000000087900000| Complete 
| 122|0x0000000087a00000, 0x0000000087b00000, 0x0000000087b00000|100%| E|CS|TAMS 0x0000000087a00000, 0x0000000087a00000| Complete 
| 123|0x0000000087b00000, 0x0000000087c00000, 0x0000000087c00000|100%| E|CS|TAMS 0x0000000087b00000, 0x0000000087b00000| Complete 
| 124|0x0000000087c00000, 0x0000000087d00000, 0x0000000087d00000|100%| E|CS|TAMS 0x0000000087c00000, 0x0000000087c00000| Complete 
| 125|0x0000000087d00000, 0x0000000087e00000, 0x0000000087e00000|100%| E|CS|TAMS 0x0000000087d00000, 0x0000000087d00000| Complete 
| 126|0x0000000087e00000, 0x0000000087f00000, 0x0000000087f00000|100%| E|CS|TAMS 0x0000000087e00000, 0x0000000087e00000| Complete 
| 127|0x0000000087f00000, 0x0000000088000000, 0x0000000088000000|100%| E|CS|TAMS 0x0000000087f00000, 0x0000000087f00000| Complete 

Card table byte_map: [0x0000004e7e020000,0x0000004e7e420000] _byte_map_base: 0x0000004e7dc20000

Marking Bits (Prev, Next): (CMBitMap*) 0x0000004e7dbcb430, (CMBitMap*) 0x0000004e7dbcb470
 Prev Bits: [0x0000004e16a80000, 0x0000004e18a80000)
 Next Bits: [0x0000004e18a80000, 0x0000004e1aa80000)

Polling page: 0x0000004e7b910000

Metaspace:

Usage:
  Non-class:     15.51 MB used.
      Class:      2.68 MB used.
       Both:     18.19 MB used.

Virtual space:
  Non-class space:       16.00 MB reserved,      15.62 MB ( 98%) committed,  2 nodes.
      Class space:        1.00 GB reserved,       2.81 MB ( <1%) committed,  1 nodes.
             Both:        1.02 GB reserved,      18.44 MB (  2%) committed. 

Chunk freelists:
   Non-Class:  256.00 KB
       Class:  1.16 MB
        Both:  1.41 MB

MaxMetaspaceSize: unlimited
CompressedClassSpaceSize: 1.00 GB
Initial GC threshold: 21.00 MB
Current GC threshold: 21.00 MB
CDS: on
MetaspaceReclaimPolicy: balanced
 - commit_granule_bytes: 65536.
 - commit_granule_words: 8192.
 - virtual_space_node_default_size: 1048576.
 - enlarge_chunks_in_place: 1.
 - new_chunks_are_fully_committed: 0.
 - uncommit_free_chunks: 1.
 - use_allocation_guard: 0.
 - handle_deallocations: 1.


Internal statistics:

num_allocs_failed_limit: 0.
num_arena_births: 220.
num_arena_deaths: 0.
num_vsnodes_births: 3.
num_vsnodes_deaths: 0.
num_space_committed: 295.
num_space_uncommitted: 0.
num_chunks_returned_to_freelist: 0.
num_chunks_taken_from_freelist: 862.
num_chunk_merges: 0.
num_chunk_splits: 573.
num_chunks_enlarged: 427.
num_purges: 0.
num_inconsistent_stats: 0.

CodeHeap 'non-profiled nmethods': size=120000Kb used=1223Kb max_used=1223Kb free=118776Kb
 bounds [0x0000004e0f550000, 0x0000004e0f7c0000, 0x0000004e16a80000]
CodeHeap 'profiled nmethods': size=120000Kb used=5056Kb max_used=5056Kb free=114943Kb
 bounds [0x0000004e08020000, 0x0000004e08520000, 0x0000004e0f550000]
CodeHeap 'non-nmethods': size=5760Kb used=1218Kb max_used=1294Kb free=4541Kb
 bounds [0x0000004e07a80000, 0x0000004e07cf0000, 0x0000004e08020000]
 total_blobs=2941 nmethods=2413 adapters=440
 compilation: enabled
              stopped_count=0, restarted_count=0
 full_count=0

Compilation events (20 events):
Event: 10.927 Thread 0x0000004e7effde80 nmethod 2397 0x0000004e08501290 code [0x0000004e08501420, 0x0000004e085015f8]
Event: 10.927 Thread 0x0000004e7effde80 2398       3       java.lang.invoke.InvokerBytecodeGenerator::emitStaticInvoke (258 bytes)
Event: 10.930 Thread 0x0000004e7effde80 nmethod 2398 0x0000004e08501690 code [0x0000004e085019a0, 0x0000004e08502928]
Event: 10.930 Thread 0x0000004e7effde80 2399       3       java.lang.invoke.InvokerBytecodeGenerator::refKindOpcode (112 bytes)
Event: 10.931 Thread 0x0000004e7effde80 nmethod 2399 0x0000004e08502f10 code [0x0000004e08503180, 0x0000004e08503a38]
Event: 10.970 Thread 0x0000004e7effde80 2408       3       jdk.internal.org.objectweb.asm.FieldWriter::visitEnd (1 bytes)
Event: 10.970 Thread 0x0000004e7effde80 nmethod 2408 0x0000004e08503c90 code [0x0000004e08503e20, 0x0000004e08503f38]
Event: 10.972 Thread 0x0000004e7effde80 2409       3       java.lang.invoke.TypeConvertingMethodAdapter::convertType (299 bytes)
Event: 10.981 Thread 0x0000004e7effde80 nmethod 2409 0x0000004e08504010 code [0x0000004e08504640, 0x0000004e08507c28]
Event: 10.981 Thread 0x0000004e7effde80 2410       3       java.lang.invoke.DirectMethodHandle$Holder::newInvokeSpecial (24 bytes)
Event: 10.982 Thread 0x0000004e7effde80 nmethod 2410 0x0000004e08508d90 code [0x0000004e08508f80, 0x0000004e08509728]
Event: 10.999 Thread 0x0000004e7effde80 2411       3       java.net.URLConnection::<init> (62 bytes)
Event: 11.000 Thread 0x0000004e7effde80 nmethod 2411 0x0000004e08509910 code [0x0000004e08509b20, 0x0000004e0850a208]
Event: 11.017 Thread 0x0000004e7effde80 2412       3       sun.reflect.annotation.AnnotationParser::parseSig (62 bytes)
Event: 11.019 Thread 0x0000004e7effde80 nmethod 2412 0x0000004e0850a410 code [0x0000004e0850a700, 0x0000004e0850b8d8]
Event: 11.019 Thread 0x0000004e7effde80 2413       3       sun.reflect.generics.parser.SignatureParser::parseTypeSig (10 bytes)
Event: 11.019 Thread 0x0000004e7effde80 nmethod 2413 0x0000004e0850be90 code [0x0000004e0850c040, 0x0000004e0850c248]
Event: 11.021 Thread 0x0000004e7effde80 2414       3       java.lang.invoke.DirectMethodHandle$Holder::newInvokeSpecial (21 bytes)
Event: 11.022 Thread 0x0000004e7effde80 nmethod 2414 0x0000004e0850c310 code [0x0000004e0850c500, 0x0000004e0850cca8]
Event: 11.022 Thread 0x0000004e7effde80 2416       3       jdk.internal.org.objectweb.asm.Frame::putAbstractType (379 bytes)

GC Heap History (8 events):
Event: 1.318 GC heap before
{Heap before GC invocations=0 (full 0):
 garbage-first heap   total 131072K, used 15360K [0x0000000080000000, 0x0000000100000000)
  region size 1024K, 13 young (13312K), 0 survivors (0K)
 Metaspace       used 970K, committed 1088K, reserved 1056768K
  class space    used 75K, committed 128K, reserved 1048576K
}
Event: 1.325 GC heap after
{Heap after GC invocations=1 (full 0):
 garbage-first heap   total 131072K, used 4428K [0x0000000080000000, 0x0000000100000000)
  region size 1024K, 2 young (2048K), 2 survivors (2048K)
 Metaspace       used 970K, committed 1088K, reserved 1056768K
  class space    used 75K, committed 128K, reserved 1048576K
}
Event: 2.607 GC heap before
{Heap before GC invocations=1 (full 0):
 garbage-first heap   total 131072K, used 20812K [0x0000000080000000, 0x0000000100000000)
  region size 1024K, 16 young (16384K), 2 survivors (2048K)
 Metaspace       used 3831K, committed 4032K, reserved 1056768K
  class space    used 476K, committed 576K, reserved 1048576K
}
Event: 2.616 GC heap after
{Heap after GC invocations=2 (full 0):
 garbage-first heap   total 131072K, used 9824K [0x0000000080000000, 0x0000000100000000)
  region size 1024K, 2 young (2048K), 2 survivors (2048K)
 Metaspace       used 3831K, committed 4032K, reserved 1056768K
  class space    used 476K, committed 576K, reserved 1048576K
}
Event: 3.564 GC heap before
{Heap before GC invocations=2 (full 0):
 garbage-first heap   total 131072K, used 30304K [0x0000000080000000, 0x0000000100000000)
  region size 1024K, 22 young (22528K), 2 survivors (2048K)
 Metaspace       used 3945K, committed 4096K, reserved 1056768K
  class space    used 477K, committed 576K, reserved 1048576K
}
Event: 3.571 GC heap after
{Heap after GC invocations=3 (full 0):
 garbage-first heap   total 131072K, used 13272K [0x0000000080000000, 0x0000000100000000)
  region size 1024K, 3 young (3072K), 3 survivors (3072K)
 Metaspace       used 3945K, committed 4096K, reserved 1056768K
  class space    used 477K, committed 576K, reserved 1048576K
}
Event: 10.213 GC heap before
{Heap before GC invocations=3 (full 0):
 garbage-first heap   total 131072K, used 88024K [0x0000000080000000, 0x0000000100000000)
  region size 1024K, 76 young (77824K), 3 survivors (3072K)
 Metaspace       used 17590K, committed 17856K, reserved 1064960K
  class space    used 2578K, committed 2688K, reserved 1048576K
}
Event: 10.233 GC heap after
{Heap after GC invocations=4 (full 0):
 garbage-first heap   total 131072K, used 19834K [0x0000000080000000, 0x0000000100000000)
  region size 1024K, 10 young (10240K), 10 survivors (10240K)
 Metaspace       used 17590K, committed 17856K, reserved 1064960K
  class space    used 2578K, committed 2688K, reserved 1048576K
}

Deoptimization events (20 events):
Event: 8.602 Thread 0x0000004e7f000de0 Uncommon trap: trap_request=0xffffff45 fr.pc=0x0000004e0f58a594 relative=0x0000000000000254
Event: 8.602 Thread 0x0000004e7f000de0 Uncommon trap: reason=unstable_if action=reinterpret pc=0x0000004e0f58a594 method=java.util.HashMap.getNode(Ljava/lang/Object;)Ljava/util/HashMap$Node; @ 66 c2
Event: 8.602 Thread 0x0000004e7f000de0 DEOPT PACKING pc=0x0000004e0f58a594 sp=0x0000004e214fbb00
Event: 8.602 Thread 0x0000004e7f000de0 DEOPT UNPACKING pc=0x0000004e07ad23a3 sp=0x0000004e214fba80 mode 2
Event: 8.742 Thread 0x0000004e7f000de0 Uncommon trap: trap_request=0xffffff45 fr.pc=0x0000004e0f5e9eb8 relative=0x0000000000000298
Event: 8.742 Thread 0x0000004e7f000de0 Uncommon trap: reason=unstable_if action=reinterpret pc=0x0000004e0f5e9eb8 method=java.util.concurrent.ConcurrentHashMap.get(Ljava/lang/Object;)Ljava/lang/Object; @ 152 c2
Event: 8.742 Thread 0x0000004e7f000de0 DEOPT PACKING pc=0x0000004e0f5e9eb8 sp=0x0000004e214fb0a0
Event: 8.742 Thread 0x0000004e7f000de0 DEOPT UNPACKING pc=0x0000004e07ad23a3 sp=0x0000004e214fb018 mode 2
Event: 10.179 Thread 0x0000004e7f000de0 Uncommon trap: trap_request=0xffffff76 fr.pc=0x0000004e0f66f824 relative=0x0000000000000184
Event: 10.179 Thread 0x0000004e7f000de0 Uncommon trap: reason=predicate action=maybe_recompile pc=0x0000004e0f66f824 method=com.google.common.base.CharMatcher.indexIn(Ljava/lang/CharSequence;I)I @ 19 c2
Event: 10.179 Thread 0x0000004e7f000de0 DEOPT PACKING pc=0x0000004e0f66f824 sp=0x0000004e214fb630
Event: 10.179 Thread 0x0000004e7f000de0 DEOPT UNPACKING pc=0x0000004e07ad23a3 sp=0x0000004e214fb5c0 mode 2
Event: 10.239 Thread 0x0000004e7f000de0 Uncommon trap: trap_request=0xffffffde fr.pc=0x0000004e0f638c54 relative=0x00000000000002b4
Event: 10.239 Thread 0x0000004e7f000de0 Uncommon trap: reason=class_check action=maybe_recompile pc=0x0000004e0f638c54 method=java.util.Collections$SetFromMap.remove(Ljava/lang/Object;)Z @ 5 c2
Event: 10.239 Thread 0x0000004e7f000de0 DEOPT PACKING pc=0x0000004e0f638c54 sp=0x0000004e214fc720
Event: 10.239 Thread 0x0000004e7f000de0 DEOPT UNPACKING pc=0x0000004e07ad23a3 sp=0x0000004e214fc708 mode 2
Event: 10.239 Thread 0x0000004e7f000de0 Uncommon trap: trap_request=0xffffffde fr.pc=0x0000004e0f638c54 relative=0x00000000000002b4
Event: 10.239 Thread 0x0000004e7f000de0 Uncommon trap: reason=class_check action=maybe_recompile pc=0x0000004e0f638c54 method=java.util.Collections$SetFromMap.remove(Ljava/lang/Object;)Z @ 5 c2
Event: 10.239 Thread 0x0000004e7f000de0 DEOPT PACKING pc=0x0000004e0f638c54 sp=0x0000004e214fc6a0
Event: 10.240 Thread 0x0000004e7f000de0 DEOPT UNPACKING pc=0x0000004e07ad23a3 sp=0x0000004e214fc688 mode 2

Classes unloaded (0 events):
No events

Classes redefined (0 events):
No events

Internal exceptions (20 events):
Event: 7.454 Thread 0x0000004e7f000de0 Exception <a 'java/lang/NoSuchMethodError'{0x0000000084caf258}: 'java.lang.Object java.lang.invoke.Invokers$Holder.invokeExact_MT(java.lang.Object, java.lang.Object, java.lang.Object, java.lang.Object, java.lang.Object, java.lang.Object)'> (0x0000000084caf258) 
thrown [c:\jenkins\workspace\zulu17-build-win64\zulu-src.git\src\hotspot\share\interpreter\linkResolver.cpp, line 766]
Event: 7.618 Thread 0x0000004e7f000de0 Exception <a 'java/lang/NoSuchMethodError'{0x0000000084b90f50}: 'java.lang.Object java.lang.invoke.DirectMethodHandle$Holder.invokeInterface(java.lang.Object, java.lang.Object)'> (0x0000000084b90f50) 
thrown [c:\jenkins\workspace\zulu17-build-win64\zulu-src.git\src\hotspot\share\interpreter\linkResolver.cpp, line 766]
Event: 7.783 Thread 0x0000004e7f000de0 Exception <a 'java/lang/NoSuchMethodError'{0x00000000849b5ed8}: 'java.lang.Object java.lang.invoke.DirectMethodHandle$Holder.invokeSpecial(java.lang.Object, java.lang.Object, java.lang.Object, java.lang.Object, java.lang.Object, java.lang.Object, java.lang.Object, java.lang.Object, java.lang.Object)'> (0x00000000849b5ed8) 
thrown [c:\jenkins\workspace\zulu17-build-win64\zulu-src.git\src\hotspot\share\interpreter\linkResolver.cpp, line 766]
Event: 8.046 Thread 0x0000004e7f000de0 Exception <a 'java/lang/NoSuchMethodError'{0x00000000845e37f0}: 'void java.lang.invoke.DirectMethodHandle$Holder.invokeStatic(java.lang.Object, java.lang.Object)'> (0x00000000845e37f0) 
thrown [c:\jenkins\workspace\zulu17-build-win64\zulu-src.git\src\hotspot\share\interpreter\linkResolver.cpp, line 766]
Event: 8.067 Thread 0x0000004e7f000de0 Exception <a 'java/lang/NoSuchMethodError'{0x0000000084421010}: 'java.lang.Object java.lang.invoke.DirectMethodHandle$Holder.invokeVirtual(java.lang.Object, java.lang.Object, java.lang.Object, java.lang.Object)'> (0x0000000084421010) 
thrown [c:\jenkins\workspace\zulu17-build-win64\zulu-src.git\src\hotspot\share\interpreter\linkResolver.cpp, line 766]
Event: 8.912 Thread 0x0000004e7f000de0 Exception <a 'java/lang/NoSuchMethodError'{0x0000000084048800}: 'void java.lang.invoke.DirectMethodHandle$Holder.invokeSpecial(java.lang.Object, java.lang.Object, java.lang.Object, java.lang.Object, java.lang.Object, java.lang.Object)'> (0x0000000084048800) 
thrown [c:\jenkins\workspace\zulu17-build-win64\zulu-src.git\src\hotspot\share\interpreter\linkResolver.cpp, line 766]
Event: 8.959 Thread 0x0000004e7f000de0 Exception <a 'java/lang/NoSuchMethodError'{0x00000000840b13b0}: 'void java.lang.invoke.DirectMethodHandle$Holder.invokeSpecial(java.lang.Object, java.lang.Object, java.lang.Object, java.lang.Object, java.lang.Object, java.lang.Object, java.lang.Object)'> (0x00000000840b13b0) 
thrown [c:\jenkins\workspace\zulu17-build-win64\zulu-src.git\src\hotspot\share\interpreter\linkResolver.cpp, line 766]
Event: 8.961 Thread 0x0000004e7f000de0 Exception <a 'java/lang/NoSuchMethodError'{0x00000000840b9b40}: 'java.lang.Object java.lang.invoke.DirectMethodHandle$Holder.newInvokeSpecial(java.lang.Object, java.lang.Object, java.lang.Object, java.lang.Object, java.lang.Object, java.lang.Object)'> (0x00000000840b9b40) 
thrown [c:\jenkins\workspace\zulu17-build-win64\zulu-src.git\src\hotspot\share\interpreter\linkResolver.cpp, line 766]
Event: 9.244 Thread 0x0000004e7f000de0 Exception <a 'java/lang/NoSuchMethodError'{0x0000000083d921a0}: 'java.lang.Object java.lang.invoke.Invokers$Holder.invoker(java.lang.Object, java.lang.Object, java.lang.Object, java.lang.Object, java.lang.Object, java.lang.Object)'> (0x0000000083d921a0) 
thrown [c:\jenkins\workspace\zulu17-build-win64\zulu-src.git\src\hotspot\share\interpreter\linkResolver.cpp, line 766]
Event: 9.493 Thread 0x0000004e7f000de0 Exception <a 'java/lang/NoSuchMethodError'{0x0000000083bb2700}: 'int java.lang.invoke.DirectMethodHandle$Holder.invokeStaticInit(java.lang.Object, java.lang.Object, java.lang.Object)'> (0x0000000083bb2700) 
thrown [c:\jenkins\workspace\zulu17-build-win64\zulu-src.git\src\hotspot\share\interpreter\linkResolver.cpp, line 766]
Event: 9.918 Thread 0x0000004e7f000de0 Exception <a 'java/lang/NoSuchMethodError'{0x00000000837bafc8}: 'void java.lang.invoke.DirectMethodHandle$Holder.invokeStaticInit(java.lang.Object, java.lang.Object)'> (0x00000000837bafc8) 
thrown [c:\jenkins\workspace\zulu17-build-win64\zulu-src.git\src\hotspot\share\interpreter\linkResolver.cpp, line 766]
Event: 10.840 Thread 0x0000004e7f000de0 Exception <a 'java/lang/NoSuchMethodError'{0x0000000087ae8840}: 'java.lang.Object java.lang.invoke.DirectMethodHandle$Holder.invokeSpecialIFC(java.lang.Object, java.lang.Object, java.lang.Object, java.lang.Object)'> (0x0000000087ae8840) 
thrown [c:\jenkins\workspace\zulu17-build-win64\zulu-src.git\src\hotspot\share\interpreter\linkResolver.cpp, line 766]
Event: 10.920 Thread 0x0000004e7f000de0 Exception <a 'java/lang/NoSuchMethodError'{0x00000000879628b8}: 'java.lang.Object java.lang.invoke.DirectMethodHandle$Holder.invokeSpecial(java.lang.Object, java.lang.Object, java.lang.Object, java.lang.Object, java.lang.Object, java.lang.Object, java.lang.Object, java.lang.Object, java.lang.Object, java.lang.Object, java.lang.Object, java.lang.Object, java.lang.Object)'> (0x00000000879628b8) 
thrown [c:\jenkins\workspace\zulu17-build-win64\zulu-src.git\src\hotspot\share\interpreter\linkResolver.cpp, line 
Event: 10.924 Thread 0x0000004e7f000de0 Exception <a 'java/lang/NoSuchMethodError'{0x00000000879740e0}: 'java.lang.Object java.lang.invoke.DirectMethodHandle$Holder.newInvokeSpecial(java.lang.Object, java.lang.Object, java.lang.Object, java.lang.Object, java.lang.Object, java.lang.Object, java.lang.Object, java.lang.Object, java.lang.Object, java.lang.Object, java.lang.Object)'> (0x00000000879740e0) 
thrown [c:\jenkins\workspace\zulu17-build-win64\zulu-src.git\src\hotspot\share\interpreter\linkResolver.cpp, line 766]
Event: 10.928 Thread 0x0000004e7f000de0 Exception <a 'java/lang/NoSuchMethodError'{0x0000000087979d10}: 'java.lang.Object java.lang.invoke.DirectMethodHandle$Holder.invokeSpecial(java.lang.Object, java.lang.Object, java.lang.Object, java.lang.Object, java.lang.Object, java.lang.Object, java.lang.Object, java.lang.Object, java.lang.Object, java.lang.Object, java.lang.Object, java.lang.Object)'> (0x0000000087979d10) 
thrown [c:\jenkins\workspace\zulu17-build-win64\zulu-src.git\src\hotspot\share\interpreter\linkResolver.cpp, line 766]
Event: 10.929 Thread 0x0000004e7f000de0 Exception <a 'java/lang/NoSuchMethodError'{0x000000008797f100}: 'java.lang.Object java.lang.invoke.Invokers$Holder.linkToTargetMethod(java.lang.Object, java.lang.Object, java.lang.Object, java.lang.Object, java.lang.Object, java.lang.Object, java.lang.Object, java.lang.Object, java.lang.Object, java.lang.Object, java.lang.Object)'> (0x000000008797f100) 
thrown [c:\jenkins\workspace\zulu17-build-win64\zulu-src.git\src\hotspot\share\interpreter\linkResolver.cpp, line 766]
Event: 10.962 Thread 0x0000004e7f000de0 Exception <a 'java/lang/NoSuchMethodError'{0x000000008781bbb0}: 'java.lang.Object java.lang.invoke.DirectMethodHandle$Holder.invokeSpecial(java.lang.Object, java.lang.Object, java.lang.Object, java.lang.Object, java.lang.Object, java.lang.Object, java.lang.Object, java.lang.Object, java.lang.Object, java.lang.Object, java.lang.Object, java.lang.Object, java.lang.Object, java.lang.Object)'> (0x000000008781bbb0) 
thrown [c:\jenkins\workspace\zulu17-build-win64\zulu-src.git\src\hotspot\share\interpreter\linkR
Event: 10.965 Thread 0x0000004e7f000de0 Exception <a 'java/lang/NoSuchMethodError'{0x000000008782df80}: 'java.lang.Object java.lang.invoke.DirectMethodHandle$Holder.newInvokeSpecial(java.lang.Object, java.lang.Object, java.lang.Object, java.lang.Object, java.lang.Object, java.lang.Object, java.lang.Object, java.lang.Object, java.lang.Object, java.lang.Object, java.lang.Object, java.lang.Object)'> (0x000000008782df80) 
thrown [c:\jenkins\workspace\zulu17-build-win64\zulu-src.git\src\hotspot\share\interpreter\linkResolver.cpp, line 766]
Event: 10.966 Thread 0x0000004e7f000de0 Exception <a 'java/lang/NoSuchMethodError'{0x0000000087833670}: 'java.lang.Object java.lang.invoke.Invokers$Holder.linkToTargetMethod(java.lang.Object, java.lang.Object, java.lang.Object, java.lang.Object, java.lang.Object, java.lang.Object, java.lang.Object, java.lang.Object, java.lang.Object, java.lang.Object, java.lang.Object, java.lang.Object)'> (0x0000000087833670) 
thrown [c:\jenkins\workspace\zulu17-build-win64\zulu-src.git\src\hotspot\share\interpreter\linkResolver.cpp, line 766]
Event: 11.007 Thread 0x0000004e7f000de0 Exception <a 'java/lang/NoSuchMethodError'{0x00000000878c5d28}: 'java.lang.Object java.lang.invoke.DirectMethodHandle$Holder.invokeStaticInit(java.lang.Object, java.lang.Object, java.lang.Object, java.lang.Object)'> (0x00000000878c5d28) 
thrown [c:\jenkins\workspace\zulu17-build-win64\zulu-src.git\src\hotspot\share\interpreter\linkResolver.cpp, line 766]

VM Operations (20 events):
Event: 5.312 Executing VM operation: HandshakeAllThreads
Event: 5.312 Executing VM operation: HandshakeAllThreads done
Event: 5.337 Executing VM operation: HandshakeAllThreads
Event: 5.337 Executing VM operation: HandshakeAllThreads done
Event: 5.797 Executing VM operation: HandshakeAllThreads
Event: 5.798 Executing VM operation: HandshakeAllThreads done
Event: 5.798 Executing VM operation: Cleanup
Event: 5.798 Executing VM operation: Cleanup done
Event: 6.612 Executing VM operation: HandshakeAllThreads
Event: 6.612 Executing VM operation: HandshakeAllThreads done
Event: 6.613 Executing VM operation: HandshakeAllThreads
Event: 6.613 Executing VM operation: HandshakeAllThreads done
Event: 7.614 Executing VM operation: Cleanup
Event: 7.617 Executing VM operation: Cleanup done
Event: 8.617 Executing VM operation: Cleanup
Event: 8.617 Executing VM operation: Cleanup done
Event: 9.617 Executing VM operation: Cleanup
Event: 9.651 Executing VM operation: Cleanup done
Event: 10.213 Executing VM operation: G1CollectForAllocation
Event: 10.236 Executing VM operation: G1CollectForAllocation done

Events (20 events):
Event: 8.909 Thread 0x0000004e1de45030 Thread exited: 0x0000004e1de45030
Event: 8.952 loading class java/util/ConcurrentModificationException
Event: 8.952 loading class java/util/ConcurrentModificationException done
Event: 9.235 Thread 0x0000004e1f20a350 Thread added: 0x0000004e1f20a350
Event: 9.389 loading class java/util/concurrent/atomic/AtomicReferenceFieldUpdater
Event: 9.402 loading class java/util/concurrent/atomic/AtomicReferenceFieldUpdater done
Event: 9.402 loading class java/util/concurrent/atomic/AtomicReferenceFieldUpdater$AtomicReferenceFieldUpdaterImpl
Event: 9.480 loading class java/util/concurrent/atomic/AtomicReferenceFieldUpdater$AtomicReferenceFieldUpdaterImpl done
Event: 9.481 loading class java/util/concurrent/atomic/AtomicReferenceFieldUpdater$AtomicReferenceFieldUpdaterImpl$1
Event: 9.481 loading class java/util/concurrent/atomic/AtomicReferenceFieldUpdater$AtomicReferenceFieldUpdaterImpl$1 done
Event: 9.481 loading class sun/reflect/misc/ReflectUtil
Event: 9.482 loading class sun/reflect/misc/ReflectUtil done
Event: 9.728 Thread 0x0000004e1dccb420 Thread added: 0x0000004e1dccb420
Event: 9.848 loading class java/util/DualPivotQuicksort
Event: 9.850 loading class java/util/DualPivotQuicksort done
Event: 10.057 Thread 0x0000004e1dccb420 Thread exited: 0x0000004e1dccb420
Event: 10.206 loading class java/util/function/UnaryOperator
Event: 10.209 loading class java/util/function/UnaryOperator done
Event: 10.825 Thread 0x0000004e1f20b280 Thread added: 0x0000004e1f20b280
Event: 10.838 Thread 0x0000004e1ffa8670 Thread added: 0x0000004e1ffa8670


Dynamic libraries:
0x00007ff661a20000 - 0x00007ff661a2e000 	C:\Users\USER\.jdks\azul-17.0.3\bin\java.exe
0x00007ffd3ebf0000 - 0x00007ffd3ed9c000 	C:\Windows\SYSTEM32\ntdll.dll
0x00007ffd3e180000 - 0x00007ffd3e2be000 	C:\Windows\system32\KERNEL32.DLL
0x00007ffd3bf70000 - 0x00007ffd3c085000 	C:\Windows\system32\KERNELBASE.dll
0x00007ffd33480000 - 0x00007ffd33498000 	C:\Users\USER\.jdks\azul-17.0.3\bin\jli.dll
0x00007ffd33460000 - 0x00007ffd3347b000 	C:\Users\USER\.jdks\azul-17.0.3\bin\VCRUNTIME140.dll
0x00007ffd33450000 - 0x00007ffd33455000 	C:\Users\USER\.jdks\azul-17.0.3\bin\api-ms-win-crt-stdio-l1-1-0.dll
0x00007ffd31ca0000 - 0x00007ffd31ca5000 	C:\Users\USER\.jdks\azul-17.0.3\bin\api-ms-win-crt-runtime-l1-1-0.dll
0x00007ffd2e1d0000 - 0x00007ffd2e1d4000 	C:\Users\USER\.jdks\azul-17.0.3\bin\api-ms-win-crt-environment-l1-1-0.dll
0x00007ffd2dfe0000 - 0x00007ffd2dfe6000 	C:\Users\USER\.jdks\azul-17.0.3\bin\api-ms-win-crt-math-l1-1-0.dll
0x00007ffd2ba80000 - 0x00007ffd2ba84000 	C:\Users\USER\.jdks\azul-17.0.3\bin\api-ms-win-crt-locale-l1-1-0.dll
0x00007ffd2b6b0000 - 0x00007ffd2b6b4000 	C:\Users\USER\.jdks\azul-17.0.3\bin\api-ms-win-crt-heap-l1-1-0.dll
0x00007ffd387d0000 - 0x00007ffd38a4b000 	C:\Windows\WinSxS\amd64_microsoft.windows.common-controls_6595b64144ccf1df_6.0.9600.17415_none_6240486fecbd8abb\COMCTL32.dll
0x00007ffd3e3f0000 - 0x00007ffd3e567000 	C:\Windows\system32\USER32.dll
0x00007ffd2b6a0000 - 0x00007ffd2b6a4000 	C:\Users\USER\.jdks\azul-17.0.3\bin\api-ms-win-crt-filesystem-l1-1-0.dll
0x00007ffd2b590000 - 0x00007ffd2b595000 	C:\Users\USER\.jdks\azul-17.0.3\bin\api-ms-win-crt-string-l1-1-0.dll
0x00007ffd2b580000 - 0x00007ffd2b585000 	C:\Users\USER\.jdks\azul-17.0.3\bin\api-ms-win-crt-convert-l1-1-0.dll
0x00007ffd3c590000 - 0x00007ffd3c63a000 	C:\Windows\system32\msvcrt.dll
0x00007ffd3e790000 - 0x00007ffd3e8e1000 	C:\Windows\system32\GDI32.dll
0x00007ffd1c6d0000 - 0x00007ffd1c7e0000 	C:\Users\USER\.jdks\azul-17.0.3\bin\ucrtbase.DLL
0x00007ffd3ddf0000 - 0x00007ffd3de26000 	C:\Windows\system32\IMM32.DLL
0x00007ffd3dc90000 - 0x00007ffd3dde3000 	C:\Windows\system32\MSCTF.dll
0x00007ffd2b570000 - 0x00007ffd2b57c000 	C:\Users\USER\.jdks\azul-17.0.3\bin\vcruntime140_1.dll
0x00007ffd1ce10000 - 0x00007ffd1ce9d000 	C:\Users\USER\.jdks\azul-17.0.3\bin\msvcp140.dll
0x00007ffd2b560000 - 0x00007ffd2b564000 	C:\Users\USER\.jdks\azul-17.0.3\bin\api-ms-win-crt-time-l1-1-0.dll
0x00007ffd2b550000 - 0x00007ffd2b554000 	C:\Users\USER\.jdks\azul-17.0.3\bin\api-ms-win-crt-utility-l1-1-0.dll
0x00007ffd0fcf0000 - 0x00007ffd10958000 	C:\Users\USER\.jdks\azul-17.0.3\bin\server\jvm.dll
0x00007ffd3eae0000 - 0x00007ffd3eb8a000 	C:\Windows\system32\ADVAPI32.dll
0x00007ffd32e60000 - 0x00007ffd32e69000 	C:\Windows\SYSTEM32\WSOCK32.dll
0x00007ffd36d50000 - 0x00007ffd36d72000 	C:\Windows\SYSTEM32\WINMM.dll
0x00007ffd331d0000 - 0x00007ffd331da000 	C:\Windows\SYSTEM32\VERSION.dll
0x00007ffd3e320000 - 0x00007ffd3e327000 	C:\Windows\system32\PSAPI.DLL
0x00007ffd3e2c0000 - 0x00007ffd3e319000 	C:\Windows\SYSTEM32\sechost.dll
0x00007ffd3e030000 - 0x00007ffd3e171000 	C:\Windows\system32\RPCRT4.dll
0x00007ffd3dfd0000 - 0x00007ffd3e02a000 	C:\Windows\system32\WS2_32.dll
0x00007ffd36c30000 - 0x00007ffd36c5a000 	C:\Windows\SYSTEM32\WINMMBASE.dll
0x00007ffd3c4f0000 - 0x00007ffd3c4f9000 	C:\Windows\system32\NSI.dll
0x00007ffd3be10000 - 0x00007ffd3be5f000 	C:\Windows\SYSTEM32\cfgmgr32.dll
0x00007ffd3ab40000 - 0x00007ffd3ab68000 	C:\Windows\SYSTEM32\DEVOBJ.dll
0x00007ffd2b540000 - 0x00007ffd2b54a000 	C:\Users\USER\.jdks\azul-17.0.3\bin\jimage.dll
0x00007ffd374b0000 - 0x00007ffd3763a000 	C:\Windows\SYSTEM32\DBGHELP.DLL
0x00007ffd2b330000 - 0x00007ffd2b355000 	C:\Users\USER\.jdks\azul-17.0.3\bin\java.dll
0x00007ffd1ab80000 - 0x00007ffd1ac57000 	C:\Users\USER\.jdks\azul-17.0.3\bin\jsvml.dll
0x00007ffd3c640000 - 0x00007ffd3db59000 	C:\Windows\system32\SHELL32.dll
0x00007ffd3e570000 - 0x00007ffd3e781000 	C:\Windows\SYSTEM32\combase.dll
0x00007ffd3c500000 - 0x00007ffd3c554000 	C:\Windows\system32\SHLWAPI.dll
0x00007ffd39ed0000 - 0x00007ffd39f82000 	C:\Windows\SYSTEM32\SHCORE.dll
0x00007ffd3bd40000 - 0x00007ffd3bd55000 	C:\Windows\SYSTEM32\profapi.dll
0x00007ffd2b310000 - 0x00007ffd2b329000 	C:\Users\USER\.jdks\azul-17.0.3\bin\net.dll
0x00007ffd33f70000 - 0x00007ffd34039000 	C:\Windows\SYSTEM32\WINHTTP.dll
0x00007ffd3b560000 - 0x00007ffd3b5b9000 	C:\Windows\system32\mswsock.dll
0x00007ffd1cdf0000 - 0x00007ffd1ce06000 	C:\Users\USER\.jdks\azul-17.0.3\bin\nio.dll
0x00007ffd1b550000 - 0x00007ffd1b568000 	C:\Users\USER\.jdks\azul-17.0.3\bin\zip.dll
0x00007ffd2aab0000 - 0x00007ffd2aac0000 	C:\Users\USER\.jdks\azul-17.0.3\bin\verify.dll
0x00007ffd334a0000 - 0x00007ffd334c7000 	C:\Users\USER\.gradle\native\e1d6ef7f7dcc3fd88c89a11ec53ec762bb8ba0a96d01ffa2cd45eb1d1d8dd5c5\windows-amd64\native-platform.dll
0x00007ffd2aa60000 - 0x00007ffd2aa69000 	C:\Users\USER\.jdks\azul-17.0.3\bin\management.dll
0x00007ffd1cdb0000 - 0x00007ffd1cdbb000 	C:\Users\USER\.jdks\azul-17.0.3\bin\management_ext.dll
0x00007ffd3b720000 - 0x00007ffd3b740000 	C:\Windows\SYSTEM32\CRYPTSP.dll
0x00007ffd3b330000 - 0x00007ffd3b366000 	C:\Windows\system32\rsaenh.dll
0x00007ffd3b8d0000 - 0x00007ffd3b8f6000 	C:\Windows\SYSTEM32\bcrypt.dll
0x00007ffd3b3c0000 - 0x00007ffd3b3e1000 	C:\Windows\SYSTEM32\USERENV.dll
0x00007ffd3bc10000 - 0x00007ffd3bc73000 	C:\Windows\system32\bcryptprimitives.dll
0x00007ffd3bc80000 - 0x00007ffd3bc8b000 	C:\Windows\SYSTEM32\CRYPTBASE.dll
0x00007ffd361e0000 - 0x00007ffd3620a000 	C:\Windows\SYSTEM32\IPHLPAPI.DLL
0x00007ffd361b0000 - 0x00007ffd361ba000 	C:\Windows\SYSTEM32\WINNSI.DLL
0x00007ffd355c0000 - 0x00007ffd355d6000 	C:\Windows\SYSTEM32\dhcpcsvc6.DLL
0x00007ffd357d0000 - 0x00007ffd357ea000 	C:\Windows\SYSTEM32\dhcpcsvc.DLL
0x00007ffd1b540000 - 0x00007ffd1b54d000 	C:\Users\USER\.jdks\azul-17.0.3\bin\sunmscapi.dll
0x00007ffd3c090000 - 0x00007ffd3c26f000 	C:\Windows\system32\CRYPT32.dll
0x00007ffd3b860000 - 0x00007ffd3b885000 	C:\Windows\SYSTEM32\ncrypt.dll
0x00007ffd3bdf0000 - 0x00007ffd3be01000 	C:\Windows\system32\MSASN1.dll
0x00007ffd3b820000 - 0x00007ffd3b857000 	C:\Windows\SYSTEM32\NTASN1.dll

dbghelp: loaded successfully - version: 4.0.5 - missing functions: none
symbol engine: initialized successfully - sym options: 0x614 - pdb path: .;C:\Users\USER\.jdks\azul-17.0.3\bin;C:\Windows\SYSTEM32;C:\Windows\WinSxS\amd64_microsoft.windows.common-controls_6595b64144ccf1df_6.0.9600.17415_none_6240486fecbd8abb;C:\Users\USER\.jdks\azul-17.0.3\bin\server;C:\Users\USER\.gradle\native\e1d6ef7f7dcc3fd88c89a11ec53ec762bb8ba0a96d01ffa2cd45eb1d1d8dd5c5\windows-amd64

VM Arguments:
jvm_args: --add-opens=java.base/java.util=ALL-UNNAMED --add-opens=java.base/java.lang=ALL-UNNAMED --add-opens=java.base/java.lang.invoke=ALL-UNNAMED --add-opens=java.base/java.util=ALL-UNNAMED --add-opens=java.prefs/java.util.prefs=ALL-UNNAMED --add-opens=java.prefs/java.util.prefs=ALL-UNNAMED --add-opens=java.base/java.nio.charset=ALL-UNNAMED --add-opens=java.base/java.net=ALL-UNNAMED --add-opens=java.base/java.util.concurrent.atomic=ALL-UNNAMED -Xmx2048m -Dfile.encoding=UTF-8 -Duser.country=US -Duser.language=en -Duser.variant 
java_command: org.gradle.launcher.daemon.bootstrap.GradleDaemon 7.2
java_class_path (initial): C:\Users\USER\.gradle\wrapper\dists\gradle-7.2-bin\2dnblmf4td7x66yl1d74lt32g\gradle-7.2\lib\gradle-launcher-7.2.jar
Launcher Type: SUN_STANDARD

[Global flags]
     intx CICompilerCount                          = 3                                         {product} {ergonomic}
     uint ConcGCThreads                            = 1                                         {product} {ergonomic}
     uint G1ConcRefinementThreads                  = 4                                         {product} {ergonomic}
   size_t G1HeapRegionSize                         = 1048576                                   {product} {ergonomic}
    uintx GCDrainStackTargetSize                   = 64                                        {product} {ergonomic}
   size_t InitialHeapSize                          = 134217728                                 {product} {ergonomic}
   size_t MarkStackSize                            = 4194304                                   {product} {ergonomic}
   size_t MaxHeapSize                              = 2147483648                                {product} {command line}
   size_t MaxNewSize                               = 1287651328                                {product} {ergonomic}
   size_t MinHeapDeltaBytes                        = 1048576                                   {product} {ergonomic}
   size_t MinHeapSize                              = 8388608                                   {product} {ergonomic}
    uintx NonNMethodCodeHeapSize                   = 5832780                                {pd product} {ergonomic}
    uintx NonProfiledCodeHeapSize                  = 122912730                              {pd product} {ergonomic}
    uintx ProfiledCodeHeapSize                     = 122912730                              {pd product} {ergonomic}
    uintx ReservedCodeCacheSize                    = 251658240                              {pd product} {ergonomic}
     bool SegmentedCodeCache                       = true                                      {product} {ergonomic}
   size_t SoftMaxHeapSize                          = 2147483648                             {manageable} {ergonomic}
     bool UseCompressedClassPointers               = true                           {product lp64_product} {ergonomic}
     bool UseCompressedOops                        = true                           {product lp64_product} {ergonomic}
     bool UseG1GC                                  = true                                      {product} {ergonomic}
     bool UseLargePagesIndividualAllocation        = false                                  {pd product} {ergonomic}

Logging:
Log output configuration:
 #0: stdout all=warning uptime,level,tags
 #1: stderr all=off uptime,level,tags

Environment Variables:
JAVA_HOME=C:\Program Files\Zulu\zulu-18\
PATH=C:\Program Files\Zulu\zulu-18\bin\;C:\Windows\system32;C:\Windows;C:\Windows\System32\Wbem;C:\Windows\System32\WindowsPowerShell\v1.0\;C:\Program Files\Cloudflare\Cloudflare WARP\
USERNAME=USER
OS=Windows_NT
PROCESSOR_IDENTIFIER=Intel64 Family 6 Model 78 Stepping 3, GenuineIntel



---------------  S Y S T E M  ---------------

OS:
 Windows 8.1 , 64 bit Build 9600 (6.3.9600.17415)
OS uptime: 0 days 2:08 hours

CPU: total 4 (initial active 4) (2 cores per cpu, 2 threads per core) family 6 model 78 stepping 3 microcode 0xec, cx8, cmov, fxsr, ht, mmx, 3dnowpref, sse, sse2, sse3, ssse3, sse4.1, sse4.2, popcnt, lzcnt, tsc, tscinvbit, avx, avx2, aes, erms, clmul, bmi1, bmi2, rtm, adx, fma, vzeroupper, clflush, clflushopt

Memory: 4k page, system-wide physical 8083M (656M free)
TotalPageFile size 8083M (AvailPageFile size 5M)
current process WorkingSet (physical memory assigned to process): 196M, peak: 196M
current process commit charge ("private bytes"): 275M, peak: 276M

vm_info: OpenJDK 64-Bit Server VM (17.0.3+7-LTS) for windows-amd64 JRE (17.0.3+7-LTS) (Zulu17.34+19-CA), built on Apr 17 2022 09:18:41 by "zulu_re" with MS VC++ 16.10 / 16.11 (VS2019)

END.
