#
# There is insufficient memory for the Java Runtime Environment to continue.
# Native memory allocation (mmap) failed to map 448790528 bytes for G1 virtual space
# Possible reasons:
#   The system is out of physical RAM or swap space
#   The process is running with CompressedOops enabled, and the Java Heap may be blocking the growth of the native heap
# Possible solutions:
#   Reduce memory load on the system
#   Increase physical memory or swap space
#   Check if swap backing store is full
#   Decrease Java heap size (-Xmx/-Xms)
#   Decrease number of Java threads
#   Decrease Java thread stack sizes (-Xss)
#   Set larger code cache with -XX:ReservedCodeCacheSize=
#   JVM is running with Unscaled Compressed Oops mode in which the Java heap is
#     placed in the first 4GB address space. The Java Heap base address is the
#     maximum limit for the native heap growth. Please use -XX:HeapBaseMinAddress
#     to set the Java Heap base and to place the Java Heap above 4GB virtual address.
# This output file may be truncated or incomplete.
#
#  Out of Memory Error (os_windows.cpp:3535), pid=6344, tid=6532
#
# JRE version: OpenJDK Runtime Environment Zulu17.34+19-CA (17.0.3+7) (build 17.0.3+7-LTS)
# Java VM: OpenJDK 64-Bit Server VM Zulu17.34+19-CA (17.0.3+7-LTS, mixed mode, sharing, tiered, compressed oops, compressed class ptrs, g1 gc, windows-amd64)
# No core dump will be written. Minidumps are not enabled by default on client versions of Windows
#

---------------  S U M M A R Y ------------

Command Line: --add-opens=java.base/java.util=ALL-UNNAMED --add-opens=java.base/java.lang=ALL-UNNAMED --add-opens=java.base/java.lang.invoke=ALL-UNNAMED --add-opens=java.base/java.util=ALL-UNNAMED --add-opens=java.prefs/java.util.prefs=ALL-UNNAMED --add-opens=java.prefs/java.util.prefs=ALL-UNNAMED --add-opens=java.base/java.nio.charset=ALL-UNNAMED --add-opens=java.base/java.net=ALL-UNNAMED --add-opens=java.base/java.util.concurrent.atomic=ALL-UNNAMED -Xmx2048m -Dfile.encoding=UTF-8 -Duser.country=US -Duser.language=en -Duser.variant org.gradle.launcher.daemon.bootstrap.GradleDaemon 7.2

Host: Intel(R) Core(TM) i5-6300U CPU @ 2.40GHz, 4 cores, 7G,  Windows 8.1 , 64 bit Build 9600 (6.3.9600.17415)
Time: Mon Jun  6 21:03:39 2022 SE Asia Standard Time elapsed time: 90.771108 seconds (0d 0h 1m 30s)

---------------  T H R E A D  ---------------

Current thread (0x000000efe1b1ae30):  VMThread "VM Thread" [stack: 0x000000efe1da0000,0x000000efe1ea0000] [id=6532]

Stack: [0x000000efe1da0000,0x000000efe1ea0000]
Native frames: (J=compiled Java code, j=interpreted, Vv=VM code, C=native code)
V  [jvm.dll+0x67aeca]
V  [jvm.dll+0x836504]
V  [jvm.dll+0x837cae]
V  [jvm.dll+0x838313]
V  [jvm.dll+0x248cc5]
V  [jvm.dll+0x677de9]
V  [jvm.dll+0x66c722]
V  [jvm.dll+0x307abb]
V  [jvm.dll+0x30efc6]
V  [jvm.dll+0x35f65e]
V  [jvm.dll+0x35f88f]
V  [jvm.dll+0x2dea28]
V  [jvm.dll+0x2dccf4]
V  [jvm.dll+0x2dc2fc]
V  [jvm.dll+0x32007b]
V  [jvm.dll+0x83c7eb]
V  [jvm.dll+0x83d524]
V  [jvm.dll+0x83da3d]
V  [jvm.dll+0x83de14]
V  [jvm.dll+0x83dee0]
V  [jvm.dll+0x7e62ea]
V  [jvm.dll+0x679d55]
C  [ucrtbase.DLL+0x26b4c]
C  [KERNEL32.DLL+0x13d2]
C  [ntdll.dll+0x703c4]

VM_Operation (0x000000efedaf9070): G1CollectForAllocation, mode: safepoint, requested by thread 0x000000efe4c93040


---------------  P R O C E S S  ---------------

Threads class SMR info:
_java_thread_list=0x000000efe81dbae0, length=84, elements={
0x000000efc3c2e6a0, 0x000000efe1b21b70, 0x000000efe1b23ab0, 0x000000efe1b2aa30,
0x000000efe1b2c760, 0x000000efe1b2d320, 0x000000efe1b2dee0, 0x000000efe1b30be0,
0x000000efe1b7f620, 0x000000efe1b998c0, 0x000000efe31baa90, 0x000000efe31c6fa0,
0x000000efe43d48a0, 0x000000efe483b930, 0x000000efe498d500, 0x000000efe3dabc50,
0x000000efe4c35c30, 0x000000efe522e9e0, 0x000000efe48c2390, 0x000000efe516d590,
0x000000efe54e6e40, 0x000000efe54e5f10, 0x000000efe54e40b0, 0x000000efe54e7860,
0x000000efe54e4ad0, 0x000000efe54e4fe0, 0x000000efe54e54f0, 0x000000efe54e5a00,
0x000000efe54e6420, 0x000000efe54e6930, 0x000000efe5141410, 0x000000efe51409f0,
0x000000efe513fac0, 0x000000efe5141920, 0x000000efe513ffd0, 0x000000efe5141e30,
0x000000efe513f5b0, 0x000000efe5142340, 0x000000efe51404e0, 0x000000efe5143270,
0x000000efe5143780, 0x000000efe5142850, 0x000000efe5143c90, 0x000000efe51441a0,
0x000000efe51446b0, 0x000000efe5140f00, 0x000000efe5144bc0, 0x000000efe51450d0,
0x000000efe5146a20, 0x000000efe51455e0, 0x000000efe5145af0, 0x000000efe5146000,
0x000000efe5146510, 0x000000efe5146f30, 0x000000efe4c958c0, 0x000000efe4c93f70,
0x000000efe4c953b0, 0x000000efe4c967f0, 0x000000efe4c95dd0, 0x000000efe4c94480,
0x000000efe4c93040, 0x000000efe4c94990, 0x000000efe4c94ea0, 0x000000efe4c962e0,
0x000000efe4c96d00, 0x000000efe4c93550, 0x000000efe4c97210, 0x000000efe4c93a60,
0x000000efe4c98650, 0x000000efe4c99580, 0x000000efe4c97720, 0x000000efe4c98b60,
0x000000efe4c99070, 0x000000efe4c97c30, 0x000000efe4c99a90, 0x000000efe4c99fa0,
0x000000efe4c9a4b0, 0x000000efe504fa80, 0x000000efe504ff90, 0x000000efe5051df0,
0x000000efe50513d0, 0x000000efe504eb50, 0x000000efe5052300, 0x000000efe1b66940
}

Java Threads: ( => current thread )
  0x000000efc3c2e6a0 JavaThread "main" [_thread_blocked, id=4960, stack(0x000000efc1bb0000,0x000000efc1cb0000)]
  0x000000efe1b21b70 JavaThread "Reference Handler" daemon [_thread_blocked, id=2544, stack(0x000000efe1ea0000,0x000000efe1fa0000)]
  0x000000efe1b23ab0 JavaThread "Finalizer" daemon [_thread_blocked, id=1256, stack(0x000000efe2800000,0x000000efe2900000)]
  0x000000efe1b2aa30 JavaThread "Signal Dispatcher" daemon [_thread_blocked, id=3112, stack(0x000000efe29e0000,0x000000efe2ae0000)]
  0x000000efe1b2c760 JavaThread "Attach Listener" daemon [_thread_blocked, id=5880, stack(0x000000efe2ae0000,0x000000efe2be0000)]
  0x000000efe1b2d320 JavaThread "Service Thread" daemon [_thread_blocked, id=3428, stack(0x000000efe2be0000,0x000000efe2ce0000)]
  0x000000efe1b2dee0 JavaThread "Monitor Deflation Thread" daemon [_thread_blocked, id=3496, stack(0x000000efe2ce0000,0x000000efe2de0000)]
  0x000000efe1b30be0 JavaThread "C2 CompilerThread0" daemon [_thread_in_native, id=5316, stack(0x000000efe2de0000,0x000000efe2ee0000)]
  0x000000efe1b7f620 JavaThread "C1 CompilerThread0" daemon [_thread_blocked, id=6828, stack(0x000000efe2ee0000,0x000000efe2fe0000)]
  0x000000efe1b998c0 JavaThread "Sweeper thread" daemon [_thread_blocked, id=3192, stack(0x000000efe2fe0000,0x000000efe30e0000)]
  0x000000efe31baa90 JavaThread "Common-Cleaner" daemon [_thread_blocked, id=4320, stack(0x000000efe34e0000,0x000000efe35e0000)]
  0x000000efe31c6fa0 JavaThread "Notification Thread" daemon [_thread_blocked, id=5552, stack(0x000000efe35e0000,0x000000efe36e0000)]
  0x000000efe43d48a0 JavaThread "Daemon health stats" [_thread_blocked, id=8060, stack(0x000000efe53b0000,0x000000efe54b0000)]
  0x000000efe483b930 JavaThread "Incoming local TCP Connector on port 50142" [_thread_in_native, id=6624, stack(0x000000efe6760000,0x000000efe6860000)]
  0x000000efe498d500 JavaThread "Daemon periodic checks" [_thread_blocked, id=4668, stack(0x000000efe6860000,0x000000efe6960000)]
  0x000000efe3dabc50 JavaThread "Daemon" [_thread_blocked, id=7040, stack(0x000000efe6960000,0x000000efe6a60000)]
  0x000000efe4c35c30 JavaThread "Handler for socket connection from /127.0.0.1:50142 to /127.0.0.1:50143" [_thread_in_native, id=5664, stack(0x000000efe6a60000,0x000000efe6b60000)]
  0x000000efe522e9e0 JavaThread "Cancel handler" [_thread_blocked, id=4040, stack(0x000000efe7400000,0x000000efe7500000)]
  0x000000efe48c2390 JavaThread "Daemon worker" [_thread_blocked, id=5456, stack(0x000000efe7600000,0x000000efe7700000)]
  0x000000efe516d590 JavaThread "Asynchronous log dispatcher for DefaultDaemonConnection: socket connection from /127.0.0.1:50142 to /127.0.0.1:50143" [_thread_blocked, id=7004, stack(0x000000efe7700000,0x000000efe7800000)]
  0x000000efe54e6e40 JavaThread "Daemon client event forwarder" [_thread_blocked, id=6168, stack(0x000000efe7900000,0x000000efe7a00000)]
  0x000000efe54e5f10 JavaThread "Cache worker for journal cache (C:\Users\USER\.gradle\caches\journal-1)" [_thread_blocked, id=5388, stack(0x000000efe7a00000,0x000000efe7b00000)]
  0x000000efe54e40b0 JavaThread "File lock request listener" [_thread_in_native, id=8008, stack(0x000000efe7b00000,0x000000efe7c00000)]
  0x000000efe54e7860 JavaThread "Cache worker for file hash cache (C:\Users\USER\.gradle\caches\7.2\fileHashes)" [_thread_blocked, id=5276, stack(0x000000efe7c00000,0x000000efe7d00000)]
  0x000000efe54e4ad0 JavaThread "Cache worker for file hash cache (C:\Users\USER\Documents\Animal\.gradle\7.2\fileHashes)" [_thread_blocked, id=2852, stack(0x000000efe7d00000,0x000000efe7e00000)]
  0x000000efe54e4fe0 JavaThread "Cache worker for checksums cache (C:\Users\USER\Documents\Animal\.gradle\checksums)" [_thread_blocked, id=2824, stack(0x000000efe9100000,0x000000efe9200000)]
  0x000000efe54e54f0 JavaThread "Cache worker for cache directory md-supplier (C:\Users\USER\.gradle\caches\7.2\md-supplier)" [_thread_blocked, id=4656, stack(0x000000efe9300000,0x000000efe9400000)]
  0x000000efe54e5a00 JavaThread "Cache worker for cache directory md-rule (C:\Users\USER\.gradle\caches\7.2\md-rule)" [_thread_blocked, id=700, stack(0x000000efe7e00000,0x000000efe7f00000)]
  0x000000efe54e6420 JavaThread "Cache worker for execution history cache (C:\Users\USER\.gradle\caches\7.2\executionHistory)" [_thread_blocked, id=6348, stack(0x000000efe7f00000,0x000000efe8000000)]
  0x000000efe54e6930 JavaThread "jar transforms" [_thread_blocked, id=2064, stack(0x000000efe8000000,0x000000efe8100000)]
  0x000000efe5141410 JavaThread "jar transforms Thread 2" [_thread_blocked, id=1304, stack(0x000000efe9200000,0x000000efe9300000)]
  0x000000efe51409f0 JavaThread "Cache worker for file content cache (C:\Users\USER\.gradle\caches\7.2\fileContent)" [_thread_blocked, id=6652, stack(0x000000efea500000,0x000000efea600000)]
  0x000000efe513fac0 JavaThread "jar transforms Thread 3" [_thread_blocked, id=3512, stack(0x000000efea400000,0x000000efea500000)]
  0x000000efe5141920 JavaThread "jar transforms Thread 4" [_thread_blocked, id=2460, stack(0x000000efea600000,0x000000efea700000)]
  0x000000efe513ffd0 JavaThread "Cache worker for dependencies-accessors (C:\Users\USER\Documents\Animal\.gradle\7.2\dependencies-accessors)" [_thread_blocked, id=3188, stack(0x000000efea800000,0x000000efea900000)]
  0x000000efe5141e30 JavaThread "Cache worker for Build Output Cleanup Cache (C:\Users\USER\Documents\Animal\.gradle\buildOutputCleanup)" [_thread_blocked, id=7804, stack(0x000000efea700000,0x000000efea800000)]
  0x000000efe513f5b0 JavaThread "Unconstrained build operations" [_thread_blocked, id=1088, stack(0x000000efea900000,0x000000efeaa00000)]
  0x000000efe5142340 JavaThread "Unconstrained build operations Thread 2" [_thread_blocked, id=6516, stack(0x000000efeba20000,0x000000efebb20000)]
  0x000000efe51404e0 JavaThread "Unconstrained build operations Thread 3" [_thread_blocked, id=5028, stack(0x000000efebb20000,0x000000efebc20000)]
  0x000000efe5143270 JavaThread "Unconstrained build operations Thread 4" [_thread_blocked, id=2364, stack(0x000000efebc20000,0x000000efebd20000)]
  0x000000efe5143780 JavaThread "Unconstrained build operations Thread 5" [_thread_blocked, id=6416, stack(0x000000efebd20000,0x000000efebe20000)]
  0x000000efe5142850 JavaThread "Unconstrained build operations Thread 6" [_thread_blocked, id=6524, stack(0x000000efebe20000,0x000000efebf20000)]
  0x000000efe5143c90 JavaThread "Unconstrained build operations Thread 7" [_thread_blocked, id=6420, stack(0x000000efec800000,0x000000efec900000)]
  0x000000efe51441a0 JavaThread "Unconstrained build operations Thread 8" [_thread_blocked, id=6536, stack(0x000000efec900000,0x000000efeca00000)]
  0x000000efe51446b0 JavaThread "Unconstrained build operations Thread 9" [_thread_blocked, id=6544, stack(0x000000efeca00000,0x000000efecb00000)]
  0x000000efe5140f00 JavaThread "Unconstrained build operations Thread 10" [_thread_blocked, id=5592, stack(0x000000efecb00000,0x000000efecc00000)]
  0x000000efe5144bc0 JavaThread "Unconstrained build operations Thread 11" [_thread_blocked, id=7732, stack(0x000000efecc00000,0x000000efecd00000)]
  0x000000efe51450d0 JavaThread "Unconstrained build operations Thread 12" [_thread_blocked, id=2784, stack(0x000000efecd00000,0x000000efece00000)]
  0x000000efe5146a20 JavaThread "Unconstrained build operations Thread 13" [_thread_blocked, id=6540, stack(0x000000efece00000,0x000000efecf00000)]
  0x000000efe51455e0 JavaThread "Unconstrained build operations Thread 14" [_thread_blocked, id=1660, stack(0x000000efecf00000,0x000000efed000000)]
  0x000000efe5145af0 JavaThread "Unconstrained build operations Thread 15" [_thread_blocked, id=808, stack(0x000000efed000000,0x000000efed100000)]
  0x000000efe5146000 JavaThread "Unconstrained build operations Thread 16" [_thread_blocked, id=2524, stack(0x000000efed100000,0x000000efed200000)]
  0x000000efe5146510 JavaThread "Unconstrained build operations Thread 17" [_thread_blocked, id=6980, stack(0x000000efed200000,0x000000efed300000)]
  0x000000efe5146f30 JavaThread "Unconstrained build operations Thread 18" [_thread_blocked, id=5764, stack(0x000000efed300000,0x000000efed400000)]
  0x000000efe4c958c0 JavaThread "Unconstrained build operations Thread 19" [_thread_blocked, id=3716, stack(0x000000efed400000,0x000000efed500000)]
  0x000000efe4c93f70 JavaThread "Unconstrained build operations Thread 20" [_thread_blocked, id=6128, stack(0x000000efed500000,0x000000efed600000)]
  0x000000efe4c953b0 JavaThread "Unconstrained build operations Thread 21" [_thread_blocked, id=7152, stack(0x000000efed600000,0x000000efed700000)]
  0x000000efe4c967f0 JavaThread "Unconstrained build operations Thread 22" [_thread_blocked, id=7156, stack(0x000000efed700000,0x000000efed800000)]
  0x000000efe4c95dd0 JavaThread "Unconstrained build operations Thread 23" [_thread_blocked, id=7136, stack(0x000000efed800000,0x000000efed900000)]
  0x000000efe4c94480 JavaThread "Unconstrained build operations Thread 24" [_thread_blocked, id=6140, stack(0x000000efed900000,0x000000efeda00000)]
  0x000000efe4c93040 JavaThread "Unconstrained build operations Thread 25" [_thread_blocked, id=1704, stack(0x000000efeda00000,0x000000efedb00000)]
  0x000000efe4c94990 JavaThread "Unconstrained build operations Thread 26" [_thread_blocked, id=2228, stack(0x000000efedb00000,0x000000efedc00000)]
  0x000000efe4c94ea0 JavaThread "Unconstrained build operations Thread 27" [_thread_blocked, id=3884, stack(0x000000efedc00000,0x000000efedd00000)]
  0x000000efe4c962e0 JavaThread "Unconstrained build operations Thread 28" [_thread_blocked, id=5008, stack(0x000000efedd00000,0x000000efede00000)]
  0x000000efe4c96d00 JavaThread "Unconstrained build operations Thread 29" [_thread_blocked, id=5004, stack(0x000000efede00000,0x000000efedf00000)]
  0x000000efe4c93550 JavaThread "Unconstrained build operations Thread 30" [_thread_blocked, id=2216, stack(0x000000efedf00000,0x000000efee000000)]
  0x000000efe4c97210 JavaThread "Unconstrained build operations Thread 31" [_thread_blocked, id=5224, stack(0x000000efee000000,0x000000efee100000)]
  0x000000efe4c93a60 JavaThread "Unconstrained build operations Thread 32" [_thread_blocked, id=5240, stack(0x000000efee100000,0x000000efee200000)]
  0x000000efe4c98650 JavaThread "Unconstrained build operations Thread 33" [_thread_blocked, id=5248, stack(0x000000efee200000,0x000000efee300000)]
  0x000000efe4c99580 JavaThread "Unconstrained build operations Thread 34" [_thread_blocked, id=5208, stack(0x000000efee300000,0x000000efee400000)]
  0x000000efe4c97720 JavaThread "Unconstrained build operations Thread 35" [_thread_blocked, id=5236, stack(0x000000efee400000,0x000000efee500000)]
  0x000000efe4c98b60 JavaThread "Unconstrained build operations Thread 36" [_thread_blocked, id=7360, stack(0x000000efee500000,0x000000efee600000)]
  0x000000efe4c99070 JavaThread "Unconstrained build operations Thread 37" [_thread_blocked, id=6484, stack(0x000000efee600000,0x000000efee700000)]
  0x000000efe4c97c30 JavaThread "Unconstrained build operations Thread 38" [_thread_blocked, id=2844, stack(0x000000efee700000,0x000000efee800000)]
  0x000000efe4c99a90 JavaThread "Unconstrained build operations Thread 39" [_thread_blocked, id=4304, stack(0x000000efee800000,0x000000efee900000)]
  0x000000efe4c99fa0 JavaThread "Unconstrained build operations Thread 40" [_thread_blocked, id=4928, stack(0x000000efee900000,0x000000efeea00000)]
  0x000000efe4c9a4b0 JavaThread "Memory manager" [_thread_blocked, id=5968, stack(0x000000efef500000,0x000000efef600000)]
  0x000000efe504fa80 JavaThread "build event listener" [_thread_blocked, id=4048, stack(0x000000eff09b0000,0x000000eff0ab0000)]
  0x000000efe504ff90 JavaThread "Execution worker for ':'" [_thread_blocked, id=7448, stack(0x000000eff0ab0000,0x000000eff0bb0000)]
  0x000000efe5051df0 JavaThread "Execution worker for ':' Thread 2" [_thread_blocked, id=7716, stack(0x000000eff0bb0000,0x000000eff0cb0000)]
  0x000000efe50513d0 JavaThread "Execution worker for ':' Thread 3" [_thread_blocked, id=4648, stack(0x000000eff0cb0000,0x000000eff0db0000)]
  0x000000efe504eb50 JavaThread "Cache worker for execution history cache (C:\Users\USER\Documents\Animal\.gradle\7.2\executionHistory)" [_thread_blocked, id=5304, stack(0x000000eff05d0000,0x000000eff06d0000)]
  0x000000efe5052300 JavaThread "WorkerExecutor Queue" [_thread_blocked, id=5416, stack(0x000000efe7800000,0x000000efe7900000)]
  0x000000efe1b66940 JavaThread "C2 CompilerThread1" daemon [_thread_blocked, id=7380, stack(0x000000efef400000,0x000000efef500000)]

Other Threads:
=>0x000000efe1b1ae30 VMThread "VM Thread" [stack: 0x000000efe1da0000,0x000000efe1ea0000] [id=6532]
  0x000000efe31c7480 WatcherThread [stack: 0x000000efe36e0000,0x000000efe37e0000] [id=5988]
  0x000000efc3c8ae20 GCTaskThread "GC Thread#0" [stack: 0x000000efc3a80000,0x000000efc3b80000] [id=5936]
  0x000000efe3cd7500 GCTaskThread "GC Thread#1" [stack: 0x000000efe40e0000,0x000000efe41e0000] [id=2196]
  0x000000efe3cd77c0 GCTaskThread "GC Thread#2" [stack: 0x000000efe41e0000,0x000000efe42e0000] [id=7408]
  0x000000efe4353b20 GCTaskThread "GC Thread#3" [stack: 0x000000efe52b0000,0x000000efe53b0000] [id=3528]
  0x000000efc3c9bd70 ConcurrentGCThread "G1 Main Marker" [stack: 0x000000efdf360000,0x000000efdf460000] [id=4224]
  0x000000efc3c9c780 ConcurrentGCThread "G1 Conc#0" [stack: 0x000000efdf460000,0x000000efdf560000] [id=2320]
  0x000000efe19d40d0 ConcurrentGCThread "G1 Refine#0" [stack: 0x000000efe1ba0000,0x000000efe1ca0000] [id=1220]
  0x000000efeadd26c0 ConcurrentGCThread "G1 Refine#1" [stack: 0x000000eff1e70000,0x000000eff1f70000] [id=6216]
  0x000000efeadd23d0 ConcurrentGCThread "G1 Refine#2" [stack: 0x000000eff3000000,0x000000eff3100000] [id=6064]
  0x000000efe19d4a10 ConcurrentGCThread "G1 Service" [stack: 0x000000efe1ca0000,0x000000efe1da0000] [id=5732]

Threads with active compile tasks:
C2 CompilerThread0    90815 13844       4       com.android.tools.r8.internal.W4::a (1165 bytes)
C2 CompilerThread1    90815 13841       4       com.android.tools.r8.internal.W4::a (268 bytes)

VM state: at safepoint (normal execution)

VM Mutex/Monitor currently owned by a thread:  ([mutex/lock_event])
[0x000000efc3c2a370] Threads_lock - owner thread: 0x000000efe1b1ae30
[0x000000efc3c2a130] Heap_lock - owner thread: 0x000000efe4c93040

Heap address: 0x0000000080000000, size: 2048 MB, Compressed Oops mode: 32-bit

CDS archive(s) mapped at: [0x0000000800000000-0x0000000800c00000-0x0000000800c00000), size 12582912, SharedBaseAddress: 0x0000000800000000, ArchiveRelocationMode: 0.
Compressed class space mapped at: 0x0000000800c00000-0x0000000840c00000, reserved size: 1073741824
Narrow klass base: 0x0000000800000000, Narrow klass shift: 0, Narrow klass range: 0x100000000

GC Precious Log:
 CPUs: 4 total, 4 available
 Memory: 8083M
 Large Page Support: Disabled
 NUMA Support: Disabled
 Compressed Oops: Enabled (32-bit)
 Heap Region Size: 1M
 Heap Min Capacity: 8M
 Heap Initial Capacity: 128M
 Heap Max Capacity: 2G
 Pre-touch: Disabled
 Parallel Workers: 4
 Concurrent Workers: 1
 Concurrent Refinement Workers: 4
 Periodic GC: Disabled

Heap:
 garbage-first heap   total 239616K, used 138422K [0x0000000080000000, 0x0000000100000000)
  region size 1024K, 3 young (3072K), 3 survivors (3072K)
 Metaspace       used 86517K, committed 87104K, reserved 1130496K
  class space    used 11805K, committed 12096K, reserved 1048576K

Heap Regions: E=young(eden), S=young(survivor), O=old, HS=humongous(starts), HC=humongous(continues), CS=collection set, F=free, OA=open archive, CA=closed archive, TAMS=top-at-mark-start (previous, next)
|   0|0x0000000080000000, 0x0000000080100000, 0x0000000080100000|100%|HS|  |TAMS 0x0000000080100000, 0x0000000080100000| Complete 
|   1|0x0000000080100000, 0x0000000080200000, 0x0000000080200000|100%|HC|  |TAMS 0x0000000080200000, 0x0000000080200000| Complete 
|   2|0x0000000080200000, 0x0000000080300000, 0x0000000080300000|100%|HC|  |TAMS 0x0000000080300000, 0x0000000080300000| Complete 
|   3|0x0000000080300000, 0x0000000080400000, 0x0000000080400000|100%| O|  |TAMS 0x0000000080400000, 0x0000000080400000| Untracked 
|   4|0x0000000080400000, 0x0000000080500000, 0x0000000080500000|100%| O|  |TAMS 0x0000000080500000, 0x0000000080500000| Untracked 
|   5|0x0000000080500000, 0x0000000080600000, 0x0000000080600000|100%| O|  |TAMS 0x0000000080600000, 0x0000000080600000| Untracked 
|   6|0x0000000080600000, 0x0000000080700000, 0x0000000080700000|100%| O|  |TAMS 0x0000000080700000, 0x0000000080700000| Untracked 
|   7|0x0000000080700000, 0x0000000080800000, 0x0000000080800000|100%| O|  |TAMS 0x0000000080800000, 0x0000000080800000| Untracked 
|   8|0x0000000080800000, 0x0000000080900000, 0x0000000080900000|100%| O|  |TAMS 0x0000000080900000, 0x0000000080900000| Untracked 
|   9|0x0000000080900000, 0x0000000080a00000, 0x0000000080a00000|100%| O|  |TAMS 0x0000000080a00000, 0x0000000080a00000| Untracked 
|  10|0x0000000080a00000, 0x0000000080b00000, 0x0000000080b00000|100%| O|  |TAMS 0x0000000080b00000, 0x0000000080b00000| Untracked 
|  11|0x0000000080b00000, 0x0000000080c00000, 0x0000000080c00000|100%| O|  |TAMS 0x0000000080c00000, 0x0000000080c00000| Untracked 
|  12|0x0000000080c00000, 0x0000000080d00000, 0x0000000080d00000|100%| O|  |TAMS 0x0000000080d00000, 0x0000000080d00000| Untracked 
|  13|0x0000000080d00000, 0x0000000080e00000, 0x0000000080e00000|100%| O|  |TAMS 0x0000000080e00000, 0x0000000080e00000| Untracked 
|  14|0x0000000080e00000, 0x0000000080f00000, 0x0000000080f00000|100%| O|  |TAMS 0x0000000080f00000, 0x0000000080f00000| Untracked 
|  15|0x0000000080f00000, 0x0000000081000000, 0x0000000081000000|100%| O|  |TAMS 0x0000000081000000, 0x0000000081000000| Untracked 
|  16|0x0000000081000000, 0x0000000081100000, 0x0000000081100000|100%| O|  |TAMS 0x0000000081100000, 0x0000000081100000| Untracked 
|  17|0x0000000081100000, 0x0000000081200000, 0x0000000081200000|100%| O|  |TAMS 0x0000000081200000, 0x0000000081200000| Untracked 
|  18|0x0000000081200000, 0x00000000812e7c00, 0x0000000081300000| 90%| O|  |TAMS 0x00000000812e7c00, 0x00000000812e7c00| Untracked 
|  19|0x0000000081300000, 0x0000000081400000, 0x0000000081400000|100%| O|  |TAMS 0x0000000081400000, 0x0000000081400000| Untracked 
|  20|0x0000000081400000, 0x0000000081500000, 0x0000000081500000|100%|HS|  |TAMS 0x0000000081500000, 0x0000000081500000| Complete 
|  21|0x0000000081500000, 0x0000000081600000, 0x0000000081600000|100%| O|  |TAMS 0x0000000081600000, 0x0000000081600000| Untracked 
|  22|0x0000000081600000, 0x0000000081700000, 0x0000000081700000|100%| O|  |TAMS 0x0000000081700000, 0x0000000081700000| Untracked 
|  23|0x0000000081700000, 0x0000000081800000, 0x0000000081800000|100%| O|  |TAMS 0x0000000081800000, 0x0000000081800000| Untracked 
|  24|0x0000000081800000, 0x0000000081900000, 0x0000000081900000|100%| O|  |TAMS 0x0000000081900000, 0x0000000081900000| Untracked 
|  25|0x0000000081900000, 0x0000000081a00000, 0x0000000081a00000|100%| O|  |TAMS 0x0000000081a00000, 0x0000000081a00000| Untracked 
|  26|0x0000000081a00000, 0x0000000081b00000, 0x0000000081b00000|100%| O|  |TAMS 0x0000000081b00000, 0x0000000081b00000| Untracked 
|  27|0x0000000081b00000, 0x0000000081c00000, 0x0000000081c00000|100%|HS|  |TAMS 0x0000000081c00000, 0x0000000081c00000| Complete 
|  28|0x0000000081c00000, 0x0000000081d00000, 0x0000000081d00000|100%|HS|  |TAMS 0x0000000081d00000, 0x0000000081d00000| Complete 
|  29|0x0000000081d00000, 0x0000000081e00000, 0x0000000081e00000|100%|HC|  |TAMS 0x0000000081e00000, 0x0000000081e00000| Complete 
|  30|0x0000000081e00000, 0x0000000081f00000, 0x0000000081f00000|100%| O|  |TAMS 0x0000000081f00000, 0x0000000081f00000| Untracked 
|  31|0x0000000081f00000, 0x0000000082000000, 0x0000000082000000|100%| O|  |TAMS 0x0000000082000000, 0x0000000082000000| Untracked 
|  32|0x0000000082000000, 0x0000000082100000, 0x0000000082100000|100%| O|  |TAMS 0x0000000082100000, 0x0000000082100000| Untracked 
|  33|0x0000000082100000, 0x0000000082200000, 0x0000000082200000|100%| O|  |TAMS 0x0000000082200000, 0x0000000082200000| Untracked 
|  34|0x0000000082200000, 0x0000000082300000, 0x0000000082300000|100%| O|  |TAMS 0x0000000082300000, 0x0000000082300000| Untracked 
|  35|0x0000000082300000, 0x0000000082400000, 0x0000000082400000|100%| O|  |TAMS 0x0000000082400000, 0x0000000082400000| Untracked 
|  36|0x0000000082400000, 0x0000000082500000, 0x0000000082500000|100%| O|  |TAMS 0x0000000082500000, 0x0000000082500000| Untracked 
|  37|0x0000000082500000, 0x0000000082600000, 0x0000000082600000|100%| O|  |TAMS 0x0000000082600000, 0x0000000082600000| Untracked 
|  38|0x0000000082600000, 0x0000000082700000, 0x0000000082700000|100%| O|  |TAMS 0x0000000082700000, 0x0000000082700000| Untracked 
|  39|0x0000000082700000, 0x0000000082800000, 0x0000000082800000|100%| O|  |TAMS 0x0000000082800000, 0x0000000082800000| Untracked 
|  40|0x0000000082800000, 0x0000000082900000, 0x0000000082900000|100%| O|  |TAMS 0x0000000082900000, 0x0000000082900000| Untracked 
|  41|0x0000000082900000, 0x0000000082a00000, 0x0000000082a00000|100%| O|  |TAMS 0x0000000082a00000, 0x0000000082a00000| Untracked 
|  42|0x0000000082a00000, 0x0000000082b00000, 0x0000000082b00000|100%| O|  |TAMS 0x0000000082b00000, 0x0000000082b00000| Untracked 
|  43|0x0000000082b00000, 0x0000000082c00000, 0x0000000082c00000|100%| O|  |TAMS 0x0000000082c00000, 0x0000000082c00000| Untracked 
|  44|0x0000000082c00000, 0x0000000082d00000, 0x0000000082d00000|100%| O|  |TAMS 0x0000000082d00000, 0x0000000082d00000| Untracked 
|  45|0x0000000082d00000, 0x0000000082e00000, 0x0000000082e00000|100%| O|  |TAMS 0x0000000082e00000, 0x0000000082e00000| Untracked 
|  46|0x0000000082e00000, 0x0000000082f00000, 0x0000000082f00000|100%| O|  |TAMS 0x0000000082f00000, 0x0000000082f00000| Untracked 
|  47|0x0000000082f00000, 0x0000000083000000, 0x0000000083000000|100%| O|  |TAMS 0x0000000083000000, 0x0000000083000000| Untracked 
|  48|0x0000000083000000, 0x0000000083100000, 0x0000000083100000|100%| O|  |TAMS 0x0000000083100000, 0x0000000083100000| Untracked 
|  49|0x0000000083100000, 0x0000000083200000, 0x0000000083200000|100%| O|  |TAMS 0x0000000083200000, 0x0000000083200000| Untracked 
|  50|0x0000000083200000, 0x0000000083300000, 0x0000000083300000|100%| O|  |TAMS 0x0000000083300000, 0x0000000083300000| Untracked 
|  51|0x0000000083300000, 0x0000000083400000, 0x0000000083400000|100%| O|  |TAMS 0x0000000083400000, 0x0000000083400000| Untracked 
|  52|0x0000000083400000, 0x0000000083500000, 0x0000000083500000|100%| O|  |TAMS 0x0000000083500000, 0x0000000083500000| Untracked 
|  53|0x0000000083500000, 0x0000000083600000, 0x0000000083600000|100%| O|  |TAMS 0x0000000083600000, 0x0000000083600000| Untracked 
|  54|0x0000000083600000, 0x0000000083700000, 0x0000000083700000|100%| O|  |TAMS 0x0000000083700000, 0x0000000083700000| Untracked 
|  55|0x0000000083700000, 0x0000000083800000, 0x0000000083800000|100%| O|  |TAMS 0x0000000083800000, 0x0000000083800000| Untracked 
|  56|0x0000000083800000, 0x0000000083900000, 0x0000000083900000|100%| O|  |TAMS 0x0000000083900000, 0x0000000083900000| Untracked 
|  57|0x0000000083900000, 0x0000000083a00000, 0x0000000083a00000|100%| O|  |TAMS 0x0000000083a00000, 0x0000000083a00000| Untracked 
|  58|0x0000000083a00000, 0x0000000083b00000, 0x0000000083b00000|100%| O|  |TAMS 0x0000000083b00000, 0x0000000083b00000| Untracked 
|  59|0x0000000083b00000, 0x0000000083c00000, 0x0000000083c00000|100%| O|  |TAMS 0x0000000083c00000, 0x0000000083c00000| Untracked 
|  60|0x0000000083c00000, 0x0000000083d00000, 0x0000000083d00000|100%| O|  |TAMS 0x0000000083d00000, 0x0000000083d00000| Untracked 
|  61|0x0000000083d00000, 0x0000000083e00000, 0x0000000083e00000|100%| O|  |TAMS 0x0000000083e00000, 0x0000000083e00000| Untracked 
|  62|0x0000000083e00000, 0x0000000083f00000, 0x0000000083f00000|100%| O|  |TAMS 0x0000000083f00000, 0x0000000083f00000| Untracked 
|  63|0x0000000083f00000, 0x0000000084000000, 0x0000000084000000|100%| O|  |TAMS 0x0000000084000000, 0x0000000084000000| Untracked 
|  64|0x0000000084000000, 0x0000000084100000, 0x0000000084100000|100%| O|  |TAMS 0x0000000084100000, 0x0000000084100000| Untracked 
|  65|0x0000000084100000, 0x0000000084200000, 0x0000000084200000|100%| O|  |TAMS 0x0000000084200000, 0x0000000084200000| Untracked 
|  66|0x0000000084200000, 0x0000000084300000, 0x0000000084300000|100%| O|  |TAMS 0x0000000084300000, 0x0000000084300000| Untracked 
|  67|0x0000000084300000, 0x0000000084400000, 0x0000000084400000|100%| O|  |TAMS 0x0000000084400000, 0x0000000084400000| Untracked 
|  68|0x0000000084400000, 0x0000000084500000, 0x0000000084500000|100%| O|  |TAMS 0x0000000084500000, 0x0000000084500000| Untracked 
|  69|0x0000000084500000, 0x0000000084600000, 0x0000000084600000|100%| O|  |TAMS 0x0000000084600000, 0x0000000084600000| Untracked 
|  70|0x0000000084600000, 0x0000000084700000, 0x0000000084700000|100%| O|  |TAMS 0x0000000084700000, 0x0000000084700000| Untracked 
|  71|0x0000000084700000, 0x0000000084800000, 0x0000000084800000|100%| O|  |TAMS 0x0000000084800000, 0x0000000084800000| Untracked 
|  72|0x0000000084800000, 0x0000000084900000, 0x0000000084900000|100%| O|  |TAMS 0x0000000084900000, 0x0000000084900000| Untracked 
|  73|0x0000000084900000, 0x0000000084a00000, 0x0000000084a00000|100%| O|  |TAMS 0x0000000084a00000, 0x0000000084a00000| Untracked 
|  74|0x0000000084a00000, 0x0000000084b00000, 0x0000000084b00000|100%| O|  |TAMS 0x0000000084b00000, 0x0000000084b00000| Untracked 
|  75|0x0000000084b00000, 0x0000000084c00000, 0x0000000084c00000|100%|HS|  |TAMS 0x0000000084c00000, 0x0000000084c00000| Complete 
|  76|0x0000000084c00000, 0x0000000084d00000, 0x0000000084d00000|100%|HC|  |TAMS 0x0000000084d00000, 0x0000000084d00000| Complete 
|  77|0x0000000084d00000, 0x0000000084e00000, 0x0000000084e00000|100%| O|  |TAMS 0x0000000084e00000, 0x0000000084e00000| Untracked 
|  78|0x0000000084e00000, 0x0000000084f00000, 0x0000000084f00000|100%| O|  |TAMS 0x0000000084f00000, 0x0000000084f00000| Untracked 
|  79|0x0000000084f00000, 0x0000000085000000, 0x0000000085000000|100%| O|  |TAMS 0x0000000085000000, 0x0000000085000000| Untracked 
|  80|0x0000000085000000, 0x0000000085100000, 0x0000000085100000|100%| O|  |TAMS 0x0000000085100000, 0x0000000085100000| Untracked 
|  81|0x0000000085100000, 0x0000000085200000, 0x0000000085200000|100%| O|  |TAMS 0x0000000085200000, 0x0000000085200000| Untracked 
|  82|0x0000000085200000, 0x0000000085300000, 0x0000000085300000|100%| O|  |TAMS 0x0000000085300000, 0x0000000085300000| Untracked 
|  83|0x0000000085300000, 0x0000000085400000, 0x0000000085400000|100%| O|  |TAMS 0x0000000085400000, 0x0000000085400000| Untracked 
|  84|0x0000000085400000, 0x0000000085500000, 0x0000000085500000|100%| O|  |TAMS 0x0000000085500000, 0x0000000085500000| Untracked 
|  85|0x0000000085500000, 0x0000000085600000, 0x0000000085600000|100%| O|  |TAMS 0x0000000085600000, 0x0000000085600000| Untracked 
|  86|0x0000000085600000, 0x0000000085700000, 0x0000000085700000|100%| O|  |TAMS 0x0000000085700000, 0x0000000085700000| Untracked 
|  87|0x0000000085700000, 0x0000000085800000, 0x0000000085800000|100%| O|  |TAMS 0x0000000085800000, 0x0000000085800000| Untracked 
|  88|0x0000000085800000, 0x0000000085900000, 0x0000000085900000|100%| O|  |TAMS 0x0000000085900000, 0x0000000085900000| Untracked 
|  89|0x0000000085900000, 0x0000000085a00000, 0x0000000085a00000|100%| O|  |TAMS 0x0000000085a00000, 0x0000000085a00000| Untracked 
|  90|0x0000000085a00000, 0x0000000085b00000, 0x0000000085b00000|100%| O|  |TAMS 0x0000000085b00000, 0x0000000085b00000| Untracked 
|  91|0x0000000085b00000, 0x0000000085c00000, 0x0000000085c00000|100%| O|  |TAMS 0x0000000085c00000, 0x0000000085c00000| Untracked 
|  92|0x0000000085c00000, 0x0000000085d00000, 0x0000000085d00000|100%| O|  |TAMS 0x0000000085d00000, 0x0000000085d00000| Untracked 
|  93|0x0000000085d00000, 0x0000000085e00000, 0x0000000085e00000|100%| O|  |TAMS 0x0000000085e00000, 0x0000000085e00000| Untracked 
|  94|0x0000000085e00000, 0x0000000085f00000, 0x0000000085f00000|100%| O|  |TAMS 0x0000000085f00000, 0x0000000085f00000| Untracked 
|  95|0x0000000085f00000, 0x0000000085f00000, 0x0000000086000000|  0%| F|  |TAMS 0x0000000085f00000, 0x0000000085f00000| Untracked 
|  96|0x0000000086000000, 0x0000000086000000, 0x0000000086100000|  0%| F|  |TAMS 0x0000000086000000, 0x0000000086000000| Untracked 
|  97|0x0000000086100000, 0x0000000086200000, 0x0000000086200000|100%| O|  |TAMS 0x0000000086200000, 0x0000000086200000| Untracked 
|  98|0x0000000086200000, 0x0000000086300000, 0x0000000086300000|100%| O|  |TAMS 0x0000000086300000, 0x0000000086300000| Untracked 
|  99|0x0000000086300000, 0x0000000086400000, 0x0000000086400000|100%| O|  |TAMS 0x0000000086400000, 0x0000000086400000| Untracked 
| 100|0x0000000086400000, 0x0000000086500000, 0x0000000086500000|100%| O|  |TAMS 0x0000000086500000, 0x0000000086500000| Untracked 
| 101|0x0000000086500000, 0x0000000086600000, 0x0000000086600000|100%| O|  |TAMS 0x0000000086600000, 0x0000000086600000| Untracked 
| 102|0x0000000086600000, 0x0000000086700000, 0x0000000086700000|100%| O|  |TAMS 0x0000000086700000, 0x0000000086700000| Untracked 
| 103|0x0000000086700000, 0x0000000086800000, 0x0000000086800000|100%| O|  |TAMS 0x0000000086800000, 0x0000000086800000| Untracked 
| 104|0x0000000086800000, 0x0000000086900000, 0x0000000086900000|100%| O|  |TAMS 0x0000000086900000, 0x0000000086900000| Untracked 
| 105|0x0000000086900000, 0x0000000086a00000, 0x0000000086a00000|100%| O|  |TAMS 0x0000000086a00000, 0x0000000086a00000| Untracked 
| 106|0x0000000086a00000, 0x0000000086b00000, 0x0000000086b00000|100%| O|  |TAMS 0x0000000086b00000, 0x0000000086b00000| Untracked 
| 107|0x0000000086b00000, 0x0000000086c00000, 0x0000000086c00000|100%| O|  |TAMS 0x0000000086c00000, 0x0000000086c00000| Untracked 
| 108|0x0000000086c00000, 0x0000000086d00000, 0x0000000086d00000|100%| O|  |TAMS 0x0000000086d00000, 0x0000000086d00000| Untracked 
| 109|0x0000000086d00000, 0x0000000086e00000, 0x0000000086e00000|100%| O|  |TAMS 0x0000000086e00000, 0x0000000086e00000| Untracked 
| 110|0x0000000086e00000, 0x0000000086f00000, 0x0000000086f00000|100%| O|  |TAMS 0x0000000086f00000, 0x0000000086f00000| Untracked 
| 111|0x0000000086f00000, 0x0000000087000000, 0x0000000087000000|100%| O|  |TAMS 0x0000000086f00000, 0x0000000087000000| Untracked 
| 112|0x0000000087000000, 0x0000000087100000, 0x0000000087100000|100%| O|  |TAMS 0x0000000087000000, 0x0000000087100000| Untracked 
| 113|0x0000000087100000, 0x0000000087200000, 0x0000000087200000|100%| O|  |TAMS 0x0000000087100000, 0x0000000087200000| Untracked 
| 114|0x0000000087200000, 0x0000000087300000, 0x0000000087300000|100%| O|  |TAMS 0x0000000087200000, 0x0000000087300000| Untracked 
| 115|0x0000000087300000, 0x0000000087400000, 0x0000000087400000|100%| O|  |TAMS 0x0000000087300000, 0x0000000087400000| Untracked 
| 116|0x0000000087400000, 0x0000000087500000, 0x0000000087500000|100%| O|  |TAMS 0x0000000087400000, 0x0000000087500000| Untracked 
| 117|0x0000000087500000, 0x0000000087600000, 0x0000000087600000|100%| O|  |TAMS 0x0000000087500000, 0x0000000087600000| Untracked 
| 118|0x0000000087600000, 0x0000000087700000, 0x0000000087700000|100%| O|  |TAMS 0x0000000087600000, 0x0000000087700000| Untracked 
| 119|0x0000000087700000, 0x0000000087800000, 0x0000000087800000|100%| O|  |TAMS 0x0000000087700000, 0x0000000087800000| Untracked 
| 120|0x0000000087800000, 0x0000000087900000, 0x0000000087900000|100%| O|  |TAMS 0x0000000087800000, 0x0000000087900000| Untracked 
| 121|0x0000000087900000, 0x0000000087a00000, 0x0000000087a00000|100%| O|  |TAMS 0x0000000087900000, 0x0000000087a00000| Untracked 
| 122|0x0000000087a00000, 0x0000000087b00000, 0x0000000087b00000|100%| O|  |TAMS 0x0000000087a00000, 0x0000000087b00000| Untracked 
| 123|0x0000000087b00000, 0x0000000087c00000, 0x0000000087c00000|100%| O|  |TAMS 0x0000000087b00000, 0x0000000087c00000| Untracked 
| 124|0x0000000087c00000, 0x0000000087d00000, 0x0000000087d00000|100%| O|  |TAMS 0x0000000087c00000, 0x0000000087d00000| Untracked 
| 125|0x0000000087d00000, 0x0000000087e00000, 0x0000000087e00000|100%| O|  |TAMS 0x0000000087d00000, 0x0000000087e00000| Untracked 
| 126|0x0000000087e00000, 0x0000000087f00000, 0x0000000087f00000|100%| O|  |TAMS 0x0000000087e00000, 0x0000000087f00000| Untracked 
| 127|0x0000000087f00000, 0x0000000088000000, 0x0000000088000000|100%| O|  |TAMS 0x0000000087f00000, 0x0000000088000000| Untracked 
| 128|0x0000000088000000, 0x0000000088100000, 0x0000000088100000|100%| O|  |TAMS 0x0000000088000000, 0x0000000088100000| Untracked 
| 129|0x0000000088100000, 0x0000000088200000, 0x0000000088200000|100%| O|  |TAMS 0x0000000088100000, 0x0000000088200000| Untracked 
| 130|0x0000000088200000, 0x0000000088300000, 0x0000000088300000|100%| O|  |TAMS 0x0000000088200000, 0x0000000088300000| Untracked 
| 131|0x0000000088300000, 0x0000000088400000, 0x0000000088400000|100%| O|  |TAMS 0x0000000088300000, 0x0000000088400000| Untracked 
| 132|0x0000000088400000, 0x0000000088500000, 0x0000000088500000|100%| O|  |TAMS 0x0000000088400000, 0x0000000088500000| Untracked 
| 133|0x0000000088500000, 0x0000000088600000, 0x0000000088600000|100%| O|  |TAMS 0x0000000088500000, 0x0000000088600000| Untracked 
| 134|0x0000000088600000, 0x0000000088662800, 0x0000000088700000| 38%| O|  |TAMS 0x0000000088600000, 0x0000000088662800| Untracked 
| 135|0x0000000088700000, 0x0000000088700000, 0x0000000088800000|  0%| F|  |TAMS 0x0000000088700000, 0x0000000088700000| Untracked 
| 136|0x0000000088800000, 0x0000000088800000, 0x0000000088900000|  0%| F|  |TAMS 0x0000000088800000, 0x0000000088800000| Untracked 
| 137|0x0000000088900000, 0x0000000088900000, 0x0000000088a00000|  0%| F|  |TAMS 0x0000000088900000, 0x0000000088900000| Untracked 
| 138|0x0000000088a00000, 0x0000000088a00000, 0x0000000088b00000|  0%| F|  |TAMS 0x0000000088a00000, 0x0000000088a00000| Untracked 
| 139|0x0000000088b00000, 0x0000000088b00000, 0x0000000088c00000|  0%| F|  |TAMS 0x0000000088b00000, 0x0000000088b00000| Untracked 
| 140|0x0000000088c00000, 0x0000000088c00000, 0x0000000088d00000|  0%| F|  |TAMS 0x0000000088c00000, 0x0000000088c00000| Untracked 
| 141|0x0000000088d00000, 0x0000000088d00000, 0x0000000088e00000|  0%| F|  |TAMS 0x0000000088d00000, 0x0000000088d00000| Untracked 
| 142|0x0000000088e00000, 0x0000000088e00000, 0x0000000088f00000|  0%| F|  |TAMS 0x0000000088e00000, 0x0000000088e00000| Untracked 
| 143|0x0000000088f00000, 0x0000000088f00000, 0x0000000089000000|  0%| F|  |TAMS 0x0000000088f00000, 0x0000000088f00000| Untracked 
| 144|0x0000000089000000, 0x0000000089000000, 0x0000000089100000|  0%| F|  |TAMS 0x0000000089000000, 0x0000000089000000| Untracked 
| 145|0x0000000089100000, 0x0000000089100000, 0x0000000089200000|  0%| F|  |TAMS 0x0000000089100000, 0x0000000089100000| Untracked 
| 146|0x0000000089200000, 0x0000000089200000, 0x0000000089300000|  0%| F|  |TAMS 0x0000000089200000, 0x0000000089200000| Untracked 
| 147|0x0000000089300000, 0x0000000089300000, 0x0000000089400000|  0%| F|  |TAMS 0x0000000089300000, 0x0000000089300000| Untracked 
| 148|0x0000000089400000, 0x0000000089400000, 0x0000000089500000|  0%| F|  |TAMS 0x0000000089400000, 0x0000000089400000| Untracked 
| 149|0x0000000089500000, 0x0000000089500000, 0x0000000089600000|  0%| F|  |TAMS 0x0000000089500000, 0x0000000089500000| Untracked 
| 150|0x0000000089600000, 0x0000000089600000, 0x0000000089700000|  0%| F|  |TAMS 0x0000000089600000, 0x0000000089600000| Untracked 
| 151|0x0000000089700000, 0x0000000089700000, 0x0000000089800000|  0%| F|  |TAMS 0x0000000089700000, 0x0000000089700000| Untracked 
| 152|0x0000000089800000, 0x0000000089800000, 0x0000000089900000|  0%| F|  |TAMS 0x0000000089800000, 0x0000000089800000| Untracked 
| 153|0x0000000089900000, 0x0000000089900000, 0x0000000089a00000|  0%| F|  |TAMS 0x0000000089900000, 0x0000000089900000| Untracked 
| 154|0x0000000089a00000, 0x0000000089a00000, 0x0000000089b00000|  0%| F|  |TAMS 0x0000000089a00000, 0x0000000089a00000| Untracked 
| 155|0x0000000089b00000, 0x0000000089b00000, 0x0000000089c00000|  0%| F|  |TAMS 0x0000000089b00000, 0x0000000089b00000| Untracked 
| 156|0x0000000089c00000, 0x0000000089c00000, 0x0000000089d00000|  0%| F|  |TAMS 0x0000000089c00000, 0x0000000089c00000| Untracked 
| 157|0x0000000089d00000, 0x0000000089d00000, 0x0000000089e00000|  0%| F|  |TAMS 0x0000000089d00000, 0x0000000089d00000| Untracked 
| 158|0x0000000089e00000, 0x0000000089e00000, 0x0000000089f00000|  0%| F|  |TAMS 0x0000000089e00000, 0x0000000089e00000| Untracked 
| 159|0x0000000089f00000, 0x0000000089f00000, 0x000000008a000000|  0%| F|  |TAMS 0x0000000089f00000, 0x0000000089f00000| Untracked 
| 160|0x000000008a000000, 0x000000008a000000, 0x000000008a100000|  0%| F|  |TAMS 0x000000008a000000, 0x000000008a000000| Untracked 
| 161|0x000000008a100000, 0x000000008a100000, 0x000000008a200000|  0%| F|  |TAMS 0x000000008a100000, 0x000000008a100000| Untracked 
| 162|0x000000008a200000, 0x000000008a200000, 0x000000008a300000|  0%| F|  |TAMS 0x000000008a200000, 0x000000008a200000| Untracked 
| 163|0x000000008a300000, 0x000000008a300000, 0x000000008a400000|  0%| F|  |TAMS 0x000000008a300000, 0x000000008a300000| Untracked 
| 164|0x000000008a400000, 0x000000008a400000, 0x000000008a500000|  0%| F|  |TAMS 0x000000008a400000, 0x000000008a400000| Untracked 
| 165|0x000000008a500000, 0x000000008a500000, 0x000000008a600000|  0%| F|  |TAMS 0x000000008a500000, 0x000000008a500000| Untracked 
| 166|0x000000008a600000, 0x000000008a600000, 0x000000008a700000|  0%| F|  |TAMS 0x000000008a600000, 0x000000008a600000| Untracked 
| 167|0x000000008a700000, 0x000000008a700000, 0x000000008a800000|  0%| F|  |TAMS 0x000000008a700000, 0x000000008a700000| Untracked 
| 168|0x000000008a800000, 0x000000008a800000, 0x000000008a900000|  0%| F|  |TAMS 0x000000008a800000, 0x000000008a800000| Untracked 
| 169|0x000000008a900000, 0x000000008a900000, 0x000000008aa00000|  0%| F|  |TAMS 0x000000008a900000, 0x000000008a900000| Untracked 
| 170|0x000000008aa00000, 0x000000008aa00000, 0x000000008ab00000|  0%| F|  |TAMS 0x000000008aa00000, 0x000000008aa00000| Untracked 
| 171|0x000000008ab00000, 0x000000008ab00000, 0x000000008ac00000|  0%| F|  |TAMS 0x000000008ab00000, 0x000000008ab00000| Untracked 
| 172|0x000000008ac00000, 0x000000008ac00000, 0x000000008ad00000|  0%| F|  |TAMS 0x000000008ac00000, 0x000000008ac00000| Untracked 
| 173|0x000000008ad00000, 0x000000008ad00000, 0x000000008ae00000|  0%| F|  |TAMS 0x000000008ad00000, 0x000000008ad00000| Untracked 
| 174|0x000000008ae00000, 0x000000008aee3440, 0x000000008af00000| 88%| S|CS|TAMS 0x000000008ae00000, 0x000000008ae00000| Complete 
| 175|0x000000008af00000, 0x000000008b000000, 0x000000008b000000|100%| S|CS|TAMS 0x000000008af00000, 0x000000008af00000| Complete 
| 176|0x000000008b000000, 0x000000008b100000, 0x000000008b100000|100%| S|CS|TAMS 0x000000008b000000, 0x000000008b000000| Complete 
| 177|0x000000008b100000, 0x000000008b100000, 0x000000008b200000|  0%| F|  |TAMS 0x000000008b100000, 0x000000008b100000| Untracked 
| 178|0x000000008b200000, 0x000000008b200000, 0x000000008b300000|  0%| F|  |TAMS 0x000000008b200000, 0x000000008b200000| Untracked 
| 179|0x000000008b300000, 0x000000008b300000, 0x000000008b400000|  0%| F|  |TAMS 0x000000008b300000, 0x000000008b300000| Untracked 
| 180|0x000000008b400000, 0x000000008b400000, 0x000000008b500000|  0%| F|  |TAMS 0x000000008b400000, 0x000000008b400000| Untracked 
| 181|0x000000008b500000, 0x000000008b500000, 0x000000008b600000|  0%| F|  |TAMS 0x000000008b500000, 0x000000008b500000| Untracked 
| 182|0x000000008b600000, 0x000000008b600000, 0x000000008b700000|  0%| F|  |TAMS 0x000000008b600000, 0x000000008b600000| Untracked 
| 183|0x000000008b700000, 0x000000008b700000, 0x000000008b800000|  0%| F|  |TAMS 0x000000008b700000, 0x000000008b700000| Untracked 
| 184|0x000000008b800000, 0x000000008b800000, 0x000000008b900000|  0%| F|  |TAMS 0x000000008b800000, 0x000000008b800000| Untracked 
| 185|0x000000008b900000, 0x000000008b900000, 0x000000008ba00000|  0%| F|  |TAMS 0x000000008b900000, 0x000000008b900000| Untracked 
| 186|0x000000008ba00000, 0x000000008ba00000, 0x000000008bb00000|  0%| F|  |TAMS 0x000000008ba00000, 0x000000008ba00000| Untracked 
| 187|0x000000008bb00000, 0x000000008bb00000, 0x000000008bc00000|  0%| F|  |TAMS 0x000000008bb00000, 0x000000008bb00000| Untracked 
| 188|0x000000008bc00000, 0x000000008bc00000, 0x000000008bd00000|  0%| F|  |TAMS 0x000000008bc00000, 0x000000008bc00000| Untracked 
| 189|0x000000008bd00000, 0x000000008bd00000, 0x000000008be00000|  0%| F|  |TAMS 0x000000008bd00000, 0x000000008bd00000| Untracked 
| 190|0x000000008be00000, 0x000000008be00000, 0x000000008bf00000|  0%| F|  |TAMS 0x000000008be00000, 0x000000008be00000| Untracked 
| 191|0x000000008bf00000, 0x000000008bf00000, 0x000000008c000000|  0%| F|  |TAMS 0x000000008bf00000, 0x000000008bf00000| Untracked 
| 192|0x000000008c000000, 0x000000008c000000, 0x000000008c100000|  0%| F|  |TAMS 0x000000008c000000, 0x000000008c000000| Untracked 
| 193|0x000000008c100000, 0x000000008c100000, 0x000000008c200000|  0%| F|  |TAMS 0x000000008c100000, 0x000000008c100000| Untracked 
| 194|0x000000008c200000, 0x000000008c200000, 0x000000008c300000|  0%| F|  |TAMS 0x000000008c200000, 0x000000008c200000| Untracked 
| 195|0x000000008c300000, 0x000000008c300000, 0x000000008c400000|  0%| F|  |TAMS 0x000000008c300000, 0x000000008c300000| Untracked 
| 196|0x000000008c400000, 0x000000008c400000, 0x000000008c500000|  0%| F|  |TAMS 0x000000008c400000, 0x000000008c400000| Untracked 
| 197|0x000000008c500000, 0x000000008c500000, 0x000000008c600000|  0%| F|  |TAMS 0x000000008c500000, 0x000000008c500000| Untracked 
| 198|0x000000008c600000, 0x000000008c600000, 0x000000008c700000|  0%| F|  |TAMS 0x000000008c600000, 0x000000008c600000| Untracked 
| 199|0x000000008c700000, 0x000000008c700000, 0x000000008c800000|  0%| F|  |TAMS 0x000000008c700000, 0x000000008c700000| Untracked 
| 200|0x000000008c800000, 0x000000008c800000, 0x000000008c900000|  0%| F|  |TAMS 0x000000008c800000, 0x000000008c800000| Untracked 
| 201|0x000000008c900000, 0x000000008c900000, 0x000000008ca00000|  0%| F|  |TAMS 0x000000008c900000, 0x000000008c900000| Untracked 
| 202|0x000000008ca00000, 0x000000008ca00000, 0x000000008cb00000|  0%| F|  |TAMS 0x000000008ca00000, 0x000000008ca00000| Untracked 
| 203|0x000000008cb00000, 0x000000008cb00000, 0x000000008cc00000|  0%| F|  |TAMS 0x000000008cb00000, 0x000000008cb00000| Untracked 
| 204|0x000000008cc00000, 0x000000008cc00000, 0x000000008cd00000|  0%| F|  |TAMS 0x000000008cc00000, 0x000000008cc00000| Untracked 
| 205|0x000000008cd00000, 0x000000008cd00000, 0x000000008ce00000|  0%| F|  |TAMS 0x000000008cd00000, 0x000000008cd00000| Untracked 
| 206|0x000000008ce00000, 0x000000008ce00000, 0x000000008cf00000|  0%| F|  |TAMS 0x000000008ce00000, 0x000000008ce00000| Untracked 
| 207|0x000000008cf00000, 0x000000008cf00000, 0x000000008d000000|  0%| F|  |TAMS 0x000000008cf00000, 0x000000008cf00000| Untracked 
| 208|0x000000008d000000, 0x000000008d000000, 0x000000008d100000|  0%| F|  |TAMS 0x000000008d000000, 0x000000008d000000| Untracked 
| 209|0x000000008d100000, 0x000000008d100000, 0x000000008d200000|  0%| F|  |TAMS 0x000000008d100000, 0x000000008d100000| Untracked 
| 210|0x000000008d200000, 0x000000008d200000, 0x000000008d300000|  0%| F|  |TAMS 0x000000008d200000, 0x000000008d200000| Untracked 
| 211|0x000000008d300000, 0x000000008d300000, 0x000000008d400000|  0%| F|  |TAMS 0x000000008d300000, 0x000000008d300000| Untracked 
| 212|0x000000008d400000, 0x000000008d400000, 0x000000008d500000|  0%| F|  |TAMS 0x000000008d400000, 0x000000008d400000| Untracked 
| 213|0x000000008d500000, 0x000000008d500000, 0x000000008d600000|  0%| F|  |TAMS 0x000000008d500000, 0x000000008d500000| Untracked 
| 214|0x000000008d600000, 0x000000008d600000, 0x000000008d700000|  0%| F|  |TAMS 0x000000008d600000, 0x000000008d600000| Untracked 
| 215|0x000000008d700000, 0x000000008d700000, 0x000000008d800000|  0%| F|  |TAMS 0x000000008d700000, 0x000000008d700000| Untracked 
| 216|0x000000008d800000, 0x000000008d800000, 0x000000008d900000|  0%| F|  |TAMS 0x000000008d800000, 0x000000008d800000| Untracked 
| 217|0x000000008d900000, 0x000000008d900000, 0x000000008da00000|  0%| F|  |TAMS 0x000000008d900000, 0x000000008d900000| Untracked 
| 218|0x000000008da00000, 0x000000008da00000, 0x000000008db00000|  0%| F|  |TAMS 0x000000008da00000, 0x000000008da00000| Untracked 
| 219|0x000000008db00000, 0x000000008db00000, 0x000000008dc00000|  0%| F|  |TAMS 0x000000008db00000, 0x000000008db00000| Untracked 
| 220|0x000000008dc00000, 0x000000008dc00000, 0x000000008dd00000|  0%| F|  |TAMS 0x000000008dc00000, 0x000000008dc00000| Untracked 
| 221|0x000000008dd00000, 0x000000008dd00000, 0x000000008de00000|  0%| F|  |TAMS 0x000000008dd00000, 0x000000008dd00000| Untracked 
| 222|0x000000008de00000, 0x000000008de00000, 0x000000008df00000|  0%| F|  |TAMS 0x000000008de00000, 0x000000008de00000| Untracked 
| 223|0x000000008df00000, 0x000000008df00000, 0x000000008e000000|  0%| F|  |TAMS 0x000000008df00000, 0x000000008df00000| Untracked 
| 224|0x000000008e000000, 0x000000008e000000, 0x000000008e100000|  0%| F|  |TAMS 0x000000008e000000, 0x000000008e000000| Untracked 
| 225|0x000000008e100000, 0x000000008e100000, 0x000000008e200000|  0%| F|  |TAMS 0x000000008e100000, 0x000000008e100000| Untracked 
| 226|0x000000008e200000, 0x000000008e200000, 0x000000008e300000|  0%| F|  |TAMS 0x000000008e200000, 0x000000008e200000| Untracked 
| 227|0x000000008e300000, 0x000000008e300000, 0x000000008e400000|  0%| F|  |TAMS 0x000000008e300000, 0x000000008e300000| Untracked 
| 228|0x000000008e400000, 0x000000008e400000, 0x000000008e500000|  0%| F|  |TAMS 0x000000008e400000, 0x000000008e400000| Untracked 
| 229|0x000000008e500000, 0x000000008e500000, 0x000000008e600000|  0%| F|  |TAMS 0x000000008e500000, 0x000000008e500000| Untracked 
| 230|0x000000008e600000, 0x000000008e600000, 0x000000008e700000|  0%| F|  |TAMS 0x000000008e600000, 0x000000008e600000| Untracked 
| 231|0x000000008e700000, 0x000000008e700000, 0x000000008e800000|  0%| F|  |TAMS 0x000000008e700000, 0x000000008e700000| Untracked 
| 232|0x000000008e800000, 0x000000008e800000, 0x000000008e900000|  0%| F|  |TAMS 0x000000008e800000, 0x000000008e800000| Untracked 
| 233|0x000000008e900000, 0x000000008e900000, 0x000000008ea00000|  0%| F|  |TAMS 0x000000008e900000, 0x000000008e900000| Untracked 

Card table byte_map: [0x000000efdab60000,0x000000efdaf60000] _byte_map_base: 0x000000efda760000

Marking Bits (Prev, Next): (CMBitMap*) 0x000000efc3c8b480, (CMBitMap*) 0x000000efc3c8b440
 Prev Bits: [0x000000efdd360000, 0x000000efdf360000)
 Next Bits: [0x000000efdb360000, 0x000000efdd360000)

Polling page: 0x000000efc33e0000

Metaspace:

Usage:
  Non-class:     72.96 MB used.
      Class:     11.53 MB used.
       Both:     84.49 MB used.

Virtual space:
  Non-class space:       80.00 MB reserved,      73.25 MB ( 92%) committed,  10 nodes.
      Class space:        1.00 GB reserved,      11.81 MB (  1%) committed,  1 nodes.
             Both:        1.08 GB reserved,      85.06 MB (  8%) committed. 

Chunk freelists:
   Non-Class:  1.88 MB
       Class:  64.00 KB
        Both:  1.94 MB

MaxMetaspaceSize: unlimited
CompressedClassSpaceSize: 1.00 GB
Initial GC threshold: 21.00 MB
Current GC threshold: 140.12 MB
CDS: on
MetaspaceReclaimPolicy: balanced
 - commit_granule_bytes: 65536.
 - commit_granule_words: 8192.
 - virtual_space_node_default_size: 1048576.
 - enlarge_chunks_in_place: 1.
 - new_chunks_are_fully_committed: 0.
 - uncommit_free_chunks: 1.
 - use_allocation_guard: 0.
 - handle_deallocations: 1.


Internal statistics:

num_allocs_failed_limit: 6.
num_arena_births: 780.
num_arena_deaths: 8.
num_vsnodes_births: 11.
num_vsnodes_deaths: 0.
num_space_committed: 1361.
num_space_uncommitted: 0.
num_chunks_returned_to_freelist: 14.
num_chunks_taken_from_freelist: 4200.
num_chunk_merges: 8.
num_chunk_splits: 2830.
num_chunks_enlarged: 1999.
num_purges: 4.
num_inconsistent_stats: 0.

CodeHeap 'non-profiled nmethods': size=120000Kb used=7454Kb max_used=7454Kb free=112546Kb
 bounds [0x000000efd3230000, 0x000000efd3980000, 0x000000efda760000]
CodeHeap 'profiled nmethods': size=120000Kb used=25428Kb max_used=25428Kb free=94571Kb
 bounds [0x000000efcbd00000, 0x000000efcd5e0000, 0x000000efd3230000]
CodeHeap 'non-nmethods': size=5760Kb used=2396Kb max_used=2489Kb free=3364Kb
 bounds [0x000000efcb760000, 0x000000efcb9e0000, 0x000000efcbd00000]
 total_blobs=12674 nmethods=11751 adapters=831
 compilation: enabled
              stopped_count=0, restarted_count=0
 full_count=0

Compilation events (20 events):
Event: 90.702 Thread 0x000000efe1b7f620 13923       2       com.android.tools.r8.internal.xp::c (15 bytes)
Event: 90.702 Thread 0x000000efe1b7f620 nmethod 13923 0x000000efcd5cd790 code [0x000000efcd5cd920, 0x000000efcd5cda38]
Event: 90.703 Thread 0x000000efe1b7f620 13924       2       java.util.TreeSet::pollLast (25 bytes)
Event: 90.704 Thread 0x000000efe1b7f620 nmethod 13924 0x000000efcd5cdb10 code [0x000000efcd5cdcc0, 0x000000efcd5cde38]
Event: 90.704 Thread 0x000000efe1b7f620 13925       2       java.util.TreeMap::pollLastEntry (21 bytes)
Event: 90.705 Thread 0x000000efe1b7f620 nmethod 13925 0x000000efcd5cdf10 code [0x000000efcd5ce0e0, 0x000000efcd5ce448]
Event: 90.706 Thread 0x000000efe1b7f620 13926       2       com.android.tools.r8.internal.Rr::a (6 bytes)
Event: 90.706 Thread 0x000000efe1b7f620 nmethod 13926 0x000000efcd5ce610 code [0x000000efcd5ce7c0, 0x000000efcd5ce998]
Event: 90.706 Thread 0x000000efe1b7f620 13927       2       com.android.tools.r8.internal.ja::a (16 bytes)
Event: 90.707 Thread 0x000000efe1b7f620 nmethod 13927 0x000000efcd5ceb10 code [0x000000efcd5cecc0, 0x000000efcd5cee98]
Event: 90.707 Thread 0x000000efe1b7f620 13928       2       com.android.tools.r8.internal.fa::<init> (11 bytes)
Event: 90.707 Thread 0x000000efe1b7f620 nmethod 13928 0x000000efcd5cef90 code [0x000000efcd5cf120, 0x000000efcd5cf248]
Event: 90.707 Thread 0x000000efe1b7f620 13929       2       com.android.tools.r8.internal.fa::a (400 bytes)
Event: 90.713 Thread 0x000000efe1b7f620 nmethod 13929 0x000000efcd5cf310 code [0x000000efcd5cf800, 0x000000efcd5d1028]
Event: 90.713 Thread 0x000000efe1b7f620 13931       2       com.android.tools.r8.internal.mj::i (138 bytes)
Event: 90.715 Thread 0x000000efe1b7f620 nmethod 13931 0x000000efcd5d2090 code [0x000000efcd5d2320, 0x000000efcd5d2928]
Event: 90.715 Thread 0x000000efe1b7f620 13930   !   2       com.android.tools.r8.internal.Bi::a (509 bytes)
Event: 90.720 Thread 0x000000efe1b7f620 nmethod 13930 0x000000efcd5d2f10 code [0x000000efcd5d3260, 0x000000efcd5d4008]
Event: 90.720 Thread 0x000000efe1b7f620 13932       2       com.android.tools.r8.ir.regalloc.a::a (35 bytes)
Event: 90.720 Thread 0x000000efe1b7f620 nmethod 13932 0x000000efcd5d4c90 code [0x000000efcd5d4e40, 0x000000efcd5d5018]

GC Heap History (20 events):
Event: 65.064 GC heap after
{Heap after GC invocations=38 (full 0):
 garbage-first heap   total 132096K, used 73725K [0x0000000080000000, 0x0000000100000000)
  region size 1024K, 4 young (4096K), 4 survivors (4096K)
 Metaspace       used 70022K, committed 70656K, reserved 1114112K
  class space    used 9575K, committed 9920K, reserved 1048576K
}
Event: 65.129 GC heap before
{Heap before GC invocations=38 (full 0):
 garbage-first heap   total 132096K, used 74749K [0x0000000080000000, 0x0000000100000000)
  region size 1024K, 6 young (6144K), 4 survivors (4096K)
 Metaspace       used 70033K, committed 70656K, reserved 1114112K
  class space    used 9575K, committed 9920K, reserved 1048576K
}
Event: 65.150 GC heap after
{Heap after GC invocations=39 (full 0):
 garbage-first heap   total 132096K, used 73941K [0x0000000080000000, 0x0000000100000000)
  region size 1024K, 1 young (1024K), 1 survivors (1024K)
 Metaspace       used 70033K, committed 70656K, reserved 1114112K
  class space    used 9575K, committed 9920K, reserved 1048576K
}
Event: 68.697 GC heap before
{Heap before GC invocations=39 (full 0):
 garbage-first heap   total 132096K, used 106709K [0x0000000080000000, 0x0000000100000000)
  region size 1024K, 34 young (34816K), 1 survivors (1024K)
 Metaspace       used 73686K, committed 74368K, reserved 1114112K
  class space    used 10023K, committed 10368K, reserved 1048576K
}
Event: 68.708 GC heap after
{Heap after GC invocations=40 (full 0):
 garbage-first heap   total 239616K, used 74897K [0x0000000080000000, 0x0000000100000000)
  region size 1024K, 2 young (2048K), 2 survivors (2048K)
 Metaspace       used 73686K, committed 74368K, reserved 1114112K
  class space    used 10023K, committed 10368K, reserved 1048576K
}
Event: 75.268 GC heap before
{Heap before GC invocations=41 (full 0):
 garbage-first heap   total 239616K, used 184465K [0x0000000080000000, 0x0000000100000000)
  region size 1024K, 106 young (108544K), 2 survivors (2048K)
 Metaspace       used 75909K, committed 76544K, reserved 1122304K
  class space    used 10304K, committed 10624K, reserved 1048576K
}
Event: 75.308 GC heap after
{Heap after GC invocations=42 (full 0):
 garbage-first heap   total 239616K, used 91501K [0x0000000080000000, 0x0000000100000000)
  region size 1024K, 14 young (14336K), 14 survivors (14336K)
 Metaspace       used 75909K, committed 76544K, reserved 1122304K
  class space    used 10304K, committed 10624K, reserved 1048576K
}
Event: 75.315 GC heap before
{Heap before GC invocations=42 (full 0):
 garbage-first heap   total 239616K, used 91501K [0x0000000080000000, 0x0000000100000000)
  region size 1024K, 15 young (15360K), 14 survivors (14336K)
 Metaspace       used 75909K, committed 76544K, reserved 1122304K
  class space    used 10304K, committed 10624K, reserved 1048576K
}
Event: 75.369 GC heap after
{Heap after GC invocations=43 (full 0):
 garbage-first heap   total 239616K, used 90229K [0x0000000080000000, 0x0000000100000000)
  region size 1024K, 2 young (2048K), 2 survivors (2048K)
 Metaspace       used 75909K, committed 76544K, reserved 1122304K
  class space    used 10304K, committed 10624K, reserved 1048576K
}
Event: 78.430 GC heap before
{Heap before GC invocations=43 (full 0):
 garbage-first heap   total 239616K, used 181365K [0x0000000080000000, 0x0000000100000000)
  region size 1024K, 92 young (94208K), 2 survivors (2048K)
 Metaspace       used 79564K, committed 80192K, reserved 1122304K
  class space    used 10826K, committed 11136K, reserved 1048576K
}
Event: 78.488 GC heap after
{Heap after GC invocations=44 (full 0):
 garbage-first heap   total 239616K, used 111519K [0x0000000080000000, 0x0000000100000000)
  region size 1024K, 12 young (12288K), 12 survivors (12288K)
 Metaspace       used 79564K, committed 80192K, reserved 1122304K
  class space    used 10826K, committed 11136K, reserved 1048576K
}
Event: 80.638 GC heap before
{Heap before GC invocations=44 (full 0):
 garbage-first heap   total 239616K, used 182175K [0x0000000080000000, 0x0000000100000000)
  region size 1024K, 82 young (83968K), 12 survivors (12288K)
 Metaspace       used 82466K, committed 83136K, reserved 1122304K
  class space    used 11317K, committed 11648K, reserved 1048576K
}
Event: 80.727 GC heap after
{Heap after GC invocations=45 (full 0):
 garbage-first heap   total 239616K, used 124831K [0x0000000080000000, 0x0000000100000000)
  region size 1024K, 11 young (11264K), 11 survivors (11264K)
 Metaspace       used 82466K, committed 83136K, reserved 1122304K
  class space    used 11317K, committed 11648K, reserved 1048576K
}
Event: 84.293 GC heap before
{Heap before GC invocations=45 (full 0):
 garbage-first heap   total 239616K, used 185247K [0x0000000080000000, 0x0000000100000000)
  region size 1024K, 71 young (72704K), 11 survivors (11264K)
 Metaspace       used 85070K, committed 85696K, reserved 1130496K
  class space    used 11699K, committed 12032K, reserved 1048576K
}
Event: 84.370 GC heap after
{Heap after GC invocations=46 (full 0):
 garbage-first heap   total 239616K, used 133535K [0x0000000080000000, 0x0000000100000000)
  region size 1024K, 8 young (8192K), 8 survivors (8192K)
 Metaspace       used 85070K, committed 85696K, reserved 1130496K
  class space    used 11699K, committed 12032K, reserved 1048576K
}
Event: 87.747 GC heap before
{Heap before GC invocations=47 (full 0):
 garbage-first heap   total 239616K, used 189855K [0x0000000080000000, 0x0000000100000000)
  region size 1024K, 63 young (64512K), 8 survivors (8192K)
 Metaspace       used 86275K, committed 86912K, reserved 1130496K
  class space    used 11801K, committed 12096K, reserved 1048576K
}
Event: 87.782 GC heap after
{Heap after GC invocations=48 (full 0):
 garbage-first heap   total 239616K, used 137008K [0x0000000080000000, 0x0000000100000000)
  region size 1024K, 4 young (4096K), 4 survivors (4096K)
 Metaspace       used 86275K, committed 86912K, reserved 1130496K
  class space    used 11801K, committed 12096K, reserved 1048576K
}
Event: 87.975 GC heap before
{Heap before GC invocations=48 (full 0):
 garbage-first heap   total 239616K, used 144176K [0x0000000080000000, 0x0000000100000000)
  region size 1024K, 11 young (11264K), 4 survivors (4096K)
 Metaspace       used 86295K, committed 86912K, reserved 1130496K
  class space    used 11801K, committed 12096K, reserved 1048576K
}
Event: 87.998 GC heap after
{Heap after GC invocations=49 (full 0):
 garbage-first heap   total 239616K, used 136215K [0x0000000080000000, 0x0000000100000000)
  region size 1024K, 1 young (1024K), 1 survivors (1024K)
 Metaspace       used 86295K, committed 86912K, reserved 1130496K
  class space    used 11801K, committed 12096K, reserved 1048576K
}
Event: 90.741 GC heap before
{Heap before GC invocations=49 (full 0):
 garbage-first heap   total 239616K, used 192535K [0x0000000080000000, 0x0000000100000000)
  region size 1024K, 57 young (58368K), 1 survivors (1024K)
 Metaspace       used 86517K, committed 87104K, reserved 1130496K
  class space    used 11805K, committed 12096K, reserved 1048576K
}

Deoptimization events (20 events):
Event: 87.567 Thread 0x000000efe4c93040 DEOPT PACKING pc=0x000000efd36144a8 sp=0x000000efedaf9c00
Event: 87.567 Thread 0x000000efe4c93040 DEOPT UNPACKING pc=0x000000efcb7b23a3 sp=0x000000efedaf9bd8 mode 2
Event: 87.875 Thread 0x000000efe4c93040 Uncommon trap: trap_request=0xffffff45 fr.pc=0x000000efd3612ab0 relative=0x0000000000001650
Event: 87.875 Thread 0x000000efe4c93040 Uncommon trap: reason=unstable_if action=reinterpret pc=0x000000efd3612ab0 method=com.android.tools.r8.internal.UC.b(Lcom/android/tools/r8/internal/Fg;)V @ 248 c2
Event: 87.875 Thread 0x000000efe4c93040 DEOPT PACKING pc=0x000000efd3612ab0 sp=0x000000efedaf9b10
Event: 87.876 Thread 0x000000efe4c93040 DEOPT UNPACKING pc=0x000000efcb7b23a3 sp=0x000000efedaf9b00 mode 2
Event: 88.806 Thread 0x000000efe4c94480 Uncommon trap: trap_request=0xffffff45 fr.pc=0x000000efd37d8160 relative=0x0000000000000140
Event: 88.806 Thread 0x000000efe4c94480 Uncommon trap: reason=unstable_if action=reinterpret pc=0x000000efd37d8160 method=com.android.tools.r8.internal.D9.a(C)Z @ 21 c2
Event: 88.806 Thread 0x000000efe4c94480 DEOPT PACKING pc=0x000000efd37d8160 sp=0x000000efed9f9d90
Event: 88.806 Thread 0x000000efe4c94480 DEOPT UNPACKING pc=0x000000efcb7b23a3 sp=0x000000efed9f9c60 mode 2
Event: 88.806 Thread 0x000000efe4c94480 Uncommon trap: trap_request=0xffffff45 fr.pc=0x000000efd3919814 relative=0x0000000000000094
Event: 88.806 Thread 0x000000efe4c94480 Uncommon trap: reason=unstable_if action=reinterpret pc=0x000000efd3919814 method=com.android.tools.r8.internal.D9.a(C)Z @ 21 c2
Event: 88.806 Thread 0x000000efe4c94480 DEOPT PACKING pc=0x000000efd3919814 sp=0x000000efed9f9c30
Event: 88.806 Thread 0x000000efe4c94480 DEOPT UNPACKING pc=0x000000efcb7b23a3 sp=0x000000efed9f9bc0 mode 2
Event: 89.146 Thread 0x000000efe4c98650 Uncommon trap: trap_request=0xffffff76 fr.pc=0x000000efd3326104 relative=0x0000000000004bc4
Event: 89.146 Thread 0x000000efe4c98650 Uncommon trap: reason=predicate action=maybe_recompile pc=0x000000efd3326104 method=com.android.tools.r8.internal.Lv.a(Lcom/android/tools/r8/internal/Le;Ljava/util/Set;)Z @ 337 c2
Event: 89.146 Thread 0x000000efe4c98650 DEOPT PACKING pc=0x000000efd3326104 sp=0x000000efee2f9530
Event: 89.146 Thread 0x000000efe4c98650 DEOPT UNPACKING pc=0x000000efcb7b23a3 sp=0x000000efee2f9558 mode 2
Event: 89.161 Thread 0x000000efe4c93040 DEOPT PACKING pc=0x000000efcd1d6de9 sp=0x000000efedaf90d0
Event: 89.161 Thread 0x000000efe4c93040 DEOPT UNPACKING pc=0x000000efcb7b2b43 sp=0x000000efedaf89a8 mode 0

Classes unloaded (4 events):
Event: 69.207 Thread 0x000000efe1b1ae30 Unloading class 0x00000008015a4400 'java/lang/invoke/LambdaForm$DMH+0x00000008015a4400'
Event: 69.207 Thread 0x000000efe1b1ae30 Unloading class 0x00000008015a4000 'java/lang/invoke/LambdaForm$DMH+0x00000008015a4000'
Event: 85.164 Thread 0x000000efe1b1ae30 Unloading class 0x00000008016b9800 'java/lang/invoke/LambdaForm$DMH+0x00000008016b9800'
Event: 85.165 Thread 0x000000efe1b1ae30 Unloading class 0x00000008016b9000 'java/lang/invoke/LambdaForm$MH+0x00000008016b9000'

Classes redefined (0 events):
No events

Internal exceptions (20 events):
Event: 75.998 Thread 0x000000efe4c94480 Exception <a 'java/lang/IncompatibleClassChangeError'{0x000000008c9030a8}: Found class java.lang.Object, but interface was expected> (0x000000008c9030a8) 
thrown [c:\jenkins\workspace\zulu17-build-win64\zulu-src.git\src\hotspot\share\interpreter\linkResolver.cpp, line 833]
Event: 76.055 Thread 0x000000efe5140f00 Exception <a 'java/lang/NoSuchMethodError'{0x000000008c9ff450}: 'java.lang.Object java.lang.invoke.DirectMethodHandle$Holder.newInvokeSpecial(java.lang.Object, java.lang.Object, int, java.lang.Object, java.lang.Object)'> (0x000000008c9ff450) 
thrown [c:\jenkins\workspace\zulu17-build-win64\zulu-src.git\src\hotspot\share\interpreter\linkResolver.cpp, line 766]
Event: 76.056 Thread 0x000000efe5140f00 Exception <a 'java/lang/NoSuchMethodError'{0x000000008c810968}: 'java.lang.Object java.lang.invoke.DirectMethodHandle$Holder.invokeSpecial(java.lang.Object, java.lang.Object, java.lang.Object, int, java.lang.Object, java.lang.Object)'> (0x000000008c810968) 
thrown [c:\jenkins\workspace\zulu17-build-win64\zulu-src.git\src\hotspot\share\interpreter\linkResolver.cpp, line 766]
Event: 76.197 Thread 0x000000efe4c93040 Exception <a 'java/lang/NoSuchMethodError'{0x000000008c73b9d0}: 'java.lang.Object java.lang.invoke.DirectMethodHandle$Holder.newInvokeSpecial(java.lang.Object, long)'> (0x000000008c73b9d0) 
thrown [c:\jenkins\workspace\zulu17-build-win64\zulu-src.git\src\hotspot\share\interpreter\linkResolver.cpp, line 766]
Event: 76.197 Thread 0x000000efe4c94480 Exception <a 'java/lang/NoSuchMethodError'{0x000000008c952118}: 'java.lang.Object java.lang.invoke.DirectMethodHandle$Holder.newInvokeSpecial(java.lang.Object, long)'> (0x000000008c952118) 
thrown [c:\jenkins\workspace\zulu17-build-win64\zulu-src.git\src\hotspot\share\interpreter\linkResolver.cpp, line 766]
Event: 77.070 Thread 0x000000efe4c93040 Exception <a 'java/lang/NoSuchMethodError'{0x000000008b78d3b0}: 'int java.lang.invoke.DirectMethodHandle$Holder.invokeVirtual(java.lang.Object, java.lang.Object, java.lang.Object, java.lang.Object)'> (0x000000008b78d3b0) 
thrown [c:\jenkins\workspace\zulu17-build-win64\zulu-src.git\src\hotspot\share\interpreter\linkResolver.cpp, line 766]
Event: 77.276 Thread 0x000000efe4c98650 Exception <a 'java/lang/NoSuchMethodError'{0x000000008af0d9d8}: 'long java.lang.invoke.DirectMethodHandle$Holder.invokeStatic(java.lang.Object, java.lang.Object)'> (0x000000008af0d9d8) 
thrown [c:\jenkins\workspace\zulu17-build-win64\zulu-src.git\src\hotspot\share\interpreter\linkResolver.cpp, line 766]
Event: 77.736 Thread 0x000000efe4c98650 Exception <a 'java/lang/IncompatibleClassChangeError'{0x0000000089fcb5a0}: Found class java.lang.Object, but interface was expected> (0x0000000089fcb5a0) 
thrown [c:\jenkins\workspace\zulu17-build-win64\zulu-src.git\src\hotspot\share\interpreter\linkResolver.cpp, line 833]
Event: 77.739 Thread 0x000000efe4c98650 Exception <a 'java/lang/IncompatibleClassChangeError'{0x0000000089fdbfe0}: Found class java.lang.Object, but interface was expected> (0x0000000089fdbfe0) 
thrown [c:\jenkins\workspace\zulu17-build-win64\zulu-src.git\src\hotspot\share\interpreter\linkResolver.cpp, line 833]
Event: 77.861 Thread 0x000000efe4c94480 Exception <a 'java/lang/IncompatibleClassChangeError'{0x000000008994c400}: Found class java.lang.Object, but interface was expected> (0x000000008994c400) 
thrown [c:\jenkins\workspace\zulu17-build-win64\zulu-src.git\src\hotspot\share\interpreter\linkResolver.cpp, line 833]
Event: 78.240 Thread 0x000000efe4c98650 Exception <a 'java/lang/IncompatibleClassChangeError'{0x000000008918ef18}: Found class java.lang.Object, but interface was expected> (0x000000008918ef18) 
thrown [c:\jenkins\workspace\zulu17-build-win64\zulu-src.git\src\hotspot\share\interpreter\linkResolver.cpp, line 833]
Event: 78.246 Thread 0x000000efe4c94480 Exception <a 'java/lang/IncompatibleClassChangeError'{0x00000000896d4478}: Found class java.lang.Object, but interface was expected> (0x00000000896d4478) 
thrown [c:\jenkins\workspace\zulu17-build-win64\zulu-src.git\src\hotspot\share\interpreter\linkResolver.cpp, line 833]
Event: 78.264 Thread 0x000000efe4c94480 Exception <a 'java/lang/NoSuchMethodError'{0x00000000896e8ce8}: 'int java.lang.invoke.DirectMethodHandle$Holder.invokeVirtual(java.lang.Object, java.lang.Object, java.lang.Object)'> (0x00000000896e8ce8) 
thrown [c:\jenkins\workspace\zulu17-build-win64\zulu-src.git\src\hotspot\share\interpreter\linkResolver.cpp, line 766]
Event: 80.055 Thread 0x000000efe4c94480 Exception <a 'java/lang/NoSuchMethodError'{0x000000008babcf60}: 'java.lang.Object java.lang.invoke.DirectMethodHandle$Holder.invokeStatic(java.lang.Object, int, java.lang.Object, java.lang.Object)'> (0x000000008babcf60) 
thrown [c:\jenkins\workspace\zulu17-build-win64\zulu-src.git\src\hotspot\share\interpreter\linkResolver.cpp, line 766]
Event: 80.095 Thread 0x000000efe4c94480 Exception <a 'java/lang/NoSuchMethodError'{0x000000008b447b30}: 'int java.lang.invoke.DirectMethodHandle$Holder.invokeSpecial(java.lang.Object, java.lang.Object, java.lang.Object, java.lang.Object, java.lang.Object, java.lang.Object, java.lang.Object, java.lang.Object, java.lang.Object)'> (0x000000008b447b30) 
thrown [c:\jenkins\workspace\zulu17-build-win64\zulu-src.git\src\hotspot\share\interpreter\linkResolver.cpp, line 766]
Event: 80.508 Thread 0x000000efe4c94480 Exception <a 'java/lang/NoSuchMethodError'{0x000000008a62a750}: 'java.lang.Object java.lang.invoke.DirectMethodHandle$Holder.invokeVirtual(java.lang.Object, java.lang.Object, int, java.lang.Object)'> (0x000000008a62a750) 
thrown [c:\jenkins\workspace\zulu17-build-win64\zulu-src.git\src\hotspot\share\interpreter\linkResolver.cpp, line 766]
Event: 80.508 Thread 0x000000efe4c98650 Exception <a 'java/lang/NoSuchMethodError'{0x000000008a607430}: 'java.lang.Object java.lang.invoke.DirectMethodHandle$Holder.invokeVirtual(java.lang.Object, java.lang.Object, int, java.lang.Object)'> (0x000000008a607430) 
thrown [c:\jenkins\workspace\zulu17-build-win64\zulu-src.git\src\hotspot\share\interpreter\linkResolver.cpp, line 766]
Event: 80.587 Thread 0x000000efe4c98650 Exception <a 'java/lang/NoSuchMethodError'{0x000000008a4b52f8}: 'void java.lang.invoke.DirectMethodHandle$Holder.invokeVirtual(java.lang.Object, java.lang.Object, int, java.lang.Object)'> (0x000000008a4b52f8) 
thrown [c:\jenkins\workspace\zulu17-build-win64\zulu-src.git\src\hotspot\share\interpreter\linkResolver.cpp, line 766]
Event: 81.006 Thread 0x000000efe4c94480 Exception <a 'java/lang/NoSuchMethodError'{0x000000008de1f7a8}: 'int java.lang.invoke.DirectMethodHandle$Holder.invokeSpecial(java.lang.Object, java.lang.Object, java.lang.Object, int)'> (0x000000008de1f7a8) 
thrown [c:\jenkins\workspace\zulu17-build-win64\zulu-src.git\src\hotspot\share\interpreter\linkResolver.cpp, line 766]
Event: 88.069 Thread 0x000000efe4c98650 Exception <a 'java/lang/NoSuchMethodError'{0x000000008e6ffce0}: 'int java.lang.invoke.DirectMethodHandle$Holder.invokeInterface(java.lang.Object, java.lang.Object, int)'> (0x000000008e6ffce0) 
thrown [c:\jenkins\workspace\zulu17-build-win64\zulu-src.git\src\hotspot\share\interpreter\linkResolver.cpp, line 766]

VM Operations (20 events):
Event: 85.725 Executing VM operation: G1Concurrent done
Event: 86.498 Executing VM operation: HandshakeAllThreads
Event: 86.506 Executing VM operation: HandshakeAllThreads done
Event: 86.568 Executing VM operation: HandshakeAllThreads
Event: 86.620 Executing VM operation: HandshakeAllThreads done
Event: 86.696 Executing VM operation: ICBufferFull
Event: 86.699 Executing VM operation: ICBufferFull done
Event: 87.108 Executing VM operation: ICBufferFull
Event: 87.136 Executing VM operation: ICBufferFull done
Event: 87.253 Executing VM operation: HandshakeAllThreads
Event: 87.302 Executing VM operation: HandshakeAllThreads done
Event: 87.746 Executing VM operation: G1CollectForAllocation
Event: 87.805 Executing VM operation: G1CollectForAllocation done
Event: 87.926 Executing VM operation: G1CollectForAllocation
Event: 88.030 Executing VM operation: G1CollectForAllocation done
Event: 89.031 Executing VM operation: Cleanup
Event: 89.147 Executing VM operation: Cleanup done
Event: 90.148 Executing VM operation: Cleanup
Event: 90.336 Executing VM operation: Cleanup done
Event: 90.729 Executing VM operation: G1CollectForAllocation

Events (20 events):
Event: 84.117 Thread 0x000000efe1b998c0 flushing nmethod 0x000000efcd12e210
Event: 84.117 Thread 0x000000efe1b998c0 flushing nmethod 0x000000efcd12e690
Event: 84.117 Thread 0x000000efe1b998c0 flushing nmethod 0x000000efcd130e10
Event: 84.117 Thread 0x000000efe1b998c0 flushing nmethod 0x000000efcd15e990
Event: 84.117 Thread 0x000000efe1b998c0 flushing nmethod 0x000000efcd18ea10
Event: 84.117 Thread 0x000000efe1b998c0 flushing nmethod 0x000000efcd199690
Event: 84.118 Thread 0x000000efe1b998c0 flushing nmethod 0x000000efcd1af590
Event: 84.118 Thread 0x000000efe1b998c0 flushing nmethod 0x000000efcd1b9910
Event: 84.118 Thread 0x000000efe1b998c0 flushing nmethod 0x000000efcd1e6710
Event: 84.118 Thread 0x000000efe1b998c0 flushing nmethod 0x000000efcd1e8e10
Event: 84.118 Thread 0x000000efe1b998c0 flushing nmethod 0x000000efcd1fdd10
Event: 84.118 Thread 0x000000efe1b998c0 flushing nmethod 0x000000efcd201510
Event: 84.118 Thread 0x000000efe1b998c0 flushing nmethod 0x000000efcd202210
Event: 84.118 Thread 0x000000efe1b998c0 flushing nmethod 0x000000efcd206110
Event: 84.118 Thread 0x000000efe1b998c0 flushing nmethod 0x000000efcd212d90
Event: 84.118 Thread 0x000000efe1b998c0 flushing nmethod 0x000000efcd229810
Event: 84.118 Thread 0x000000efe1b998c0 flushing nmethod 0x000000efcd22ab10
Event: 84.118 Thread 0x000000efe1b998c0 flushing nmethod 0x000000efcd255c90
Event: 84.118 Thread 0x000000efe1b998c0 flushing nmethod 0x000000efcd258f10
Event: 84.118 Thread 0x000000efe1b998c0 flushing nmethod 0x000000efcd25a310


Dynamic libraries:
0x00007ff65a750000 - 0x00007ff65a75e000 	C:\Users\USER\.jdks\azul-17.0.3\bin\java.exe
0x00007ffd3ebf0000 - 0x00007ffd3ed9c000 	C:\Windows\SYSTEM32\ntdll.dll
0x00007ffd3e180000 - 0x00007ffd3e2be000 	C:\Windows\system32\KERNEL32.DLL
0x00007ffd3bf70000 - 0x00007ffd3c085000 	C:\Windows\system32\KERNELBASE.dll
0x00007ffd32a60000 - 0x00007ffd32a78000 	C:\Users\USER\.jdks\azul-17.0.3\bin\jli.dll
0x00007ffd2b9e0000 - 0x00007ffd2b9fb000 	C:\Users\USER\.jdks\azul-17.0.3\bin\VCRUNTIME140.dll
0x00007ffd37680000 - 0x00007ffd37685000 	C:\Users\USER\.jdks\azul-17.0.3\bin\api-ms-win-crt-stdio-l1-1-0.dll
0x00007ffd2dfe0000 - 0x00007ffd2dfe5000 	C:\Users\USER\.jdks\azul-17.0.3\bin\api-ms-win-crt-runtime-l1-1-0.dll
0x00007ffd2baa0000 - 0x00007ffd2baa4000 	C:\Users\USER\.jdks\azul-17.0.3\bin\api-ms-win-crt-environment-l1-1-0.dll
0x00007ffd2aa60000 - 0x00007ffd2aa66000 	C:\Users\USER\.jdks\azul-17.0.3\bin\api-ms-win-crt-math-l1-1-0.dll
0x00007ffd1cde0000 - 0x00007ffd1cde4000 	C:\Users\USER\.jdks\azul-17.0.3\bin\api-ms-win-crt-locale-l1-1-0.dll
0x00007ffd1cdd0000 - 0x00007ffd1cdd4000 	C:\Users\USER\.jdks\azul-17.0.3\bin\api-ms-win-crt-heap-l1-1-0.dll
0x00007ffd387d0000 - 0x00007ffd38a4b000 	C:\Windows\WinSxS\amd64_microsoft.windows.common-controls_6595b64144ccf1df_6.0.9600.17415_none_6240486fecbd8abb\COMCTL32.dll
0x00007ffd3e3f0000 - 0x00007ffd3e567000 	C:\Windows\system32\USER32.dll
0x00007ffd1cdc0000 - 0x00007ffd1cdc4000 	C:\Users\USER\.jdks\azul-17.0.3\bin\api-ms-win-crt-filesystem-l1-1-0.dll
0x00007ffd1cdb0000 - 0x00007ffd1cdb5000 	C:\Users\USER\.jdks\azul-17.0.3\bin\api-ms-win-crt-string-l1-1-0.dll
0x00007ffd1b3a0000 - 0x00007ffd1b3a5000 	C:\Users\USER\.jdks\azul-17.0.3\bin\api-ms-win-crt-convert-l1-1-0.dll
0x00007ffd3c590000 - 0x00007ffd3c63a000 	C:\Windows\system32\msvcrt.dll
0x00007ffd3e790000 - 0x00007ffd3e8e1000 	C:\Windows\system32\GDI32.dll
0x00007ffd19320000 - 0x00007ffd19430000 	C:\Users\USER\.jdks\azul-17.0.3\bin\ucrtbase.DLL
0x00007ffd3ddf0000 - 0x00007ffd3de26000 	C:\Windows\system32\IMM32.DLL
0x00007ffd3dc90000 - 0x00007ffd3dde3000 	C:\Windows\system32\MSCTF.dll
0x00007ffd1b390000 - 0x00007ffd1b39c000 	C:\Users\USER\.jdks\azul-17.0.3\bin\vcruntime140_1.dll
0x00007ffd19290000 - 0x00007ffd1931d000 	C:\Users\USER\.jdks\azul-17.0.3\bin\msvcp140.dll
0x00007ffd1b380000 - 0x00007ffd1b384000 	C:\Users\USER\.jdks\azul-17.0.3\bin\api-ms-win-crt-time-l1-1-0.dll
0x00007ffd1b370000 - 0x00007ffd1b374000 	C:\Users\USER\.jdks\azul-17.0.3\bin\api-ms-win-crt-utility-l1-1-0.dll
0x00007ffd10eb0000 - 0x00007ffd11b18000 	C:\Users\USER\.jdks\azul-17.0.3\bin\server\jvm.dll
0x00007ffd3eae0000 - 0x00007ffd3eb8a000 	C:\Windows\system32\ADVAPI32.dll
0x00007ffd32e60000 - 0x00007ffd32e69000 	C:\Windows\SYSTEM32\WSOCK32.dll
0x00007ffd36d50000 - 0x00007ffd36d72000 	C:\Windows\SYSTEM32\WINMM.dll
0x00007ffd331d0000 - 0x00007ffd331da000 	C:\Windows\SYSTEM32\VERSION.dll
0x00007ffd3e320000 - 0x00007ffd3e327000 	C:\Windows\system32\PSAPI.DLL
0x00007ffd3e2c0000 - 0x00007ffd3e319000 	C:\Windows\SYSTEM32\sechost.dll
0x00007ffd3e030000 - 0x00007ffd3e171000 	C:\Windows\system32\RPCRT4.dll
0x00007ffd3dfd0000 - 0x00007ffd3e02a000 	C:\Windows\system32\WS2_32.dll
0x00007ffd36c30000 - 0x00007ffd36c5a000 	C:\Windows\SYSTEM32\WINMMBASE.dll
0x00007ffd3c4f0000 - 0x00007ffd3c4f9000 	C:\Windows\system32\NSI.dll
0x00007ffd3be10000 - 0x00007ffd3be5f000 	C:\Windows\SYSTEM32\cfgmgr32.dll
0x00007ffd3ab40000 - 0x00007ffd3ab68000 	C:\Windows\SYSTEM32\DEVOBJ.dll
0x00007ffd1b360000 - 0x00007ffd1b36a000 	C:\Users\USER\.jdks\azul-17.0.3\bin\jimage.dll
0x00007ffd374b0000 - 0x00007ffd3763a000 	C:\Windows\SYSTEM32\DBGHELP.DLL
0x00007ffd1b2d0000 - 0x00007ffd1b2f5000 	C:\Users\USER\.jdks\azul-17.0.3\bin\java.dll
0x00007ffd191b0000 - 0x00007ffd19287000 	C:\Users\USER\.jdks\azul-17.0.3\bin\jsvml.dll
0x00007ffd3c640000 - 0x00007ffd3db59000 	C:\Windows\system32\SHELL32.dll
0x00007ffd3e570000 - 0x00007ffd3e781000 	C:\Windows\SYSTEM32\combase.dll
0x00007ffd3c500000 - 0x00007ffd3c554000 	C:\Windows\system32\SHLWAPI.dll
0x00007ffd39ed0000 - 0x00007ffd39f82000 	C:\Windows\SYSTEM32\SHCORE.dll
0x00007ffd3bd40000 - 0x00007ffd3bd55000 	C:\Windows\SYSTEM32\profapi.dll
0x00007ffd1b340000 - 0x00007ffd1b359000 	C:\Users\USER\.jdks\azul-17.0.3\bin\net.dll
0x00007ffd33f70000 - 0x00007ffd34039000 	C:\Windows\SYSTEM32\WINHTTP.dll
0x00007ffd3b560000 - 0x00007ffd3b5b9000 	C:\Windows\system32\mswsock.dll
0x00007ffd19190000 - 0x00007ffd191a6000 	C:\Users\USER\.jdks\azul-17.0.3\bin\nio.dll
0x00007ffd19170000 - 0x00007ffd19188000 	C:\Users\USER\.jdks\azul-17.0.3\bin\zip.dll
0x00007ffd1b2c0000 - 0x00007ffd1b2d0000 	C:\Users\USER\.jdks\azul-17.0.3\bin\verify.dll
0x00007ffd2ba00000 - 0x00007ffd2ba27000 	C:\Users\USER\.gradle\native\e1d6ef7f7dcc3fd88c89a11ec53ec762bb8ba0a96d01ffa2cd45eb1d1d8dd5c5\windows-amd64\native-platform.dll
0x00007ffd1b290000 - 0x00007ffd1b299000 	C:\Users\USER\.jdks\azul-17.0.3\bin\management.dll
0x00007ffd1b0e0000 - 0x00007ffd1b0eb000 	C:\Users\USER\.jdks\azul-17.0.3\bin\management_ext.dll
0x00007ffd3b720000 - 0x00007ffd3b740000 	C:\Windows\SYSTEM32\CRYPTSP.dll
0x00007ffd3b330000 - 0x00007ffd3b366000 	C:\Windows\system32\rsaenh.dll
0x00007ffd3b8d0000 - 0x00007ffd3b8f6000 	C:\Windows\SYSTEM32\bcrypt.dll
0x00007ffd3b3c0000 - 0x00007ffd3b3e1000 	C:\Windows\SYSTEM32\USERENV.dll
0x00007ffd3bc10000 - 0x00007ffd3bc73000 	C:\Windows\system32\bcryptprimitives.dll
0x00007ffd3bc80000 - 0x00007ffd3bc8b000 	C:\Windows\SYSTEM32\CRYPTBASE.dll
0x00007ffd361e0000 - 0x00007ffd3620a000 	C:\Windows\SYSTEM32\IPHLPAPI.DLL
0x00007ffd361b0000 - 0x00007ffd361ba000 	C:\Windows\SYSTEM32\WINNSI.DLL
0x00007ffd355c0000 - 0x00007ffd355d6000 	C:\Windows\SYSTEM32\dhcpcsvc6.DLL
0x00007ffd357d0000 - 0x00007ffd357ea000 	C:\Windows\SYSTEM32\dhcpcsvc.DLL
0x00007ffd1aa90000 - 0x00007ffd1aa9d000 	C:\Users\USER\.jdks\azul-17.0.3\bin\sunmscapi.dll
0x00007ffd3c090000 - 0x00007ffd3c26f000 	C:\Windows\system32\CRYPT32.dll
0x00007ffd3b860000 - 0x00007ffd3b885000 	C:\Windows\SYSTEM32\ncrypt.dll
0x00007ffd3bdf0000 - 0x00007ffd3be01000 	C:\Windows\system32\MSASN1.dll
0x00007ffd3b820000 - 0x00007ffd3b857000 	C:\Windows\SYSTEM32\NTASN1.dll

dbghelp: loaded successfully - version: 4.0.5 - missing functions: none
symbol engine: initialized successfully - sym options: 0x614 - pdb path: .;C:\Users\USER\.jdks\azul-17.0.3\bin;C:\Windows\SYSTEM32;C:\Windows\WinSxS\amd64_microsoft.windows.common-controls_6595b64144ccf1df_6.0.9600.17415_none_6240486fecbd8abb;C:\Users\USER\.jdks\azul-17.0.3\bin\server;C:\Users\USER\.gradle\native\e1d6ef7f7dcc3fd88c89a11ec53ec762bb8ba0a96d01ffa2cd45eb1d1d8dd5c5\windows-amd64

VM Arguments:
jvm_args: --add-opens=java.base/java.util=ALL-UNNAMED --add-opens=java.base/java.lang=ALL-UNNAMED --add-opens=java.base/java.lang.invoke=ALL-UNNAMED --add-opens=java.base/java.util=ALL-UNNAMED --add-opens=java.prefs/java.util.prefs=ALL-UNNAMED --add-opens=java.prefs/java.util.prefs=ALL-UNNAMED --add-opens=java.base/java.nio.charset=ALL-UNNAMED --add-opens=java.base/java.net=ALL-UNNAMED --add-opens=java.base/java.util.concurrent.atomic=ALL-UNNAMED -Xmx2048m -Dfile.encoding=UTF-8 -Duser.country=US -Duser.language=en -Duser.variant 
java_command: org.gradle.launcher.daemon.bootstrap.GradleDaemon 7.2
java_class_path (initial): C:\Users\USER\.gradle\wrapper\dists\gradle-7.2-bin\2dnblmf4td7x66yl1d74lt32g\gradle-7.2\lib\gradle-launcher-7.2.jar
Launcher Type: SUN_STANDARD

[Global flags]
     intx CICompilerCount                          = 3                                         {product} {ergonomic}
     uint ConcGCThreads                            = 1                                         {product} {ergonomic}
     uint G1ConcRefinementThreads                  = 4                                         {product} {ergonomic}
   size_t G1HeapRegionSize                         = 1048576                                   {product} {ergonomic}
    uintx GCDrainStackTargetSize                   = 64                                        {product} {ergonomic}
   size_t InitialHeapSize                          = 134217728                                 {product} {ergonomic}
   size_t MarkStackSize                            = 4194304                                   {product} {ergonomic}
   size_t MaxHeapSize                              = 2147483648                                {product} {command line}
   size_t MaxNewSize                               = 1287651328                                {product} {ergonomic}
   size_t MinHeapDeltaBytes                        = 1048576                                   {product} {ergonomic}
   size_t MinHeapSize                              = 8388608                                   {product} {ergonomic}
    uintx NonNMethodCodeHeapSize                   = 5832780                                {pd product} {ergonomic}
    uintx NonProfiledCodeHeapSize                  = 122912730                              {pd product} {ergonomic}
    uintx ProfiledCodeHeapSize                     = 122912730                              {pd product} {ergonomic}
    uintx ReservedCodeCacheSize                    = 251658240                              {pd product} {ergonomic}
     bool SegmentedCodeCache                       = true                                      {product} {ergonomic}
   size_t SoftMaxHeapSize                          = 2147483648                             {manageable} {ergonomic}
     bool UseCompressedClassPointers               = true                           {product lp64_product} {ergonomic}
     bool UseCompressedOops                        = true                           {product lp64_product} {ergonomic}
     bool UseG1GC                                  = true                                      {product} {ergonomic}
     bool UseLargePagesIndividualAllocation        = false                                  {pd product} {ergonomic}

Logging:
Log output configuration:
 #0: stdout all=warning uptime,level,tags
 #1: stderr all=off uptime,level,tags

Environment Variables:
JAVA_HOME=C:\Program Files\Zulu\zulu-18\
PATH=C:\Program Files\Zulu\zulu-18\bin\;C:\Windows\system32;C:\Windows;C:\Windows\System32\Wbem;C:\Windows\System32\WindowsPowerShell\v1.0\;C:\Program Files\Cloudflare\Cloudflare WARP\
USERNAME=USER
OS=Windows_NT
PROCESSOR_IDENTIFIER=Intel64 Family 6 Model 78 Stepping 3, GenuineIntel



---------------  S Y S T E M  ---------------

OS:
 Windows 8.1 , 64 bit Build 9600 (6.3.9600.17415)
OS uptime: 0 days 0:32 hours

CPU: total 4 (initial active 4) (2 cores per cpu, 2 threads per core) family 6 model 78 stepping 3 microcode 0xec, cx8, cmov, fxsr, ht, mmx, 3dnowpref, sse, sse2, sse3, ssse3, sse4.1, sse4.2, popcnt, lzcnt, tsc, tscinvbit, avx, avx2, aes, erms, clmul, bmi1, bmi2, rtm, adx, fma, vzeroupper, clflush, clflushopt

Memory: 4k page, system-wide physical 8083M (783M free)
TotalPageFile size 8083M (AvailPageFile size 267M)
current process WorkingSet (physical memory assigned to process): 529M, peak: 533M
current process commit charge ("private bytes"): 580M, peak: 1008M

vm_info: OpenJDK 64-Bit Server VM (17.0.3+7-LTS) for windows-amd64 JRE (17.0.3+7-LTS) (Zulu17.34+19-CA), built on Apr 17 2022 09:18:41 by "zulu_re" with MS VC++ 16.10 / 16.11 (VS2019)

END.
