#
# There is insufficient memory for the Java Runtime Environment to continue.
# Native memory allocation (malloc) failed to allocate 805568 bytes for Chunk::new
# Possible reasons:
#   The system is out of physical RAM or swap space
#   The process is running with CompressedOops enabled, and the Java Heap may be blocking the growth of the native heap
# Possible solutions:
#   Reduce memory load on the system
#   Increase physical memory or swap space
#   Check if swap backing store is full
#   Decrease Java heap size (-Xmx/-Xms)
#   Decrease number of Java threads
#   Decrease Java thread stack sizes (-Xss)
#   Set larger code cache with -XX:ReservedCodeCacheSize=
#   JVM is running with Unscaled Compressed Oops mode in which the Java heap is
#     placed in the first 4GB address space. The Java Heap base address is the
#     maximum limit for the native heap growth. Please use -XX:HeapBaseMinAddress
#     to set the Java Heap base and to place the Java Heap above 4GB virtual address.
# This output file may be truncated or incomplete.
#
#  Out of Memory Error (arena.cpp:189), pid=2776, tid=6880
#
# JRE version: OpenJDK Runtime Environment Zulu17.34+19-CA (17.0.3+7) (build 17.0.3+7-LTS)
# Java VM: OpenJDK 64-Bit Server VM Zulu17.34+19-CA (17.0.3+7-LTS, mixed mode, sharing, tiered, compressed oops, compressed class ptrs, g1 gc, windows-amd64)
# No core dump will be written. Minidumps are not enabled by default on client versions of Windows
#

---------------  S U M M A R Y ------------

Command Line: --add-opens=java.base/java.util=ALL-UNNAMED --add-opens=java.base/java.lang=ALL-UNNAMED --add-opens=java.base/java.lang.invoke=ALL-UNNAMED --add-opens=java.base/java.util=ALL-UNNAMED --add-opens=java.prefs/java.util.prefs=ALL-UNNAMED --add-opens=java.prefs/java.util.prefs=ALL-UNNAMED --add-opens=java.base/java.nio.charset=ALL-UNNAMED --add-opens=java.base/java.net=ALL-UNNAMED --add-opens=java.base/java.util.concurrent.atomic=ALL-UNNAMED -Xmx2048m -Dfile.encoding=UTF-8 -Duser.country=US -Duser.language=en -Duser.variant org.gradle.launcher.daemon.bootstrap.GradleDaemon 7.2

Host: Intel(R) Core(TM) i5-6300U CPU @ 2.40GHz, 4 cores, 7G,  Windows 8.1 , 64 bit Build 9600 (6.3.9600.17415)
Time: Mon Jun  6 22:44:57 2022 SE Asia Standard Time elapsed time: 30.120233 seconds (0d 0h 0m 30s)

---------------  T H R E A D  ---------------

Current thread (0x0000003a6a1e4100):  JavaThread "C2 CompilerThread1" daemon [_thread_in_native, id=6880, stack(0x0000003a70e40000,0x0000003a70f40000)]


Current CompileTask:
C2:  30120 6657       4       sun.net.util.URLUtil::urlNoFragString (114 bytes)

Stack: [0x0000003a70e40000,0x0000003a70f40000]
Native frames: (J=compiled Java code, j=interpreted, Vv=VM code, C=native code)
V  [jvm.dll+0x67aeca]
V  [jvm.dll+0x836504]
V  [jvm.dll+0x837cae]
V  [jvm.dll+0x838313]
V  [jvm.dll+0x248cc5]
V  [jvm.dll+0xabf1b]
V  [jvm.dll+0xac4ac]
V  [jvm.dll+0x367657]
V  [jvm.dll+0x3312f1]
V  [jvm.dll+0x33079a]
V  [jvm.dll+0x218841]
V  [jvm.dll+0x217c61]
V  [jvm.dll+0x1a406d]
V  [jvm.dll+0x2275d8]
V  [jvm.dll+0x22572c]
V  [jvm.dll+0x7ebd4c]
V  [jvm.dll+0x7e62ea]
V  [jvm.dll+0x679d55]
C  [ucrtbase.DLL+0x26b4c]
C  [KERNEL32.DLL+0x13d2]
C  [ntdll.dll+0x703c4]


---------------  P R O C E S S  ---------------

Threads class SMR info:
_java_thread_list=0x0000003a7572b840, length=79, elements={
0x0000003a49a4eac0, 0x0000003a67961bd0, 0x0000003a67963b10, 0x0000003a6796ccc0,
0x0000003a6796d950, 0x0000003a6796f520, 0x0000003a679700e0, 0x0000003a67972de0,
0x0000003a67973df0, 0x0000003a679a4c00, 0x0000003a68ee26b0, 0x0000003a68eed1d0,
0x0000003a69a9e590, 0x0000003a6a6dd5e0, 0x0000003a6ab50b50, 0x0000003a6a682110,
0x0000003a6ab33090, 0x0000003a6a6b86d0, 0x0000003a6a449670, 0x0000003a6a449f20,
0x0000003a697ae400, 0x0000003a697af330, 0x0000003a697ac090, 0x0000003a697ae910,
0x0000003a697ad4d0, 0x0000003a697adef0, 0x0000003a697aee20, 0x0000003a697af840,
0x0000003a697ac5a0, 0x0000003a697acab0, 0x0000003a697acfc0, 0x0000003a6e9923f0,
0x0000003a6e9914c0, 0x0000003a6e990590, 0x0000003a6e98ec40, 0x0000003a6e9919d0,
0x0000003a6e990aa0, 0x0000003a6e992900, 0x0000003a6e990fb0, 0x0000003a6e98f150,
0x0000003a6e991ee0, 0x0000003a6e992e10, 0x0000003a6e98f660, 0x0000003a6e993320,
0x0000003a6e98fb70, 0x0000003a6e994760, 0x0000003a6e995ba0, 0x0000003a6e995180,
0x0000003a6e993830, 0x0000003a6e993d40, 0x0000003a6e9960b0, 0x0000003a6e9965c0,
0x0000003a6e994c70, 0x0000003a6e994250, 0x0000003a6e995690, 0x0000003a6e38a170,
0x0000003a6e38bfd0, 0x0000003a6e38c9f0, 0x0000003a6e38b5b0, 0x0000003a6e38c4e0,
0x0000003a6e38a680, 0x0000003a6e389750, 0x0000003a6e38bac0, 0x0000003a6e389240,
0x0000003a6e38cf00, 0x0000003a6e38ab90, 0x0000003a6e38d410, 0x0000003a6e389c60,
0x0000003a6e38de30, 0x0000003a6e38d920, 0x0000003a6e38e340, 0x0000003a6e38e850,
0x0000003a6e38b0a0, 0x0000003a6e38ed60, 0x0000003a6e38f270, 0x0000003a6e38f780,
0x0000003a6e38fc90, 0x0000003a6e3901a0, 0x0000003a6a1e4100
}

Java Threads: ( => current thread )
  0x0000003a49a4eac0 JavaThread "main" [_thread_blocked, id=7760, stack(0x0000003a49100000,0x0000003a49200000)]
  0x0000003a67961bd0 JavaThread "Reference Handler" daemon [_thread_blocked, id=7680, stack(0x0000003a68500000,0x0000003a68600000)]
  0x0000003a67963b10 JavaThread "Finalizer" daemon [_thread_blocked, id=5420, stack(0x0000003a68600000,0x0000003a68700000)]
  0x0000003a6796ccc0 JavaThread "Signal Dispatcher" daemon [_thread_blocked, id=2056, stack(0x0000003a68700000,0x0000003a68800000)]
  0x0000003a6796d950 JavaThread "Attach Listener" daemon [_thread_blocked, id=1332, stack(0x0000003a68800000,0x0000003a68900000)]
  0x0000003a6796f520 JavaThread "Service Thread" daemon [_thread_blocked, id=6716, stack(0x0000003a68900000,0x0000003a68a00000)]
  0x0000003a679700e0 JavaThread "Monitor Deflation Thread" daemon [_thread_blocked, id=5668, stack(0x0000003a68a00000,0x0000003a68b00000)]
  0x0000003a67972de0 JavaThread "C2 CompilerThread0" daemon [_thread_blocked, id=808, stack(0x0000003a68b00000,0x0000003a68c00000)]
  0x0000003a67973df0 JavaThread "C1 CompilerThread0" daemon [_thread_blocked, id=5540, stack(0x0000003a68c00000,0x0000003a68d00000)]
  0x0000003a679a4c00 JavaThread "Sweeper thread" daemon [_thread_blocked, id=3124, stack(0x0000003a68d00000,0x0000003a68e00000)]
  0x0000003a68ee26b0 JavaThread "Common-Cleaner" daemon [_thread_blocked, id=6328, stack(0x0000003a69200000,0x0000003a69300000)]
  0x0000003a68eed1d0 JavaThread "Notification Thread" daemon [_thread_blocked, id=6544, stack(0x0000003a69300000,0x0000003a69400000)]
  0x0000003a69a9e590 JavaThread "Daemon health stats" [_thread_blocked, id=6532, stack(0x0000003a6afd0000,0x0000003a6b0d0000)]
  0x0000003a6a6dd5e0 JavaThread "Incoming local TCP Connector on port 52755" [_thread_in_native, id=5168, stack(0x0000003a6c480000,0x0000003a6c580000)]
  0x0000003a6ab50b50 JavaThread "Daemon periodic checks" [_thread_blocked, id=2280, stack(0x0000003a6c680000,0x0000003a6c780000)]
  0x0000003a6a682110 JavaThread "Daemon" [_thread_blocked, id=7312, stack(0x0000003a6c780000,0x0000003a6c880000)]
  0x0000003a6ab33090 JavaThread "Handler for socket connection from /127.0.0.1:52755 to /127.0.0.1:52756" [_thread_in_native, id=7384, stack(0x0000003a6c580000,0x0000003a6c680000)]
  0x0000003a6a6b86d0 JavaThread "Cancel handler" [_thread_blocked, id=4456, stack(0x0000003a6c880000,0x0000003a6c980000)]
  0x0000003a6a449670 JavaThread "Daemon worker" [_thread_in_Java, id=3536, stack(0x0000003a6ca80000,0x0000003a6cb80000)]
  0x0000003a6a449f20 JavaThread "Asynchronous log dispatcher for DefaultDaemonConnection: socket connection from /127.0.0.1:52755 to /127.0.0.1:52756" [_thread_blocked, id=5620, stack(0x0000003a6d400000,0x0000003a6d500000)]
  0x0000003a697ae400 JavaThread "Stdin handler" [_thread_blocked, id=4600, stack(0x0000003a6d500000,0x0000003a6d600000)]
  0x0000003a697af330 JavaThread "Daemon client event forwarder" [_thread_blocked, id=4280, stack(0x0000003a6d600000,0x0000003a6d700000)]
  0x0000003a697ac090 JavaThread "Cache worker for journal cache (C:\Users\USER\.gradle\caches\journal-1)" [_thread_blocked, id=6108, stack(0x0000003a6d700000,0x0000003a6d800000)]
  0x0000003a697ae910 JavaThread "File lock request listener" [_thread_in_native, id=6332, stack(0x0000003a6d800000,0x0000003a6d900000)]
  0x0000003a697ad4d0 JavaThread "Cache worker for file hash cache (C:\Users\USER\.gradle\caches\7.2\fileHashes)" [_thread_blocked, id=6536, stack(0x0000003a6d900000,0x0000003a6da00000)]
  0x0000003a697adef0 JavaThread "Cache worker for file hash cache (C:\Users\USER\Documents\Animal\.gradle\7.2\fileHashes)" [_thread_blocked, id=280, stack(0x0000003a6db00000,0x0000003a6dc00000)]
  0x0000003a697aee20 JavaThread "Cache worker for checksums cache (C:\Users\USER\Documents\Animal\.gradle\checksums)" [_thread_blocked, id=2588, stack(0x0000003a6da00000,0x0000003a6db00000)]
  0x0000003a697af840 JavaThread "Cache worker for cache directory md-supplier (C:\Users\USER\.gradle\caches\7.2\md-supplier)" [_thread_blocked, id=6596, stack(0x0000003a6dc00000,0x0000003a6dd00000)]
  0x0000003a697ac5a0 JavaThread "Cache worker for cache directory md-rule (C:\Users\USER\.gradle\caches\7.2\md-rule)" [_thread_blocked, id=2532, stack(0x0000003a6f970000,0x0000003a6fa70000)]
  0x0000003a697acab0 JavaThread "Cache worker for execution history cache (C:\Users\USER\.gradle\caches\7.2\executionHistory)" [_thread_blocked, id=4192, stack(0x0000003a6f800000,0x0000003a6f900000)]
  0x0000003a697acfc0 JavaThread "jar transforms" [_thread_blocked, id=5480, stack(0x0000003a6dd00000,0x0000003a6de00000)]
  0x0000003a6e9923f0 JavaThread "jar transforms Thread 2" [_thread_blocked, id=1328, stack(0x0000003a6ede0000,0x0000003a6eee0000)]
  0x0000003a6e9914c0 JavaThread "Cache worker for file content cache (C:\Users\USER\.gradle\caches\7.2\fileContent)" [_thread_blocked, id=1556, stack(0x0000003a6fa70000,0x0000003a6fb70000)]
  0x0000003a6e990590 JavaThread "jar transforms Thread 3" [_thread_blocked, id=4100, stack(0x0000003a6eee0000,0x0000003a6efe0000)]
  0x0000003a6e98ec40 JavaThread "jar transforms Thread 4" [_thread_blocked, id=1440, stack(0x0000003a6fb70000,0x0000003a6fc70000)]
  0x0000003a6e9919d0 JavaThread "Cache worker for dependencies-accessors (C:\Users\USER\Documents\Animal\.gradle\7.2\dependencies-accessors)" [_thread_blocked, id=6032, stack(0x0000003a70d40000,0x0000003a70e40000)]
  0x0000003a6e990aa0 JavaThread "Cache worker for Build Output Cleanup Cache (C:\Users\USER\Documents\Animal\.gradle\buildOutputCleanup)" [_thread_blocked, id=5156, stack(0x0000003a6fc70000,0x0000003a6fd70000)]
  0x0000003a6e992900 JavaThread "Unconstrained build operations" [_thread_blocked, id=3944, stack(0x0000003a72000000,0x0000003a72100000)]
  0x0000003a6e990fb0 JavaThread "Unconstrained build operations Thread 2" [_thread_blocked, id=1428, stack(0x0000003a72100000,0x0000003a72200000)]
  0x0000003a6e98f150 JavaThread "Unconstrained build operations Thread 3" [_thread_blocked, id=7924, stack(0x0000003a72200000,0x0000003a72300000)]
  0x0000003a6e991ee0 JavaThread "Unconstrained build operations Thread 4" [_thread_blocked, id=7096, stack(0x0000003a72300000,0x0000003a72400000)]
  0x0000003a6e992e10 JavaThread "Unconstrained build operations Thread 5" [_thread_blocked, id=4244, stack(0x0000003a72400000,0x0000003a72500000)]
  0x0000003a6e98f660 JavaThread "Unconstrained build operations Thread 6" [_thread_blocked, id=5664, stack(0x0000003a72500000,0x0000003a72600000)]
  0x0000003a6e993320 JavaThread "Unconstrained build operations Thread 7" [_thread_blocked, id=6156, stack(0x0000003a72600000,0x0000003a72700000)]
  0x0000003a6e98fb70 JavaThread "Unconstrained build operations Thread 8" [_thread_blocked, id=5544, stack(0x0000003a72700000,0x0000003a72800000)]
  0x0000003a6e994760 JavaThread "Unconstrained build operations Thread 9" [_thread_blocked, id=588, stack(0x0000003a72800000,0x0000003a72900000)]
  0x0000003a6e995ba0 JavaThread "Unconstrained build operations Thread 10" [_thread_blocked, id=6664, stack(0x0000003a72900000,0x0000003a72a00000)]
  0x0000003a6e995180 JavaThread "Unconstrained build operations Thread 11" [_thread_blocked, id=4792, stack(0x0000003a72a00000,0x0000003a72b00000)]
  0x0000003a6e993830 JavaThread "Unconstrained build operations Thread 12" [_thread_blocked, id=4112, stack(0x0000003a72b00000,0x0000003a72c00000)]
  0x0000003a6e993d40 JavaThread "Unconstrained build operations Thread 13" [_thread_blocked, id=2800, stack(0x0000003a72c00000,0x0000003a72d00000)]
  0x0000003a6e9960b0 JavaThread "Unconstrained build operations Thread 14" [_thread_blocked, id=6424, stack(0x0000003a72d00000,0x0000003a72e00000)]
  0x0000003a6e9965c0 JavaThread "Unconstrained build operations Thread 15" [_thread_blocked, id=7052, stack(0x0000003a72e00000,0x0000003a72f00000)]
  0x0000003a6e994c70 JavaThread "Unconstrained build operations Thread 16" [_thread_blocked, id=4512, stack(0x0000003a72f00000,0x0000003a73000000)]
  0x0000003a6e994250 JavaThread "Unconstrained build operations Thread 17" [_thread_blocked, id=7856, stack(0x0000003a73000000,0x0000003a73100000)]
  0x0000003a6e995690 JavaThread "Unconstrained build operations Thread 18" [_thread_blocked, id=6888, stack(0x0000003a73100000,0x0000003a73200000)]
  0x0000003a6e38a170 JavaThread "Unconstrained build operations Thread 19" [_thread_blocked, id=3908, stack(0x0000003a73200000,0x0000003a73300000)]
  0x0000003a6e38bfd0 JavaThread "Unconstrained build operations Thread 20" [_thread_blocked, id=7216, stack(0x0000003a73300000,0x0000003a73400000)]
  0x0000003a6e38c9f0 JavaThread "Unconstrained build operations Thread 21" [_thread_blocked, id=7084, stack(0x0000003a73400000,0x0000003a73500000)]
  0x0000003a6e38b5b0 JavaThread "Unconstrained build operations Thread 22" [_thread_blocked, id=3924, stack(0x0000003a73500000,0x0000003a73600000)]
  0x0000003a6e38c4e0 JavaThread "Unconstrained build operations Thread 23" [_thread_blocked, id=6148, stack(0x0000003a73600000,0x0000003a73700000)]
  0x0000003a6e38a680 JavaThread "Unconstrained build operations Thread 24" [_thread_blocked, id=6236, stack(0x0000003a73700000,0x0000003a73800000)]
  0x0000003a6e389750 JavaThread "Unconstrained build operations Thread 25" [_thread_blocked, id=5260, stack(0x0000003a73800000,0x0000003a73900000)]
  0x0000003a6e38bac0 JavaThread "Unconstrained build operations Thread 26" [_thread_blocked, id=4856, stack(0x0000003a73900000,0x0000003a73a00000)]
  0x0000003a6e389240 JavaThread "Unconstrained build operations Thread 27" [_thread_blocked, id=1724, stack(0x0000003a73a00000,0x0000003a73b00000)]
  0x0000003a6e38cf00 JavaThread "Unconstrained build operations Thread 28" [_thread_blocked, id=5724, stack(0x0000003a73b00000,0x0000003a73c00000)]
  0x0000003a6e38ab90 JavaThread "Unconstrained build operations Thread 29" [_thread_blocked, id=5352, stack(0x0000003a73c00000,0x0000003a73d00000)]
  0x0000003a6e38d410 JavaThread "Unconstrained build operations Thread 30" [_thread_blocked, id=1640, stack(0x0000003a73d00000,0x0000003a73e00000)]
  0x0000003a6e389c60 JavaThread "Unconstrained build operations Thread 31" [_thread_blocked, id=7464, stack(0x0000003a73e00000,0x0000003a73f00000)]
  0x0000003a6e38de30 JavaThread "Unconstrained build operations Thread 32" [_thread_blocked, id=3188, stack(0x0000003a73f00000,0x0000003a74000000)]
  0x0000003a6e38d920 JavaThread "Unconstrained build operations Thread 33" [_thread_blocked, id=4332, stack(0x0000003a74000000,0x0000003a74100000)]
  0x0000003a6e38e340 JavaThread "Unconstrained build operations Thread 34" [_thread_blocked, id=2716, stack(0x0000003a74100000,0x0000003a74200000)]
  0x0000003a6e38e850 JavaThread "Unconstrained build operations Thread 35" [_thread_blocked, id=2500, stack(0x0000003a74200000,0x0000003a74300000)]
  0x0000003a6e38b0a0 JavaThread "Unconstrained build operations Thread 36" [_thread_blocked, id=6160, stack(0x0000003a74300000,0x0000003a74400000)]
  0x0000003a6e38ed60 JavaThread "Unconstrained build operations Thread 37" [_thread_blocked, id=4712, stack(0x0000003a74400000,0x0000003a74500000)]
  0x0000003a6e38f270 JavaThread "Unconstrained build operations Thread 38" [_thread_blocked, id=4156, stack(0x0000003a74500000,0x0000003a74600000)]
  0x0000003a6e38f780 JavaThread "Unconstrained build operations Thread 39" [_thread_blocked, id=7368, stack(0x0000003a74600000,0x0000003a74700000)]
  0x0000003a6e38fc90 JavaThread "Unconstrained build operations Thread 40" [_thread_blocked, id=6540, stack(0x0000003a74700000,0x0000003a74800000)]
  0x0000003a6e3901a0 JavaThread "Memory manager" [_thread_blocked, id=1476, stack(0x0000003a75fd0000,0x0000003a760d0000)]
=>0x0000003a6a1e4100 JavaThread "C2 CompilerThread1" daemon [_thread_in_native, id=6880, stack(0x0000003a70e40000,0x0000003a70f40000)]

Other Threads:
  0x0000003a6795ae90 VMThread "VM Thread" [stack: 0x0000003a68400000,0x0000003a68500000] [id=6980]
  0x0000003a68ef06d0 WatcherThread [stack: 0x0000003a69400000,0x0000003a69500000] [id=7580]
  0x0000003a49aaae10 GCTaskThread "GC Thread#0" [stack: 0x0000003a49820000,0x0000003a49920000] [id=3972]
  0x0000003a69c57cd0 GCTaskThread "GC Thread#1" [stack: 0x0000003a69e00000,0x0000003a69f00000] [id=6976]
  0x0000003a69786900 GCTaskThread "GC Thread#2" [stack: 0x0000003a69f00000,0x0000003a6a000000] [id=7344]
  0x0000003a6a24f920 GCTaskThread "GC Thread#3" [stack: 0x0000003a6b0d0000,0x0000003a6b1d0000] [id=5192]
  0x0000003a49abc920 ConcurrentGCThread "G1 Main Marker" [stack: 0x0000003a65180000,0x0000003a65280000] [id=6184]
  0x0000003a49abd330 ConcurrentGCThread "G1 Conc#0" [stack: 0x0000003a65280000,0x0000003a65380000] [id=7412]
  0x0000003a49afd990 ConcurrentGCThread "G1 Refine#0" [stack: 0x0000003a679e0000,0x0000003a67ae0000] [id=5452]
  0x0000003a49afe3c0 ConcurrentGCThread "G1 Service" [stack: 0x0000003a67ae0000,0x0000003a67be0000] [id=7456]

Threads with active compile tasks:
C2 CompilerThread1    30153 6657       4       sun.net.util.URLUtil::urlNoFragString (114 bytes)

VM state: not at safepoint (normal execution)

VM Mutex/Monitor currently owned by a thread: None

Heap address: 0x0000000080000000, size: 2048 MB, Compressed Oops mode: 32-bit

CDS archive(s) mapped at: [0x0000000800000000-0x0000000800c00000-0x0000000800c00000), size 12582912, SharedBaseAddress: 0x0000000800000000, ArchiveRelocationMode: 0.
Compressed class space mapped at: 0x0000000800c00000-0x0000000840c00000, reserved size: 1073741824
Narrow klass base: 0x0000000800000000, Narrow klass shift: 0, Narrow klass range: 0x100000000

GC Precious Log:
 CPUs: 4 total, 4 available
 Memory: 8083M
 Large Page Support: Disabled
 NUMA Support: Disabled
 Compressed Oops: Enabled (32-bit)
 Heap Region Size: 1M
 Heap Min Capacity: 8M
 Heap Initial Capacity: 128M
 Heap Max Capacity: 2G
 Pre-touch: Disabled
 Parallel Workers: 4
 Concurrent Workers: 1
 Concurrent Refinement Workers: 4
 Periodic GC: Disabled

Heap:
 garbage-first heap   total 194560K, used 67024K [0x0000000080000000, 0x0000000100000000)
  region size 1024K, 16 young (16384K), 2 survivors (2048K)
 Metaspace       used 57217K, committed 57728K, reserved 1105920K
  class space    used 7743K, committed 8000K, reserved 1048576K

Heap Regions: E=young(eden), S=young(survivor), O=old, HS=humongous(starts), HC=humongous(continues), CS=collection set, F=free, OA=open archive, CA=closed archive, TAMS=top-at-mark-start (previous, next)
|   0|0x0000000080000000, 0x0000000080100000, 0x0000000080100000|100%|HS|  |TAMS 0x0000000080100000, 0x0000000080000000| Complete 
|   1|0x0000000080100000, 0x0000000080200000, 0x0000000080200000|100%|HC|  |TAMS 0x0000000080200000, 0x0000000080100000| Complete 
|   2|0x0000000080200000, 0x0000000080300000, 0x0000000080300000|100%|HC|  |TAMS 0x0000000080300000, 0x0000000080200000| Complete 
|   3|0x0000000080300000, 0x0000000080400000, 0x0000000080400000|100%| O|  |TAMS 0x0000000080400000, 0x0000000080300000| Untracked 
|   4|0x0000000080400000, 0x0000000080500000, 0x0000000080500000|100%| O|  |TAMS 0x0000000080500000, 0x0000000080400000| Untracked 
|   5|0x0000000080500000, 0x0000000080600000, 0x0000000080600000|100%| O|  |TAMS 0x0000000080600000, 0x0000000080500000| Untracked 
|   6|0x0000000080600000, 0x0000000080700000, 0x0000000080700000|100%| O|  |TAMS 0x0000000080700000, 0x0000000080600000| Untracked 
|   7|0x0000000080700000, 0x0000000080800000, 0x0000000080800000|100%| O|  |TAMS 0x0000000080800000, 0x0000000080700000| Untracked 
|   8|0x0000000080800000, 0x0000000080900000, 0x0000000080900000|100%| O|  |TAMS 0x0000000080900000, 0x0000000080800000| Untracked 
|   9|0x0000000080900000, 0x0000000080a00000, 0x0000000080a00000|100%| O|  |TAMS 0x0000000080a00000, 0x0000000080900000| Untracked 
|  10|0x0000000080a00000, 0x0000000080b00000, 0x0000000080b00000|100%| O|  |TAMS 0x0000000080b00000, 0x0000000080a00000| Untracked 
|  11|0x0000000080b00000, 0x0000000080c00000, 0x0000000080c00000|100%| O|  |TAMS 0x0000000080c00000, 0x0000000080b00000| Untracked 
|  12|0x0000000080c00000, 0x0000000080d00000, 0x0000000080d00000|100%| O|  |TAMS 0x0000000080d00000, 0x0000000080c00000| Untracked 
|  13|0x0000000080d00000, 0x0000000080e00000, 0x0000000080e00000|100%| O|  |TAMS 0x0000000080e00000, 0x0000000080d00000| Untracked 
|  14|0x0000000080e00000, 0x0000000080f00000, 0x0000000080f00000|100%| O|  |TAMS 0x0000000080f00000, 0x0000000080e00000| Untracked 
|  15|0x0000000080f00000, 0x0000000081000000, 0x0000000081000000|100%| O|  |TAMS 0x0000000081000000, 0x0000000080f00000| Untracked 
|  16|0x0000000081000000, 0x0000000081100000, 0x0000000081100000|100%| O|  |TAMS 0x0000000081100000, 0x0000000081000000| Untracked 
|  17|0x0000000081100000, 0x0000000081200000, 0x0000000081200000|100%| O|  |TAMS 0x0000000081200000, 0x0000000081100000| Untracked 
|  18|0x0000000081200000, 0x0000000081300000, 0x0000000081300000|100%| O|  |TAMS 0x0000000081300000, 0x0000000081200000| Untracked 
|  19|0x0000000081300000, 0x0000000081400000, 0x0000000081400000|100%| O|  |TAMS 0x0000000081400000, 0x0000000081300000| Untracked 
|  20|0x0000000081400000, 0x0000000081500000, 0x0000000081500000|100%| O|  |TAMS 0x0000000081500000, 0x0000000081400000| Untracked 
|  21|0x0000000081500000, 0x0000000081600000, 0x0000000081600000|100%|HS|  |TAMS 0x0000000081600000, 0x0000000081500000| Complete 
|  22|0x0000000081600000, 0x0000000081700000, 0x0000000081700000|100%| O|  |TAMS 0x0000000081700000, 0x0000000081600000| Untracked 
|  23|0x0000000081700000, 0x0000000081800000, 0x0000000081800000|100%| O|  |TAMS 0x0000000081800000, 0x0000000081700000| Untracked 
|  24|0x0000000081800000, 0x0000000081900000, 0x0000000081900000|100%| O|  |TAMS 0x0000000081900000, 0x0000000081800000| Untracked 
|  25|0x0000000081900000, 0x0000000081a00000, 0x0000000081a00000|100%| O|  |TAMS 0x0000000081a00000, 0x0000000081900000| Untracked 
|  26|0x0000000081a00000, 0x0000000081b00000, 0x0000000081b00000|100%| O|  |TAMS 0x0000000081b00000, 0x0000000081a00000| Untracked 
|  27|0x0000000081b00000, 0x0000000081c00000, 0x0000000081c00000|100%|HS|  |TAMS 0x0000000081c00000, 0x0000000081b00000| Complete 
|  28|0x0000000081c00000, 0x0000000081d00000, 0x0000000081d00000|100%|HS|  |TAMS 0x0000000081d00000, 0x0000000081c00000| Complete 
|  29|0x0000000081d00000, 0x0000000081e00000, 0x0000000081e00000|100%|HC|  |TAMS 0x0000000081e00000, 0x0000000081d00000| Complete 
|  30|0x0000000081e00000, 0x0000000081f00000, 0x0000000081f00000|100%| O|  |TAMS 0x0000000081f00000, 0x0000000081e00000| Untracked 
|  31|0x0000000081f00000, 0x0000000082000000, 0x0000000082000000|100%| O|  |TAMS 0x0000000082000000, 0x0000000081f00000| Untracked 
|  32|0x0000000082000000, 0x0000000082100000, 0x0000000082100000|100%| O|  |TAMS 0x0000000082100000, 0x0000000082000000| Untracked 
|  33|0x0000000082100000, 0x0000000082200000, 0x0000000082200000|100%| O|  |TAMS 0x0000000082200000, 0x0000000082100000| Untracked 
|  34|0x0000000082200000, 0x0000000082300000, 0x0000000082300000|100%| O|  |TAMS 0x0000000082300000, 0x0000000082200000| Untracked 
|  35|0x0000000082300000, 0x0000000082400000, 0x0000000082400000|100%| O|  |TAMS 0x0000000082400000, 0x0000000082300000| Untracked 
|  36|0x0000000082400000, 0x0000000082500000, 0x0000000082500000|100%| O|  |TAMS 0x0000000082500000, 0x0000000082400000| Untracked 
|  37|0x0000000082500000, 0x0000000082600000, 0x0000000082600000|100%| O|  |TAMS 0x0000000082600000, 0x0000000082500000| Untracked 
|  38|0x0000000082600000, 0x0000000082700000, 0x0000000082700000|100%| O|  |TAMS 0x0000000082700000, 0x0000000082600000| Untracked 
|  39|0x0000000082700000, 0x0000000082800000, 0x0000000082800000|100%| O|  |TAMS 0x0000000082800000, 0x0000000082700000| Untracked 
|  40|0x0000000082800000, 0x0000000082900000, 0x0000000082900000|100%| O|  |TAMS 0x0000000082900000, 0x0000000082800000| Untracked 
|  41|0x0000000082900000, 0x0000000082a00000, 0x0000000082a00000|100%| O|  |TAMS 0x0000000082a00000, 0x0000000082900000| Untracked 
|  42|0x0000000082a00000, 0x0000000082b00000, 0x0000000082b00000|100%| O|  |TAMS 0x0000000082b00000, 0x0000000082a00000| Untracked 
|  43|0x0000000082b00000, 0x0000000082c00000, 0x0000000082c00000|100%| O|  |TAMS 0x0000000082c00000, 0x0000000082b00000| Untracked 
|  44|0x0000000082c00000, 0x0000000082c00000, 0x0000000082d00000|  0%| F|  |TAMS 0x0000000082c00000, 0x0000000082c00000| Untracked 
|  45|0x0000000082d00000, 0x0000000082e00000, 0x0000000082e00000|100%| O|  |TAMS 0x0000000082e00000, 0x0000000082d00000| Untracked 
|  46|0x0000000082e00000, 0x0000000082f00000, 0x0000000082f00000|100%| O|  |TAMS 0x0000000082f00000, 0x0000000082e00000| Untracked 
|  47|0x0000000082f00000, 0x0000000083000000, 0x0000000083000000|100%| O|  |TAMS 0x0000000083000000, 0x0000000082f00000| Untracked 
|  48|0x0000000083000000, 0x0000000083100000, 0x0000000083100000|100%| O|  |TAMS 0x0000000083100000, 0x0000000083000000| Untracked 
|  49|0x0000000083100000, 0x0000000083200000, 0x0000000083200000|100%| O|  |TAMS 0x0000000083200000, 0x0000000083100000| Untracked 
|  50|0x0000000083200000, 0x0000000083300000, 0x0000000083300000|100%| O|  |TAMS 0x0000000083300000, 0x0000000083200000| Untracked 
|  51|0x0000000083300000, 0x000000008337e600, 0x0000000083400000| 49%| O|  |TAMS 0x000000008337e600, 0x0000000083300000| Complete 
|  52|0x0000000083400000, 0x0000000083400000, 0x0000000083500000|  0%| F|  |TAMS 0x0000000083400000, 0x0000000083400000| Untracked 
|  53|0x0000000083500000, 0x0000000083500000, 0x0000000083600000|  0%| F|  |TAMS 0x0000000083500000, 0x0000000083500000| Untracked 
|  54|0x0000000083600000, 0x0000000083600000, 0x0000000083700000|  0%| F|  |TAMS 0x0000000083600000, 0x0000000083600000| Untracked 
|  55|0x0000000083700000, 0x0000000083700000, 0x0000000083800000|  0%| F|  |TAMS 0x0000000083700000, 0x0000000083700000| Untracked 
|  56|0x0000000083800000, 0x0000000083800000, 0x0000000083900000|  0%| F|  |TAMS 0x0000000083800000, 0x0000000083800000| Untracked 
|  57|0x0000000083900000, 0x0000000083900000, 0x0000000083a00000|  0%| F|  |TAMS 0x0000000083900000, 0x0000000083900000| Untracked 
|  58|0x0000000083a00000, 0x0000000083a00000, 0x0000000083b00000|  0%| F|  |TAMS 0x0000000083a00000, 0x0000000083a00000| Untracked 
|  59|0x0000000083b00000, 0x0000000083b00000, 0x0000000083c00000|  0%| F|  |TAMS 0x0000000083b00000, 0x0000000083b00000| Untracked 
|  60|0x0000000083c00000, 0x0000000083c00000, 0x0000000083d00000|  0%| F|  |TAMS 0x0000000083c00000, 0x0000000083c00000| Untracked 
|  61|0x0000000083d00000, 0x0000000083d00000, 0x0000000083e00000|  0%| F|  |TAMS 0x0000000083d00000, 0x0000000083d00000| Untracked 
|  62|0x0000000083e00000, 0x0000000083e00000, 0x0000000083f00000|  0%| F|  |TAMS 0x0000000083e00000, 0x0000000083e00000| Untracked 
|  63|0x0000000083f00000, 0x0000000083f00000, 0x0000000084000000|  0%| F|  |TAMS 0x0000000083f00000, 0x0000000083f00000| Untracked 
|  64|0x0000000084000000, 0x0000000084000000, 0x0000000084100000|  0%| F|  |TAMS 0x0000000084000000, 0x0000000084000000| Untracked 
|  65|0x0000000084100000, 0x00000000841f5d98, 0x0000000084200000| 96%| S|CS|TAMS 0x0000000084100000, 0x0000000084100000| Complete 
|  66|0x0000000084200000, 0x0000000084300000, 0x0000000084300000|100%| S|CS|TAMS 0x0000000084200000, 0x0000000084200000| Complete 
|  67|0x0000000084300000, 0x0000000084300000, 0x0000000084400000|  0%| F|  |TAMS 0x0000000084300000, 0x0000000084300000| Untracked 
|  68|0x0000000084400000, 0x0000000084400000, 0x0000000084500000|  0%| F|  |TAMS 0x0000000084400000, 0x0000000084400000| Untracked 
|  69|0x0000000084500000, 0x0000000084500000, 0x0000000084600000|  0%| F|  |TAMS 0x0000000084500000, 0x0000000084500000| Untracked 
|  70|0x0000000084600000, 0x0000000084600000, 0x0000000084700000|  0%| F|  |TAMS 0x0000000084600000, 0x0000000084600000| Untracked 
|  71|0x0000000084700000, 0x0000000084700000, 0x0000000084800000|  0%| F|  |TAMS 0x0000000084700000, 0x0000000084700000| Untracked 
|  72|0x0000000084800000, 0x0000000084800000, 0x0000000084900000|  0%| F|  |TAMS 0x0000000084800000, 0x0000000084800000| Untracked 
|  73|0x0000000084900000, 0x0000000084900000, 0x0000000084a00000|  0%| F|  |TAMS 0x0000000084900000, 0x0000000084900000| Untracked 
|  74|0x0000000084a00000, 0x0000000084a00000, 0x0000000084b00000|  0%| F|  |TAMS 0x0000000084a00000, 0x0000000084a00000| Untracked 
|  75|0x0000000084b00000, 0x0000000084b00000, 0x0000000084c00000|  0%| F|  |TAMS 0x0000000084b00000, 0x0000000084b00000| Untracked 
|  76|0x0000000084c00000, 0x0000000084c00000, 0x0000000084d00000|  0%| F|  |TAMS 0x0000000084c00000, 0x0000000084c00000| Untracked 
|  77|0x0000000084d00000, 0x0000000084d00000, 0x0000000084e00000|  0%| F|  |TAMS 0x0000000084d00000, 0x0000000084d00000| Untracked 
|  78|0x0000000084e00000, 0x0000000084e00000, 0x0000000084f00000|  0%| F|  |TAMS 0x0000000084e00000, 0x0000000084e00000| Untracked 
|  79|0x0000000084f00000, 0x0000000084f00000, 0x0000000085000000|  0%| F|  |TAMS 0x0000000084f00000, 0x0000000084f00000| Untracked 
|  80|0x0000000085000000, 0x0000000085000000, 0x0000000085100000|  0%| F|  |TAMS 0x0000000085000000, 0x0000000085000000| Untracked 
|  81|0x0000000085100000, 0x0000000085100000, 0x0000000085200000|  0%| F|  |TAMS 0x0000000085100000, 0x0000000085100000| Untracked 
|  82|0x0000000085200000, 0x0000000085200000, 0x0000000085300000|  0%| F|  |TAMS 0x0000000085200000, 0x0000000085200000| Untracked 
|  83|0x0000000085300000, 0x0000000085300000, 0x0000000085400000|  0%| F|  |TAMS 0x0000000085300000, 0x0000000085300000| Untracked 
|  84|0x0000000085400000, 0x0000000085400000, 0x0000000085500000|  0%| F|  |TAMS 0x0000000085400000, 0x0000000085400000| Untracked 
|  85|0x0000000085500000, 0x0000000085500000, 0x0000000085600000|  0%| F|  |TAMS 0x0000000085500000, 0x0000000085500000| Untracked 
|  86|0x0000000085600000, 0x0000000085600000, 0x0000000085700000|  0%| F|  |TAMS 0x0000000085600000, 0x0000000085600000| Untracked 
|  87|0x0000000085700000, 0x0000000085700000, 0x0000000085800000|  0%| F|  |TAMS 0x0000000085700000, 0x0000000085700000| Untracked 
|  88|0x0000000085800000, 0x0000000085800000, 0x0000000085900000|  0%| F|  |TAMS 0x0000000085800000, 0x0000000085800000| Untracked 
|  89|0x0000000085900000, 0x0000000085900000, 0x0000000085a00000|  0%| F|  |TAMS 0x0000000085900000, 0x0000000085900000| Untracked 
|  90|0x0000000085a00000, 0x0000000085a00000, 0x0000000085b00000|  0%| F|  |TAMS 0x0000000085a00000, 0x0000000085a00000| Untracked 
|  91|0x0000000085b00000, 0x0000000085b00000, 0x0000000085c00000|  0%| F|  |TAMS 0x0000000085b00000, 0x0000000085b00000| Untracked 
|  92|0x0000000085c00000, 0x0000000085c00000, 0x0000000085d00000|  0%| F|  |TAMS 0x0000000085c00000, 0x0000000085c00000| Untracked 
|  93|0x0000000085d00000, 0x0000000085d00000, 0x0000000085e00000|  0%| F|  |TAMS 0x0000000085d00000, 0x0000000085d00000| Untracked 
|  94|0x0000000085e00000, 0x0000000085e00000, 0x0000000085f00000|  0%| F|  |TAMS 0x0000000085e00000, 0x0000000085e00000| Untracked 
|  95|0x0000000085f00000, 0x0000000085f00000, 0x0000000086000000|  0%| F|  |TAMS 0x0000000085f00000, 0x0000000085f00000| Untracked 
|  96|0x0000000086000000, 0x0000000086000000, 0x0000000086100000|  0%| F|  |TAMS 0x0000000086000000, 0x0000000086000000| Untracked 
|  97|0x0000000086100000, 0x0000000086100000, 0x0000000086200000|  0%| F|  |TAMS 0x0000000086100000, 0x0000000086100000| Untracked 
|  98|0x0000000086200000, 0x0000000086200000, 0x0000000086300000|  0%| F|  |TAMS 0x0000000086200000, 0x0000000086200000| Untracked 
|  99|0x0000000086300000, 0x0000000086300000, 0x0000000086400000|  0%| F|  |TAMS 0x0000000086300000, 0x0000000086300000| Untracked 
| 100|0x0000000086400000, 0x0000000086400000, 0x0000000086500000|  0%| F|  |TAMS 0x0000000086400000, 0x0000000086400000| Untracked 
| 101|0x0000000086500000, 0x0000000086500000, 0x0000000086600000|  0%| F|  |TAMS 0x0000000086500000, 0x0000000086500000| Untracked 
| 102|0x0000000086600000, 0x0000000086600000, 0x0000000086700000|  0%| F|  |TAMS 0x0000000086600000, 0x0000000086600000| Untracked 
| 103|0x0000000086700000, 0x0000000086700000, 0x0000000086800000|  0%| F|  |TAMS 0x0000000086700000, 0x0000000086700000| Untracked 
| 104|0x0000000086800000, 0x0000000086800000, 0x0000000086900000|  0%| F|  |TAMS 0x0000000086800000, 0x0000000086800000| Untracked 
| 105|0x0000000086900000, 0x0000000086900000, 0x0000000086a00000|  0%| F|  |TAMS 0x0000000086900000, 0x0000000086900000| Untracked 
| 106|0x0000000086a00000, 0x0000000086a00000, 0x0000000086b00000|  0%| F|  |TAMS 0x0000000086a00000, 0x0000000086a00000| Untracked 
| 107|0x0000000086b00000, 0x0000000086b00000, 0x0000000086c00000|  0%| F|  |TAMS 0x0000000086b00000, 0x0000000086b00000| Untracked 
| 108|0x0000000086c00000, 0x0000000086c00000, 0x0000000086d00000|  0%| F|  |TAMS 0x0000000086c00000, 0x0000000086c00000| Untracked 
| 109|0x0000000086d00000, 0x0000000086d00000, 0x0000000086e00000|  0%| F|  |TAMS 0x0000000086d00000, 0x0000000086d00000| Untracked 
| 110|0x0000000086e00000, 0x0000000086e00000, 0x0000000086f00000|  0%| F|  |TAMS 0x0000000086e00000, 0x0000000086e00000| Untracked 
| 111|0x0000000086f00000, 0x0000000086f00000, 0x0000000087000000|  0%| F|  |TAMS 0x0000000086f00000, 0x0000000086f00000| Untracked 
| 112|0x0000000087000000, 0x0000000087000000, 0x0000000087100000|  0%| F|  |TAMS 0x0000000087000000, 0x0000000087000000| Untracked 
| 113|0x0000000087100000, 0x0000000087100000, 0x0000000087200000|  0%| F|  |TAMS 0x0000000087100000, 0x0000000087100000| Untracked 
| 114|0x0000000087200000, 0x0000000087200000, 0x0000000087300000|  0%| F|  |TAMS 0x0000000087200000, 0x0000000087200000| Untracked 
| 115|0x0000000087300000, 0x0000000087300000, 0x0000000087400000|  0%| F|  |TAMS 0x0000000087300000, 0x0000000087300000| Untracked 
| 116|0x0000000087400000, 0x0000000087400000, 0x0000000087500000|  0%| F|  |TAMS 0x0000000087400000, 0x0000000087400000| Untracked 
| 117|0x0000000087500000, 0x0000000087500000, 0x0000000087600000|  0%| F|  |TAMS 0x0000000087500000, 0x0000000087500000| Untracked 
| 118|0x0000000087600000, 0x0000000087600000, 0x0000000087700000|  0%| F|  |TAMS 0x0000000087600000, 0x0000000087600000| Untracked 
| 119|0x0000000087700000, 0x0000000087700000, 0x0000000087800000|  0%| F|  |TAMS 0x0000000087700000, 0x0000000087700000| Untracked 
| 120|0x0000000087800000, 0x0000000087800000, 0x0000000087900000|  0%| F|  |TAMS 0x0000000087800000, 0x0000000087800000| Untracked 
| 121|0x0000000087900000, 0x0000000087900000, 0x0000000087a00000|  0%| F|  |TAMS 0x0000000087900000, 0x0000000087900000| Untracked 
| 122|0x0000000087a00000, 0x0000000087a00000, 0x0000000087b00000|  0%| F|  |TAMS 0x0000000087a00000, 0x0000000087a00000| Untracked 
| 123|0x0000000087b00000, 0x0000000087b00000, 0x0000000087c00000|  0%| F|  |TAMS 0x0000000087b00000, 0x0000000087b00000| Untracked 
| 124|0x0000000087c00000, 0x0000000087c00000, 0x0000000087d00000|  0%| F|  |TAMS 0x0000000087c00000, 0x0000000087c00000| Untracked 
| 125|0x0000000087d00000, 0x0000000087d00000, 0x0000000087e00000|  0%| F|  |TAMS 0x0000000087d00000, 0x0000000087d00000| Untracked 
| 126|0x0000000087e00000, 0x0000000087e00000, 0x0000000087f00000|  0%| F|  |TAMS 0x0000000087e00000, 0x0000000087e00000| Untracked 
| 127|0x0000000087f00000, 0x0000000087f00000, 0x0000000088000000|  0%| F|  |TAMS 0x0000000087f00000, 0x0000000087f00000| Untracked 
| 128|0x0000000088000000, 0x0000000088000000, 0x0000000088100000|  0%| F|  |TAMS 0x0000000088000000, 0x0000000088000000| Untracked 
| 129|0x0000000088100000, 0x0000000088100000, 0x0000000088200000|  0%| F|  |TAMS 0x0000000088100000, 0x0000000088100000| Untracked 
| 130|0x0000000088200000, 0x0000000088200000, 0x0000000088300000|  0%| F|  |TAMS 0x0000000088200000, 0x0000000088200000| Untracked 
| 131|0x0000000088300000, 0x0000000088300000, 0x0000000088400000|  0%| F|  |TAMS 0x0000000088300000, 0x0000000088300000| Untracked 
| 132|0x0000000088400000, 0x0000000088400000, 0x0000000088500000|  0%| F|  |TAMS 0x0000000088400000, 0x0000000088400000| Untracked 
| 133|0x0000000088500000, 0x0000000088500000, 0x0000000088600000|  0%| F|  |TAMS 0x0000000088500000, 0x0000000088500000| Untracked 
| 134|0x0000000088600000, 0x0000000088600000, 0x0000000088700000|  0%| F|  |TAMS 0x0000000088600000, 0x0000000088600000| Untracked 
| 135|0x0000000088700000, 0x0000000088700000, 0x0000000088800000|  0%| F|  |TAMS 0x0000000088700000, 0x0000000088700000| Untracked 
| 136|0x0000000088800000, 0x0000000088800000, 0x0000000088900000|  0%| F|  |TAMS 0x0000000088800000, 0x0000000088800000| Untracked 
| 137|0x0000000088900000, 0x0000000088900000, 0x0000000088a00000|  0%| F|  |TAMS 0x0000000088900000, 0x0000000088900000| Untracked 
| 138|0x0000000088a00000, 0x0000000088a00000, 0x0000000088b00000|  0%| F|  |TAMS 0x0000000088a00000, 0x0000000088a00000| Untracked 
| 139|0x0000000088b00000, 0x0000000088b00000, 0x0000000088c00000|  0%| F|  |TAMS 0x0000000088b00000, 0x0000000088b00000| Untracked 
| 140|0x0000000088c00000, 0x0000000088c00000, 0x0000000088d00000|  0%| F|  |TAMS 0x0000000088c00000, 0x0000000088c00000| Untracked 
| 141|0x0000000088d00000, 0x0000000088d00000, 0x0000000088e00000|  0%| F|  |TAMS 0x0000000088d00000, 0x0000000088d00000| Untracked 
| 142|0x0000000088e00000, 0x0000000088e00000, 0x0000000088f00000|  0%| F|  |TAMS 0x0000000088e00000, 0x0000000088e00000| Untracked 
| 143|0x0000000088f00000, 0x0000000088f00000, 0x0000000089000000|  0%| F|  |TAMS 0x0000000088f00000, 0x0000000088f00000| Untracked 
| 144|0x0000000089000000, 0x0000000089000000, 0x0000000089100000|  0%| F|  |TAMS 0x0000000089000000, 0x0000000089000000| Untracked 
| 145|0x0000000089100000, 0x0000000089100000, 0x0000000089200000|  0%| F|  |TAMS 0x0000000089100000, 0x0000000089100000| Untracked 
| 146|0x0000000089200000, 0x0000000089200000, 0x0000000089300000|  0%| F|  |TAMS 0x0000000089200000, 0x0000000089200000| Untracked 
| 147|0x0000000089300000, 0x0000000089300000, 0x0000000089400000|  0%| F|  |TAMS 0x0000000089300000, 0x0000000089300000| Untracked 
| 148|0x0000000089400000, 0x0000000089400000, 0x0000000089500000|  0%| F|  |TAMS 0x0000000089400000, 0x0000000089400000| Untracked 
| 149|0x0000000089500000, 0x0000000089500000, 0x0000000089600000|  0%| F|  |TAMS 0x0000000089500000, 0x0000000089500000| Untracked 
| 150|0x0000000089600000, 0x0000000089600000, 0x0000000089700000|  0%| F|  |TAMS 0x0000000089600000, 0x0000000089600000| Untracked 
| 151|0x0000000089700000, 0x0000000089700000, 0x0000000089800000|  0%| F|  |TAMS 0x0000000089700000, 0x0000000089700000| Untracked 
| 152|0x0000000089800000, 0x0000000089800000, 0x0000000089900000|  0%| F|  |TAMS 0x0000000089800000, 0x0000000089800000| Untracked 
| 153|0x0000000089900000, 0x0000000089900000, 0x0000000089a00000|  0%| F|  |TAMS 0x0000000089900000, 0x0000000089900000| Untracked 
| 154|0x0000000089a00000, 0x0000000089a00000, 0x0000000089b00000|  0%| F|  |TAMS 0x0000000089a00000, 0x0000000089a00000| Untracked 
| 155|0x0000000089b00000, 0x0000000089b00000, 0x0000000089c00000|  0%| F|  |TAMS 0x0000000089b00000, 0x0000000089b00000| Untracked 
| 156|0x0000000089c00000, 0x0000000089c00000, 0x0000000089d00000|  0%| F|  |TAMS 0x0000000089c00000, 0x0000000089c00000| Untracked 
| 157|0x0000000089d00000, 0x0000000089d00000, 0x0000000089e00000|  0%| F|  |TAMS 0x0000000089d00000, 0x0000000089d00000| Untracked 
| 158|0x0000000089e00000, 0x0000000089e00000, 0x0000000089f00000|  0%| F|  |TAMS 0x0000000089e00000, 0x0000000089e00000| Untracked 
| 159|0x0000000089f00000, 0x0000000089f00000, 0x000000008a000000|  0%| F|  |TAMS 0x0000000089f00000, 0x0000000089f00000| Untracked 
| 160|0x000000008a000000, 0x000000008a000000, 0x000000008a100000|  0%| F|  |TAMS 0x000000008a000000, 0x000000008a000000| Untracked 
| 161|0x000000008a100000, 0x000000008a100000, 0x000000008a200000|  0%| F|  |TAMS 0x000000008a100000, 0x000000008a100000| Untracked 
| 162|0x000000008a200000, 0x000000008a200000, 0x000000008a300000|  0%| F|  |TAMS 0x000000008a200000, 0x000000008a200000| Untracked 
| 163|0x000000008a300000, 0x000000008a300000, 0x000000008a400000|  0%| F|  |TAMS 0x000000008a300000, 0x000000008a300000| Untracked 
| 164|0x000000008a400000, 0x000000008a400000, 0x000000008a500000|  0%| F|  |TAMS 0x000000008a400000, 0x000000008a400000| Untracked 
| 165|0x000000008a500000, 0x000000008a500000, 0x000000008a600000|  0%| F|  |TAMS 0x000000008a500000, 0x000000008a500000| Untracked 
| 166|0x000000008a600000, 0x000000008a600000, 0x000000008a700000|  0%| F|  |TAMS 0x000000008a600000, 0x000000008a600000| Untracked 
| 167|0x000000008a700000, 0x000000008a700000, 0x000000008a800000|  0%| F|  |TAMS 0x000000008a700000, 0x000000008a700000| Untracked 
| 168|0x000000008a800000, 0x000000008a800000, 0x000000008a900000|  0%| F|  |TAMS 0x000000008a800000, 0x000000008a800000| Untracked 
| 169|0x000000008a900000, 0x000000008a900000, 0x000000008aa00000|  0%| F|  |TAMS 0x000000008a900000, 0x000000008a900000| Untracked 
| 170|0x000000008aa00000, 0x000000008aa00000, 0x000000008ab00000|  0%| F|  |TAMS 0x000000008aa00000, 0x000000008aa00000| Untracked 
| 171|0x000000008ab00000, 0x000000008ab00000, 0x000000008ac00000|  0%| F|  |TAMS 0x000000008ab00000, 0x000000008ab00000| Untracked 
| 172|0x000000008ac00000, 0x000000008ac00000, 0x000000008ad00000|  0%| F|  |TAMS 0x000000008ac00000, 0x000000008ac00000| Untracked 
| 173|0x000000008ad00000, 0x000000008ad00000, 0x000000008ae00000|  0%| F|  |TAMS 0x000000008ad00000, 0x000000008ad00000| Untracked 
| 174|0x000000008ae00000, 0x000000008ae00000, 0x000000008af00000|  0%| F|  |TAMS 0x000000008ae00000, 0x000000008ae00000| Untracked 
| 175|0x000000008af00000, 0x000000008af00000, 0x000000008b000000|  0%| F|  |TAMS 0x000000008af00000, 0x000000008af00000| Untracked 
| 176|0x000000008b000000, 0x000000008b080800, 0x000000008b100000| 50%| E|  |TAMS 0x000000008b000000, 0x000000008b000000| Complete 
| 177|0x000000008b100000, 0x000000008b200000, 0x000000008b200000|100%| E|CS|TAMS 0x000000008b100000, 0x000000008b100000| Complete 
| 178|0x000000008b200000, 0x000000008b300000, 0x000000008b300000|100%| E|CS|TAMS 0x000000008b200000, 0x000000008b200000| Complete 
| 179|0x000000008b300000, 0x000000008b400000, 0x000000008b400000|100%| E|CS|TAMS 0x000000008b300000, 0x000000008b300000| Complete 
| 180|0x000000008b400000, 0x000000008b500000, 0x000000008b500000|100%| E|CS|TAMS 0x000000008b400000, 0x000000008b400000| Complete 
| 181|0x000000008b500000, 0x000000008b600000, 0x000000008b600000|100%| E|CS|TAMS 0x000000008b500000, 0x000000008b500000| Complete 
| 182|0x000000008b600000, 0x000000008b700000, 0x000000008b700000|100%| E|CS|TAMS 0x000000008b600000, 0x000000008b600000| Complete 
| 183|0x000000008b700000, 0x000000008b800000, 0x000000008b800000|100%| E|CS|TAMS 0x000000008b700000, 0x000000008b700000| Complete 
| 184|0x000000008b800000, 0x000000008b900000, 0x000000008b900000|100%| E|CS|TAMS 0x000000008b800000, 0x000000008b800000| Complete 
| 185|0x000000008b900000, 0x000000008ba00000, 0x000000008ba00000|100%| E|CS|TAMS 0x000000008b900000, 0x000000008b900000| Complete 
| 188|0x000000008bc00000, 0x000000008bd00000, 0x000000008bd00000|100%| E|CS|TAMS 0x000000008bc00000, 0x000000008bc00000| Complete 
| 189|0x000000008bd00000, 0x000000008be00000, 0x000000008be00000|100%| E|CS|TAMS 0x000000008bd00000, 0x000000008bd00000| Complete 
| 190|0x000000008be00000, 0x000000008bf00000, 0x000000008bf00000|100%| E|CS|TAMS 0x000000008be00000, 0x000000008be00000| Complete 
| 191|0x000000008bf00000, 0x000000008c000000, 0x000000008c000000|100%| E|CS|TAMS 0x000000008bf00000, 0x000000008bf00000| Complete 

Card table byte_map: [0x0000003a60980000,0x0000003a60d80000] _byte_map_base: 0x0000003a60580000

Marking Bits (Prev, Next): (CMBitMap*) 0x0000003a49aab430, (CMBitMap*) 0x0000003a49aab470
 Prev Bits: [0x0000003a61180000, 0x0000003a63180000)
 Next Bits: [0x0000003a63180000, 0x0000003a65180000)

Polling page: 0x0000003a47830000

Metaspace:

Usage:
  Non-class:     48.33 MB used.
      Class:      7.57 MB used.
       Both:     55.90 MB used.

Virtual space:
  Non-class space:       56.00 MB reserved,      48.56 MB ( 87%) committed,  7 nodes.
      Class space:        1.00 GB reserved,       7.81 MB ( <1%) committed,  1 nodes.
             Both:        1.05 GB reserved,      56.38 MB (  5%) committed. 

Chunk freelists:
   Non-Class:  3.19 MB
       Class:  160.00 KB
        Both:  3.34 MB

MaxMetaspaceSize: unlimited
CompressedClassSpaceSize: 1.00 GB
Initial GC threshold: 21.00 MB
Current GC threshold: 91.19 MB
CDS: on
MetaspaceReclaimPolicy: balanced
 - commit_granule_bytes: 65536.
 - commit_granule_words: 8192.
 - virtual_space_node_default_size: 1048576.
 - enlarge_chunks_in_place: 1.
 - new_chunks_are_fully_committed: 0.
 - uncommit_free_chunks: 1.
 - use_allocation_guard: 0.
 - handle_deallocations: 1.


Internal statistics:

num_allocs_failed_limit: 6.
num_arena_births: 540.
num_arena_deaths: 0.
num_vsnodes_births: 8.
num_vsnodes_deaths: 0.
num_space_committed: 902.
num_space_uncommitted: 0.
num_chunks_returned_to_freelist: 6.
num_chunks_taken_from_freelist: 2693.
num_chunk_merges: 6.
num_chunk_splits: 1828.
num_chunks_enlarged: 1285.
num_purges: 0.
num_inconsistent_stats: 0.

CodeHeap 'non-profiled nmethods': size=120000Kb used=3364Kb max_used=3364Kb free=116635Kb
 bounds [0x0000003a59050000, 0x0000003a593a0000, 0x0000003a60580000]
CodeHeap 'profiled nmethods': size=120000Kb used=11871Kb max_used=11871Kb free=108128Kb
 bounds [0x0000003a51b20000, 0x0000003a526c0000, 0x0000003a59050000]
CodeHeap 'non-nmethods': size=5760Kb used=2346Kb max_used=2425Kb free=3413Kb
 bounds [0x0000003a51580000, 0x0000003a51800000, 0x0000003a51b20000]
 total_blobs=6738 nmethods=5871 adapters=779
 compilation: enabled
              stopped_count=0, restarted_count=0
 full_count=0

Compilation events (20 events):
Event: 30.012 Thread 0x0000003a67973df0 nmethod 6661 0x0000003a526b5e90 code [0x0000003a526b60c0, 0x0000003a526b6bc8]
Event: 30.027 Thread 0x0000003a67973df0 6662       1       com.android.build.gradle.internal.core.VariantDslInfoImpl::getVariantType (5 bytes)
Event: 30.027 Thread 0x0000003a67973df0 nmethod 6662 0x0000003a59190790 code [0x0000003a59190920, 0x0000003a591909f8]
Event: 30.036 Thread 0x0000003a6a1e4100 nmethod 6634 0x0000003a5918fb10 code [0x0000003a5918fcc0, 0x0000003a59190468]
Event: 30.037 Thread 0x0000003a6a1e4100 6657       4       sun.net.util.URLUtil::urlNoFragString (114 bytes)
Event: 30.039 Thread 0x0000003a67973df0 6663       3       java.util.LinkedHashMap::afterNodeRemoval (65 bytes)
Event: 30.039 Thread 0x0000003a67973df0 nmethod 6663 0x0000003a526b6f10 code [0x0000003a526b70e0, 0x0000003a526b7598]
Event: 30.040 Thread 0x0000003a67973df0 6664       3       com.google.common.collect.AbstractIndexedListIterator::next (31 bytes)
Event: 30.041 Thread 0x0000003a67973df0 nmethod 6664 0x0000003a526b7710 code [0x0000003a526b78e0, 0x0000003a526b7c48]
Event: 30.041 Thread 0x0000003a67973df0 6665       3       com.google.common.collect.Iterators$ArrayItr::get (12 bytes)
Event: 30.041 Thread 0x0000003a67973df0 nmethod 6665 0x0000003a526b7e10 code [0x0000003a526b7fa0, 0x0000003a526b80d8]
Event: 30.047 Thread 0x0000003a67973df0 6666       3       org.gradle.internal.ImmutableActionSet::mergeFrom (37 bytes)
Event: 30.048 Thread 0x0000003a67973df0 nmethod 6666 0x0000003a526b8190 code [0x0000003a526b8380, 0x0000003a526b8868]
Event: 30.066 Thread 0x0000003a67972de0 nmethod 6631 0x0000003a59397c90 code [0x0000003a59397f20, 0x0000003a5939a5d0]
Event: 30.079 Thread 0x0000003a67973df0 6667       3       org.gradle.api.internal.DefaultDomainObjectCollection::withMutationDisabled (11 bytes)
Event: 30.080 Thread 0x0000003a67973df0 nmethod 6667 0x0000003a526b8990 code [0x0000003a526b8b40, 0x0000003a526b8dd8]
Event: 30.098 Thread 0x0000003a67972de0 6668       4       kotlin.jvm.internal.Intrinsics::checkNotNullParameter (9 bytes)
Event: 30.098 Thread 0x0000003a67972de0 nmethod 6668 0x0000003a5918f810 code [0x0000003a5918f980, 0x0000003a5918f9f8]
Event: 30.104 Thread 0x0000003a67973df0 6669       3       org.gradle.api.internal.DefaultNamedDomainObjectCollection$AbstractDomainObjectCreatingProvider::getName (5 bytes)
Event: 30.105 Thread 0x0000003a67973df0 nmethod 6669 0x0000003a526b8f10 code [0x0000003a526b90a0, 0x0000003a526b91b8]

GC Heap History (20 events):
Event: 23.778 GC heap before
{Heap before GC invocations=11 (full 0):
 garbage-first heap   total 78848K, used 63599K [0x0000000080000000, 0x0000000100000000)
  region size 1024K, 31 young (31744K), 4 survivors (4096K)
 Metaspace       used 39415K, committed 39872K, reserved 1089536K
  class space    used 5366K, committed 5632K, reserved 1048576K
}
Event: 23.795 GC heap after
{Heap after GC invocations=12 (full 0):
 garbage-first heap   total 78848K, used 43460K [0x0000000080000000, 0x0000000100000000)
  region size 1024K, 4 young (4096K), 4 survivors (4096K)
 Metaspace       used 39415K, committed 39872K, reserved 1089536K
  class space    used 5366K, committed 5632K, reserved 1048576K
}
Event: 24.435 GC heap before
{Heap before GC invocations=12 (full 0):
 garbage-first heap   total 78848K, used 57796K [0x0000000080000000, 0x0000000100000000)
  region size 1024K, 19 young (19456K), 4 survivors (4096K)
 Metaspace       used 41671K, committed 42176K, reserved 1089536K
  class space    used 5647K, committed 5888K, reserved 1048576K
}
Event: 24.442 GC heap after
{Heap after GC invocations=13 (full 0):
 garbage-first heap   total 78848K, used 44935K [0x0000000080000000, 0x0000000100000000)
  region size 1024K, 1 young (1024K), 1 survivors (1024K)
 Metaspace       used 41671K, committed 42176K, reserved 1089536K
  class space    used 5647K, committed 5888K, reserved 1048576K
}
Event: 25.372 GC heap before
{Heap before GC invocations=14 (full 0):
 garbage-first heap   total 83968K, used 61319K [0x0000000080000000, 0x0000000100000000)
  region size 1024K, 17 young (17408K), 1 survivors (1024K)
 Metaspace       used 44547K, committed 44992K, reserved 1089536K
  class space    used 6036K, committed 6272K, reserved 1048576K
}
Event: 25.379 GC heap after
{Heap after GC invocations=15 (full 0):
 garbage-first heap   total 83968K, used 45473K [0x0000000080000000, 0x0000000100000000)
  region size 1024K, 2 young (2048K), 2 survivors (2048K)
 Metaspace       used 44547K, committed 44992K, reserved 1089536K
  class space    used 6036K, committed 6272K, reserved 1048576K
}
Event: 26.326 GC heap before
{Heap before GC invocations=15 (full 0):
 garbage-first heap   total 83968K, used 65953K [0x0000000080000000, 0x0000000100000000)
  region size 1024K, 22 young (22528K), 2 survivors (2048K)
 Metaspace       used 48341K, committed 48896K, reserved 1097728K
  class space    used 6487K, committed 6784K, reserved 1048576K
}
Event: 26.333 GC heap after
{Heap after GC invocations=16 (full 0):
 garbage-first heap   total 83968K, used 46463K [0x0000000080000000, 0x0000000100000000)
  region size 1024K, 3 young (3072K), 3 survivors (3072K)
 Metaspace       used 48341K, committed 48896K, reserved 1097728K
  class space    used 6487K, committed 6784K, reserved 1048576K
}
Event: 27.291 GC heap before
{Heap before GC invocations=17 (full 0):
 garbage-first heap   total 83968K, used 65919K [0x0000000080000000, 0x0000000100000000)
  region size 1024K, 23 young (23552K), 3 survivors (3072K)
 Metaspace       used 50965K, committed 51456K, reserved 1097728K
  class space    used 6805K, committed 7040K, reserved 1048576K
}
Event: 27.306 GC heap after
{Heap after GC invocations=18 (full 0):
 garbage-first heap   total 83968K, used 48944K [0x0000000080000000, 0x0000000100000000)
  region size 1024K, 3 young (3072K), 3 survivors (3072K)
 Metaspace       used 50965K, committed 51456K, reserved 1097728K
  class space    used 6805K, committed 7040K, reserved 1048576K
}
Event: 27.344 GC heap before
{Heap before GC invocations=18 (full 0):
 garbage-first heap   total 83968K, used 49968K [0x0000000080000000, 0x0000000100000000)
  region size 1024K, 4 young (4096K), 3 survivors (3072K)
 Metaspace       used 51091K, committed 51584K, reserved 1097728K
  class space    used 6826K, committed 7104K, reserved 1048576K
}
Event: 27.353 GC heap after
{Heap after GC invocations=19 (full 0):
 garbage-first heap   total 83968K, used 49571K [0x0000000080000000, 0x0000000100000000)
  region size 1024K, 1 young (1024K), 1 survivors (1024K)
 Metaspace       used 51091K, committed 51584K, reserved 1097728K
  class space    used 6826K, committed 7104K, reserved 1048576K
}
Event: 28.002 GC heap before
{Heap before GC invocations=19 (full 0):
 garbage-first heap   total 83968K, used 66979K [0x0000000080000000, 0x0000000100000000)
  region size 1024K, 18 young (18432K), 1 survivors (1024K)
 Metaspace       used 52962K, committed 53504K, reserved 1097728K
  class space    used 7040K, committed 7296K, reserved 1048576K
}
Event: 28.008 GC heap after
{Heap after GC invocations=20 (full 0):
 garbage-first heap   total 83968K, used 50280K [0x0000000080000000, 0x0000000100000000)
  region size 1024K, 2 young (2048K), 2 survivors (2048K)
 Metaspace       used 52962K, committed 53504K, reserved 1097728K
  class space    used 7040K, committed 7296K, reserved 1048576K
}
Event: 28.943 GC heap before
{Heap before GC invocations=21 (full 0):
 garbage-first heap   total 89088K, used 68712K [0x0000000080000000, 0x0000000100000000)
  region size 1024K, 19 young (19456K), 2 survivors (2048K)
 Metaspace       used 53980K, committed 54464K, reserved 1097728K
  class space    used 7180K, committed 7424K, reserved 1048576K
}
Event: 28.952 GC heap after
{Heap after GC invocations=22 (full 0):
 garbage-first heap   total 89088K, used 52169K [0x0000000080000000, 0x0000000100000000)
  region size 1024K, 3 young (3072K), 3 survivors (3072K)
 Metaspace       used 53980K, committed 54464K, reserved 1097728K
  class space    used 7180K, committed 7424K, reserved 1048576K
}
Event: 28.966 GC heap before
{Heap before GC invocations=22 (full 0):
 garbage-first heap   total 89088K, used 53193K [0x0000000080000000, 0x0000000100000000)
  region size 1024K, 4 young (4096K), 3 survivors (3072K)
 Metaspace       used 53981K, committed 54464K, reserved 1097728K
  class space    used 7180K, committed 7424K, reserved 1048576K
}
Event: 28.976 GC heap after
{Heap after GC invocations=23 (full 0):
 garbage-first heap   total 89088K, used 52340K [0x0000000080000000, 0x0000000100000000)
  region size 1024K, 1 young (1024K), 1 survivors (1024K)
 Metaspace       used 53981K, committed 54464K, reserved 1097728K
  class space    used 7180K, committed 7424K, reserved 1048576K
}
Event: 29.497 GC heap before
{Heap before GC invocations=23 (full 0):
 garbage-first heap   total 89088K, used 71796K [0x0000000080000000, 0x0000000100000000)
  region size 1024K, 20 young (20480K), 1 survivors (1024K)
 Metaspace       used 55297K, committed 55808K, reserved 1097728K
  class space    used 7365K, committed 7616K, reserved 1048576K
}
Event: 29.505 GC heap after
{Heap after GC invocations=24 (full 0):
 garbage-first heap   total 196608K, used 53712K [0x0000000080000000, 0x0000000100000000)
  region size 1024K, 2 young (2048K), 2 survivors (2048K)
 Metaspace       used 55297K, committed 55808K, reserved 1097728K
  class space    used 7365K, committed 7616K, reserved 1048576K
}

Deoptimization events (20 events):
Event: 28.463 Thread 0x0000003a6a449670 Uncommon trap: trap_request=0xffffff45 fr.pc=0x0000003a590a14ec relative=0x000000000000014c
Event: 28.463 Thread 0x0000003a6a449670 Uncommon trap: reason=unstable_if action=reinterpret pc=0x0000003a590a14ec method=java.lang.AbstractStringBuilder.putStringAt(ILjava/lang/String;II)V @ 8 c2
Event: 28.463 Thread 0x0000003a6a449670 DEOPT PACKING pc=0x0000003a590a14ec sp=0x0000003a6cb76b90
Event: 28.463 Thread 0x0000003a6a449670 DEOPT UNPACKING pc=0x0000003a515d23a3 sp=0x0000003a6cb76b58 mode 2
Event: 28.839 Thread 0x0000003a6a449670 Uncommon trap: trap_request=0xffffff45 fr.pc=0x0000003a5936c5dc relative=0x000000000000049c
Event: 28.839 Thread 0x0000003a6a449670 Uncommon trap: reason=unstable_if action=reinterpret pc=0x0000003a5936c5dc method=java.util.StringJoiner.add(Ljava/lang/CharSequence;)Ljava/util/StringJoiner; @ 33 c2
Event: 28.839 Thread 0x0000003a6a449670 DEOPT PACKING pc=0x0000003a5936c5dc sp=0x0000003a6cb77990
Event: 28.839 Thread 0x0000003a6a449670 DEOPT UNPACKING pc=0x0000003a515d23a3 sp=0x0000003a6cb77940 mode 2
Event: 28.926 Thread 0x0000003a6a449670 Uncommon trap: trap_request=0xfffffff4 fr.pc=0x0000003a5936b7f8 relative=0x0000000000000978
Event: 28.926 Thread 0x0000003a6a449670 Uncommon trap: reason=null_check action=make_not_entrant pc=0x0000003a5936b7f8 method=com.sun.beans.introspect.MethodInfo$MethodOrder.compare(Ljava/lang/reflect/Method;Ljava/lang/reflect/Method;)I @ 133 c2
Event: 28.926 Thread 0x0000003a6a449670 DEOPT PACKING pc=0x0000003a5936b7f8 sp=0x0000003a6cb75960
Event: 28.926 Thread 0x0000003a6a449670 DEOPT UNPACKING pc=0x0000003a515d23a3 sp=0x0000003a6cb75900 mode 2
Event: 29.027 Thread 0x0000003a6a449670 Uncommon trap: trap_request=0xffffffde fr.pc=0x0000003a591d18b0 relative=0x0000000000000a70
Event: 29.027 Thread 0x0000003a6a449670 Uncommon trap: reason=class_check action=maybe_recompile pc=0x0000003a591d18b0 method=java.util.WeakHashMap.matchesKey(Ljava/util/WeakHashMap$Entry;Ljava/lang/Object;)Z @ 21 c2
Event: 29.027 Thread 0x0000003a6a449670 DEOPT PACKING pc=0x0000003a591d18b0 sp=0x0000003a6cb75870
Event: 29.027 Thread 0x0000003a6a449670 DEOPT UNPACKING pc=0x0000003a515d23a3 sp=0x0000003a6cb757d0 mode 2
Event: 29.074 Thread 0x0000003a6a449670 Uncommon trap: trap_request=0xffffff45 fr.pc=0x0000003a592a0eb4 relative=0x0000000000003cb4
Event: 29.074 Thread 0x0000003a6a449670 Uncommon trap: reason=unstable_if action=reinterpret pc=0x0000003a592a0eb4 method=org.codehaus.groovy.runtime.metaclass.MetaMethodIndex.isOverridden(Lgroovy/lang/MetaMethod;Lgroovy/lang/MetaMethod;)Z @ 33 c2
Event: 29.074 Thread 0x0000003a6a449670 DEOPT PACKING pc=0x0000003a592a0eb4 sp=0x0000003a6cb74dd0
Event: 29.074 Thread 0x0000003a6a449670 DEOPT UNPACKING pc=0x0000003a515d23a3 sp=0x0000003a6cb74d78 mode 2

Classes unloaded (0 events):
No events

Classes redefined (0 events):
No events

Internal exceptions (20 events):
Event: 29.080 Thread 0x0000003a6a449670 Exception <a 'java/lang/ClassNotFoundException'{0x0000000085070210}: com/android/builder/core/AbstractBuildTypeBeanInfo> (0x0000000085070210) 
thrown [c:\jenkins\workspace\zulu17-build-win64\zulu-src.git\src\hotspot\share\classfile\systemDictionary.cpp, line 259]
Event: 29.081 Thread 0x0000003a6a449670 Exception <a 'java/lang/ClassNotFoundException'{0x000000008507bf40}: com/android/builder/core/AbstractBuildTypeCustomizer> (0x000000008507bf40) 
thrown [c:\jenkins\workspace\zulu17-build-win64\zulu-src.git\src\hotspot\share\classfile\systemDictionary.cpp, line 259]
Event: 29.084 Thread 0x0000003a6a449670 Exception <a 'java/lang/ClassNotFoundException'{0x00000000850a4640}: com/android/build/gradle/internal/dsl/BuildTypeCustomizer> (0x00000000850a4640) 
thrown [c:\jenkins\workspace\zulu17-build-win64\zulu-src.git\src\hotspot\share\classfile\systemDictionary.cpp, line 259]
Event: 29.091 Thread 0x0000003a6a449670 Exception <a 'java/lang/ClassNotFoundException'{0x0000000084f27c60}: com/android/build/gradle/internal/dsl/BuildType_DecoratedCustomizer> (0x0000000084f27c60) 
thrown [c:\jenkins\workspace\zulu17-build-win64\zulu-src.git\src\hotspot\share\classfile\systemDictionary.cpp, line 259]
Event: 29.104 Thread 0x0000003a6a449670 Exception <a 'java/lang/ClassNotFoundException'{0x0000000084fec1b8}: build_887mhtyh9f73s59oypn7yxkiu$_run_closure1$_closure4BeanInfo> (0x0000000084fec1b8) 
thrown [c:\jenkins\workspace\zulu17-build-win64\zulu-src.git\src\hotspot\share\classfile\systemDictionary.cpp, line 259]
Event: 29.105 Thread 0x0000003a6a449670 Exception <a 'java/lang/ClassNotFoundException'{0x0000000084ff5c80}: build_887mhtyh9f73s59oypn7yxkiu$_run_closure1$_closure4Customizer> (0x0000000084ff5c80) 
thrown [c:\jenkins\workspace\zulu17-build-win64\zulu-src.git\src\hotspot\share\classfile\systemDictionary.cpp, line 259]
Event: 29.109 Thread 0x0000003a6a449670 Exception <a 'java/lang/ClassNotFoundException'{0x0000000084e18d58}: build_887mhtyh9f73s59oypn7yxkiu$_run_closure1BeanInfo> (0x0000000084e18d58) 
thrown [c:\jenkins\workspace\zulu17-build-win64\zulu-src.git\src\hotspot\share\classfile\systemDictionary.cpp, line 259]
Event: 29.110 Thread 0x0000003a6a449670 Exception <a 'java/lang/ClassNotFoundException'{0x0000000084e22778}: build_887mhtyh9f73s59oypn7yxkiu$_run_closure1Customizer> (0x0000000084e22778) 
thrown [c:\jenkins\workspace\zulu17-build-win64\zulu-src.git\src\hotspot\share\classfile\systemDictionary.cpp, line 259]
Event: 29.123 Thread 0x0000003a6a449670 Exception <a 'java/lang/ClassNotFoundException'{0x0000000084e80a70}: com/android/build/gradle/internal/dsl/ApplicationBuildFeaturesImpl_DecoratedBeanInfo> (0x0000000084e80a70) 
thrown [c:\jenkins\workspace\zulu17-build-win64\zulu-src.git\src\hotspot\share\classfile\systemDictionary.cpp, line 259]
Event: 29.124 Thread 0x0000003a6a449670 Exception <a 'java/lang/ClassNotFoundException'{0x0000000084e8b8a0}: com/android/build/gradle/internal/dsl/ApplicationBuildFeaturesImplBeanInfo> (0x0000000084e8b8a0) 
thrown [c:\jenkins\workspace\zulu17-build-win64\zulu-src.git\src\hotspot\share\classfile\systemDictionary.cpp, line 259]
Event: 29.125 Thread 0x0000003a6a449670 Exception <a 'java/lang/ClassNotFoundException'{0x0000000084e96db0}: com/android/build/gradle/internal/dsl/BuildFeaturesImplBeanInfo> (0x0000000084e96db0) 
thrown [c:\jenkins\workspace\zulu17-build-win64\zulu-src.git\src\hotspot\share\classfile\systemDictionary.cpp, line 259]
Event: 29.126 Thread 0x0000003a6a449670 Exception <a 'java/lang/ClassNotFoundException'{0x0000000084ea1d88}: com/android/build/gradle/internal/dsl/BuildFeaturesImplCustomizer> (0x0000000084ea1d88) 
thrown [c:\jenkins\workspace\zulu17-build-win64\zulu-src.git\src\hotspot\share\classfile\systemDictionary.cpp, line 259]
Event: 29.128 Thread 0x0000003a6a449670 Exception <a 'java/lang/ClassNotFoundException'{0x0000000084eb86b8}: com/android/build/gradle/internal/dsl/ApplicationBuildFeaturesImplCustomizer> (0x0000000084eb86b8) 
thrown [c:\jenkins\workspace\zulu17-build-win64\zulu-src.git\src\hotspot\share\classfile\systemDictionary.cpp, line 259]
Event: 29.130 Thread 0x0000003a6a449670 Exception <a 'java/lang/ClassNotFoundException'{0x0000000084ec96e8}: com/android/build/gradle/internal/dsl/ApplicationBuildFeaturesImpl_DecoratedCustomizer> (0x0000000084ec96e8) 
thrown [c:\jenkins\workspace\zulu17-build-win64\zulu-src.git\src\hotspot\share\classfile\systemDictionary.cpp, line 259]
Event: 29.142 Thread 0x0000003a6a449670 Exception <a 'java/lang/ClassNotFoundException'{0x0000000084d362d0}: org/gradle/api/JavaVersionBeanInfo> (0x0000000084d362d0) 
thrown [c:\jenkins\workspace\zulu17-build-win64\zulu-src.git\src\hotspot\share\classfile\systemDictionary.cpp, line 259]
Event: 29.144 Thread 0x0000003a6a449670 Exception <a 'java/lang/ClassNotFoundException'{0x0000000084d49688}: org/gradle/api/JavaVersionCustomizer> (0x0000000084d49688) 
thrown [c:\jenkins\workspace\zulu17-build-win64\zulu-src.git\src\hotspot\share\classfile\systemDictionary.cpp, line 259]
Event: 29.150 Thread 0x0000003a6a449670 Exception <a 'java/lang/ClassNotFoundException'{0x0000000084d88198}: com/android/build/gradle/internal/CompileOptions_DecoratedBeanInfo> (0x0000000084d88198) 
thrown [c:\jenkins\workspace\zulu17-build-win64\zulu-src.git\src\hotspot\share\classfile\systemDictionary.cpp, line 259]
Event: 29.151 Thread 0x0000003a6a449670 Exception <a 'java/lang/ClassNotFoundException'{0x0000000084d92df0}: com/android/build/gradle/internal/CompileOptionsBeanInfo> (0x0000000084d92df0) 
thrown [c:\jenkins\workspace\zulu17-build-win64\zulu-src.git\src\hotspot\share\classfile\systemDictionary.cpp, line 259]
Event: 29.153 Thread 0x0000003a6a449670 Exception <a 'java/lang/ClassNotFoundException'{0x0000000084d9da58}: com/android/build/gradle/internal/CompileOptionsCustomizer> (0x0000000084d9da58) 
thrown [c:\jenkins\workspace\zulu17-build-win64\zulu-src.git\src\hotspot\share\classfile\systemDictionary.cpp, line 259]
Event: 29.155 Thread 0x0000003a6a449670 Exception <a 'java/lang/ClassNotFoundException'{0x0000000084db41b0}: com/android/build/gradle/internal/CompileOptions_DecoratedCustomizer> (0x0000000084db41b0) 
thrown [c:\jenkins\workspace\zulu17-build-win64\zulu-src.git\src\hotspot\share\classfile\systemDictionary.cpp, line 259]

VM Operations (20 events):
Event: 28.594 Executing VM operation: ICBufferFull
Event: 28.594 Executing VM operation: ICBufferFull done
Event: 28.596 Executing VM operation: ICBufferFull
Event: 28.596 Executing VM operation: ICBufferFull done
Event: 28.598 Executing VM operation: ICBufferFull
Event: 28.598 Executing VM operation: ICBufferFull done
Event: 28.601 Executing VM operation: ICBufferFull
Event: 28.601 Executing VM operation: ICBufferFull done
Event: 28.943 Executing VM operation: G1CollectForAllocation
Event: 28.952 Executing VM operation: G1CollectForAllocation done
Event: 28.966 Executing VM operation: G1CollectForAllocation
Event: 28.976 Executing VM operation: G1CollectForAllocation done
Event: 29.204 Executing VM operation: HandshakeAllThreads
Event: 29.204 Executing VM operation: HandshakeAllThreads done
Event: 29.497 Executing VM operation: G1CollectForAllocation
Event: 29.505 Executing VM operation: G1CollectForAllocation done
Event: 29.716 Executing VM operation: G1Concurrent
Event: 29.725 Executing VM operation: G1Concurrent done
Event: 29.826 Executing VM operation: G1Concurrent
Event: 29.826 Executing VM operation: G1Concurrent done

Events (20 events):
Event: 26.905 loading class sun/security/util/ManifestEntryVerifier$SunProviderHolder
Event: 26.905 loading class sun/security/util/ManifestEntryVerifier$SunProviderHolder done
Event: 27.058 loading class java/security/KeyStore$ProtectionParameter
Event: 27.058 loading class java/security/KeyStore$ProtectionParameter done
Event: 27.134 loading class sun/nio/fs/WindowsException
Event: 27.136 loading class sun/nio/fs/WindowsException done
Event: 27.963 loading class java/security/KeyStore
Event: 27.965 loading class java/security/KeyStore done
Event: 27.965 loading class java/security/KeyStore$1
Event: 27.965 loading class java/security/KeyStore$1 done
Event: 28.243 loading class sun/reflect/generics/repository/FieldRepository
Event: 28.244 loading class sun/reflect/generics/repository/FieldRepository done
Event: 28.268 loading class jdk/internal/vm/annotation/ForceInline
Event: 28.268 loading class jdk/internal/vm/annotation/ForceInline done
Event: 28.464 loading class java/util/regex/Pattern$Caret
Event: 28.464 loading class java/util/regex/Pattern$Caret done
Event: 28.940 loading class java/beans/IntrospectionException
Event: 28.940 loading class java/beans/IntrospectionException done
Event: 29.786 Thread 0x0000003a6a1e4100 Thread exited: 0x0000003a6a1e4100
Event: 30.001 Thread 0x0000003a6a1e4100 Thread added: 0x0000003a6a1e4100


Dynamic libraries:
0x00007ff7b9c30000 - 0x00007ff7b9c3e000 	C:\Users\USER\.jdks\azul-17.0.3\bin\java.exe
0x00007ffd3ebf0000 - 0x00007ffd3ed9c000 	C:\Windows\SYSTEM32\ntdll.dll
0x00007ffd3e180000 - 0x00007ffd3e2be000 	C:\Windows\system32\KERNEL32.DLL
0x00007ffd3bf70000 - 0x00007ffd3c085000 	C:\Windows\system32\KERNELBASE.dll
0x00007ffd1c6d0000 - 0x00007ffd1c6e8000 	C:\Users\USER\.jdks\azul-17.0.3\bin\jli.dll
0x00007ffd1b3c0000 - 0x00007ffd1b3db000 	C:\Users\USER\.jdks\azul-17.0.3\bin\VCRUNTIME140.dll
0x00007ffd2ba80000 - 0x00007ffd2ba85000 	C:\Users\USER\.jdks\azul-17.0.3\bin\api-ms-win-crt-stdio-l1-1-0.dll
0x00007ffd2b540000 - 0x00007ffd2b545000 	C:\Users\USER\.jdks\azul-17.0.3\bin\api-ms-win-crt-runtime-l1-1-0.dll
0x00007ffd2b310000 - 0x00007ffd2b314000 	C:\Users\USER\.jdks\azul-17.0.3\bin\api-ms-win-crt-environment-l1-1-0.dll
0x00007ffd2ae60000 - 0x00007ffd2ae66000 	C:\Users\USER\.jdks\azul-17.0.3\bin\api-ms-win-crt-math-l1-1-0.dll
0x00007ffd2ac40000 - 0x00007ffd2ac44000 	C:\Users\USER\.jdks\azul-17.0.3\bin\api-ms-win-crt-locale-l1-1-0.dll
0x00007ffd2aab0000 - 0x00007ffd2aab4000 	C:\Users\USER\.jdks\azul-17.0.3\bin\api-ms-win-crt-heap-l1-1-0.dll
0x00007ffd387d0000 - 0x00007ffd38a4b000 	C:\Windows\WinSxS\amd64_microsoft.windows.common-controls_6595b64144ccf1df_6.0.9600.17415_none_6240486fecbd8abb\COMCTL32.dll
0x00007ffd3e3f0000 - 0x00007ffd3e567000 	C:\Windows\system32\USER32.dll
0x00007ffd2aa60000 - 0x00007ffd2aa64000 	C:\Users\USER\.jdks\azul-17.0.3\bin\api-ms-win-crt-filesystem-l1-1-0.dll
0x00007ffd1cdb0000 - 0x00007ffd1cdb5000 	C:\Users\USER\.jdks\azul-17.0.3\bin\api-ms-win-crt-string-l1-1-0.dll
0x00007ffd1b3b0000 - 0x00007ffd1b3b5000 	C:\Users\USER\.jdks\azul-17.0.3\bin\api-ms-win-crt-convert-l1-1-0.dll
0x00007ffd3c590000 - 0x00007ffd3c63a000 	C:\Windows\system32\msvcrt.dll
0x00007ffd3e790000 - 0x00007ffd3e8e1000 	C:\Windows\system32\GDI32.dll
0x00007ffd1a6f0000 - 0x00007ffd1a800000 	C:\Users\USER\.jdks\azul-17.0.3\bin\ucrtbase.DLL
0x00007ffd3ddf0000 - 0x00007ffd3de26000 	C:\Windows\system32\IMM32.DLL
0x00007ffd3dc90000 - 0x00007ffd3dde3000 	C:\Windows\system32\MSCTF.dll
0x00007ffd1b340000 - 0x00007ffd1b34c000 	C:\Users\USER\.jdks\azul-17.0.3\bin\vcruntime140_1.dll
0x00007ffd1a2b0000 - 0x00007ffd1a33d000 	C:\Users\USER\.jdks\azul-17.0.3\bin\msvcp140.dll
0x00007ffd1b2f0000 - 0x00007ffd1b2f4000 	C:\Users\USER\.jdks\azul-17.0.3\bin\api-ms-win-crt-time-l1-1-0.dll
0x00007ffd1b2e0000 - 0x00007ffd1b2e4000 	C:\Users\USER\.jdks\azul-17.0.3\bin\api-ms-win-crt-utility-l1-1-0.dll
0x00007ffd0fe40000 - 0x00007ffd10aa8000 	C:\Users\USER\.jdks\azul-17.0.3\bin\server\jvm.dll
0x00007ffd3eae0000 - 0x00007ffd3eb8a000 	C:\Windows\system32\ADVAPI32.dll
0x00007ffd32e60000 - 0x00007ffd32e69000 	C:\Windows\SYSTEM32\WSOCK32.dll
0x00007ffd36d50000 - 0x00007ffd36d72000 	C:\Windows\SYSTEM32\WINMM.dll
0x00007ffd331d0000 - 0x00007ffd331da000 	C:\Windows\SYSTEM32\VERSION.dll
0x00007ffd3e320000 - 0x00007ffd3e327000 	C:\Windows\system32\PSAPI.DLL
0x00007ffd3e2c0000 - 0x00007ffd3e319000 	C:\Windows\SYSTEM32\sechost.dll
0x00007ffd3e030000 - 0x00007ffd3e171000 	C:\Windows\system32\RPCRT4.dll
0x00007ffd3dfd0000 - 0x00007ffd3e02a000 	C:\Windows\system32\WS2_32.dll
0x00007ffd36c30000 - 0x00007ffd36c5a000 	C:\Windows\SYSTEM32\WINMMBASE.dll
0x00007ffd3c4f0000 - 0x00007ffd3c4f9000 	C:\Windows\system32\NSI.dll
0x00007ffd3be10000 - 0x00007ffd3be5f000 	C:\Windows\SYSTEM32\cfgmgr32.dll
0x00007ffd3ab40000 - 0x00007ffd3ab68000 	C:\Windows\SYSTEM32\DEVOBJ.dll
0x00007ffd1b2d0000 - 0x00007ffd1b2da000 	C:\Users\USER\.jdks\azul-17.0.3\bin\jimage.dll
0x00007ffd374b0000 - 0x00007ffd3763a000 	C:\Windows\SYSTEM32\DBGHELP.DLL
0x00007ffd1b1a0000 - 0x00007ffd1b1c5000 	C:\Users\USER\.jdks\azul-17.0.3\bin\java.dll
0x00007ffd1a040000 - 0x00007ffd1a117000 	C:\Users\USER\.jdks\azul-17.0.3\bin\jsvml.dll
0x00007ffd3c640000 - 0x00007ffd3db59000 	C:\Windows\system32\SHELL32.dll
0x00007ffd3e570000 - 0x00007ffd3e781000 	C:\Windows\SYSTEM32\combase.dll
0x00007ffd3c500000 - 0x00007ffd3c554000 	C:\Windows\system32\SHLWAPI.dll
0x00007ffd39ed0000 - 0x00007ffd39f82000 	C:\Windows\SYSTEM32\SHCORE.dll
0x00007ffd3bd40000 - 0x00007ffd3bd55000 	C:\Windows\SYSTEM32\profapi.dll
0x00007ffd2e950000 - 0x00007ffd2e969000 	C:\Users\USER\.jdks\azul-17.0.3\bin\net.dll
0x00007ffd33f70000 - 0x00007ffd34039000 	C:\Windows\SYSTEM32\WINHTTP.dll
0x00007ffd3b560000 - 0x00007ffd3b5b9000 	C:\Windows\system32\mswsock.dll
0x00007ffd1b130000 - 0x00007ffd1b146000 	C:\Users\USER\.jdks\azul-17.0.3\bin\nio.dll
0x00007ffd1aef0000 - 0x00007ffd1af08000 	C:\Users\USER\.jdks\azul-17.0.3\bin\zip.dll
0x00007ffd36df0000 - 0x00007ffd36e00000 	C:\Users\USER\.jdks\azul-17.0.3\bin\verify.dll
0x00007ffd334a0000 - 0x00007ffd334c7000 	C:\Users\USER\.gradle\native\e1d6ef7f7dcc3fd88c89a11ec53ec762bb8ba0a96d01ffa2cd45eb1d1d8dd5c5\windows-amd64\native-platform.dll
0x00007ffd36db0000 - 0x00007ffd36db9000 	C:\Users\USER\.jdks\azul-17.0.3\bin\management.dll
0x00007ffd2e940000 - 0x00007ffd2e94b000 	C:\Users\USER\.jdks\azul-17.0.3\bin\management_ext.dll
0x00007ffd3b720000 - 0x00007ffd3b740000 	C:\Windows\SYSTEM32\CRYPTSP.dll
0x00007ffd3b330000 - 0x00007ffd3b366000 	C:\Windows\system32\rsaenh.dll
0x00007ffd3b8d0000 - 0x00007ffd3b8f6000 	C:\Windows\SYSTEM32\bcrypt.dll
0x00007ffd3b3c0000 - 0x00007ffd3b3e1000 	C:\Windows\SYSTEM32\USERENV.dll
0x00007ffd3bc10000 - 0x00007ffd3bc73000 	C:\Windows\system32\bcryptprimitives.dll
0x00007ffd3bc80000 - 0x00007ffd3bc8b000 	C:\Windows\SYSTEM32\CRYPTBASE.dll
0x00007ffd361e0000 - 0x00007ffd3620a000 	C:\Windows\SYSTEM32\IPHLPAPI.DLL
0x00007ffd361b0000 - 0x00007ffd361ba000 	C:\Windows\SYSTEM32\WINNSI.DLL
0x00007ffd355c0000 - 0x00007ffd355d6000 	C:\Windows\SYSTEM32\dhcpcsvc6.DLL
0x00007ffd357d0000 - 0x00007ffd357ea000 	C:\Windows\SYSTEM32\dhcpcsvc.DLL
0x00007ffd1b2c0000 - 0x00007ffd1b2cd000 	C:\Users\USER\.jdks\azul-17.0.3\bin\sunmscapi.dll
0x00007ffd3c090000 - 0x00007ffd3c26f000 	C:\Windows\system32\CRYPT32.dll
0x00007ffd3b860000 - 0x00007ffd3b885000 	C:\Windows\SYSTEM32\ncrypt.dll
0x00007ffd3bdf0000 - 0x00007ffd3be01000 	C:\Windows\system32\MSASN1.dll
0x00007ffd3b820000 - 0x00007ffd3b857000 	C:\Windows\SYSTEM32\NTASN1.dll

dbghelp: loaded successfully - version: 4.0.5 - missing functions: none
symbol engine: initialized successfully - sym options: 0x614 - pdb path: .;C:\Users\USER\.jdks\azul-17.0.3\bin;C:\Windows\SYSTEM32;C:\Windows\WinSxS\amd64_microsoft.windows.common-controls_6595b64144ccf1df_6.0.9600.17415_none_6240486fecbd8abb;C:\Users\USER\.jdks\azul-17.0.3\bin\server;C:\Users\USER\.gradle\native\e1d6ef7f7dcc3fd88c89a11ec53ec762bb8ba0a96d01ffa2cd45eb1d1d8dd5c5\windows-amd64

VM Arguments:
jvm_args: --add-opens=java.base/java.util=ALL-UNNAMED --add-opens=java.base/java.lang=ALL-UNNAMED --add-opens=java.base/java.lang.invoke=ALL-UNNAMED --add-opens=java.base/java.util=ALL-UNNAMED --add-opens=java.prefs/java.util.prefs=ALL-UNNAMED --add-opens=java.prefs/java.util.prefs=ALL-UNNAMED --add-opens=java.base/java.nio.charset=ALL-UNNAMED --add-opens=java.base/java.net=ALL-UNNAMED --add-opens=java.base/java.util.concurrent.atomic=ALL-UNNAMED -Xmx2048m -Dfile.encoding=UTF-8 -Duser.country=US -Duser.language=en -Duser.variant 
java_command: org.gradle.launcher.daemon.bootstrap.GradleDaemon 7.2
java_class_path (initial): C:\Users\USER\.gradle\wrapper\dists\gradle-7.2-bin\2dnblmf4td7x66yl1d74lt32g\gradle-7.2\lib\gradle-launcher-7.2.jar
Launcher Type: SUN_STANDARD

[Global flags]
     intx CICompilerCount                          = 3                                         {product} {ergonomic}
     uint ConcGCThreads                            = 1                                         {product} {ergonomic}
     uint G1ConcRefinementThreads                  = 4                                         {product} {ergonomic}
   size_t G1HeapRegionSize                         = 1048576                                   {product} {ergonomic}
    uintx GCDrainStackTargetSize                   = 64                                        {product} {ergonomic}
   size_t InitialHeapSize                          = 134217728                                 {product} {ergonomic}
   size_t MarkStackSize                            = 4194304                                   {product} {ergonomic}
   size_t MaxHeapSize                              = 2147483648                                {product} {command line}
   size_t MaxNewSize                               = 1287651328                                {product} {ergonomic}
   size_t MinHeapDeltaBytes                        = 1048576                                   {product} {ergonomic}
   size_t MinHeapSize                              = 8388608                                   {product} {ergonomic}
    uintx NonNMethodCodeHeapSize                   = 5832780                                {pd product} {ergonomic}
    uintx NonProfiledCodeHeapSize                  = 122912730                              {pd product} {ergonomic}
    uintx ProfiledCodeHeapSize                     = 122912730                              {pd product} {ergonomic}
    uintx ReservedCodeCacheSize                    = 251658240                              {pd product} {ergonomic}
     bool SegmentedCodeCache                       = true                                      {product} {ergonomic}
   size_t SoftMaxHeapSize                          = 2147483648                             {manageable} {ergonomic}
     bool UseCompressedClassPointers               = true                           {product lp64_product} {ergonomic}
     bool UseCompressedOops                        = true                           {product lp64_product} {ergonomic}
     bool UseG1GC                                  = true                                      {product} {ergonomic}
     bool UseLargePagesIndividualAllocation        = false                                  {pd product} {ergonomic}

Logging:
Log output configuration:
 #0: stdout all=warning uptime,level,tags
 #1: stderr all=off uptime,level,tags

Environment Variables:
JAVA_HOME=C:\Program Files\Zulu\zulu-18\
PATH=C:\Program Files\Zulu\zulu-18\bin\;C:\Windows\system32;C:\Windows;C:\Windows\System32\Wbem;C:\Windows\System32\WindowsPowerShell\v1.0\;C:\Program Files\Cloudflare\Cloudflare WARP\
USERNAME=USER
OS=Windows_NT
PROCESSOR_IDENTIFIER=Intel64 Family 6 Model 78 Stepping 3, GenuineIntel



---------------  S Y S T E M  ---------------

OS:
 Windows 8.1 , 64 bit Build 9600 (6.3.9600.17415)
OS uptime: 0 days 2:13 hours

CPU: total 4 (initial active 4) (2 cores per cpu, 2 threads per core) family 6 model 78 stepping 3 microcode 0xec, cx8, cmov, fxsr, ht, mmx, 3dnowpref, sse, sse2, sse3, ssse3, sse4.1, sse4.2, popcnt, lzcnt, tsc, tscinvbit, avx, avx2, aes, erms, clmul, bmi1, bmi2, rtm, adx, fma, vzeroupper, clflush, clflushopt

Memory: 4k page, system-wide physical 8083M (667M free)
TotalPageFile size 8083M (AvailPageFile size 5M)
current process WorkingSet (physical memory assigned to process): 295M, peak: 295M
current process commit charge ("private bytes"): 422M, peak: 422M

vm_info: OpenJDK 64-Bit Server VM (17.0.3+7-LTS) for windows-amd64 JRE (17.0.3+7-LTS) (Zulu17.34+19-CA), built on Apr 17 2022 09:18:41 by "zulu_re" with MS VC++ 16.10 / 16.11 (VS2019)

END.
