#
# There is insufficient memory for the Java Runtime Environment to continue.
# Native memory allocation (mmap) failed to map 61865984 bytes for G1 virtual space
# Possible reasons:
#   The system is out of physical RAM or swap space
#   The process is running with CompressedOops enabled, and the Java Heap may be blocking the growth of the native heap
# Possible solutions:
#   Reduce memory load on the system
#   Increase physical memory or swap space
#   Check if swap backing store is full
#   Decrease Java heap size (-Xmx/-Xms)
#   Decrease number of Java threads
#   Decrease Java thread stack sizes (-Xss)
#   Set larger code cache with -XX:ReservedCodeCacheSize=
#   JVM is running with Unscaled Compressed Oops mode in which the Java heap is
#     placed in the first 4GB address space. The Java Heap base address is the
#     maximum limit for the native heap growth. Please use -XX:HeapBaseMinAddress
#     to set the Java Heap base and to place the Java Heap above 4GB virtual address.
# This output file may be truncated or incomplete.
#
#  Out of Memory Error (os_windows.cpp:3535), pid=2580, tid=4608
#
# JRE version: OpenJDK Runtime Environment Zulu17.34+19-CA (17.0.3+7) (build 17.0.3+7-LTS)
# Java VM: OpenJDK 64-Bit Server VM Zulu17.34+19-CA (17.0.3+7-LTS, mixed mode, sharing, tiered, compressed oops, compressed class ptrs, g1 gc, windows-amd64)
# No core dump will be written. Minidumps are not enabled by default on client versions of Windows
#

---------------  S U M M A R Y ------------

Command Line: --add-opens=java.base/java.util=ALL-UNNAMED --add-opens=java.base/java.lang=ALL-UNNAMED --add-opens=java.base/java.lang.invoke=ALL-UNNAMED --add-opens=java.base/java.util=ALL-UNNAMED --add-opens=java.prefs/java.util.prefs=ALL-UNNAMED --add-opens=java.prefs/java.util.prefs=ALL-UNNAMED --add-opens=java.base/java.nio.charset=ALL-UNNAMED --add-opens=java.base/java.net=ALL-UNNAMED --add-opens=java.base/java.util.concurrent.atomic=ALL-UNNAMED -Xmx2048m -Dfile.encoding=UTF-8 -Duser.country=US -Duser.language=en -Duser.variant org.gradle.launcher.daemon.bootstrap.GradleDaemon 7.2

Host: Intel(R) Core(TM) i5-6300U CPU @ 2.40GHz, 4 cores, 7G,  Windows 8.1 , 64 bit Build 9600 (6.3.9600.17415)
Time: Mon Jun  6 22:46:45 2022 SE Asia Standard Time elapsed time: 32.917028 seconds (0d 0h 0m 32s)

---------------  T H R E A D  ---------------

Current thread (0x00000084f2cd05d0):  VMThread "VM Thread" [stack: 0x00000084f3800000,0x00000084f3900000] [id=4608]

Stack: [0x00000084f3800000,0x00000084f3900000]
Native frames: (J=compiled Java code, j=interpreted, Vv=VM code, C=native code)
V  [jvm.dll+0x67aeca]
V  [jvm.dll+0x836504]
V  [jvm.dll+0x837cae]
V  [jvm.dll+0x838313]
V  [jvm.dll+0x248cc5]
V  [jvm.dll+0x677de9]
V  [jvm.dll+0x66c722]
V  [jvm.dll+0x307abb]
V  [jvm.dll+0x30efc6]
V  [jvm.dll+0x35f65e]
V  [jvm.dll+0x35f88f]
V  [jvm.dll+0x2dea28]
V  [jvm.dll+0x2dccf4]
V  [jvm.dll+0x2dc2fc]
V  [jvm.dll+0x32007b]
V  [jvm.dll+0x83c7eb]
V  [jvm.dll+0x83d524]
V  [jvm.dll+0x83da3d]
V  [jvm.dll+0x83de14]
V  [jvm.dll+0x83dee0]
V  [jvm.dll+0x7e62ea]
V  [jvm.dll+0x679d55]
C  [ucrtbase.DLL+0x26b4c]
C  [KERNEL32.DLL+0x13d2]
C  [ntdll.dll+0x703c4]

VM_Operation (0x00000084f8119020): G1CollectForAllocation, mode: safepoint, requested by thread 0x00000084f5b12a30


---------------  P R O C E S S  ---------------

Threads class SMR info:
_java_thread_list=0x00000084fab0fea0, length=79, elements={
0x00000084d4ddeac0, 0x00000084f2cd66b0, 0x00000084f2cd7950, 0x00000084f2cdfd50,
0x00000084f2ce0ae0, 0x00000084f2ce26b0, 0x00000084f2ce56a0, 0x00000084f2ce83a0,
0x00000084f2ce8da0, 0x00000084f2d4df50, 0x00000084f42c39e0, 0x00000084f42c7ed0,
0x00000084f581e200, 0x00000084f6211030, 0x00000084f5b12010, 0x00000084f5b13e70,
0x00000084f5b14380, 0x00000084f5b14da0, 0x00000084f5b12a30, 0x00000084f5b12f40,
0x00000084f5b13450, 0x00000084f5b152b0, 0x00000084f5b157c0, 0x00000084f5b13960,
0x00000084f5b12520, 0x00000084f96d99c0, 0x00000084f96d94b0, 0x00000084f96dc240,
0x00000084f96db310, 0x00000084f96da3e0, 0x00000084f96d8fa0, 0x00000084f96da8f0,
0x00000084f96dcc60, 0x00000084f96dd170, 0x00000084f96dd680, 0x00000084f96d9ed0,
0x00000084f96defd0, 0x00000084f96ddb90, 0x00000084f96e0920, 0x00000084f96de0a0,
0x00000084f96e0410, 0x00000084f96de5b0, 0x00000084f96df4e0, 0x00000084f96df9f0,
0x00000084f96deac0, 0x00000084f96dff00, 0x00000084f9e3b4b0, 0x00000084f9e39b60,
0x00000084f9e3afa0, 0x00000084f9e3a070, 0x00000084f9e3b9c0, 0x00000084f9e38210,
0x00000084f9e38c30, 0x00000084f9e3bed0, 0x00000084f9e39140, 0x00000084f9e38720,
0x00000084f9e3aa90, 0x00000084f9e3a580, 0x00000084f9e3c3e0, 0x00000084f9e39650,
0x00000084f9e3f170, 0x00000084f9e3dd30, 0x00000084f9e3ce00, 0x00000084f9e3d820,
0x00000084f9e3f680, 0x00000084f9e3e240, 0x00000084f9e3c8f0, 0x00000084f9e3ec60,
0x00000084f9e3e750, 0x00000084f9e3fb90, 0x00000084f9e3d310, 0x00000084f60e04c0,
0x00000084f60df080, 0x00000084f60e1e10, 0x00000084f60e2320, 0x00000084f60e2830,
0x00000084f60e09d0, 0x00000084f60e1900, 0x00000084f678d040
}

Java Threads: ( => current thread )
  0x00000084d4ddeac0 JavaThread "main" [_thread_blocked, id=8032, stack(0x00000084d4490000,0x00000084d4590000)]
  0x00000084f2cd66b0 JavaThread "Reference Handler" daemon [_thread_blocked, id=7308, stack(0x00000084f3900000,0x00000084f3a00000)]
  0x00000084f2cd7950 JavaThread "Finalizer" daemon [_thread_blocked, id=5160, stack(0x00000084f3a00000,0x00000084f3b00000)]
  0x00000084f2cdfd50 JavaThread "Signal Dispatcher" daemon [_thread_blocked, id=4656, stack(0x00000084f3be0000,0x00000084f3ce0000)]
  0x00000084f2ce0ae0 JavaThread "Attach Listener" daemon [_thread_blocked, id=3244, stack(0x00000084f3ce0000,0x00000084f3de0000)]
  0x00000084f2ce26b0 JavaThread "Service Thread" daemon [_thread_blocked, id=4376, stack(0x00000084f3de0000,0x00000084f3ee0000)]
  0x00000084f2ce56a0 JavaThread "Monitor Deflation Thread" daemon [_thread_blocked, id=5952, stack(0x00000084f3ee0000,0x00000084f3fe0000)]
  0x00000084f2ce83a0 JavaThread "C2 CompilerThread0" daemon [_thread_blocked, id=5944, stack(0x00000084f3fe0000,0x00000084f40e0000)]
  0x00000084f2ce8da0 JavaThread "C1 CompilerThread0" daemon [_thread_blocked, id=6920, stack(0x00000084f40e0000,0x00000084f41e0000)]
  0x00000084f2d4df50 JavaThread "Sweeper thread" daemon [_thread_blocked, id=5036, stack(0x00000084f45e0000,0x00000084f46e0000)]
  0x00000084f42c39e0 JavaThread "Common-Cleaner" daemon [_thread_blocked, id=7000, stack(0x00000084f46e0000,0x00000084f47e0000)]
  0x00000084f42c7ed0 JavaThread "Notification Thread" daemon [_thread_blocked, id=7296, stack(0x00000084f47e0000,0x00000084f48e0000)]
  0x00000084f581e200 JavaThread "Daemon health stats" [_thread_blocked, id=5472, stack(0x00000084f7670000,0x00000084f7770000)]
  0x00000084f6211030 JavaThread "Incoming local TCP Connector on port 52772" [_thread_in_native, id=2764, stack(0x00000084f7770000,0x00000084f7870000)]
  0x00000084f5b12010 JavaThread "Daemon periodic checks" [_thread_blocked, id=7844, stack(0x00000084f7870000,0x00000084f7970000)]
  0x00000084f5b13e70 JavaThread "Daemon" [_thread_blocked, id=176, stack(0x00000084f7970000,0x00000084f7a70000)]
  0x00000084f5b14380 JavaThread "Handler for socket connection from /127.0.0.1:52772 to /127.0.0.1:52773" [_thread_in_native, id=1252, stack(0x00000084f7e20000,0x00000084f7f20000)]
  0x00000084f5b14da0 JavaThread "Cancel handler" [_thread_blocked, id=6524, stack(0x00000084f65a0000,0x00000084f66a0000)]
  0x00000084f5b12a30 JavaThread "Daemon worker" [_thread_blocked, id=7724, stack(0x00000084f8020000,0x00000084f8120000)]
  0x00000084f5b12f40 JavaThread "Asynchronous log dispatcher for DefaultDaemonConnection: socket connection from /127.0.0.1:52772 to /127.0.0.1:52773" [_thread_blocked, id=6140, stack(0x00000084f8120000,0x00000084f8220000)]
  0x00000084f5b13450 JavaThread "Stdin handler" [_thread_blocked, id=7448, stack(0x00000084f8220000,0x00000084f8320000)]
  0x00000084f5b152b0 JavaThread "Daemon client event forwarder" [_thread_blocked, id=7684, stack(0x00000084f8c00000,0x00000084f8d00000)]
  0x00000084f5b157c0 JavaThread "Cache worker for journal cache (C:\Users\USER\.gradle\caches\journal-1)" [_thread_blocked, id=6280, stack(0x00000084f8d00000,0x00000084f8e00000)]
  0x00000084f5b13960 JavaThread "File lock request listener" [_thread_in_native, id=8120, stack(0x00000084f8e00000,0x00000084f8f00000)]
  0x00000084f5b12520 JavaThread "Cache worker for file hash cache (C:\Users\USER\.gradle\caches\7.2\fileHashes)" [_thread_blocked, id=8152, stack(0x00000084f8f00000,0x00000084f9000000)]
  0x00000084f96d99c0 JavaThread "Cache worker for file hash cache (C:\Users\USER\Documents\Animal\.gradle\7.2\fileHashes)" [_thread_blocked, id=5240, stack(0x00000084f9200000,0x00000084f9300000)]
  0x00000084f96d94b0 JavaThread "Cache worker for checksums cache (C:\Users\USER\Documents\Animal\.gradle\checksums)" [_thread_blocked, id=3992, stack(0x00000084fa430000,0x00000084fa530000)]
  0x00000084f96dc240 JavaThread "Cache worker for cache directory md-supplier (C:\Users\USER\.gradle\caches\7.2\md-supplier)" [_thread_blocked, id=2808, stack(0x00000084f9000000,0x00000084f9100000)]
  0x00000084f96db310 JavaThread "Cache worker for cache directory md-rule (C:\Users\USER\.gradle\caches\7.2\md-rule)" [_thread_blocked, id=6116, stack(0x00000084f9100000,0x00000084f9200000)]
  0x00000084f96da3e0 JavaThread "Cache worker for execution history cache (C:\Users\USER\.gradle\caches\7.2\executionHistory)" [_thread_blocked, id=6812, stack(0x00000084fa530000,0x00000084fa630000)]
  0x00000084f96d8fa0 JavaThread "jar transforms" [_thread_blocked, id=5064, stack(0x00000084fa730000,0x00000084fa830000)]
  0x00000084f96da8f0 JavaThread "jar transforms Thread 2" [_thread_blocked, id=2996, stack(0x00000084fb8b0000,0x00000084fb9b0000)]
  0x00000084f96dcc60 JavaThread "Cache worker for file content cache (C:\Users\USER\.gradle\caches\7.2\fileContent)" [_thread_blocked, id=4400, stack(0x00000084fb9b0000,0x00000084fbab0000)]
  0x00000084f96dd170 JavaThread "jar transforms Thread 3" [_thread_blocked, id=7732, stack(0x00000084fbab0000,0x00000084fbbb0000)]
  0x00000084f96dd680 JavaThread "jar transforms Thread 4" [_thread_blocked, id=7028, stack(0x00000084fcc00000,0x00000084fcd00000)]
  0x00000084f96d9ed0 JavaThread "Cache worker for dependencies-accessors (C:\Users\USER\Documents\Animal\.gradle\7.2\dependencies-accessors)" [_thread_blocked, id=8140, stack(0x00000084fcd00000,0x00000084fce00000)]
  0x00000084f96defd0 JavaThread "Cache worker for Build Output Cleanup Cache (C:\Users\USER\Documents\Animal\.gradle\buildOutputCleanup)" [_thread_blocked, id=3164, stack(0x00000084f9300000,0x00000084f9400000)]
  0x00000084f96ddb90 JavaThread "Unconstrained build operations" [_thread_blocked, id=7148, stack(0x00000084fce00000,0x00000084fcf00000)]
  0x00000084f96e0920 JavaThread "Unconstrained build operations Thread 2" [_thread_blocked, id=988, stack(0x00000084fcf00000,0x00000084fd000000)]
  0x00000084f96de0a0 JavaThread "Unconstrained build operations Thread 3" [_thread_blocked, id=7648, stack(0x00000084fd000000,0x00000084fd100000)]
  0x00000084f96e0410 JavaThread "Unconstrained build operations Thread 4" [_thread_blocked, id=6288, stack(0x00000084fd100000,0x00000084fd200000)]
  0x00000084f96de5b0 JavaThread "Unconstrained build operations Thread 5" [_thread_blocked, id=5216, stack(0x00000084fd200000,0x00000084fd300000)]
  0x00000084f96df4e0 JavaThread "Unconstrained build operations Thread 6" [_thread_blocked, id=7300, stack(0x00000084fd300000,0x00000084fd400000)]
  0x00000084f96df9f0 JavaThread "Unconstrained build operations Thread 7" [_thread_blocked, id=7176, stack(0x00000084fdc00000,0x00000084fdd00000)]
  0x00000084f96deac0 JavaThread "Unconstrained build operations Thread 8" [_thread_blocked, id=7920, stack(0x00000084fdd00000,0x00000084fde00000)]
  0x00000084f96dff00 JavaThread "Unconstrained build operations Thread 9" [_thread_blocked, id=6000, stack(0x00000084fde00000,0x00000084fdf00000)]
  0x00000084f9e3b4b0 JavaThread "Unconstrained build operations Thread 10" [_thread_blocked, id=7600, stack(0x00000084fdf00000,0x00000084fe000000)]
  0x00000084f9e39b60 JavaThread "Unconstrained build operations Thread 11" [_thread_blocked, id=4220, stack(0x00000084fe000000,0x00000084fe100000)]
  0x00000084f9e3afa0 JavaThread "Unconstrained build operations Thread 12" [_thread_blocked, id=5796, stack(0x00000084fe100000,0x00000084fe200000)]
  0x00000084f9e3a070 JavaThread "Unconstrained build operations Thread 13" [_thread_blocked, id=7376, stack(0x00000084fe200000,0x00000084fe300000)]
  0x00000084f9e3b9c0 JavaThread "Unconstrained build operations Thread 14" [_thread_blocked, id=6628, stack(0x00000084fe300000,0x00000084fe400000)]
  0x00000084f9e38210 JavaThread "Unconstrained build operations Thread 15" [_thread_blocked, id=2796, stack(0x00000084fe400000,0x00000084fe500000)]
  0x00000084f9e38c30 JavaThread "Unconstrained build operations Thread 16" [_thread_blocked, id=6580, stack(0x00000084fe500000,0x00000084fe600000)]
  0x00000084f9e3bed0 JavaThread "Unconstrained build operations Thread 17" [_thread_blocked, id=4888, stack(0x00000084fe600000,0x00000084fe700000)]
  0x00000084f9e39140 JavaThread "Unconstrained build operations Thread 18" [_thread_blocked, id=3128, stack(0x00000084fe700000,0x00000084fe800000)]
  0x00000084f9e38720 JavaThread "Unconstrained build operations Thread 19" [_thread_blocked, id=1452, stack(0x00000084fe800000,0x00000084fe900000)]
  0x00000084f9e3aa90 JavaThread "Unconstrained build operations Thread 20" [_thread_blocked, id=5328, stack(0x00000084fe900000,0x00000084fea00000)]
  0x00000084f9e3a580 JavaThread "Unconstrained build operations Thread 21" [_thread_blocked, id=4516, stack(0x00000084fea00000,0x00000084feb00000)]
  0x00000084f9e3c3e0 JavaThread "Unconstrained build operations Thread 22" [_thread_blocked, id=4164, stack(0x00000084feb00000,0x00000084fec00000)]
  0x00000084f9e39650 JavaThread "Unconstrained build operations Thread 23" [_thread_blocked, id=4636, stack(0x00000084fec00000,0x00000084fed00000)]
  0x00000084f9e3f170 JavaThread "Unconstrained build operations Thread 24" [_thread_blocked, id=7588, stack(0x00000084fed00000,0x00000084fee00000)]
  0x00000084f9e3dd30 JavaThread "Unconstrained build operations Thread 25" [_thread_blocked, id=1052, stack(0x00000084fee00000,0x00000084fef00000)]
  0x00000084f9e3ce00 JavaThread "Unconstrained build operations Thread 26" [_thread_blocked, id=228, stack(0x00000084fef00000,0x00000084ff000000)]
  0x00000084f9e3d820 JavaThread "Unconstrained build operations Thread 27" [_thread_blocked, id=6912, stack(0x00000084ff000000,0x00000084ff100000)]
  0x00000084f9e3f680 JavaThread "Unconstrained build operations Thread 28" [_thread_blocked, id=2628, stack(0x00000084ff100000,0x00000084ff200000)]
  0x00000084f9e3e240 JavaThread "Unconstrained build operations Thread 29" [_thread_blocked, id=6404, stack(0x00000084ff200000,0x00000084ff300000)]
  0x00000084f9e3c8f0 JavaThread "Unconstrained build operations Thread 30" [_thread_blocked, id=6068, stack(0x00000084ff300000,0x00000084ff400000)]
  0x00000084f9e3ec60 JavaThread "Unconstrained build operations Thread 31" [_thread_blocked, id=628, stack(0x00000084ff400000,0x00000084ff500000)]
  0x00000084f9e3e750 JavaThread "Unconstrained build operations Thread 32" [_thread_blocked, id=4996, stack(0x00000084ff500000,0x00000084ff600000)]
  0x00000084f9e3fb90 JavaThread "Unconstrained build operations Thread 33" [_thread_blocked, id=4012, stack(0x00000084ff600000,0x00000084ff700000)]
  0x00000084f9e3d310 JavaThread "Unconstrained build operations Thread 34" [_thread_blocked, id=7408, stack(0x00000084ff700000,0x00000084ff800000)]
  0x00000084f60e04c0 JavaThread "Unconstrained build operations Thread 35" [_thread_blocked, id=4072, stack(0x00000084ff800000,0x00000084ff900000)]
  0x00000084f60df080 JavaThread "Unconstrained build operations Thread 36" [_thread_blocked, id=5624, stack(0x00000084ff900000,0x00000084ffa00000)]
  0x00000084f60e1e10 JavaThread "Unconstrained build operations Thread 37" [_thread_blocked, id=6120, stack(0x00000084ffa00000,0x00000084ffb00000)]
  0x00000084f60e2320 JavaThread "Unconstrained build operations Thread 38" [_thread_blocked, id=6876, stack(0x00000084ffb00000,0x00000084ffc00000)]
  0x00000084f60e2830 JavaThread "Unconstrained build operations Thread 39" [_thread_blocked, id=5280, stack(0x00000084ffc00000,0x00000084ffd00000)]
  0x00000084f60e09d0 JavaThread "Unconstrained build operations Thread 40" [_thread_blocked, id=2840, stack(0x00000084ffd00000,0x00000084ffe00000)]
  0x00000084f60e1900 JavaThread "Memory manager" [_thread_blocked, id=5456, stack(0x0000008481bc0000,0x0000008481cc0000)]
  0x00000084f678d040 JavaThread "C2 CompilerThread1" daemon [_thread_in_native, id=3292, stack(0x0000008480800000,0x0000008480900000)]

Other Threads:
=>0x00000084f2cd05d0 VMThread "VM Thread" [stack: 0x00000084f3800000,0x00000084f3900000] [id=4608]
  0x00000084d4e54480 WatcherThread [stack: 0x00000084f48e0000,0x00000084f49e0000] [id=2820]
  0x00000084d4e3ae10 GCTaskThread "GC Thread#0" [stack: 0x00000084d4c20000,0x00000084d4d20000] [id=1644]
  0x00000084f4d95960 GCTaskThread "GC Thread#1" [stack: 0x00000084f62b0000,0x00000084f63b0000] [id=1800]
  0x00000084f4d95c20 GCTaskThread "GC Thread#2" [stack: 0x00000084f63b0000,0x00000084f64b0000] [id=6368]
  0x00000084f54d0130 GCTaskThread "GC Thread#3" [stack: 0x00000084f49e0000,0x00000084f4ae0000] [id=7700]
  0x00000084d4e4bd60 ConcurrentGCThread "G1 Main Marker" [stack: 0x00000084f0510000,0x00000084f0610000] [id=1448]
  0x00000084d4e4c770 ConcurrentGCThread "G1 Conc#0" [stack: 0x00000084f0610000,0x00000084f0710000] [id=5312]
  0x00000084d4e8e550 ConcurrentGCThread "G1 Refine#0" [stack: 0x00000084f2d50000,0x00000084f2e50000] [id=5040]
  0x00000084f745dfa0 ConcurrentGCThread "G1 Refine#1" [stack: 0x00000084fa630000,0x00000084fa730000] [id=4700]
  0x00000084f2b8c110 ConcurrentGCThread "G1 Service" [stack: 0x00000084f2e50000,0x00000084f2f50000] [id=7776]

Threads with active compile tasks:
C2 CompilerThread0    32955 6970 %     4       org.objectweb.asm.ByteVector::encodeUtf8 @ 12 (337 bytes)
C2 CompilerThread1    32955 6852 %     4       org.gradle.internal.instantiation.generator.AbstractClassGenerator::inspectType @ 341 (560 bytes)

VM state: at safepoint (normal execution)

VM Mutex/Monitor currently owned by a thread:  ([mutex/lock_event])
[0x00000084d2c6da00] Threads_lock - owner thread: 0x00000084f2cd05d0
[0x00000084d2c6cd10] Heap_lock - owner thread: 0x00000084f5b12a30

Heap address: 0x0000000080000000, size: 2048 MB, Compressed Oops mode: 32-bit

CDS archive(s) mapped at: [0x0000000800000000-0x0000000800c00000-0x0000000800c00000), size 12582912, SharedBaseAddress: 0x0000000800000000, ArchiveRelocationMode: 0.
Compressed class space mapped at: 0x0000000800c00000-0x0000000840c00000, reserved size: 1073741824
Narrow klass base: 0x0000000800000000, Narrow klass shift: 0, Narrow klass range: 0x100000000

GC Precious Log:
 CPUs: 4 total, 4 available
 Memory: 8083M
 Large Page Support: Disabled
 NUMA Support: Disabled
 Compressed Oops: Enabled (32-bit)
 Heap Region Size: 1M
 Heap Min Capacity: 8M
 Heap Initial Capacity: 128M
 Heap Max Capacity: 2G
 Pre-touch: Disabled
 Parallel Workers: 4
 Concurrent Workers: 1
 Concurrent Refinement Workers: 4
 Periodic GC: Disabled

Heap:
 garbage-first heap   total 131072K, used 56755K [0x0000000080000000, 0x0000000100000000)
  region size 1024K, 3 young (3072K), 3 survivors (3072K)
 Metaspace       used 60508K, committed 60992K, reserved 1105920K
  class space    used 8220K, committed 8448K, reserved 1048576K

Heap Regions: E=young(eden), S=young(survivor), O=old, HS=humongous(starts), HC=humongous(continues), CS=collection set, F=free, OA=open archive, CA=closed archive, TAMS=top-at-mark-start (previous, next)
|   0|0x0000000080000000, 0x0000000080100000, 0x0000000080100000|100%|HS|  |TAMS 0x0000000080100000, 0x0000000080100000| Complete 
|   1|0x0000000080100000, 0x0000000080200000, 0x0000000080200000|100%|HC|  |TAMS 0x0000000080200000, 0x0000000080200000| Complete 
|   2|0x0000000080200000, 0x0000000080300000, 0x0000000080300000|100%|HC|  |TAMS 0x0000000080300000, 0x0000000080300000| Complete 
|   3|0x0000000080300000, 0x0000000080400000, 0x0000000080400000|100%| O|  |TAMS 0x0000000080400000, 0x0000000080400000| Untracked 
|   4|0x0000000080400000, 0x0000000080500000, 0x0000000080500000|100%| O|  |TAMS 0x0000000080500000, 0x0000000080500000| Untracked 
|   5|0x0000000080500000, 0x0000000080600000, 0x0000000080600000|100%| O|  |TAMS 0x0000000080600000, 0x0000000080600000| Untracked 
|   6|0x0000000080600000, 0x0000000080700000, 0x0000000080700000|100%| O|  |TAMS 0x0000000080700000, 0x0000000080700000| Untracked 
|   7|0x0000000080700000, 0x0000000080800000, 0x0000000080800000|100%| O|  |TAMS 0x0000000080800000, 0x0000000080800000| Untracked 
|   8|0x0000000080800000, 0x0000000080900000, 0x0000000080900000|100%| O|  |TAMS 0x0000000080900000, 0x0000000080900000| Untracked 
|   9|0x0000000080900000, 0x0000000080a00000, 0x0000000080a00000|100%| O|  |TAMS 0x0000000080a00000, 0x0000000080a00000| Untracked 
|  10|0x0000000080a00000, 0x0000000080b00000, 0x0000000080b00000|100%| O|  |TAMS 0x0000000080b00000, 0x0000000080b00000| Untracked 
|  11|0x0000000080b00000, 0x0000000080c00000, 0x0000000080c00000|100%| O|  |TAMS 0x0000000080c00000, 0x0000000080c00000| Untracked 
|  12|0x0000000080c00000, 0x0000000080d00000, 0x0000000080d00000|100%| O|  |TAMS 0x0000000080d00000, 0x0000000080d00000| Untracked 
|  13|0x0000000080d00000, 0x0000000080e00000, 0x0000000080e00000|100%| O|  |TAMS 0x0000000080e00000, 0x0000000080e00000| Untracked 
|  14|0x0000000080e00000, 0x0000000080f00000, 0x0000000080f00000|100%| O|  |TAMS 0x0000000080f00000, 0x0000000080f00000| Untracked 
|  15|0x0000000080f00000, 0x0000000081000000, 0x0000000081000000|100%| O|  |TAMS 0x0000000081000000, 0x0000000081000000| Untracked 
|  16|0x0000000081000000, 0x0000000081100000, 0x0000000081100000|100%| O|  |TAMS 0x0000000081100000, 0x0000000081100000| Untracked 
|  17|0x0000000081100000, 0x0000000081200000, 0x0000000081200000|100%| O|  |TAMS 0x0000000081200000, 0x0000000081200000| Untracked 
|  18|0x0000000081200000, 0x0000000081300000, 0x0000000081300000|100%| O|  |TAMS 0x0000000081300000, 0x0000000081300000| Untracked 
|  19|0x0000000081300000, 0x0000000081400000, 0x0000000081400000|100%| O|  |TAMS 0x0000000081300000, 0x0000000081400000| Untracked 
|  20|0x0000000081400000, 0x0000000081500000, 0x0000000081500000|100%| O|  |TAMS 0x0000000081500000, 0x0000000081500000| Untracked 
|  21|0x0000000081500000, 0x0000000081600000, 0x0000000081600000|100%|HS|  |TAMS 0x0000000081600000, 0x0000000081600000| Complete 
|  22|0x0000000081600000, 0x0000000081700000, 0x0000000081700000|100%| O|  |TAMS 0x0000000081700000, 0x0000000081700000| Untracked 
|  23|0x0000000081700000, 0x0000000081800000, 0x0000000081800000|100%| O|  |TAMS 0x0000000081800000, 0x0000000081800000| Untracked 
|  24|0x0000000081800000, 0x0000000081900000, 0x0000000081900000|100%| O|  |TAMS 0x0000000081900000, 0x0000000081900000| Untracked 
|  25|0x0000000081900000, 0x0000000081a00000, 0x0000000081a00000|100%| O|  |TAMS 0x0000000081a00000, 0x0000000081a00000| Untracked 
|  26|0x0000000081a00000, 0x0000000081b00000, 0x0000000081b00000|100%|HS|  |TAMS 0x0000000081b00000, 0x0000000081b00000| Complete 
|  27|0x0000000081b00000, 0x0000000081c00000, 0x0000000081c00000|100%|HS|  |TAMS 0x0000000081c00000, 0x0000000081c00000| Complete 
|  28|0x0000000081c00000, 0x0000000081d00000, 0x0000000081d00000|100%|HC|  |TAMS 0x0000000081d00000, 0x0000000081d00000| Complete 
|  29|0x0000000081d00000, 0x0000000081e00000, 0x0000000081e00000|100%| O|  |TAMS 0x0000000081e00000, 0x0000000081e00000| Untracked 
|  30|0x0000000081e00000, 0x0000000081f00000, 0x0000000081f00000|100%| O|  |TAMS 0x0000000081f00000, 0x0000000081f00000| Untracked 
|  31|0x0000000081f00000, 0x0000000082000000, 0x0000000082000000|100%| O|  |TAMS 0x0000000082000000, 0x0000000082000000| Untracked 
|  32|0x0000000082000000, 0x0000000082100000, 0x0000000082100000|100%| O|  |TAMS 0x0000000082100000, 0x0000000082100000| Untracked 
|  33|0x0000000082100000, 0x0000000082200000, 0x0000000082200000|100%| O|  |TAMS 0x0000000082200000, 0x0000000082200000| Untracked 
|  34|0x0000000082200000, 0x0000000082300000, 0x0000000082300000|100%| O|  |TAMS 0x0000000082300000, 0x0000000082300000| Untracked 
|  35|0x0000000082300000, 0x0000000082400000, 0x0000000082400000|100%| O|  |TAMS 0x0000000082400000, 0x0000000082400000| Untracked 
|  36|0x0000000082400000, 0x0000000082500000, 0x0000000082500000|100%| O|  |TAMS 0x0000000082500000, 0x0000000082500000| Untracked 
|  37|0x0000000082500000, 0x0000000082600000, 0x0000000082600000|100%| O|  |TAMS 0x0000000082600000, 0x0000000082600000| Untracked 
|  38|0x0000000082600000, 0x0000000082700000, 0x0000000082700000|100%| O|  |TAMS 0x0000000082700000, 0x0000000082700000| Untracked 
|  39|0x0000000082700000, 0x0000000082800000, 0x0000000082800000|100%| O|  |TAMS 0x0000000082800000, 0x0000000082800000| Untracked 
|  40|0x0000000082800000, 0x0000000082900000, 0x0000000082900000|100%| O|  |TAMS 0x0000000082900000, 0x0000000082900000| Untracked 
|  41|0x0000000082900000, 0x0000000082a00000, 0x0000000082a00000|100%| O|  |TAMS 0x0000000082a00000, 0x0000000082a00000| Untracked 
|  42|0x0000000082a00000, 0x0000000082b00000, 0x0000000082b00000|100%| O|  |TAMS 0x0000000082b00000, 0x0000000082b00000| Untracked 
|  43|0x0000000082b00000, 0x0000000082c00000, 0x0000000082c00000|100%| O|  |TAMS 0x0000000082c00000, 0x0000000082c00000| Untracked 
|  44|0x0000000082c00000, 0x0000000082d00000, 0x0000000082d00000|100%| O|  |TAMS 0x0000000082d00000, 0x0000000082d00000| Untracked 
|  45|0x0000000082d00000, 0x0000000082e00000, 0x0000000082e00000|100%| O|  |TAMS 0x0000000082e00000, 0x0000000082e00000| Untracked 
|  46|0x0000000082e00000, 0x0000000082f00000, 0x0000000082f00000|100%| O|  |TAMS 0x0000000082f00000, 0x0000000082f00000| Untracked 
|  47|0x0000000082f00000, 0x0000000083000000, 0x0000000083000000|100%| O|  |TAMS 0x0000000083000000, 0x0000000083000000| Untracked 
|  48|0x0000000083000000, 0x0000000083100000, 0x0000000083100000|100%| O|  |TAMS 0x0000000083100000, 0x0000000083100000| Untracked 
|  49|0x0000000083100000, 0x0000000083200000, 0x0000000083200000|100%| O|  |TAMS 0x0000000083200000, 0x0000000083200000| Untracked 
|  50|0x0000000083200000, 0x0000000083300000, 0x0000000083300000|100%| O|  |TAMS 0x0000000083300000, 0x0000000083300000| Untracked 
|  51|0x0000000083300000, 0x0000000083400000, 0x0000000083400000|100%| O|  |TAMS 0x0000000083359c00, 0x0000000083400000| Untracked 
|  52|0x0000000083400000, 0x00000000834aa400, 0x0000000083500000| 66%| O|  |TAMS 0x0000000083400000, 0x00000000834aa400| Untracked 
|  53|0x0000000083500000, 0x0000000083500000, 0x0000000083600000|  0%| F|  |TAMS 0x0000000083500000, 0x0000000083500000| Untracked 
|  54|0x0000000083600000, 0x0000000083600000, 0x0000000083700000|  0%| F|  |TAMS 0x0000000083600000, 0x0000000083600000| Untracked 
|  55|0x0000000083700000, 0x0000000083700000, 0x0000000083800000|  0%| F|  |TAMS 0x0000000083700000, 0x0000000083700000| Untracked 
|  56|0x0000000083800000, 0x0000000083800000, 0x0000000083900000|  0%| F|  |TAMS 0x0000000083800000, 0x0000000083800000| Untracked 
|  57|0x0000000083900000, 0x0000000083900000, 0x0000000083a00000|  0%| F|  |TAMS 0x0000000083900000, 0x0000000083900000| Untracked 
|  58|0x0000000083a00000, 0x0000000083a00000, 0x0000000083b00000|  0%| F|  |TAMS 0x0000000083a00000, 0x0000000083a00000| Untracked 
|  59|0x0000000083b00000, 0x0000000083b00000, 0x0000000083c00000|  0%| F|  |TAMS 0x0000000083b00000, 0x0000000083b00000| Untracked 
|  60|0x0000000083c00000, 0x0000000083c00000, 0x0000000083d00000|  0%| F|  |TAMS 0x0000000083c00000, 0x0000000083c00000| Untracked 
|  61|0x0000000083d00000, 0x0000000083d00000, 0x0000000083e00000|  0%| F|  |TAMS 0x0000000083d00000, 0x0000000083d00000| Untracked 
|  62|0x0000000083e00000, 0x0000000083e00000, 0x0000000083f00000|  0%| F|  |TAMS 0x0000000083e00000, 0x0000000083e00000| Untracked 
|  63|0x0000000083f00000, 0x0000000083f00000, 0x0000000084000000|  0%| F|  |TAMS 0x0000000083f00000, 0x0000000083f00000| Untracked 
|  64|0x0000000084000000, 0x0000000084000000, 0x0000000084100000|  0%| F|  |TAMS 0x0000000084000000, 0x0000000084000000| Untracked 
|  65|0x0000000084100000, 0x0000000084100000, 0x0000000084200000|  0%| F|  |TAMS 0x0000000084100000, 0x0000000084100000| Untracked 
|  66|0x0000000084200000, 0x0000000084200000, 0x0000000084300000|  0%| F|  |TAMS 0x0000000084200000, 0x0000000084200000| Untracked 
|  67|0x0000000084300000, 0x00000000843c2ac0, 0x0000000084400000| 76%| S|CS|TAMS 0x0000000084300000, 0x0000000084300000| Complete 
|  68|0x0000000084400000, 0x0000000084500000, 0x0000000084500000|100%| S|CS|TAMS 0x0000000084400000, 0x0000000084400000| Complete 
|  69|0x0000000084500000, 0x0000000084600000, 0x0000000084600000|100%| S|CS|TAMS 0x0000000084500000, 0x0000000084500000| Complete 
|  70|0x0000000084600000, 0x0000000084600000, 0x0000000084700000|  0%| F|  |TAMS 0x0000000084600000, 0x0000000084600000| Untracked 
|  71|0x0000000084700000, 0x0000000084700000, 0x0000000084800000|  0%| F|  |TAMS 0x0000000084700000, 0x0000000084700000| Untracked 
|  72|0x0000000084800000, 0x0000000084800000, 0x0000000084900000|  0%| F|  |TAMS 0x0000000084800000, 0x0000000084800000| Untracked 
|  73|0x0000000084900000, 0x0000000084900000, 0x0000000084a00000|  0%| F|  |TAMS 0x0000000084900000, 0x0000000084900000| Untracked 
|  74|0x0000000084a00000, 0x0000000084a00000, 0x0000000084b00000|  0%| F|  |TAMS 0x0000000084a00000, 0x0000000084a00000| Untracked 
|  75|0x0000000084b00000, 0x0000000084b00000, 0x0000000084c00000|  0%| F|  |TAMS 0x0000000084b00000, 0x0000000084b00000| Untracked 
|  76|0x0000000084c00000, 0x0000000084c00000, 0x0000000084d00000|  0%| F|  |TAMS 0x0000000084c00000, 0x0000000084c00000| Untracked 
|  77|0x0000000084d00000, 0x0000000084d00000, 0x0000000084e00000|  0%| F|  |TAMS 0x0000000084d00000, 0x0000000084d00000| Untracked 
|  78|0x0000000084e00000, 0x0000000084e00000, 0x0000000084f00000|  0%| F|  |TAMS 0x0000000084e00000, 0x0000000084e00000| Untracked 
|  79|0x0000000084f00000, 0x0000000084f00000, 0x0000000085000000|  0%| F|  |TAMS 0x0000000084f00000, 0x0000000084f00000| Untracked 
|  80|0x0000000085000000, 0x0000000085000000, 0x0000000085100000|  0%| F|  |TAMS 0x0000000085000000, 0x0000000085000000| Untracked 
|  81|0x0000000085100000, 0x0000000085100000, 0x0000000085200000|  0%| F|  |TAMS 0x0000000085100000, 0x0000000085100000| Untracked 
|  82|0x0000000085200000, 0x0000000085200000, 0x0000000085300000|  0%| F|  |TAMS 0x0000000085200000, 0x0000000085200000| Untracked 
|  83|0x0000000085300000, 0x0000000085300000, 0x0000000085400000|  0%| F|  |TAMS 0x0000000085300000, 0x0000000085300000| Untracked 
|  84|0x0000000085400000, 0x0000000085400000, 0x0000000085500000|  0%| F|  |TAMS 0x0000000085400000, 0x0000000085400000| Untracked 
|  85|0x0000000085500000, 0x0000000085500000, 0x0000000085600000|  0%| F|  |TAMS 0x0000000085500000, 0x0000000085500000| Untracked 
|  86|0x0000000085600000, 0x0000000085600000, 0x0000000085700000|  0%| F|  |TAMS 0x0000000085600000, 0x0000000085600000| Untracked 
|  87|0x0000000085700000, 0x0000000085700000, 0x0000000085800000|  0%| F|  |TAMS 0x0000000085700000, 0x0000000085700000| Untracked 
|  88|0x0000000085800000, 0x0000000085800000, 0x0000000085900000|  0%| F|  |TAMS 0x0000000085800000, 0x0000000085800000| Untracked 
|  89|0x0000000085900000, 0x0000000085900000, 0x0000000085a00000|  0%| F|  |TAMS 0x0000000085900000, 0x0000000085900000| Untracked 
|  90|0x0000000085a00000, 0x0000000085a00000, 0x0000000085b00000|  0%| F|  |TAMS 0x0000000085a00000, 0x0000000085a00000| Untracked 
|  91|0x0000000085b00000, 0x0000000085b00000, 0x0000000085c00000|  0%| F|  |TAMS 0x0000000085b00000, 0x0000000085b00000| Untracked 
|  92|0x0000000085c00000, 0x0000000085c00000, 0x0000000085d00000|  0%| F|  |TAMS 0x0000000085c00000, 0x0000000085c00000| Untracked 
|  93|0x0000000085d00000, 0x0000000085d00000, 0x0000000085e00000|  0%| F|  |TAMS 0x0000000085d00000, 0x0000000085d00000| Untracked 
|  94|0x0000000085e00000, 0x0000000085e00000, 0x0000000085f00000|  0%| F|  |TAMS 0x0000000085e00000, 0x0000000085e00000| Untracked 
|  95|0x0000000085f00000, 0x0000000085f00000, 0x0000000086000000|  0%| F|  |TAMS 0x0000000085f00000, 0x0000000085f00000| Untracked 
|  96|0x0000000086000000, 0x0000000086000000, 0x0000000086100000|  0%| F|  |TAMS 0x0000000086000000, 0x0000000086000000| Untracked 
|  97|0x0000000086100000, 0x0000000086100000, 0x0000000086200000|  0%| F|  |TAMS 0x0000000086100000, 0x0000000086100000| Untracked 
|  98|0x0000000086200000, 0x0000000086200000, 0x0000000086300000|  0%| F|  |TAMS 0x0000000086200000, 0x0000000086200000| Untracked 
|  99|0x0000000086300000, 0x0000000086300000, 0x0000000086400000|  0%| F|  |TAMS 0x0000000086300000, 0x0000000086300000| Untracked 
| 100|0x0000000086400000, 0x0000000086400000, 0x0000000086500000|  0%| F|  |TAMS 0x0000000086400000, 0x0000000086400000| Untracked 
| 101|0x0000000086500000, 0x0000000086500000, 0x0000000086600000|  0%| F|  |TAMS 0x0000000086500000, 0x0000000086500000| Untracked 
| 102|0x0000000086600000, 0x0000000086600000, 0x0000000086700000|  0%| F|  |TAMS 0x0000000086600000, 0x0000000086600000| Untracked 
| 103|0x0000000086700000, 0x0000000086700000, 0x0000000086800000|  0%| F|  |TAMS 0x0000000086700000, 0x0000000086700000| Untracked 
| 104|0x0000000086800000, 0x0000000086800000, 0x0000000086900000|  0%| F|  |TAMS 0x0000000086800000, 0x0000000086800000| Untracked 
| 105|0x0000000086900000, 0x0000000086900000, 0x0000000086a00000|  0%| F|  |TAMS 0x0000000086900000, 0x0000000086900000| Untracked 
| 106|0x0000000086a00000, 0x0000000086a00000, 0x0000000086b00000|  0%| F|  |TAMS 0x0000000086a00000, 0x0000000086a00000| Untracked 
| 107|0x0000000086b00000, 0x0000000086b00000, 0x0000000086c00000|  0%| F|  |TAMS 0x0000000086b00000, 0x0000000086b00000| Untracked 
| 108|0x0000000086c00000, 0x0000000086c00000, 0x0000000086d00000|  0%| F|  |TAMS 0x0000000086c00000, 0x0000000086c00000| Untracked 
| 109|0x0000000086d00000, 0x0000000086d00000, 0x0000000086e00000|  0%| F|  |TAMS 0x0000000086d00000, 0x0000000086d00000| Untracked 
| 110|0x0000000086e00000, 0x0000000086e00000, 0x0000000086f00000|  0%| F|  |TAMS 0x0000000086e00000, 0x0000000086e00000| Untracked 
| 111|0x0000000086f00000, 0x0000000086f00000, 0x0000000087000000|  0%| F|  |TAMS 0x0000000086f00000, 0x0000000086f00000| Untracked 
| 112|0x0000000087000000, 0x0000000087000000, 0x0000000087100000|  0%| F|  |TAMS 0x0000000087000000, 0x0000000087000000| Untracked 
| 113|0x0000000087100000, 0x0000000087100000, 0x0000000087200000|  0%| F|  |TAMS 0x0000000087100000, 0x0000000087100000| Untracked 
| 114|0x0000000087200000, 0x0000000087200000, 0x0000000087300000|  0%| F|  |TAMS 0x0000000087200000, 0x0000000087200000| Untracked 
| 115|0x0000000087300000, 0x0000000087300000, 0x0000000087400000|  0%| F|  |TAMS 0x0000000087300000, 0x0000000087300000| Untracked 
| 116|0x0000000087400000, 0x0000000087400000, 0x0000000087500000|  0%| F|  |TAMS 0x0000000087400000, 0x0000000087400000| Untracked 
| 117|0x0000000087500000, 0x0000000087500000, 0x0000000087600000|  0%| F|  |TAMS 0x0000000087500000, 0x0000000087500000| Untracked 
| 118|0x0000000087600000, 0x0000000087600000, 0x0000000087700000|  0%| F|  |TAMS 0x0000000087600000, 0x0000000087600000| Untracked 
| 119|0x0000000087700000, 0x0000000087700000, 0x0000000087800000|  0%| F|  |TAMS 0x0000000087700000, 0x0000000087700000| Untracked 
| 120|0x0000000087800000, 0x0000000087800000, 0x0000000087900000|  0%| F|  |TAMS 0x0000000087800000, 0x0000000087800000| Untracked 
| 121|0x0000000087900000, 0x0000000087900000, 0x0000000087a00000|  0%| F|  |TAMS 0x0000000087900000, 0x0000000087900000| Untracked 
| 122|0x0000000087a00000, 0x0000000087a00000, 0x0000000087b00000|  0%| F|  |TAMS 0x0000000087a00000, 0x0000000087a00000| Untracked 
| 123|0x0000000087b00000, 0x0000000087b00000, 0x0000000087c00000|  0%| F|  |TAMS 0x0000000087b00000, 0x0000000087b00000| Untracked 
| 124|0x0000000087c00000, 0x0000000087c00000, 0x0000000087d00000|  0%| F|  |TAMS 0x0000000087c00000, 0x0000000087c00000| Untracked 
| 125|0x0000000087d00000, 0x0000000087d00000, 0x0000000087e00000|  0%| F|  |TAMS 0x0000000087d00000, 0x0000000087d00000| Untracked 
| 126|0x0000000087e00000, 0x0000000087e00000, 0x0000000087f00000|  0%| F|  |TAMS 0x0000000087e00000, 0x0000000087e00000| Untracked 
| 127|0x0000000087f00000, 0x0000000087f00000, 0x0000000088000000|  0%| F|  |TAMS 0x0000000087f00000, 0x0000000087f00000| Untracked 

Card table byte_map: [0x00000084ebd10000,0x00000084ec110000] _byte_map_base: 0x00000084eb910000

Marking Bits (Prev, Next): (CMBitMap*) 0x00000084d4e3b430, (CMBitMap*) 0x00000084d4e3b470
 Prev Bits: [0x00000084ec510000, 0x00000084ee510000)
 Next Bits: [0x00000084ee510000, 0x00000084f0510000)

Polling page: 0x00000084d2d50000

Metaspace:

Usage:
  Non-class:     51.06 MB used.
      Class:      8.03 MB used.
       Both:     59.09 MB used.

Virtual space:
  Non-class space:       56.00 MB reserved,      51.31 MB ( 92%) committed,  7 nodes.
      Class space:        1.00 GB reserved,       8.25 MB ( <1%) committed,  1 nodes.
             Both:        1.05 GB reserved,      59.56 MB (  6%) committed. 

Chunk freelists:
   Non-Class:  608.00 KB
       Class:  3.69 MB
        Both:  4.29 MB

MaxMetaspaceSize: unlimited
CompressedClassSpaceSize: 1.00 GB
Initial GC threshold: 21.00 MB
Current GC threshold: 91.56 MB
CDS: on
MetaspaceReclaimPolicy: balanced
 - commit_granule_bytes: 65536.
 - commit_granule_words: 8192.
 - virtual_space_node_default_size: 1048576.
 - enlarge_chunks_in_place: 1.
 - new_chunks_are_fully_committed: 0.
 - uncommit_free_chunks: 1.
 - use_allocation_guard: 0.
 - handle_deallocations: 1.


Internal statistics:

num_allocs_failed_limit: 6.
num_arena_births: 560.
num_arena_deaths: 0.
num_vsnodes_births: 8.
num_vsnodes_deaths: 0.
num_space_committed: 953.
num_space_uncommitted: 0.
num_chunks_returned_to_freelist: 6.
num_chunks_taken_from_freelist: 2913.
num_chunk_merges: 6.
num_chunk_splits: 1953.
num_chunks_enlarged: 1347.
num_purges: 0.
num_inconsistent_stats: 0.

CodeHeap 'non-profiled nmethods': size=120000Kb used=3572Kb max_used=3572Kb free=116427Kb
 bounds [0x00000084e43e0000, 0x00000084e4760000, 0x00000084eb910000]
CodeHeap 'profiled nmethods': size=120000Kb used=12943Kb max_used=12943Kb free=107056Kb
 bounds [0x00000084dceb0000, 0x00000084ddb60000, 0x00000084e43e0000]
CodeHeap 'non-nmethods': size=5760Kb used=2348Kb max_used=2448Kb free=3411Kb
 bounds [0x00000084dc910000, 0x00000084dcb90000, 0x00000084dceb0000]
 total_blobs=7143 nmethods=6274 adapters=781
 compilation: enabled
              stopped_count=0, restarted_count=0
 full_count=0

Compilation events (20 events):
Event: 32.863 Thread 0x00000084f2ce8da0 7040       3       java.lang.Character::isLowerCase (9 bytes)
Event: 32.863 Thread 0x00000084f2ce8da0 nmethod 7040 0x00000084ddb54b90 code [0x00000084ddb54d40, 0x00000084ddb54f38]
Event: 32.863 Thread 0x00000084f2ce8da0 7041       3       org.gradle.internal.instantiation.generator.AbstractClassGenerator::access$1600 (6 bytes)
Event: 32.863 Thread 0x00000084f2ce8da0 nmethod 7041 0x00000084ddb55010 code [0x00000084ddb551a0, 0x00000084ddb552c8]
Event: 32.863 Thread 0x00000084f2ce83a0 nmethod 7024 0x00000084e475bd90 code [0x00000084e475bf00, 0x00000084e475bf98]
Event: 32.863 Thread 0x00000084f2ce83a0 7026       4       java.lang.StringLatin1::toChars (16 bytes)
Event: 32.866 Thread 0x00000084f2ce83a0 nmethod 7026 0x00000084e475c090 code [0x00000084e475c220, 0x00000084e475c3d8]
Event: 32.866 Thread 0x00000084f2ce83a0 6969       4       org.gradle.internal.instantiation.generator.AbstractClassGenerator::assertNotAbstract (61 bytes)
Event: 32.868 Thread 0x00000084f2ce83a0 nmethod 6969 0x00000084e475c490 code [0x00000084e475c600, 0x00000084e475c6f8]
Event: 32.868 Thread 0x00000084f2ce83a0 7042       4       org.objectweb.asm.Attribute::putAttributes (78 bytes)
Event: 32.875 Thread 0x00000084f2ce8da0 7043       3       org.gradle.api.internal.DefaultDomainObjectCollection::doAdd (29 bytes)
Event: 32.876 Thread 0x00000084f2ce8da0 nmethod 7043 0x00000084ddb55390 code [0x00000084ddb55560, 0x00000084ddb55a18]
Event: 32.879 Thread 0x00000084f2ce8da0 7044       3       org.gradle.api.internal.DefaultNamedDomainObjectCollection::findByName (61 bytes)
Event: 32.880 Thread 0x00000084f2ce8da0 nmethod 7044 0x00000084ddb55b90 code [0x00000084ddb55dc0, 0x00000084ddb56618]
Event: 32.881 Thread 0x00000084f2ce83a0 nmethod 7042 0x00000084e475c810 code [0x00000084e475c9e0, 0x00000084e475cf30]
Event: 32.881 Thread 0x00000084f2ce83a0 6970 %     4       org.objectweb.asm.ByteVector::encodeUtf8 @ 12 (337 bytes)
Event: 32.890 Thread 0x00000084f2ce8da0 7045       3       org.gradle.api.internal.file.AbstractFileCollection::<init> (10 bytes)
Event: 32.891 Thread 0x00000084f2ce8da0 nmethod 7045 0x00000084ddb56890 code [0x00000084ddb56a20, 0x00000084ddb56bd8]
Event: 32.892 Thread 0x00000084f2ce8da0 7046       3       java.io.WinNTFileSystem::normalize (143 bytes)
Event: 32.894 Thread 0x00000084f2ce8da0 nmethod 7046 0x00000084ddb56c90 code [0x00000084ddb56f20, 0x00000084ddb57b58]

GC Heap History (20 events):
Event: 23.426 GC heap after
{Heap after GC invocations=13 (full 0):
 garbage-first heap   total 78848K, used 43481K [0x0000000080000000, 0x0000000100000000)
  region size 1024K, 5 young (5120K), 5 survivors (5120K)
 Metaspace       used 40118K, committed 40640K, reserved 1089536K
  class space    used 5447K, committed 5696K, reserved 1048576K
}
Event: 24.323 GC heap before
{Heap before GC invocations=13 (full 0):
 garbage-first heap   total 78848K, used 59865K [0x0000000080000000, 0x0000000100000000)
  region size 1024K, 22 young (22528K), 5 survivors (5120K)
 Metaspace       used 42831K, committed 43328K, reserved 1089536K
  class space    used 5777K, committed 6016K, reserved 1048576K
}
Event: 24.330 GC heap after
{Heap after GC invocations=14 (full 0):
 garbage-first heap   total 78848K, used 44891K [0x0000000080000000, 0x0000000100000000)
  region size 1024K, 1 young (1024K), 1 survivors (1024K)
 Metaspace       used 42831K, committed 43328K, reserved 1089536K
  class space    used 5777K, committed 6016K, reserved 1048576K
}
Event: 25.753 GC heap before
{Heap before GC invocations=15 (full 0):
 garbage-first heap   total 80896K, used 62299K [0x0000000080000000, 0x0000000100000000)
  region size 1024K, 18 young (18432K), 1 survivors (1024K)
 Metaspace       used 46146K, committed 46592K, reserved 1089536K
  class space    used 6177K, committed 6400K, reserved 1048576K
}
Event: 25.758 GC heap after
{Heap after GC invocations=16 (full 0):
 garbage-first heap   total 80896K, used 45276K [0x0000000080000000, 0x0000000100000000)
  region size 1024K, 2 young (2048K), 2 survivors (2048K)
 Metaspace       used 46146K, committed 46592K, reserved 1089536K
  class space    used 6177K, committed 6400K, reserved 1048576K
}
Event: 26.986 GC heap before
{Heap before GC invocations=16 (full 0):
 garbage-first heap   total 80896K, used 63708K [0x0000000080000000, 0x0000000100000000)
  region size 1024K, 20 young (20480K), 2 survivors (2048K)
 Metaspace       used 49040K, committed 49472K, reserved 1097728K
  class space    used 6580K, committed 6784K, reserved 1048576K
}
Event: 27.002 GC heap after
{Heap after GC invocations=17 (full 0):
 garbage-first heap   total 80896K, used 46781K [0x0000000080000000, 0x0000000100000000)
  region size 1024K, 3 young (3072K), 3 survivors (3072K)
 Metaspace       used 49040K, committed 49472K, reserved 1097728K
  class space    used 6580K, committed 6784K, reserved 1048576K
}
Event: 28.129 GC heap before
{Heap before GC invocations=18 (full 0):
 garbage-first heap   total 81920K, used 64189K [0x0000000080000000, 0x0000000100000000)
  region size 1024K, 21 young (21504K), 3 survivors (3072K)
 Metaspace       used 51521K, committed 52032K, reserved 1097728K
  class space    used 6869K, committed 7104K, reserved 1048576K
}
Event: 28.142 GC heap after
{Heap after GC invocations=19 (full 0):
 garbage-first heap   total 81920K, used 48923K [0x0000000080000000, 0x0000000100000000)
  region size 1024K, 3 young (3072K), 3 survivors (3072K)
 Metaspace       used 51521K, committed 52032K, reserved 1097728K
  class space    used 6869K, committed 7104K, reserved 1048576K
}
Event: 28.874 GC heap before
{Heap before GC invocations=19 (full 0):
 garbage-first heap   total 81920K, used 64283K [0x0000000080000000, 0x0000000100000000)
  region size 1024K, 20 young (20480K), 3 survivors (3072K)
 Metaspace       used 53168K, committed 53632K, reserved 1097728K
  class space    used 7044K, committed 7296K, reserved 1048576K
}
Event: 28.882 GC heap after
{Heap after GC invocations=20 (full 0):
 garbage-first heap   total 81920K, used 50480K [0x0000000080000000, 0x0000000100000000)
  region size 1024K, 2 young (2048K), 2 survivors (2048K)
 Metaspace       used 53168K, committed 53632K, reserved 1097728K
  class space    used 7044K, committed 7296K, reserved 1048576K
}
Event: 29.721 GC heap before
{Heap before GC invocations=21 (full 0):
 garbage-first heap   total 92160K, used 66864K [0x0000000080000000, 0x0000000100000000)
  region size 1024K, 17 young (17408K), 2 survivors (2048K)
 Metaspace       used 53966K, committed 54464K, reserved 1097728K
  class space    used 7171K, committed 7424K, reserved 1048576K
}
Event: 29.731 GC heap after
{Heap after GC invocations=22 (full 0):
 garbage-first heap   total 92160K, used 51693K [0x0000000080000000, 0x0000000100000000)
  region size 1024K, 3 young (3072K), 3 survivors (3072K)
 Metaspace       used 53966K, committed 54464K, reserved 1097728K
  class space    used 7171K, committed 7424K, reserved 1048576K
}
Event: 29.749 GC heap before
{Heap before GC invocations=22 (full 0):
 garbage-first heap   total 92160K, used 52717K [0x0000000080000000, 0x0000000100000000)
  region size 1024K, 4 young (4096K), 3 survivors (3072K)
 Metaspace       used 53968K, committed 54464K, reserved 1097728K
  class space    used 7172K, committed 7424K, reserved 1048576K
}
Event: 29.757 GC heap after
{Heap after GC invocations=23 (full 0):
 garbage-first heap   total 92160K, used 52043K [0x0000000080000000, 0x0000000100000000)
  region size 1024K, 1 young (1024K), 1 survivors (1024K)
 Metaspace       used 53968K, committed 54464K, reserved 1097728K
  class space    used 7172K, committed 7424K, reserved 1048576K
}
Event: 30.707 GC heap before
{Heap before GC invocations=23 (full 0):
 garbage-first heap   total 92160K, used 74571K [0x0000000080000000, 0x0000000100000000)
  region size 1024K, 23 young (23552K), 1 survivors (1024K)
 Metaspace       used 55492K, committed 56000K, reserved 1097728K
  class space    used 7387K, committed 7616K, reserved 1048576K
}
Event: 30.716 GC heap after
{Heap after GC invocations=24 (full 0):
 garbage-first heap   total 92160K, used 53917K [0x0000000080000000, 0x0000000100000000)
  region size 1024K, 3 young (3072K), 3 survivors (3072K)
 Metaspace       used 55492K, committed 56000K, reserved 1097728K
  class space    used 7387K, committed 7616K, reserved 1048576K
}
Event: 31.822 GC heap before
{Heap before GC invocations=25 (full 0):
 garbage-first heap   total 96256K, used 73373K [0x0000000080000000, 0x0000000100000000)
  region size 1024K, 22 young (22528K), 3 survivors (3072K)
 Metaspace       used 58395K, committed 58880K, reserved 1105920K
  class space    used 7920K, committed 8192K, reserved 1048576K
}
Event: 31.832 GC heap after
{Heap after GC invocations=26 (full 0):
 garbage-first heap   total 96256K, used 55045K [0x0000000080000000, 0x0000000100000000)
  region size 1024K, 2 young (2048K), 2 survivors (2048K)
 Metaspace       used 58395K, committed 58880K, reserved 1105920K
  class space    used 7920K, committed 8192K, reserved 1048576K
}
Event: 32.900 GC heap before
{Heap before GC invocations=26 (full 0):
 garbage-first heap   total 96256K, used 77573K [0x0000000080000000, 0x0000000100000000)
  region size 1024K, 24 young (24576K), 2 survivors (2048K)
 Metaspace       used 60508K, committed 60992K, reserved 1105920K
  class space    used 8220K, committed 8448K, reserved 1048576K
}

Deoptimization events (20 events):
Event: 32.587 Thread 0x00000084f5b12a30 Uncommon trap: trap_request=0xffffff45 fr.pc=0x00000084e4409864 relative=0x0000000000000064
Event: 32.587 Thread 0x00000084f5b12a30 Uncommon trap: reason=unstable_if action=reinterpret pc=0x00000084e4409864 method=java.io.WinNTFileSystem.isSlash(C)Z @ 9 c2
Event: 32.587 Thread 0x00000084f5b12a30 DEOPT PACKING pc=0x00000084e4409864 sp=0x00000084f8119150
Event: 32.587 Thread 0x00000084f5b12a30 DEOPT UNPACKING pc=0x00000084dc9623a3 sp=0x00000084f81190d8 mode 2
Event: 32.775 Thread 0x00000084f5b12a30 Uncommon trap: trap_request=0xffffff45 fr.pc=0x00000084e444e98c relative=0x0000000000000a2c
Event: 32.775 Thread 0x00000084f5b12a30 Uncommon trap: reason=unstable_if action=reinterpret pc=0x00000084e444e98c method=java.util.HashMap.resize()[Ljava/util/HashMap$Node; @ 203 c2
Event: 32.775 Thread 0x00000084f5b12a30 DEOPT PACKING pc=0x00000084e444e98c sp=0x00000084f8119100
Event: 32.775 Thread 0x00000084f5b12a30 DEOPT UNPACKING pc=0x00000084dc9623a3 sp=0x00000084f81190a0 mode 2
Event: 32.776 Thread 0x00000084f5b12a30 Uncommon trap: trap_request=0xffffff45 fr.pc=0x00000084e45033e0 relative=0x0000000000002a80
Event: 32.776 Thread 0x00000084f5b12a30 Uncommon trap: reason=unstable_if action=reinterpret pc=0x00000084e45033e0 method=java.util.HashMap.getNode(Ljava/lang/Object;)Ljava/util/HashMap$Node; @ 85 c2
Event: 32.776 Thread 0x00000084f5b12a30 DEOPT PACKING pc=0x00000084e45033e0 sp=0x00000084f81191a0
Event: 32.776 Thread 0x00000084f5b12a30 DEOPT UNPACKING pc=0x00000084dc9623a3 sp=0x00000084f8119088 mode 2
Event: 32.776 Thread 0x00000084f5b12a30 Uncommon trap: trap_request=0xffffff45 fr.pc=0x00000084e454a0c8 relative=0x0000000000000328
Event: 32.776 Thread 0x00000084f5b12a30 Uncommon trap: reason=unstable_if action=reinterpret pc=0x00000084e454a0c8 method=java.util.HashMap.getNode(Ljava/lang/Object;)Ljava/util/HashMap$Node; @ 85 c2
Event: 32.776 Thread 0x00000084f5b12a30 DEOPT PACKING pc=0x00000084e454a0c8 sp=0x00000084f8119150
Event: 32.776 Thread 0x00000084f5b12a30 DEOPT UNPACKING pc=0x00000084dc9623a3 sp=0x00000084f8119070 mode 2
Event: 32.776 Thread 0x00000084f5b12a30 Uncommon trap: trap_request=0xffffff45 fr.pc=0x00000084e45b20f0 relative=0x0000000000000250
Event: 32.776 Thread 0x00000084f5b12a30 Uncommon trap: reason=unstable_if action=reinterpret pc=0x00000084e45b20f0 method=java.util.HashMap.getNode(Ljava/lang/Object;)Ljava/util/HashMap$Node; @ 85 c2
Event: 32.776 Thread 0x00000084f5b12a30 DEOPT PACKING pc=0x00000084e45b20f0 sp=0x00000084f81190f0
Event: 32.776 Thread 0x00000084f5b12a30 DEOPT UNPACKING pc=0x00000084dc9623a3 sp=0x00000084f8119070 mode 2

Classes unloaded (0 events):
No events

Classes redefined (0 events):
No events

Internal exceptions (20 events):
Event: 29.951 Thread 0x00000084f5b12a30 Exception <a 'java/lang/ClassNotFoundException'{0x000000008518f110}: build_887mhtyh9f73s59oypn7yxkiu$_run_closure1Customizer> (0x000000008518f110) 
thrown [c:\jenkins\workspace\zulu17-build-win64\zulu-src.git\src\hotspot\share\classfile\systemDictionary.cpp, line 259]
Event: 29.970 Thread 0x00000084f5b12a30 Exception <a 'java/lang/ClassNotFoundException'{0x00000000851ecd98}: com/android/build/gradle/internal/dsl/ApplicationBuildFeaturesImpl_DecoratedBeanInfo> (0x00000000851ecd98) 
thrown [c:\jenkins\workspace\zulu17-build-win64\zulu-src.git\src\hotspot\share\classfile\systemDictionary.cpp, line 259]
Event: 29.972 Thread 0x00000084f5b12a30 Exception <a 'java/lang/ClassNotFoundException'{0x00000000851f7bc8}: com/android/build/gradle/internal/dsl/ApplicationBuildFeaturesImplBeanInfo> (0x00000000851f7bc8) 
thrown [c:\jenkins\workspace\zulu17-build-win64\zulu-src.git\src\hotspot\share\classfile\systemDictionary.cpp, line 259]
Event: 29.973 Thread 0x00000084f5b12a30 Exception <a 'java/lang/ClassNotFoundException'{0x00000000850035f0}: com/android/build/gradle/internal/dsl/BuildFeaturesImplBeanInfo> (0x00000000850035f0) 
thrown [c:\jenkins\workspace\zulu17-build-win64\zulu-src.git\src\hotspot\share\classfile\systemDictionary.cpp, line 259]
Event: 29.974 Thread 0x00000084f5b12a30 Exception <a 'java/lang/ClassNotFoundException'{0x000000008500e5c8}: com/android/build/gradle/internal/dsl/BuildFeaturesImplCustomizer> (0x000000008500e5c8) 
thrown [c:\jenkins\workspace\zulu17-build-win64\zulu-src.git\src\hotspot\share\classfile\systemDictionary.cpp, line 259]
Event: 29.976 Thread 0x00000084f5b12a30 Exception <a 'java/lang/ClassNotFoundException'{0x0000000085024ef8}: com/android/build/gradle/internal/dsl/ApplicationBuildFeaturesImplCustomizer> (0x0000000085024ef8) 
thrown [c:\jenkins\workspace\zulu17-build-win64\zulu-src.git\src\hotspot\share\classfile\systemDictionary.cpp, line 259]
Event: 29.978 Thread 0x00000084f5b12a30 Exception <a 'java/lang/ClassNotFoundException'{0x0000000085035ce0}: com/android/build/gradle/internal/dsl/ApplicationBuildFeaturesImpl_DecoratedCustomizer> (0x0000000085035ce0) 
thrown [c:\jenkins\workspace\zulu17-build-win64\zulu-src.git\src\hotspot\share\classfile\systemDictionary.cpp, line 259]
Event: 29.993 Thread 0x00000084f5b12a30 Exception <a 'java/lang/ClassNotFoundException'{0x00000000850a2670}: org/gradle/api/JavaVersionBeanInfo> (0x00000000850a2670) 
thrown [c:\jenkins\workspace\zulu17-build-win64\zulu-src.git\src\hotspot\share\classfile\systemDictionary.cpp, line 259]
Event: 29.995 Thread 0x00000084f5b12a30 Exception <a 'java/lang/ClassNotFoundException'{0x00000000850b5a28}: org/gradle/api/JavaVersionCustomizer> (0x00000000850b5a28) 
thrown [c:\jenkins\workspace\zulu17-build-win64\zulu-src.git\src\hotspot\share\classfile\systemDictionary.cpp, line 259]
Event: 30.005 Thread 0x00000084f5b12a30 Exception <a 'java/lang/ClassNotFoundException'{0x00000000850f4538}: com/android/build/gradle/internal/CompileOptions_DecoratedBeanInfo> (0x00000000850f4538) 
thrown [c:\jenkins\workspace\zulu17-build-win64\zulu-src.git\src\hotspot\share\classfile\systemDictionary.cpp, line 259]
Event: 30.006 Thread 0x00000084f5b12a30 Exception <a 'java/lang/ClassNotFoundException'{0x00000000850ff190}: com/android/build/gradle/internal/CompileOptionsBeanInfo> (0x00000000850ff190) 
thrown [c:\jenkins\workspace\zulu17-build-win64\zulu-src.git\src\hotspot\share\classfile\systemDictionary.cpp, line 259]
Event: 30.008 Thread 0x00000084f5b12a30 Exception <a 'java/lang/ClassNotFoundException'{0x0000000084f0a348}: com/android/build/gradle/internal/CompileOptionsCustomizer> (0x0000000084f0a348) 
thrown [c:\jenkins\workspace\zulu17-build-win64\zulu-src.git\src\hotspot\share\classfile\systemDictionary.cpp, line 259]
Event: 30.010 Thread 0x00000084f5b12a30 Exception <a 'java/lang/ClassNotFoundException'{0x0000000084f20aa0}: com/android/build/gradle/internal/CompileOptions_DecoratedCustomizer> (0x0000000084f20aa0) 
thrown [c:\jenkins\workspace\zulu17-build-win64\zulu-src.git\src\hotspot\share\classfile\systemDictionary.cpp, line 259]
Event: 32.173 Thread 0x00000084f5b12a30 Exception <a 'java/lang/ClassNotFoundException'{0x0000000085574040}: com/android/build/gradle/internal/api/ApkVariantOutputImpl_DecoratedBeanInfo> (0x0000000085574040) 
thrown [c:\jenkins\workspace\zulu17-build-win64\zulu-src.git\src\hotspot\share\classfile\systemDictionary.cpp, line 259]
Event: 32.175 Thread 0x00000084f5b12a30 Exception <a 'java/lang/ClassNotFoundException'{0x000000008557f640}: com/android/build/gradle/internal/api/ApkVariantOutputImplBeanInfo> (0x000000008557f640) 
thrown [c:\jenkins\workspace\zulu17-build-win64\zulu-src.git\src\hotspot\share\classfile\systemDictionary.cpp, line 259]
Event: 32.176 Thread 0x00000084f5b12a30 Exception <a 'java/lang/ClassNotFoundException'{0x000000008558ac50}: com/android/build/gradle/internal/api/BaseVariantOutputImplBeanInfo> (0x000000008558ac50) 
thrown [c:\jenkins\workspace\zulu17-build-win64\zulu-src.git\src\hotspot\share\classfile\systemDictionary.cpp, line 259]
Event: 32.177 Thread 0x00000084f5b12a30 Exception <a 'java/lang/ClassNotFoundException'{0x0000000085596238}: com/android/build/gradle/internal/api/BaseVariantOutputImplCustomizer> (0x0000000085596238) 
thrown [c:\jenkins\workspace\zulu17-build-win64\zulu-src.git\src\hotspot\share\classfile\systemDictionary.cpp, line 259]
Event: 32.184 Thread 0x00000084f5b12a30 Exception <a 'java/lang/ClassNotFoundException'{0x00000000855b4720}: com/android/build/gradle/internal/api/ApkVariantOutputImplCustomizer> (0x00000000855b4720) 
thrown [c:\jenkins\workspace\zulu17-build-win64\zulu-src.git\src\hotspot\share\classfile\systemDictionary.cpp, line 259]
Event: 32.187 Thread 0x00000084f5b12a30 Exception <a 'java/lang/ClassNotFoundException'{0x00000000855cdba8}: com/android/build/gradle/internal/api/ApkVariantOutputImpl_DecoratedCustomizer> (0x00000000855cdba8) 
thrown [c:\jenkins\workspace\zulu17-build-win64\zulu-src.git\src\hotspot\share\classfile\systemDictionary.cpp, line 259]
Event: 32.228 Thread 0x00000084f5b12a30 Exception <a 'java/lang/NoClassDefFoundError'{0x00000000854f8238}: org/jetbrains/kotlin/gradle/plugin/KotlinBasePluginWrapper> (0x00000000854f8238) 
thrown [c:\jenkins\workspace\zulu17-build-win64\zulu-src.git\src\hotspot\share\classfile\systemDictionary.cpp, line 248]

VM Operations (20 events):
Event: 29.373 Executing VM operation: ICBufferFull done
Event: 29.721 Executing VM operation: G1CollectForAllocation
Event: 29.731 Executing VM operation: G1CollectForAllocation done
Event: 29.749 Executing VM operation: G1CollectForAllocation
Event: 29.757 Executing VM operation: G1CollectForAllocation done
Event: 30.064 Executing VM operation: HandshakeAllThreads
Event: 30.064 Executing VM operation: HandshakeAllThreads done
Event: 30.707 Executing VM operation: G1CollectForAllocation
Event: 30.716 Executing VM operation: G1CollectForAllocation done
Event: 30.933 Executing VM operation: G1Concurrent
Event: 30.940 Executing VM operation: G1Concurrent done
Event: 31.046 Executing VM operation: G1Concurrent
Event: 31.047 Executing VM operation: G1Concurrent done
Event: 31.639 Executing VM operation: HandshakeAllThreads
Event: 31.639 Executing VM operation: HandshakeAllThreads done
Event: 31.822 Executing VM operation: G1CollectForAllocation
Event: 31.833 Executing VM operation: G1CollectForAllocation done
Event: 32.277 Executing VM operation: HandshakeAllThreads
Event: 32.277 Executing VM operation: HandshakeAllThreads done
Event: 32.899 Executing VM operation: G1CollectForAllocation

Events (20 events):
Event: 28.065 Thread 0x00000084f4e0f050 Thread exited: 0x00000084f4e0f050
Event: 28.401 Thread 0x00000084f4e0cb20 Thread added: 0x00000084f4e0cb20
Event: 28.700 loading class java/security/KeyStore
Event: 28.701 loading class java/security/KeyStore done
Event: 28.702 loading class java/security/KeyStore$1
Event: 28.702 loading class java/security/KeyStore$1 done
Event: 28.902 loading class sun/reflect/generics/repository/FieldRepository
Event: 28.902 loading class sun/reflect/generics/repository/FieldRepository done
Event: 28.923 loading class jdk/internal/vm/annotation/ForceInline
Event: 28.923 loading class jdk/internal/vm/annotation/ForceInline done
Event: 29.227 loading class java/util/regex/Pattern$Caret
Event: 29.227 loading class java/util/regex/Pattern$Caret done
Event: 29.736 loading class java/beans/IntrospectionException
Event: 29.737 loading class java/beans/IntrospectionException done
Event: 31.246 Thread 0x00000084f4e0cb20 Thread exited: 0x00000084f4e0cb20
Event: 31.922 Thread 0x00000084f678d040 Thread added: 0x00000084f678d040
Event: 32.224 loading class java/io/CharArrayWriter
Event: 32.224 loading class java/io/CharArrayWriter done
Event: 32.515 loading class java/util/zip/ZipOutputStream
Event: 32.516 loading class java/util/zip/ZipOutputStream done


Dynamic libraries:
0x00007ff7b9c30000 - 0x00007ff7b9c3e000 	C:\Users\USER\.jdks\azul-17.0.3\bin\java.exe
0x00007ffd3ebf0000 - 0x00007ffd3ed9c000 	C:\Windows\SYSTEM32\ntdll.dll
0x00007ffd3e180000 - 0x00007ffd3e2be000 	C:\Windows\system32\KERNEL32.DLL
0x00007ffd3bf70000 - 0x00007ffd3c085000 	C:\Windows\system32\KERNELBASE.dll
0x00007ffd2e950000 - 0x00007ffd2e968000 	C:\Users\USER\.jdks\azul-17.0.3\bin\jli.dll
0x00007ffd1c6d0000 - 0x00007ffd1c6eb000 	C:\Users\USER\.jdks\azul-17.0.3\bin\VCRUNTIME140.dll
0x00007ffd36df0000 - 0x00007ffd36df5000 	C:\Users\USER\.jdks\azul-17.0.3\bin\api-ms-win-crt-stdio-l1-1-0.dll
0x00007ffd36db0000 - 0x00007ffd36db5000 	C:\Users\USER\.jdks\azul-17.0.3\bin\api-ms-win-crt-runtime-l1-1-0.dll
0x00007ffd2e940000 - 0x00007ffd2e944000 	C:\Users\USER\.jdks\azul-17.0.3\bin\api-ms-win-crt-environment-l1-1-0.dll
0x00007ffd2ba80000 - 0x00007ffd2ba86000 	C:\Users\USER\.jdks\azul-17.0.3\bin\api-ms-win-crt-math-l1-1-0.dll
0x00007ffd2b540000 - 0x00007ffd2b544000 	C:\Users\USER\.jdks\azul-17.0.3\bin\api-ms-win-crt-locale-l1-1-0.dll
0x00007ffd2b310000 - 0x00007ffd2b314000 	C:\Users\USER\.jdks\azul-17.0.3\bin\api-ms-win-crt-heap-l1-1-0.dll
0x00007ffd387d0000 - 0x00007ffd38a4b000 	C:\Windows\WinSxS\amd64_microsoft.windows.common-controls_6595b64144ccf1df_6.0.9600.17415_none_6240486fecbd8abb\COMCTL32.dll
0x00007ffd3e3f0000 - 0x00007ffd3e567000 	C:\Windows\system32\USER32.dll
0x00007ffd2ae60000 - 0x00007ffd2ae64000 	C:\Users\USER\.jdks\azul-17.0.3\bin\api-ms-win-crt-filesystem-l1-1-0.dll
0x00007ffd2ac40000 - 0x00007ffd2ac45000 	C:\Users\USER\.jdks\azul-17.0.3\bin\api-ms-win-crt-string-l1-1-0.dll
0x00007ffd2aab0000 - 0x00007ffd2aab5000 	C:\Users\USER\.jdks\azul-17.0.3\bin\api-ms-win-crt-convert-l1-1-0.dll
0x00007ffd3c590000 - 0x00007ffd3c63a000 	C:\Windows\system32\msvcrt.dll
0x00007ffd3e790000 - 0x00007ffd3e8e1000 	C:\Windows\system32\GDI32.dll
0x00007ffd1ab50000 - 0x00007ffd1ac60000 	C:\Users\USER\.jdks\azul-17.0.3\bin\ucrtbase.DLL
0x00007ffd3ddf0000 - 0x00007ffd3de26000 	C:\Windows\system32\IMM32.DLL
0x00007ffd3dc90000 - 0x00007ffd3dde3000 	C:\Windows\system32\MSCTF.dll
0x00007ffd2aa60000 - 0x00007ffd2aa6c000 	C:\Users\USER\.jdks\azul-17.0.3\bin\vcruntime140_1.dll
0x00007ffd1aac0000 - 0x00007ffd1ab4d000 	C:\Users\USER\.jdks\azul-17.0.3\bin\msvcp140.dll
0x00007ffd1cdb0000 - 0x00007ffd1cdb4000 	C:\Users\USER\.jdks\azul-17.0.3\bin\api-ms-win-crt-time-l1-1-0.dll
0x00007ffd1b3d0000 - 0x00007ffd1b3d4000 	C:\Users\USER\.jdks\azul-17.0.3\bin\api-ms-win-crt-utility-l1-1-0.dll
0x00007ffd0fe40000 - 0x00007ffd10aa8000 	C:\Users\USER\.jdks\azul-17.0.3\bin\server\jvm.dll
0x00007ffd3eae0000 - 0x00007ffd3eb8a000 	C:\Windows\system32\ADVAPI32.dll
0x00007ffd32e60000 - 0x00007ffd32e69000 	C:\Windows\SYSTEM32\WSOCK32.dll
0x00007ffd36d50000 - 0x00007ffd36d72000 	C:\Windows\SYSTEM32\WINMM.dll
0x00007ffd331d0000 - 0x00007ffd331da000 	C:\Windows\SYSTEM32\VERSION.dll
0x00007ffd3e320000 - 0x00007ffd3e327000 	C:\Windows\system32\PSAPI.DLL
0x00007ffd3e2c0000 - 0x00007ffd3e319000 	C:\Windows\SYSTEM32\sechost.dll
0x00007ffd3e030000 - 0x00007ffd3e171000 	C:\Windows\system32\RPCRT4.dll
0x00007ffd3dfd0000 - 0x00007ffd3e02a000 	C:\Windows\system32\WS2_32.dll
0x00007ffd36c30000 - 0x00007ffd36c5a000 	C:\Windows\SYSTEM32\WINMMBASE.dll
0x00007ffd3c4f0000 - 0x00007ffd3c4f9000 	C:\Windows\system32\NSI.dll
0x00007ffd3be10000 - 0x00007ffd3be5f000 	C:\Windows\SYSTEM32\cfgmgr32.dll
0x00007ffd3ab40000 - 0x00007ffd3ab68000 	C:\Windows\SYSTEM32\DEVOBJ.dll
0x00007ffd1b3c0000 - 0x00007ffd1b3ca000 	C:\Users\USER\.jdks\azul-17.0.3\bin\jimage.dll
0x00007ffd374b0000 - 0x00007ffd3763a000 	C:\Windows\SYSTEM32\DBGHELP.DLL
0x00007ffd1b2d0000 - 0x00007ffd1b2f5000 	C:\Users\USER\.jdks\azul-17.0.3\bin\java.dll
0x00007ffd1a720000 - 0x00007ffd1a7f7000 	C:\Users\USER\.jdks\azul-17.0.3\bin\jsvml.dll
0x00007ffd3c640000 - 0x00007ffd3db59000 	C:\Windows\system32\SHELL32.dll
0x00007ffd3e570000 - 0x00007ffd3e781000 	C:\Windows\SYSTEM32\combase.dll
0x00007ffd3c500000 - 0x00007ffd3c554000 	C:\Windows\system32\SHLWAPI.dll
0x00007ffd39ed0000 - 0x00007ffd39f82000 	C:\Windows\SYSTEM32\SHCORE.dll
0x00007ffd3bd40000 - 0x00007ffd3bd55000 	C:\Windows\SYSTEM32\profapi.dll
0x00007ffd1b1b0000 - 0x00007ffd1b1c9000 	C:\Users\USER\.jdks\azul-17.0.3\bin\net.dll
0x00007ffd33f70000 - 0x00007ffd34039000 	C:\Windows\SYSTEM32\WINHTTP.dll
0x00007ffd3b560000 - 0x00007ffd3b5b9000 	C:\Windows\system32\mswsock.dll
0x00007ffd1b190000 - 0x00007ffd1b1a6000 	C:\Users\USER\.jdks\azul-17.0.3\bin\nio.dll
0x00007ffd1b130000 - 0x00007ffd1b148000 	C:\Users\USER\.jdks\azul-17.0.3\bin\zip.dll
0x00007ffd1b3b0000 - 0x00007ffd1b3c0000 	C:\Users\USER\.jdks\azul-17.0.3\bin\verify.dll
0x00007ffd334a0000 - 0x00007ffd334c7000 	C:\Users\USER\.gradle\native\e1d6ef7f7dcc3fd88c89a11ec53ec762bb8ba0a96d01ffa2cd45eb1d1d8dd5c5\windows-amd64\native-platform.dll
0x00007ffd1b340000 - 0x00007ffd1b349000 	C:\Users\USER\.jdks\azul-17.0.3\bin\management.dll
0x00007ffd1b2c0000 - 0x00007ffd1b2cb000 	C:\Users\USER\.jdks\azul-17.0.3\bin\management_ext.dll
0x00007ffd3b720000 - 0x00007ffd3b740000 	C:\Windows\SYSTEM32\CRYPTSP.dll
0x00007ffd3b330000 - 0x00007ffd3b366000 	C:\Windows\system32\rsaenh.dll
0x00007ffd3b8d0000 - 0x00007ffd3b8f6000 	C:\Windows\SYSTEM32\bcrypt.dll
0x00007ffd3b3c0000 - 0x00007ffd3b3e1000 	C:\Windows\SYSTEM32\USERENV.dll
0x00007ffd3bc10000 - 0x00007ffd3bc73000 	C:\Windows\system32\bcryptprimitives.dll
0x00007ffd3bc80000 - 0x00007ffd3bc8b000 	C:\Windows\SYSTEM32\CRYPTBASE.dll
0x00007ffd361e0000 - 0x00007ffd3620a000 	C:\Windows\SYSTEM32\IPHLPAPI.DLL
0x00007ffd361b0000 - 0x00007ffd361ba000 	C:\Windows\SYSTEM32\WINNSI.DLL
0x00007ffd355c0000 - 0x00007ffd355d6000 	C:\Windows\SYSTEM32\dhcpcsvc6.DLL
0x00007ffd357d0000 - 0x00007ffd357ea000 	C:\Windows\SYSTEM32\dhcpcsvc.DLL
0x00007ffd1b120000 - 0x00007ffd1b12d000 	C:\Users\USER\.jdks\azul-17.0.3\bin\sunmscapi.dll
0x00007ffd3c090000 - 0x00007ffd3c26f000 	C:\Windows\system32\CRYPT32.dll
0x00007ffd3b860000 - 0x00007ffd3b885000 	C:\Windows\SYSTEM32\ncrypt.dll
0x00007ffd3bdf0000 - 0x00007ffd3be01000 	C:\Windows\system32\MSASN1.dll
0x00007ffd3b820000 - 0x00007ffd3b857000 	C:\Windows\SYSTEM32\NTASN1.dll

dbghelp: loaded successfully - version: 4.0.5 - missing functions: none
symbol engine: initialized successfully - sym options: 0x614 - pdb path: .;C:\Users\USER\.jdks\azul-17.0.3\bin;C:\Windows\SYSTEM32;C:\Windows\WinSxS\amd64_microsoft.windows.common-controls_6595b64144ccf1df_6.0.9600.17415_none_6240486fecbd8abb;C:\Users\USER\.jdks\azul-17.0.3\bin\server;C:\Users\USER\.gradle\native\e1d6ef7f7dcc3fd88c89a11ec53ec762bb8ba0a96d01ffa2cd45eb1d1d8dd5c5\windows-amd64

VM Arguments:
jvm_args: --add-opens=java.base/java.util=ALL-UNNAMED --add-opens=java.base/java.lang=ALL-UNNAMED --add-opens=java.base/java.lang.invoke=ALL-UNNAMED --add-opens=java.base/java.util=ALL-UNNAMED --add-opens=java.prefs/java.util.prefs=ALL-UNNAMED --add-opens=java.prefs/java.util.prefs=ALL-UNNAMED --add-opens=java.base/java.nio.charset=ALL-UNNAMED --add-opens=java.base/java.net=ALL-UNNAMED --add-opens=java.base/java.util.concurrent.atomic=ALL-UNNAMED -Xmx2048m -Dfile.encoding=UTF-8 -Duser.country=US -Duser.language=en -Duser.variant 
java_command: org.gradle.launcher.daemon.bootstrap.GradleDaemon 7.2
java_class_path (initial): C:\Users\USER\.gradle\wrapper\dists\gradle-7.2-bin\2dnblmf4td7x66yl1d74lt32g\gradle-7.2\lib\gradle-launcher-7.2.jar
Launcher Type: SUN_STANDARD

[Global flags]
     intx CICompilerCount                          = 3                                         {product} {ergonomic}
     uint ConcGCThreads                            = 1                                         {product} {ergonomic}
     uint G1ConcRefinementThreads                  = 4                                         {product} {ergonomic}
   size_t G1HeapRegionSize                         = 1048576                                   {product} {ergonomic}
    uintx GCDrainStackTargetSize                   = 64                                        {product} {ergonomic}
   size_t InitialHeapSize                          = 134217728                                 {product} {ergonomic}
   size_t MarkStackSize                            = 4194304                                   {product} {ergonomic}
   size_t MaxHeapSize                              = 2147483648                                {product} {command line}
   size_t MaxNewSize                               = 1287651328                                {product} {ergonomic}
   size_t MinHeapDeltaBytes                        = 1048576                                   {product} {ergonomic}
   size_t MinHeapSize                              = 8388608                                   {product} {ergonomic}
    uintx NonNMethodCodeHeapSize                   = 5832780                                {pd product} {ergonomic}
    uintx NonProfiledCodeHeapSize                  = 122912730                              {pd product} {ergonomic}
    uintx ProfiledCodeHeapSize                     = 122912730                              {pd product} {ergonomic}
    uintx ReservedCodeCacheSize                    = 251658240                              {pd product} {ergonomic}
     bool SegmentedCodeCache                       = true                                      {product} {ergonomic}
   size_t SoftMaxHeapSize                          = 2147483648                             {manageable} {ergonomic}
     bool UseCompressedClassPointers               = true                           {product lp64_product} {ergonomic}
     bool UseCompressedOops                        = true                           {product lp64_product} {ergonomic}
     bool UseG1GC                                  = true                                      {product} {ergonomic}
     bool UseLargePagesIndividualAllocation        = false                                  {pd product} {ergonomic}

Logging:
Log output configuration:
 #0: stdout all=warning uptime,level,tags
 #1: stderr all=off uptime,level,tags

Environment Variables:
JAVA_HOME=C:\Program Files\Zulu\zulu-18\
PATH=C:\Program Files\Zulu\zulu-18\bin\;C:\Windows\system32;C:\Windows;C:\Windows\System32\Wbem;C:\Windows\System32\WindowsPowerShell\v1.0\;C:\Program Files\Cloudflare\Cloudflare WARP\
USERNAME=USER
OS=Windows_NT
PROCESSOR_IDENTIFIER=Intel64 Family 6 Model 78 Stepping 3, GenuineIntel



---------------  S Y S T E M  ---------------

OS:
 Windows 8.1 , 64 bit Build 9600 (6.3.9600.17415)
OS uptime: 0 days 2:15 hours

CPU: total 4 (initial active 4) (2 cores per cpu, 2 threads per core) family 6 model 78 stepping 3 microcode 0xec, cx8, cmov, fxsr, ht, mmx, 3dnowpref, sse, sse2, sse3, ssse3, sse4.1, sse4.2, popcnt, lzcnt, tsc, tscinvbit, avx, avx2, aes, erms, clmul, bmi1, bmi2, rtm, adx, fma, vzeroupper, clflush, clflushopt

Memory: 4k page, system-wide physical 8083M (573M free)
TotalPageFile size 8083M (AvailPageFile size 42M)
current process WorkingSet (physical memory assigned to process): 290M, peak: 292M
current process commit charge ("private bytes"): 360M, peak: 418M

vm_info: OpenJDK 64-Bit Server VM (17.0.3+7-LTS) for windows-amd64 JRE (17.0.3+7-LTS) (Zulu17.34+19-CA), built on Apr 17 2022 09:18:41 by "zulu_re" with MS VC++ 16.10 / 16.11 (VS2019)

END.
